[2025-09-19T06:52:12.762+0000] {processor.py:186} INFO - Started process (PID=109) to work on /home/airflow/.local/lib/python3.12/site-packages/airflow/example_dags/example_skip_dag.py
[2025-09-19T06:52:12.764+0000] {processor.py:914} INFO - Processing file /home/airflow/.local/lib/python3.12/site-packages/airflow/example_dags/example_skip_dag.py for tasks to queue
[2025-09-19T06:52:12.767+0000] {logging_mixin.py:190} INFO - [2025-09-19T06:52:12.767+0000] {dagbag.py:588} INFO - Filling up the DagBag from /home/airflow/.local/lib/python3.12/site-packages/airflow/example_dags/example_skip_dag.py
[2025-09-19T06:52:12.783+0000] {processor.py:925} INFO - DAG(s) 'example_skip_dag' retrieved from /home/airflow/.local/lib/python3.12/site-packages/airflow/example_dags/example_skip_dag.py
[2025-09-19T06:52:12.821+0000] {logging_mixin.py:190} INFO - [2025-09-19T06:52:12.821+0000] {dag.py:3239} INFO - Sync 1 DAGs
[2025-09-19T06:52:12.868+0000] {logging_mixin.py:190} INFO - [2025-09-19T06:52:12.867+0000] {dag.py:4180} INFO - Setting next_dagrun for example_skip_dag to 2025-09-18 00:00:00+00:00, run_after=2025-09-19 00:00:00+00:00
[2025-09-19T06:52:12.906+0000] {processor.py:208} INFO - Processing /home/airflow/.local/lib/python3.12/site-packages/airflow/example_dags/example_skip_dag.py took 0.154 seconds
[2025-09-19T06:52:44.018+0000] {processor.py:186} INFO - Started process (PID=170) to work on /home/airflow/.local/lib/python3.12/site-packages/airflow/example_dags/example_skip_dag.py
[2025-09-19T06:52:44.020+0000] {processor.py:914} INFO - Processing file /home/airflow/.local/lib/python3.12/site-packages/airflow/example_dags/example_skip_dag.py for tasks to queue
[2025-09-19T06:52:44.023+0000] {logging_mixin.py:190} INFO - [2025-09-19T06:52:44.023+0000] {dagbag.py:588} INFO - Filling up the DagBag from /home/airflow/.local/lib/python3.12/site-packages/airflow/example_dags/example_skip_dag.py
[2025-09-19T06:52:44.036+0000] {processor.py:925} INFO - DAG(s) 'example_skip_dag' retrieved from /home/airflow/.local/lib/python3.12/site-packages/airflow/example_dags/example_skip_dag.py
[2025-09-19T06:52:44.069+0000] {logging_mixin.py:190} INFO - [2025-09-19T06:52:44.069+0000] {dag.py:3239} INFO - Sync 1 DAGs
[2025-09-19T06:52:44.107+0000] {logging_mixin.py:190} INFO - [2025-09-19T06:52:44.107+0000] {dag.py:4180} INFO - Setting next_dagrun for example_skip_dag to 2025-09-18 00:00:00+00:00, run_after=2025-09-19 00:00:00+00:00
[2025-09-19T06:52:44.136+0000] {processor.py:208} INFO - Processing /home/airflow/.local/lib/python3.12/site-packages/airflow/example_dags/example_skip_dag.py took 0.126 seconds
[2025-09-19T06:53:15.070+0000] {processor.py:186} INFO - Started process (PID=232) to work on /home/airflow/.local/lib/python3.12/site-packages/airflow/example_dags/example_skip_dag.py
[2025-09-19T06:53:15.072+0000] {processor.py:914} INFO - Processing file /home/airflow/.local/lib/python3.12/site-packages/airflow/example_dags/example_skip_dag.py for tasks to queue
[2025-09-19T06:53:15.075+0000] {logging_mixin.py:190} INFO - [2025-09-19T06:53:15.075+0000] {dagbag.py:588} INFO - Filling up the DagBag from /home/airflow/.local/lib/python3.12/site-packages/airflow/example_dags/example_skip_dag.py
[2025-09-19T06:53:15.088+0000] {processor.py:925} INFO - DAG(s) 'example_skip_dag' retrieved from /home/airflow/.local/lib/python3.12/site-packages/airflow/example_dags/example_skip_dag.py
[2025-09-19T06:53:15.122+0000] {logging_mixin.py:190} INFO - [2025-09-19T06:53:15.122+0000] {dag.py:3239} INFO - Sync 1 DAGs
[2025-09-19T06:53:15.163+0000] {logging_mixin.py:190} INFO - [2025-09-19T06:53:15.162+0000] {dag.py:4180} INFO - Setting next_dagrun for example_skip_dag to 2025-09-18 00:00:00+00:00, run_after=2025-09-19 00:00:00+00:00
[2025-09-19T06:53:15.193+0000] {processor.py:208} INFO - Processing /home/airflow/.local/lib/python3.12/site-packages/airflow/example_dags/example_skip_dag.py took 0.131 seconds
[2025-09-19T06:53:45.654+0000] {processor.py:186} INFO - Started process (PID=294) to work on /home/airflow/.local/lib/python3.12/site-packages/airflow/example_dags/example_skip_dag.py
[2025-09-19T06:53:45.656+0000] {processor.py:914} INFO - Processing file /home/airflow/.local/lib/python3.12/site-packages/airflow/example_dags/example_skip_dag.py for tasks to queue
[2025-09-19T06:53:45.660+0000] {logging_mixin.py:190} INFO - [2025-09-19T06:53:45.659+0000] {dagbag.py:588} INFO - Filling up the DagBag from /home/airflow/.local/lib/python3.12/site-packages/airflow/example_dags/example_skip_dag.py
[2025-09-19T06:53:45.672+0000] {processor.py:925} INFO - DAG(s) 'example_skip_dag' retrieved from /home/airflow/.local/lib/python3.12/site-packages/airflow/example_dags/example_skip_dag.py
[2025-09-19T06:53:45.711+0000] {logging_mixin.py:190} INFO - [2025-09-19T06:53:45.711+0000] {dag.py:3239} INFO - Sync 1 DAGs
[2025-09-19T06:53:45.755+0000] {logging_mixin.py:190} INFO - [2025-09-19T06:53:45.755+0000] {dag.py:4180} INFO - Setting next_dagrun for example_skip_dag to 2025-09-18 00:00:00+00:00, run_after=2025-09-19 00:00:00+00:00
[2025-09-19T06:53:45.801+0000] {processor.py:208} INFO - Processing /home/airflow/.local/lib/python3.12/site-packages/airflow/example_dags/example_skip_dag.py took 0.156 seconds
[2025-09-19T06:54:15.904+0000] {processor.py:186} INFO - Started process (PID=357) to work on /home/airflow/.local/lib/python3.12/site-packages/airflow/example_dags/example_skip_dag.py
[2025-09-19T06:54:15.906+0000] {processor.py:914} INFO - Processing file /home/airflow/.local/lib/python3.12/site-packages/airflow/example_dags/example_skip_dag.py for tasks to queue
[2025-09-19T06:54:15.910+0000] {logging_mixin.py:190} INFO - [2025-09-19T06:54:15.909+0000] {dagbag.py:588} INFO - Filling up the DagBag from /home/airflow/.local/lib/python3.12/site-packages/airflow/example_dags/example_skip_dag.py
[2025-09-19T06:54:15.923+0000] {processor.py:925} INFO - DAG(s) 'example_skip_dag' retrieved from /home/airflow/.local/lib/python3.12/site-packages/airflow/example_dags/example_skip_dag.py
[2025-09-19T06:54:15.961+0000] {logging_mixin.py:190} INFO - [2025-09-19T06:54:15.960+0000] {dag.py:3239} INFO - Sync 1 DAGs
[2025-09-19T06:54:16.003+0000] {logging_mixin.py:190} INFO - [2025-09-19T06:54:16.003+0000] {dag.py:4180} INFO - Setting next_dagrun for example_skip_dag to 2025-09-18 00:00:00+00:00, run_after=2025-09-19 00:00:00+00:00
[2025-09-19T06:54:16.034+0000] {processor.py:208} INFO - Processing /home/airflow/.local/lib/python3.12/site-packages/airflow/example_dags/example_skip_dag.py took 0.139 seconds
[2025-09-19T06:54:46.904+0000] {processor.py:186} INFO - Started process (PID=419) to work on /home/airflow/.local/lib/python3.12/site-packages/airflow/example_dags/example_skip_dag.py
[2025-09-19T06:54:46.905+0000] {processor.py:914} INFO - Processing file /home/airflow/.local/lib/python3.12/site-packages/airflow/example_dags/example_skip_dag.py for tasks to queue
[2025-09-19T06:54:46.909+0000] {logging_mixin.py:190} INFO - [2025-09-19T06:54:46.909+0000] {dagbag.py:588} INFO - Filling up the DagBag from /home/airflow/.local/lib/python3.12/site-packages/airflow/example_dags/example_skip_dag.py
[2025-09-19T06:54:46.923+0000] {processor.py:925} INFO - DAG(s) 'example_skip_dag' retrieved from /home/airflow/.local/lib/python3.12/site-packages/airflow/example_dags/example_skip_dag.py
[2025-09-19T06:54:46.963+0000] {logging_mixin.py:190} INFO - [2025-09-19T06:54:46.963+0000] {dag.py:3239} INFO - Sync 1 DAGs
[2025-09-19T06:54:47.009+0000] {logging_mixin.py:190} INFO - [2025-09-19T06:54:47.008+0000] {dag.py:4180} INFO - Setting next_dagrun for example_skip_dag to 2025-09-18 00:00:00+00:00, run_after=2025-09-19 00:00:00+00:00
[2025-09-19T06:54:47.051+0000] {processor.py:208} INFO - Processing /home/airflow/.local/lib/python3.12/site-packages/airflow/example_dags/example_skip_dag.py took 0.157 seconds
[2025-09-19T06:55:17.911+0000] {processor.py:186} INFO - Started process (PID=484) to work on /home/airflow/.local/lib/python3.12/site-packages/airflow/example_dags/example_skip_dag.py
[2025-09-19T06:55:17.912+0000] {processor.py:914} INFO - Processing file /home/airflow/.local/lib/python3.12/site-packages/airflow/example_dags/example_skip_dag.py for tasks to queue
[2025-09-19T06:55:17.916+0000] {logging_mixin.py:190} INFO - [2025-09-19T06:55:17.915+0000] {dagbag.py:588} INFO - Filling up the DagBag from /home/airflow/.local/lib/python3.12/site-packages/airflow/example_dags/example_skip_dag.py
[2025-09-19T06:55:17.929+0000] {processor.py:925} INFO - DAG(s) 'example_skip_dag' retrieved from /home/airflow/.local/lib/python3.12/site-packages/airflow/example_dags/example_skip_dag.py
[2025-09-19T06:55:17.962+0000] {logging_mixin.py:190} INFO - [2025-09-19T06:55:17.962+0000] {dag.py:3239} INFO - Sync 1 DAGs
[2025-09-19T06:55:18.003+0000] {logging_mixin.py:190} INFO - [2025-09-19T06:55:18.002+0000] {dag.py:4180} INFO - Setting next_dagrun for example_skip_dag to 2025-09-18 00:00:00+00:00, run_after=2025-09-19 00:00:00+00:00
[2025-09-19T06:55:18.036+0000] {processor.py:208} INFO - Processing /home/airflow/.local/lib/python3.12/site-packages/airflow/example_dags/example_skip_dag.py took 0.134 seconds
[2025-09-19T06:55:49.087+0000] {processor.py:186} INFO - Started process (PID=552) to work on /home/airflow/.local/lib/python3.12/site-packages/airflow/example_dags/example_skip_dag.py
[2025-09-19T06:55:49.089+0000] {processor.py:914} INFO - Processing file /home/airflow/.local/lib/python3.12/site-packages/airflow/example_dags/example_skip_dag.py for tasks to queue
[2025-09-19T06:55:49.093+0000] {logging_mixin.py:190} INFO - [2025-09-19T06:55:49.092+0000] {dagbag.py:588} INFO - Filling up the DagBag from /home/airflow/.local/lib/python3.12/site-packages/airflow/example_dags/example_skip_dag.py
[2025-09-19T06:55:49.105+0000] {processor.py:925} INFO - DAG(s) 'example_skip_dag' retrieved from /home/airflow/.local/lib/python3.12/site-packages/airflow/example_dags/example_skip_dag.py
[2025-09-19T06:55:49.140+0000] {logging_mixin.py:190} INFO - [2025-09-19T06:55:49.140+0000] {dag.py:3239} INFO - Sync 1 DAGs
[2025-09-19T06:55:49.183+0000] {logging_mixin.py:190} INFO - [2025-09-19T06:55:49.182+0000] {dag.py:4180} INFO - Setting next_dagrun for example_skip_dag to 2025-09-18 00:00:00+00:00, run_after=2025-09-19 00:00:00+00:00
[2025-09-19T06:55:49.212+0000] {processor.py:208} INFO - Processing /home/airflow/.local/lib/python3.12/site-packages/airflow/example_dags/example_skip_dag.py took 0.134 seconds
[2025-09-19T06:56:20.003+0000] {processor.py:186} INFO - Started process (PID=614) to work on /home/airflow/.local/lib/python3.12/site-packages/airflow/example_dags/example_skip_dag.py
[2025-09-19T06:56:20.005+0000] {processor.py:914} INFO - Processing file /home/airflow/.local/lib/python3.12/site-packages/airflow/example_dags/example_skip_dag.py for tasks to queue
[2025-09-19T06:56:20.009+0000] {logging_mixin.py:190} INFO - [2025-09-19T06:56:20.008+0000] {dagbag.py:588} INFO - Filling up the DagBag from /home/airflow/.local/lib/python3.12/site-packages/airflow/example_dags/example_skip_dag.py
[2025-09-19T06:56:20.022+0000] {processor.py:925} INFO - DAG(s) 'example_skip_dag' retrieved from /home/airflow/.local/lib/python3.12/site-packages/airflow/example_dags/example_skip_dag.py
[2025-09-19T06:56:20.058+0000] {logging_mixin.py:190} INFO - [2025-09-19T06:56:20.057+0000] {dag.py:3239} INFO - Sync 1 DAGs
[2025-09-19T06:56:20.100+0000] {logging_mixin.py:190} INFO - [2025-09-19T06:56:20.100+0000] {dag.py:4180} INFO - Setting next_dagrun for example_skip_dag to 2025-09-18 00:00:00+00:00, run_after=2025-09-19 00:00:00+00:00
[2025-09-19T06:56:20.131+0000] {processor.py:208} INFO - Processing /home/airflow/.local/lib/python3.12/site-packages/airflow/example_dags/example_skip_dag.py took 0.138 seconds
[2025-09-19T06:56:50.869+0000] {processor.py:186} INFO - Started process (PID=677) to work on /home/airflow/.local/lib/python3.12/site-packages/airflow/example_dags/example_skip_dag.py
[2025-09-19T06:56:50.871+0000] {processor.py:914} INFO - Processing file /home/airflow/.local/lib/python3.12/site-packages/airflow/example_dags/example_skip_dag.py for tasks to queue
[2025-09-19T06:56:50.874+0000] {logging_mixin.py:190} INFO - [2025-09-19T06:56:50.874+0000] {dagbag.py:588} INFO - Filling up the DagBag from /home/airflow/.local/lib/python3.12/site-packages/airflow/example_dags/example_skip_dag.py
[2025-09-19T06:56:50.886+0000] {processor.py:925} INFO - DAG(s) 'example_skip_dag' retrieved from /home/airflow/.local/lib/python3.12/site-packages/airflow/example_dags/example_skip_dag.py
[2025-09-19T06:56:50.922+0000] {logging_mixin.py:190} INFO - [2025-09-19T06:56:50.921+0000] {dag.py:3239} INFO - Sync 1 DAGs
[2025-09-19T06:56:50.962+0000] {logging_mixin.py:190} INFO - [2025-09-19T06:56:50.962+0000] {dag.py:4180} INFO - Setting next_dagrun for example_skip_dag to 2025-09-18 00:00:00+00:00, run_after=2025-09-19 00:00:00+00:00
[2025-09-19T06:56:50.994+0000] {processor.py:208} INFO - Processing /home/airflow/.local/lib/python3.12/site-packages/airflow/example_dags/example_skip_dag.py took 0.134 seconds
[2025-09-19T06:57:21.291+0000] {processor.py:186} INFO - Started process (PID=739) to work on /home/airflow/.local/lib/python3.12/site-packages/airflow/example_dags/example_skip_dag.py
[2025-09-19T06:57:21.293+0000] {processor.py:914} INFO - Processing file /home/airflow/.local/lib/python3.12/site-packages/airflow/example_dags/example_skip_dag.py for tasks to queue
[2025-09-19T06:57:21.296+0000] {logging_mixin.py:190} INFO - [2025-09-19T06:57:21.296+0000] {dagbag.py:588} INFO - Filling up the DagBag from /home/airflow/.local/lib/python3.12/site-packages/airflow/example_dags/example_skip_dag.py
[2025-09-19T06:57:21.308+0000] {processor.py:925} INFO - DAG(s) 'example_skip_dag' retrieved from /home/airflow/.local/lib/python3.12/site-packages/airflow/example_dags/example_skip_dag.py
[2025-09-19T06:57:21.343+0000] {logging_mixin.py:190} INFO - [2025-09-19T06:57:21.343+0000] {dag.py:3239} INFO - Sync 1 DAGs
[2025-09-19T06:57:21.384+0000] {logging_mixin.py:190} INFO - [2025-09-19T06:57:21.384+0000] {dag.py:4180} INFO - Setting next_dagrun for example_skip_dag to 2025-09-18 00:00:00+00:00, run_after=2025-09-19 00:00:00+00:00
[2025-09-19T06:57:21.415+0000] {processor.py:208} INFO - Processing /home/airflow/.local/lib/python3.12/site-packages/airflow/example_dags/example_skip_dag.py took 0.132 seconds
[2025-09-19T06:57:51.704+0000] {processor.py:186} INFO - Started process (PID=801) to work on /home/airflow/.local/lib/python3.12/site-packages/airflow/example_dags/example_skip_dag.py
[2025-09-19T06:57:51.705+0000] {processor.py:914} INFO - Processing file /home/airflow/.local/lib/python3.12/site-packages/airflow/example_dags/example_skip_dag.py for tasks to queue
[2025-09-19T06:57:51.709+0000] {logging_mixin.py:190} INFO - [2025-09-19T06:57:51.708+0000] {dagbag.py:588} INFO - Filling up the DagBag from /home/airflow/.local/lib/python3.12/site-packages/airflow/example_dags/example_skip_dag.py
[2025-09-19T06:57:51.722+0000] {processor.py:925} INFO - DAG(s) 'example_skip_dag' retrieved from /home/airflow/.local/lib/python3.12/site-packages/airflow/example_dags/example_skip_dag.py
[2025-09-19T06:57:51.763+0000] {logging_mixin.py:190} INFO - [2025-09-19T06:57:51.763+0000] {dag.py:3239} INFO - Sync 1 DAGs
[2025-09-19T06:57:51.809+0000] {logging_mixin.py:190} INFO - [2025-09-19T06:57:51.809+0000] {dag.py:4180} INFO - Setting next_dagrun for example_skip_dag to 2025-09-18 00:00:00+00:00, run_after=2025-09-19 00:00:00+00:00
[2025-09-19T06:57:51.844+0000] {processor.py:208} INFO - Processing /home/airflow/.local/lib/python3.12/site-packages/airflow/example_dags/example_skip_dag.py took 0.150 seconds
[2025-09-19T06:58:22.360+0000] {processor.py:186} INFO - Started process (PID=863) to work on /home/airflow/.local/lib/python3.12/site-packages/airflow/example_dags/example_skip_dag.py
[2025-09-19T06:58:22.361+0000] {processor.py:914} INFO - Processing file /home/airflow/.local/lib/python3.12/site-packages/airflow/example_dags/example_skip_dag.py for tasks to queue
[2025-09-19T06:58:22.365+0000] {logging_mixin.py:190} INFO - [2025-09-19T06:58:22.364+0000] {dagbag.py:588} INFO - Filling up the DagBag from /home/airflow/.local/lib/python3.12/site-packages/airflow/example_dags/example_skip_dag.py
[2025-09-19T06:58:22.377+0000] {processor.py:925} INFO - DAG(s) 'example_skip_dag' retrieved from /home/airflow/.local/lib/python3.12/site-packages/airflow/example_dags/example_skip_dag.py
[2025-09-19T06:58:22.413+0000] {logging_mixin.py:190} INFO - [2025-09-19T06:58:22.413+0000] {dag.py:3239} INFO - Sync 1 DAGs
[2025-09-19T06:58:22.454+0000] {logging_mixin.py:190} INFO - [2025-09-19T06:58:22.453+0000] {dag.py:4180} INFO - Setting next_dagrun for example_skip_dag to 2025-09-18 00:00:00+00:00, run_after=2025-09-19 00:00:00+00:00
[2025-09-19T06:58:22.486+0000] {processor.py:208} INFO - Processing /home/airflow/.local/lib/python3.12/site-packages/airflow/example_dags/example_skip_dag.py took 0.135 seconds
[2025-09-19T06:58:53.388+0000] {processor.py:186} INFO - Started process (PID=925) to work on /home/airflow/.local/lib/python3.12/site-packages/airflow/example_dags/example_skip_dag.py
[2025-09-19T06:58:53.390+0000] {processor.py:914} INFO - Processing file /home/airflow/.local/lib/python3.12/site-packages/airflow/example_dags/example_skip_dag.py for tasks to queue
[2025-09-19T06:58:53.394+0000] {logging_mixin.py:190} INFO - [2025-09-19T06:58:53.393+0000] {dagbag.py:588} INFO - Filling up the DagBag from /home/airflow/.local/lib/python3.12/site-packages/airflow/example_dags/example_skip_dag.py
[2025-09-19T06:58:53.407+0000] {processor.py:925} INFO - DAG(s) 'example_skip_dag' retrieved from /home/airflow/.local/lib/python3.12/site-packages/airflow/example_dags/example_skip_dag.py
[2025-09-19T06:58:53.444+0000] {logging_mixin.py:190} INFO - [2025-09-19T06:58:53.443+0000] {dag.py:3239} INFO - Sync 1 DAGs
[2025-09-19T06:58:53.488+0000] {logging_mixin.py:190} INFO - [2025-09-19T06:58:53.487+0000] {dag.py:4180} INFO - Setting next_dagrun for example_skip_dag to 2025-09-18 00:00:00+00:00, run_after=2025-09-19 00:00:00+00:00
[2025-09-19T06:58:53.518+0000] {processor.py:208} INFO - Processing /home/airflow/.local/lib/python3.12/site-packages/airflow/example_dags/example_skip_dag.py took 0.140 seconds
[2025-09-19T06:59:24.370+0000] {processor.py:186} INFO - Started process (PID=987) to work on /home/airflow/.local/lib/python3.12/site-packages/airflow/example_dags/example_skip_dag.py
[2025-09-19T06:59:24.371+0000] {processor.py:914} INFO - Processing file /home/airflow/.local/lib/python3.12/site-packages/airflow/example_dags/example_skip_dag.py for tasks to queue
[2025-09-19T06:59:24.375+0000] {logging_mixin.py:190} INFO - [2025-09-19T06:59:24.374+0000] {dagbag.py:588} INFO - Filling up the DagBag from /home/airflow/.local/lib/python3.12/site-packages/airflow/example_dags/example_skip_dag.py
[2025-09-19T06:59:24.387+0000] {processor.py:925} INFO - DAG(s) 'example_skip_dag' retrieved from /home/airflow/.local/lib/python3.12/site-packages/airflow/example_dags/example_skip_dag.py
[2025-09-19T06:59:24.424+0000] {logging_mixin.py:190} INFO - [2025-09-19T06:59:24.424+0000] {dag.py:3239} INFO - Sync 1 DAGs
[2025-09-19T06:59:24.465+0000] {logging_mixin.py:190} INFO - [2025-09-19T06:59:24.465+0000] {dag.py:4180} INFO - Setting next_dagrun for example_skip_dag to 2025-09-18 00:00:00+00:00, run_after=2025-09-19 00:00:00+00:00
[2025-09-19T06:59:24.497+0000] {processor.py:208} INFO - Processing /home/airflow/.local/lib/python3.12/site-packages/airflow/example_dags/example_skip_dag.py took 0.137 seconds
[2025-09-19T06:59:55.415+0000] {processor.py:186} INFO - Started process (PID=1049) to work on /home/airflow/.local/lib/python3.12/site-packages/airflow/example_dags/example_skip_dag.py
[2025-09-19T06:59:55.416+0000] {processor.py:914} INFO - Processing file /home/airflow/.local/lib/python3.12/site-packages/airflow/example_dags/example_skip_dag.py for tasks to queue
[2025-09-19T06:59:55.420+0000] {logging_mixin.py:190} INFO - [2025-09-19T06:59:55.419+0000] {dagbag.py:588} INFO - Filling up the DagBag from /home/airflow/.local/lib/python3.12/site-packages/airflow/example_dags/example_skip_dag.py
[2025-09-19T06:59:55.433+0000] {processor.py:925} INFO - DAG(s) 'example_skip_dag' retrieved from /home/airflow/.local/lib/python3.12/site-packages/airflow/example_dags/example_skip_dag.py
[2025-09-19T06:59:55.473+0000] {logging_mixin.py:190} INFO - [2025-09-19T06:59:55.472+0000] {dag.py:3239} INFO - Sync 1 DAGs
[2025-09-19T06:59:55.514+0000] {logging_mixin.py:190} INFO - [2025-09-19T06:59:55.513+0000] {dag.py:4180} INFO - Setting next_dagrun for example_skip_dag to 2025-09-18 00:00:00+00:00, run_after=2025-09-19 00:00:00+00:00
[2025-09-19T06:59:55.546+0000] {processor.py:208} INFO - Processing /home/airflow/.local/lib/python3.12/site-packages/airflow/example_dags/example_skip_dag.py took 0.141 seconds
[2025-09-19T07:00:26.242+0000] {processor.py:186} INFO - Started process (PID=1111) to work on /home/airflow/.local/lib/python3.12/site-packages/airflow/example_dags/example_skip_dag.py
[2025-09-19T07:00:26.243+0000] {processor.py:914} INFO - Processing file /home/airflow/.local/lib/python3.12/site-packages/airflow/example_dags/example_skip_dag.py for tasks to queue
[2025-09-19T07:00:26.247+0000] {logging_mixin.py:190} INFO - [2025-09-19T07:00:26.247+0000] {dagbag.py:588} INFO - Filling up the DagBag from /home/airflow/.local/lib/python3.12/site-packages/airflow/example_dags/example_skip_dag.py
[2025-09-19T07:00:26.262+0000] {processor.py:925} INFO - DAG(s) 'example_skip_dag' retrieved from /home/airflow/.local/lib/python3.12/site-packages/airflow/example_dags/example_skip_dag.py
[2025-09-19T07:00:26.302+0000] {logging_mixin.py:190} INFO - [2025-09-19T07:00:26.302+0000] {dag.py:3239} INFO - Sync 1 DAGs
[2025-09-19T07:00:26.346+0000] {logging_mixin.py:190} INFO - [2025-09-19T07:00:26.346+0000] {dag.py:4180} INFO - Setting next_dagrun for example_skip_dag to 2025-09-18 00:00:00+00:00, run_after=2025-09-19 00:00:00+00:00
[2025-09-19T07:00:26.384+0000] {processor.py:208} INFO - Processing /home/airflow/.local/lib/python3.12/site-packages/airflow/example_dags/example_skip_dag.py took 0.152 seconds
[2025-09-19T07:00:56.771+0000] {processor.py:186} INFO - Started process (PID=1179) to work on /home/airflow/.local/lib/python3.12/site-packages/airflow/example_dags/example_skip_dag.py
[2025-09-19T07:00:56.773+0000] {processor.py:914} INFO - Processing file /home/airflow/.local/lib/python3.12/site-packages/airflow/example_dags/example_skip_dag.py for tasks to queue
[2025-09-19T07:00:56.776+0000] {logging_mixin.py:190} INFO - [2025-09-19T07:00:56.776+0000] {dagbag.py:588} INFO - Filling up the DagBag from /home/airflow/.local/lib/python3.12/site-packages/airflow/example_dags/example_skip_dag.py
[2025-09-19T07:00:56.790+0000] {processor.py:925} INFO - DAG(s) 'example_skip_dag' retrieved from /home/airflow/.local/lib/python3.12/site-packages/airflow/example_dags/example_skip_dag.py
[2025-09-19T07:00:56.827+0000] {logging_mixin.py:190} INFO - [2025-09-19T07:00:56.826+0000] {dag.py:3239} INFO - Sync 1 DAGs
[2025-09-19T07:00:56.868+0000] {logging_mixin.py:190} INFO - [2025-09-19T07:00:56.867+0000] {dag.py:4180} INFO - Setting next_dagrun for example_skip_dag to 2025-09-18 00:00:00+00:00, run_after=2025-09-19 00:00:00+00:00
[2025-09-19T07:00:56.900+0000] {processor.py:208} INFO - Processing /home/airflow/.local/lib/python3.12/site-packages/airflow/example_dags/example_skip_dag.py took 0.138 seconds
[2025-09-19T07:01:27.483+0000] {processor.py:186} INFO - Started process (PID=1241) to work on /home/airflow/.local/lib/python3.12/site-packages/airflow/example_dags/example_skip_dag.py
[2025-09-19T07:01:27.485+0000] {processor.py:914} INFO - Processing file /home/airflow/.local/lib/python3.12/site-packages/airflow/example_dags/example_skip_dag.py for tasks to queue
[2025-09-19T07:01:27.488+0000] {logging_mixin.py:190} INFO - [2025-09-19T07:01:27.488+0000] {dagbag.py:588} INFO - Filling up the DagBag from /home/airflow/.local/lib/python3.12/site-packages/airflow/example_dags/example_skip_dag.py
[2025-09-19T07:01:27.501+0000] {processor.py:925} INFO - DAG(s) 'example_skip_dag' retrieved from /home/airflow/.local/lib/python3.12/site-packages/airflow/example_dags/example_skip_dag.py
[2025-09-19T07:01:27.538+0000] {logging_mixin.py:190} INFO - [2025-09-19T07:01:27.537+0000] {dag.py:3239} INFO - Sync 1 DAGs
[2025-09-19T07:01:27.580+0000] {logging_mixin.py:190} INFO - [2025-09-19T07:01:27.580+0000] {dag.py:4180} INFO - Setting next_dagrun for example_skip_dag to 2025-09-18 00:00:00+00:00, run_after=2025-09-19 00:00:00+00:00
[2025-09-19T07:01:27.614+0000] {processor.py:208} INFO - Processing /home/airflow/.local/lib/python3.12/site-packages/airflow/example_dags/example_skip_dag.py took 0.140 seconds
[2025-09-19T07:01:58.254+0000] {processor.py:186} INFO - Started process (PID=1303) to work on /home/airflow/.local/lib/python3.12/site-packages/airflow/example_dags/example_skip_dag.py
[2025-09-19T07:01:58.256+0000] {processor.py:914} INFO - Processing file /home/airflow/.local/lib/python3.12/site-packages/airflow/example_dags/example_skip_dag.py for tasks to queue
[2025-09-19T07:01:58.259+0000] {logging_mixin.py:190} INFO - [2025-09-19T07:01:58.259+0000] {dagbag.py:588} INFO - Filling up the DagBag from /home/airflow/.local/lib/python3.12/site-packages/airflow/example_dags/example_skip_dag.py
[2025-09-19T07:01:58.272+0000] {processor.py:925} INFO - DAG(s) 'example_skip_dag' retrieved from /home/airflow/.local/lib/python3.12/site-packages/airflow/example_dags/example_skip_dag.py
[2025-09-19T07:01:58.309+0000] {logging_mixin.py:190} INFO - [2025-09-19T07:01:58.308+0000] {dag.py:3239} INFO - Sync 1 DAGs
[2025-09-19T07:01:58.349+0000] {logging_mixin.py:190} INFO - [2025-09-19T07:01:58.349+0000] {dag.py:4180} INFO - Setting next_dagrun for example_skip_dag to 2025-09-18 00:00:00+00:00, run_after=2025-09-19 00:00:00+00:00
[2025-09-19T07:01:58.381+0000] {processor.py:208} INFO - Processing /home/airflow/.local/lib/python3.12/site-packages/airflow/example_dags/example_skip_dag.py took 0.137 seconds
[2025-09-19T07:02:28.809+0000] {processor.py:186} INFO - Started process (PID=1365) to work on /home/airflow/.local/lib/python3.12/site-packages/airflow/example_dags/example_skip_dag.py
[2025-09-19T07:02:28.810+0000] {processor.py:914} INFO - Processing file /home/airflow/.local/lib/python3.12/site-packages/airflow/example_dags/example_skip_dag.py for tasks to queue
[2025-09-19T07:02:28.814+0000] {logging_mixin.py:190} INFO - [2025-09-19T07:02:28.814+0000] {dagbag.py:588} INFO - Filling up the DagBag from /home/airflow/.local/lib/python3.12/site-packages/airflow/example_dags/example_skip_dag.py
[2025-09-19T07:02:28.827+0000] {processor.py:925} INFO - DAG(s) 'example_skip_dag' retrieved from /home/airflow/.local/lib/python3.12/site-packages/airflow/example_dags/example_skip_dag.py
[2025-09-19T07:02:28.868+0000] {logging_mixin.py:190} INFO - [2025-09-19T07:02:28.867+0000] {dag.py:3239} INFO - Sync 1 DAGs
[2025-09-19T07:02:28.911+0000] {logging_mixin.py:190} INFO - [2025-09-19T07:02:28.910+0000] {dag.py:4180} INFO - Setting next_dagrun for example_skip_dag to 2025-09-18 00:00:00+00:00, run_after=2025-09-19 00:00:00+00:00
[2025-09-19T07:02:28.944+0000] {processor.py:208} INFO - Processing /home/airflow/.local/lib/python3.12/site-packages/airflow/example_dags/example_skip_dag.py took 0.145 seconds
[2025-09-19T07:02:59.542+0000] {processor.py:186} INFO - Started process (PID=1427) to work on /home/airflow/.local/lib/python3.12/site-packages/airflow/example_dags/example_skip_dag.py
[2025-09-19T07:02:59.544+0000] {processor.py:914} INFO - Processing file /home/airflow/.local/lib/python3.12/site-packages/airflow/example_dags/example_skip_dag.py for tasks to queue
[2025-09-19T07:02:59.547+0000] {logging_mixin.py:190} INFO - [2025-09-19T07:02:59.547+0000] {dagbag.py:588} INFO - Filling up the DagBag from /home/airflow/.local/lib/python3.12/site-packages/airflow/example_dags/example_skip_dag.py
[2025-09-19T07:02:59.560+0000] {processor.py:925} INFO - DAG(s) 'example_skip_dag' retrieved from /home/airflow/.local/lib/python3.12/site-packages/airflow/example_dags/example_skip_dag.py
[2025-09-19T07:02:59.602+0000] {logging_mixin.py:190} INFO - [2025-09-19T07:02:59.601+0000] {dag.py:3239} INFO - Sync 1 DAGs
[2025-09-19T07:02:59.646+0000] {logging_mixin.py:190} INFO - [2025-09-19T07:02:59.646+0000] {dag.py:4180} INFO - Setting next_dagrun for example_skip_dag to 2025-09-18 00:00:00+00:00, run_after=2025-09-19 00:00:00+00:00
[2025-09-19T07:02:59.682+0000] {processor.py:208} INFO - Processing /home/airflow/.local/lib/python3.12/site-packages/airflow/example_dags/example_skip_dag.py took 0.150 seconds
[2025-09-19T07:03:30.291+0000] {processor.py:186} INFO - Started process (PID=1489) to work on /home/airflow/.local/lib/python3.12/site-packages/airflow/example_dags/example_skip_dag.py
[2025-09-19T07:03:30.293+0000] {processor.py:914} INFO - Processing file /home/airflow/.local/lib/python3.12/site-packages/airflow/example_dags/example_skip_dag.py for tasks to queue
[2025-09-19T07:03:30.297+0000] {logging_mixin.py:190} INFO - [2025-09-19T07:03:30.296+0000] {dagbag.py:588} INFO - Filling up the DagBag from /home/airflow/.local/lib/python3.12/site-packages/airflow/example_dags/example_skip_dag.py
[2025-09-19T07:03:30.309+0000] {processor.py:925} INFO - DAG(s) 'example_skip_dag' retrieved from /home/airflow/.local/lib/python3.12/site-packages/airflow/example_dags/example_skip_dag.py
[2025-09-19T07:03:30.345+0000] {logging_mixin.py:190} INFO - [2025-09-19T07:03:30.344+0000] {dag.py:3239} INFO - Sync 1 DAGs
[2025-09-19T07:03:30.385+0000] {logging_mixin.py:190} INFO - [2025-09-19T07:03:30.385+0000] {dag.py:4180} INFO - Setting next_dagrun for example_skip_dag to 2025-09-18 00:00:00+00:00, run_after=2025-09-19 00:00:00+00:00
[2025-09-19T07:03:30.417+0000] {processor.py:208} INFO - Processing /home/airflow/.local/lib/python3.12/site-packages/airflow/example_dags/example_skip_dag.py took 0.135 seconds
[2025-09-19T07:04:01.188+0000] {processor.py:186} INFO - Started process (PID=1551) to work on /home/airflow/.local/lib/python3.12/site-packages/airflow/example_dags/example_skip_dag.py
[2025-09-19T07:04:01.190+0000] {processor.py:914} INFO - Processing file /home/airflow/.local/lib/python3.12/site-packages/airflow/example_dags/example_skip_dag.py for tasks to queue
[2025-09-19T07:04:01.194+0000] {logging_mixin.py:190} INFO - [2025-09-19T07:04:01.193+0000] {dagbag.py:588} INFO - Filling up the DagBag from /home/airflow/.local/lib/python3.12/site-packages/airflow/example_dags/example_skip_dag.py
[2025-09-19T07:04:01.206+0000] {processor.py:925} INFO - DAG(s) 'example_skip_dag' retrieved from /home/airflow/.local/lib/python3.12/site-packages/airflow/example_dags/example_skip_dag.py
[2025-09-19T07:04:01.242+0000] {logging_mixin.py:190} INFO - [2025-09-19T07:04:01.242+0000] {dag.py:3239} INFO - Sync 1 DAGs
[2025-09-19T07:04:01.284+0000] {logging_mixin.py:190} INFO - [2025-09-19T07:04:01.284+0000] {dag.py:4180} INFO - Setting next_dagrun for example_skip_dag to 2025-09-18 00:00:00+00:00, run_after=2025-09-19 00:00:00+00:00
[2025-09-19T07:04:01.317+0000] {processor.py:208} INFO - Processing /home/airflow/.local/lib/python3.12/site-packages/airflow/example_dags/example_skip_dag.py took 0.138 seconds
[2025-09-19T07:04:31.522+0000] {processor.py:186} INFO - Started process (PID=1613) to work on /home/airflow/.local/lib/python3.12/site-packages/airflow/example_dags/example_skip_dag.py
[2025-09-19T07:04:31.524+0000] {processor.py:914} INFO - Processing file /home/airflow/.local/lib/python3.12/site-packages/airflow/example_dags/example_skip_dag.py for tasks to queue
[2025-09-19T07:04:31.527+0000] {logging_mixin.py:190} INFO - [2025-09-19T07:04:31.527+0000] {dagbag.py:588} INFO - Filling up the DagBag from /home/airflow/.local/lib/python3.12/site-packages/airflow/example_dags/example_skip_dag.py
[2025-09-19T07:04:31.544+0000] {processor.py:925} INFO - DAG(s) 'example_skip_dag' retrieved from /home/airflow/.local/lib/python3.12/site-packages/airflow/example_dags/example_skip_dag.py
[2025-09-19T07:04:31.581+0000] {logging_mixin.py:190} INFO - [2025-09-19T07:04:31.581+0000] {dag.py:3239} INFO - Sync 1 DAGs
[2025-09-19T07:04:31.623+0000] {logging_mixin.py:190} INFO - [2025-09-19T07:04:31.623+0000] {dag.py:4180} INFO - Setting next_dagrun for example_skip_dag to 2025-09-18 00:00:00+00:00, run_after=2025-09-19 00:00:00+00:00
[2025-09-19T07:04:31.657+0000] {processor.py:208} INFO - Processing /home/airflow/.local/lib/python3.12/site-packages/airflow/example_dags/example_skip_dag.py took 0.144 seconds
[2025-09-19T07:05:02.415+0000] {processor.py:186} INFO - Started process (PID=1675) to work on /home/airflow/.local/lib/python3.12/site-packages/airflow/example_dags/example_skip_dag.py
[2025-09-19T07:05:02.416+0000] {processor.py:914} INFO - Processing file /home/airflow/.local/lib/python3.12/site-packages/airflow/example_dags/example_skip_dag.py for tasks to queue
[2025-09-19T07:05:02.421+0000] {logging_mixin.py:190} INFO - [2025-09-19T07:05:02.420+0000] {dagbag.py:588} INFO - Filling up the DagBag from /home/airflow/.local/lib/python3.12/site-packages/airflow/example_dags/example_skip_dag.py
[2025-09-19T07:05:02.433+0000] {processor.py:925} INFO - DAG(s) 'example_skip_dag' retrieved from /home/airflow/.local/lib/python3.12/site-packages/airflow/example_dags/example_skip_dag.py
[2025-09-19T07:05:02.467+0000] {logging_mixin.py:190} INFO - [2025-09-19T07:05:02.467+0000] {dag.py:3239} INFO - Sync 1 DAGs
[2025-09-19T07:05:02.508+0000] {logging_mixin.py:190} INFO - [2025-09-19T07:05:02.508+0000] {dag.py:4180} INFO - Setting next_dagrun for example_skip_dag to 2025-09-18 00:00:00+00:00, run_after=2025-09-19 00:00:00+00:00
[2025-09-19T07:05:02.539+0000] {processor.py:208} INFO - Processing /home/airflow/.local/lib/python3.12/site-packages/airflow/example_dags/example_skip_dag.py took 0.133 seconds
[2025-09-19T07:05:33.037+0000] {processor.py:186} INFO - Started process (PID=1743) to work on /home/airflow/.local/lib/python3.12/site-packages/airflow/example_dags/example_skip_dag.py
[2025-09-19T07:05:33.038+0000] {processor.py:914} INFO - Processing file /home/airflow/.local/lib/python3.12/site-packages/airflow/example_dags/example_skip_dag.py for tasks to queue
[2025-09-19T07:05:33.042+0000] {logging_mixin.py:190} INFO - [2025-09-19T07:05:33.042+0000] {dagbag.py:588} INFO - Filling up the DagBag from /home/airflow/.local/lib/python3.12/site-packages/airflow/example_dags/example_skip_dag.py
[2025-09-19T07:05:33.054+0000] {processor.py:925} INFO - DAG(s) 'example_skip_dag' retrieved from /home/airflow/.local/lib/python3.12/site-packages/airflow/example_dags/example_skip_dag.py
[2025-09-19T07:05:33.091+0000] {logging_mixin.py:190} INFO - [2025-09-19T07:05:33.091+0000] {dag.py:3239} INFO - Sync 1 DAGs
[2025-09-19T07:05:33.133+0000] {logging_mixin.py:190} INFO - [2025-09-19T07:05:33.132+0000] {dag.py:4180} INFO - Setting next_dagrun for example_skip_dag to 2025-09-18 00:00:00+00:00, run_after=2025-09-19 00:00:00+00:00
[2025-09-19T07:05:33.163+0000] {processor.py:208} INFO - Processing /home/airflow/.local/lib/python3.12/site-packages/airflow/example_dags/example_skip_dag.py took 0.136 seconds
[2025-09-19T07:06:03.575+0000] {processor.py:186} INFO - Started process (PID=1805) to work on /home/airflow/.local/lib/python3.12/site-packages/airflow/example_dags/example_skip_dag.py
[2025-09-19T07:06:03.577+0000] {processor.py:914} INFO - Processing file /home/airflow/.local/lib/python3.12/site-packages/airflow/example_dags/example_skip_dag.py for tasks to queue
[2025-09-19T07:06:03.580+0000] {logging_mixin.py:190} INFO - [2025-09-19T07:06:03.580+0000] {dagbag.py:588} INFO - Filling up the DagBag from /home/airflow/.local/lib/python3.12/site-packages/airflow/example_dags/example_skip_dag.py
[2025-09-19T07:06:03.593+0000] {processor.py:925} INFO - DAG(s) 'example_skip_dag' retrieved from /home/airflow/.local/lib/python3.12/site-packages/airflow/example_dags/example_skip_dag.py
[2025-09-19T07:06:03.628+0000] {logging_mixin.py:190} INFO - [2025-09-19T07:06:03.628+0000] {dag.py:3239} INFO - Sync 1 DAGs
[2025-09-19T07:06:03.671+0000] {logging_mixin.py:190} INFO - [2025-09-19T07:06:03.671+0000] {dag.py:4180} INFO - Setting next_dagrun for example_skip_dag to 2025-09-18 00:00:00+00:00, run_after=2025-09-19 00:00:00+00:00
[2025-09-19T07:06:03.703+0000] {processor.py:208} INFO - Processing /home/airflow/.local/lib/python3.12/site-packages/airflow/example_dags/example_skip_dag.py took 0.137 seconds
[2025-09-19T07:06:33.798+0000] {processor.py:186} INFO - Started process (PID=1867) to work on /home/airflow/.local/lib/python3.12/site-packages/airflow/example_dags/example_skip_dag.py
[2025-09-19T07:06:33.800+0000] {processor.py:914} INFO - Processing file /home/airflow/.local/lib/python3.12/site-packages/airflow/example_dags/example_skip_dag.py for tasks to queue
[2025-09-19T07:06:33.804+0000] {logging_mixin.py:190} INFO - [2025-09-19T07:06:33.804+0000] {dagbag.py:588} INFO - Filling up the DagBag from /home/airflow/.local/lib/python3.12/site-packages/airflow/example_dags/example_skip_dag.py
[2025-09-19T07:06:33.817+0000] {processor.py:925} INFO - DAG(s) 'example_skip_dag' retrieved from /home/airflow/.local/lib/python3.12/site-packages/airflow/example_dags/example_skip_dag.py
[2025-09-19T07:06:33.859+0000] {logging_mixin.py:190} INFO - [2025-09-19T07:06:33.858+0000] {dag.py:3239} INFO - Sync 1 DAGs
[2025-09-19T07:06:33.904+0000] {logging_mixin.py:190} INFO - [2025-09-19T07:06:33.904+0000] {dag.py:4180} INFO - Setting next_dagrun for example_skip_dag to 2025-09-18 00:00:00+00:00, run_after=2025-09-19 00:00:00+00:00
[2025-09-19T07:06:33.937+0000] {processor.py:208} INFO - Processing /home/airflow/.local/lib/python3.12/site-packages/airflow/example_dags/example_skip_dag.py took 0.149 seconds
[2025-09-19T07:07:04.182+0000] {processor.py:186} INFO - Started process (PID=1929) to work on /home/airflow/.local/lib/python3.12/site-packages/airflow/example_dags/example_skip_dag.py
[2025-09-19T07:07:04.184+0000] {processor.py:914} INFO - Processing file /home/airflow/.local/lib/python3.12/site-packages/airflow/example_dags/example_skip_dag.py for tasks to queue
[2025-09-19T07:07:04.187+0000] {logging_mixin.py:190} INFO - [2025-09-19T07:07:04.187+0000] {dagbag.py:588} INFO - Filling up the DagBag from /home/airflow/.local/lib/python3.12/site-packages/airflow/example_dags/example_skip_dag.py
[2025-09-19T07:07:04.200+0000] {processor.py:925} INFO - DAG(s) 'example_skip_dag' retrieved from /home/airflow/.local/lib/python3.12/site-packages/airflow/example_dags/example_skip_dag.py
[2025-09-19T07:07:04.237+0000] {logging_mixin.py:190} INFO - [2025-09-19T07:07:04.236+0000] {dag.py:3239} INFO - Sync 1 DAGs
[2025-09-19T07:07:04.279+0000] {logging_mixin.py:190} INFO - [2025-09-19T07:07:04.278+0000] {dag.py:4180} INFO - Setting next_dagrun for example_skip_dag to 2025-09-18 00:00:00+00:00, run_after=2025-09-19 00:00:00+00:00
[2025-09-19T07:07:04.310+0000] {processor.py:208} INFO - Processing /home/airflow/.local/lib/python3.12/site-packages/airflow/example_dags/example_skip_dag.py took 0.137 seconds
[2025-09-19T07:07:35.110+0000] {processor.py:186} INFO - Started process (PID=1991) to work on /home/airflow/.local/lib/python3.12/site-packages/airflow/example_dags/example_skip_dag.py
[2025-09-19T07:07:35.112+0000] {processor.py:914} INFO - Processing file /home/airflow/.local/lib/python3.12/site-packages/airflow/example_dags/example_skip_dag.py for tasks to queue
[2025-09-19T07:07:35.117+0000] {logging_mixin.py:190} INFO - [2025-09-19T07:07:35.117+0000] {dagbag.py:588} INFO - Filling up the DagBag from /home/airflow/.local/lib/python3.12/site-packages/airflow/example_dags/example_skip_dag.py
[2025-09-19T07:07:35.134+0000] {processor.py:925} INFO - DAG(s) 'example_skip_dag' retrieved from /home/airflow/.local/lib/python3.12/site-packages/airflow/example_dags/example_skip_dag.py
[2025-09-19T07:07:35.181+0000] {logging_mixin.py:190} INFO - [2025-09-19T07:07:35.180+0000] {dag.py:3239} INFO - Sync 1 DAGs
[2025-09-19T07:07:35.233+0000] {logging_mixin.py:190} INFO - [2025-09-19T07:07:35.232+0000] {dag.py:4180} INFO - Setting next_dagrun for example_skip_dag to 2025-09-18 00:00:00+00:00, run_after=2025-09-19 00:00:00+00:00
[2025-09-19T07:07:35.262+0000] {processor.py:208} INFO - Processing /home/airflow/.local/lib/python3.12/site-packages/airflow/example_dags/example_skip_dag.py took 0.164 seconds
[2025-09-19T07:08:06.307+0000] {processor.py:186} INFO - Started process (PID=2051) to work on /home/airflow/.local/lib/python3.12/site-packages/airflow/example_dags/example_skip_dag.py
[2025-09-19T07:08:06.309+0000] {processor.py:914} INFO - Processing file /home/airflow/.local/lib/python3.12/site-packages/airflow/example_dags/example_skip_dag.py for tasks to queue
[2025-09-19T07:08:06.312+0000] {logging_mixin.py:190} INFO - [2025-09-19T07:08:06.312+0000] {dagbag.py:588} INFO - Filling up the DagBag from /home/airflow/.local/lib/python3.12/site-packages/airflow/example_dags/example_skip_dag.py
[2025-09-19T07:08:06.326+0000] {processor.py:925} INFO - DAG(s) 'example_skip_dag' retrieved from /home/airflow/.local/lib/python3.12/site-packages/airflow/example_dags/example_skip_dag.py
[2025-09-19T07:08:06.362+0000] {logging_mixin.py:190} INFO - [2025-09-19T07:08:06.361+0000] {dag.py:3239} INFO - Sync 1 DAGs
[2025-09-19T07:08:06.406+0000] {logging_mixin.py:190} INFO - [2025-09-19T07:08:06.405+0000] {dag.py:4180} INFO - Setting next_dagrun for example_skip_dag to 2025-09-18 00:00:00+00:00, run_after=2025-09-19 00:00:00+00:00
[2025-09-19T07:08:06.436+0000] {processor.py:208} INFO - Processing /home/airflow/.local/lib/python3.12/site-packages/airflow/example_dags/example_skip_dag.py took 0.138 seconds
[2025-09-19T07:08:37.822+0000] {processor.py:186} INFO - Started process (PID=2113) to work on /home/airflow/.local/lib/python3.12/site-packages/airflow/example_dags/example_skip_dag.py
[2025-09-19T07:08:37.823+0000] {processor.py:914} INFO - Processing file /home/airflow/.local/lib/python3.12/site-packages/airflow/example_dags/example_skip_dag.py for tasks to queue
[2025-09-19T07:08:37.827+0000] {logging_mixin.py:190} INFO - [2025-09-19T07:08:37.826+0000] {dagbag.py:588} INFO - Filling up the DagBag from /home/airflow/.local/lib/python3.12/site-packages/airflow/example_dags/example_skip_dag.py
[2025-09-19T07:08:37.840+0000] {processor.py:925} INFO - DAG(s) 'example_skip_dag' retrieved from /home/airflow/.local/lib/python3.12/site-packages/airflow/example_dags/example_skip_dag.py
[2025-09-19T07:08:37.876+0000] {logging_mixin.py:190} INFO - [2025-09-19T07:08:37.875+0000] {dag.py:3239} INFO - Sync 1 DAGs
[2025-09-19T07:08:37.917+0000] {logging_mixin.py:190} INFO - [2025-09-19T07:08:37.916+0000] {dag.py:4180} INFO - Setting next_dagrun for example_skip_dag to 2025-09-18 00:00:00+00:00, run_after=2025-09-19 00:00:00+00:00
[2025-09-19T07:08:37.951+0000] {processor.py:208} INFO - Processing /home/airflow/.local/lib/python3.12/site-packages/airflow/example_dags/example_skip_dag.py took 0.139 seconds
[2025-09-19T07:09:08.234+0000] {processor.py:186} INFO - Started process (PID=2175) to work on /home/airflow/.local/lib/python3.12/site-packages/airflow/example_dags/example_skip_dag.py
[2025-09-19T07:09:08.236+0000] {processor.py:914} INFO - Processing file /home/airflow/.local/lib/python3.12/site-packages/airflow/example_dags/example_skip_dag.py for tasks to queue
[2025-09-19T07:09:08.239+0000] {logging_mixin.py:190} INFO - [2025-09-19T07:09:08.239+0000] {dagbag.py:588} INFO - Filling up the DagBag from /home/airflow/.local/lib/python3.12/site-packages/airflow/example_dags/example_skip_dag.py
[2025-09-19T07:09:08.252+0000] {processor.py:925} INFO - DAG(s) 'example_skip_dag' retrieved from /home/airflow/.local/lib/python3.12/site-packages/airflow/example_dags/example_skip_dag.py
[2025-09-19T07:09:08.289+0000] {logging_mixin.py:190} INFO - [2025-09-19T07:09:08.288+0000] {dag.py:3239} INFO - Sync 1 DAGs
[2025-09-19T07:09:08.332+0000] {logging_mixin.py:190} INFO - [2025-09-19T07:09:08.332+0000] {dag.py:4180} INFO - Setting next_dagrun for example_skip_dag to 2025-09-18 00:00:00+00:00, run_after=2025-09-19 00:00:00+00:00
[2025-09-19T07:09:08.362+0000] {processor.py:208} INFO - Processing /home/airflow/.local/lib/python3.12/site-packages/airflow/example_dags/example_skip_dag.py took 0.138 seconds
[2025-09-19T07:09:39.847+0000] {processor.py:186} INFO - Started process (PID=2237) to work on /home/airflow/.local/lib/python3.12/site-packages/airflow/example_dags/example_skip_dag.py
[2025-09-19T07:09:39.849+0000] {processor.py:914} INFO - Processing file /home/airflow/.local/lib/python3.12/site-packages/airflow/example_dags/example_skip_dag.py for tasks to queue
[2025-09-19T07:09:39.852+0000] {logging_mixin.py:190} INFO - [2025-09-19T07:09:39.852+0000] {dagbag.py:588} INFO - Filling up the DagBag from /home/airflow/.local/lib/python3.12/site-packages/airflow/example_dags/example_skip_dag.py
[2025-09-19T07:09:39.866+0000] {processor.py:925} INFO - DAG(s) 'example_skip_dag' retrieved from /home/airflow/.local/lib/python3.12/site-packages/airflow/example_dags/example_skip_dag.py
[2025-09-19T07:09:39.901+0000] {logging_mixin.py:190} INFO - [2025-09-19T07:09:39.901+0000] {dag.py:3239} INFO - Sync 1 DAGs
[2025-09-19T07:09:39.942+0000] {logging_mixin.py:190} INFO - [2025-09-19T07:09:39.942+0000] {dag.py:4180} INFO - Setting next_dagrun for example_skip_dag to 2025-09-18 00:00:00+00:00, run_after=2025-09-19 00:00:00+00:00
[2025-09-19T07:09:39.973+0000] {processor.py:208} INFO - Processing /home/airflow/.local/lib/python3.12/site-packages/airflow/example_dags/example_skip_dag.py took 0.136 seconds
[2025-09-19T07:10:11.107+0000] {processor.py:186} INFO - Started process (PID=2305) to work on /home/airflow/.local/lib/python3.12/site-packages/airflow/example_dags/example_skip_dag.py
[2025-09-19T07:10:11.109+0000] {processor.py:914} INFO - Processing file /home/airflow/.local/lib/python3.12/site-packages/airflow/example_dags/example_skip_dag.py for tasks to queue
[2025-09-19T07:10:11.115+0000] {logging_mixin.py:190} INFO - [2025-09-19T07:10:11.114+0000] {dagbag.py:588} INFO - Filling up the DagBag from /home/airflow/.local/lib/python3.12/site-packages/airflow/example_dags/example_skip_dag.py
[2025-09-19T07:10:11.140+0000] {processor.py:925} INFO - DAG(s) 'example_skip_dag' retrieved from /home/airflow/.local/lib/python3.12/site-packages/airflow/example_dags/example_skip_dag.py
[2025-09-19T07:10:11.189+0000] {logging_mixin.py:190} INFO - [2025-09-19T07:10:11.189+0000] {dag.py:3239} INFO - Sync 1 DAGs
[2025-09-19T07:10:11.251+0000] {logging_mixin.py:190} INFO - [2025-09-19T07:10:11.250+0000] {dag.py:4180} INFO - Setting next_dagrun for example_skip_dag to 2025-09-18 00:00:00+00:00, run_after=2025-09-19 00:00:00+00:00
[2025-09-19T07:10:11.289+0000] {processor.py:208} INFO - Processing /home/airflow/.local/lib/python3.12/site-packages/airflow/example_dags/example_skip_dag.py took 0.195 seconds
[2025-09-19T07:10:41.642+0000] {processor.py:186} INFO - Started process (PID=2367) to work on /home/airflow/.local/lib/python3.12/site-packages/airflow/example_dags/example_skip_dag.py
[2025-09-19T07:10:41.644+0000] {processor.py:914} INFO - Processing file /home/airflow/.local/lib/python3.12/site-packages/airflow/example_dags/example_skip_dag.py for tasks to queue
[2025-09-19T07:10:41.647+0000] {logging_mixin.py:190} INFO - [2025-09-19T07:10:41.647+0000] {dagbag.py:588} INFO - Filling up the DagBag from /home/airflow/.local/lib/python3.12/site-packages/airflow/example_dags/example_skip_dag.py
[2025-09-19T07:10:41.660+0000] {processor.py:925} INFO - DAG(s) 'example_skip_dag' retrieved from /home/airflow/.local/lib/python3.12/site-packages/airflow/example_dags/example_skip_dag.py
[2025-09-19T07:10:41.695+0000] {logging_mixin.py:190} INFO - [2025-09-19T07:10:41.694+0000] {dag.py:3239} INFO - Sync 1 DAGs
[2025-09-19T07:10:41.737+0000] {logging_mixin.py:190} INFO - [2025-09-19T07:10:41.736+0000] {dag.py:4180} INFO - Setting next_dagrun for example_skip_dag to 2025-09-18 00:00:00+00:00, run_after=2025-09-19 00:00:00+00:00
[2025-09-19T07:10:41.770+0000] {processor.py:208} INFO - Processing /home/airflow/.local/lib/python3.12/site-packages/airflow/example_dags/example_skip_dag.py took 0.137 seconds
[2025-09-19T07:11:12.533+0000] {processor.py:186} INFO - Started process (PID=2429) to work on /home/airflow/.local/lib/python3.12/site-packages/airflow/example_dags/example_skip_dag.py
[2025-09-19T07:11:12.535+0000] {processor.py:914} INFO - Processing file /home/airflow/.local/lib/python3.12/site-packages/airflow/example_dags/example_skip_dag.py for tasks to queue
[2025-09-19T07:11:12.539+0000] {logging_mixin.py:190} INFO - [2025-09-19T07:11:12.538+0000] {dagbag.py:588} INFO - Filling up the DagBag from /home/airflow/.local/lib/python3.12/site-packages/airflow/example_dags/example_skip_dag.py
[2025-09-19T07:11:12.552+0000] {processor.py:925} INFO - DAG(s) 'example_skip_dag' retrieved from /home/airflow/.local/lib/python3.12/site-packages/airflow/example_dags/example_skip_dag.py
[2025-09-19T07:11:12.589+0000] {logging_mixin.py:190} INFO - [2025-09-19T07:11:12.589+0000] {dag.py:3239} INFO - Sync 1 DAGs
[2025-09-19T07:11:12.631+0000] {logging_mixin.py:190} INFO - [2025-09-19T07:11:12.631+0000] {dag.py:4180} INFO - Setting next_dagrun for example_skip_dag to 2025-09-18 00:00:00+00:00, run_after=2025-09-19 00:00:00+00:00
[2025-09-19T07:11:12.669+0000] {processor.py:208} INFO - Processing /home/airflow/.local/lib/python3.12/site-packages/airflow/example_dags/example_skip_dag.py took 0.145 seconds
[2025-09-19T07:11:43.779+0000] {processor.py:186} INFO - Started process (PID=2491) to work on /home/airflow/.local/lib/python3.12/site-packages/airflow/example_dags/example_skip_dag.py
[2025-09-19T07:11:43.780+0000] {processor.py:914} INFO - Processing file /home/airflow/.local/lib/python3.12/site-packages/airflow/example_dags/example_skip_dag.py for tasks to queue
[2025-09-19T07:11:43.784+0000] {logging_mixin.py:190} INFO - [2025-09-19T07:11:43.784+0000] {dagbag.py:588} INFO - Filling up the DagBag from /home/airflow/.local/lib/python3.12/site-packages/airflow/example_dags/example_skip_dag.py
[2025-09-19T07:11:43.799+0000] {processor.py:925} INFO - DAG(s) 'example_skip_dag' retrieved from /home/airflow/.local/lib/python3.12/site-packages/airflow/example_dags/example_skip_dag.py
[2025-09-19T07:11:43.839+0000] {logging_mixin.py:190} INFO - [2025-09-19T07:11:43.839+0000] {dag.py:3239} INFO - Sync 1 DAGs
[2025-09-19T07:11:43.885+0000] {logging_mixin.py:190} INFO - [2025-09-19T07:11:43.885+0000] {dag.py:4180} INFO - Setting next_dagrun for example_skip_dag to 2025-09-18 00:00:00+00:00, run_after=2025-09-19 00:00:00+00:00
[2025-09-19T07:11:43.918+0000] {processor.py:208} INFO - Processing /home/airflow/.local/lib/python3.12/site-packages/airflow/example_dags/example_skip_dag.py took 0.149 seconds
[2025-09-19T07:12:14.640+0000] {processor.py:186} INFO - Started process (PID=2553) to work on /home/airflow/.local/lib/python3.12/site-packages/airflow/example_dags/example_skip_dag.py
[2025-09-19T07:12:14.642+0000] {processor.py:914} INFO - Processing file /home/airflow/.local/lib/python3.12/site-packages/airflow/example_dags/example_skip_dag.py for tasks to queue
[2025-09-19T07:12:14.645+0000] {logging_mixin.py:190} INFO - [2025-09-19T07:12:14.645+0000] {dagbag.py:588} INFO - Filling up the DagBag from /home/airflow/.local/lib/python3.12/site-packages/airflow/example_dags/example_skip_dag.py
[2025-09-19T07:12:14.658+0000] {processor.py:925} INFO - DAG(s) 'example_skip_dag' retrieved from /home/airflow/.local/lib/python3.12/site-packages/airflow/example_dags/example_skip_dag.py
[2025-09-19T07:12:14.695+0000] {logging_mixin.py:190} INFO - [2025-09-19T07:12:14.695+0000] {dag.py:3239} INFO - Sync 1 DAGs
[2025-09-19T07:12:14.742+0000] {logging_mixin.py:190} INFO - [2025-09-19T07:12:14.741+0000] {dag.py:4180} INFO - Setting next_dagrun for example_skip_dag to 2025-09-18 00:00:00+00:00, run_after=2025-09-19 00:00:00+00:00
[2025-09-19T07:12:14.774+0000] {processor.py:208} INFO - Processing /home/airflow/.local/lib/python3.12/site-packages/airflow/example_dags/example_skip_dag.py took 0.143 seconds
[2025-09-19T07:12:46.996+0000] {processor.py:186} INFO - Started process (PID=2615) to work on /home/airflow/.local/lib/python3.12/site-packages/airflow/example_dags/example_skip_dag.py
[2025-09-19T07:12:46.998+0000] {processor.py:914} INFO - Processing file /home/airflow/.local/lib/python3.12/site-packages/airflow/example_dags/example_skip_dag.py for tasks to queue
[2025-09-19T07:12:47.001+0000] {logging_mixin.py:190} INFO - [2025-09-19T07:12:47.001+0000] {dagbag.py:588} INFO - Filling up the DagBag from /home/airflow/.local/lib/python3.12/site-packages/airflow/example_dags/example_skip_dag.py
[2025-09-19T07:12:47.014+0000] {processor.py:925} INFO - DAG(s) 'example_skip_dag' retrieved from /home/airflow/.local/lib/python3.12/site-packages/airflow/example_dags/example_skip_dag.py
[2025-09-19T07:12:47.049+0000] {logging_mixin.py:190} INFO - [2025-09-19T07:12:47.048+0000] {dag.py:3239} INFO - Sync 1 DAGs
[2025-09-19T07:12:47.090+0000] {logging_mixin.py:190} INFO - [2025-09-19T07:12:47.090+0000] {dag.py:4180} INFO - Setting next_dagrun for example_skip_dag to 2025-09-18 00:00:00+00:00, run_after=2025-09-19 00:00:00+00:00
[2025-09-19T07:12:47.122+0000] {processor.py:208} INFO - Processing /home/airflow/.local/lib/python3.12/site-packages/airflow/example_dags/example_skip_dag.py took 0.134 seconds
[2025-09-19T07:13:17.211+0000] {processor.py:186} INFO - Started process (PID=2677) to work on /home/airflow/.local/lib/python3.12/site-packages/airflow/example_dags/example_skip_dag.py
[2025-09-19T07:13:17.213+0000] {processor.py:914} INFO - Processing file /home/airflow/.local/lib/python3.12/site-packages/airflow/example_dags/example_skip_dag.py for tasks to queue
[2025-09-19T07:13:17.217+0000] {logging_mixin.py:190} INFO - [2025-09-19T07:13:17.217+0000] {dagbag.py:588} INFO - Filling up the DagBag from /home/airflow/.local/lib/python3.12/site-packages/airflow/example_dags/example_skip_dag.py
[2025-09-19T07:13:17.231+0000] {processor.py:925} INFO - DAG(s) 'example_skip_dag' retrieved from /home/airflow/.local/lib/python3.12/site-packages/airflow/example_dags/example_skip_dag.py
[2025-09-19T07:13:17.268+0000] {logging_mixin.py:190} INFO - [2025-09-19T07:13:17.268+0000] {dag.py:3239} INFO - Sync 1 DAGs
[2025-09-19T07:13:17.311+0000] {logging_mixin.py:190} INFO - [2025-09-19T07:13:17.310+0000] {dag.py:4180} INFO - Setting next_dagrun for example_skip_dag to 2025-09-18 00:00:00+00:00, run_after=2025-09-19 00:00:00+00:00
[2025-09-19T07:13:17.342+0000] {processor.py:208} INFO - Processing /home/airflow/.local/lib/python3.12/site-packages/airflow/example_dags/example_skip_dag.py took 0.140 seconds
[2025-09-19T07:13:47.855+0000] {processor.py:186} INFO - Started process (PID=2739) to work on /home/airflow/.local/lib/python3.12/site-packages/airflow/example_dags/example_skip_dag.py
[2025-09-19T07:13:47.856+0000] {processor.py:914} INFO - Processing file /home/airflow/.local/lib/python3.12/site-packages/airflow/example_dags/example_skip_dag.py for tasks to queue
[2025-09-19T07:13:47.860+0000] {logging_mixin.py:190} INFO - [2025-09-19T07:13:47.860+0000] {dagbag.py:588} INFO - Filling up the DagBag from /home/airflow/.local/lib/python3.12/site-packages/airflow/example_dags/example_skip_dag.py
[2025-09-19T07:13:47.873+0000] {processor.py:925} INFO - DAG(s) 'example_skip_dag' retrieved from /home/airflow/.local/lib/python3.12/site-packages/airflow/example_dags/example_skip_dag.py
[2025-09-19T07:13:47.911+0000] {logging_mixin.py:190} INFO - [2025-09-19T07:13:47.911+0000] {dag.py:3239} INFO - Sync 1 DAGs
[2025-09-19T07:13:47.953+0000] {logging_mixin.py:190} INFO - [2025-09-19T07:13:47.953+0000] {dag.py:4180} INFO - Setting next_dagrun for example_skip_dag to 2025-09-18 00:00:00+00:00, run_after=2025-09-19 00:00:00+00:00
[2025-09-19T07:13:47.984+0000] {processor.py:208} INFO - Processing /home/airflow/.local/lib/python3.12/site-packages/airflow/example_dags/example_skip_dag.py took 0.139 seconds
[2025-09-19T07:14:18.764+0000] {processor.py:186} INFO - Started process (PID=2801) to work on /home/airflow/.local/lib/python3.12/site-packages/airflow/example_dags/example_skip_dag.py
[2025-09-19T07:14:18.766+0000] {processor.py:914} INFO - Processing file /home/airflow/.local/lib/python3.12/site-packages/airflow/example_dags/example_skip_dag.py for tasks to queue
[2025-09-19T07:14:18.770+0000] {logging_mixin.py:190} INFO - [2025-09-19T07:14:18.769+0000] {dagbag.py:588} INFO - Filling up the DagBag from /home/airflow/.local/lib/python3.12/site-packages/airflow/example_dags/example_skip_dag.py
[2025-09-19T07:14:18.783+0000] {processor.py:925} INFO - DAG(s) 'example_skip_dag' retrieved from /home/airflow/.local/lib/python3.12/site-packages/airflow/example_dags/example_skip_dag.py
[2025-09-19T07:14:18.821+0000] {logging_mixin.py:190} INFO - [2025-09-19T07:14:18.820+0000] {dag.py:3239} INFO - Sync 1 DAGs
[2025-09-19T07:14:18.862+0000] {logging_mixin.py:190} INFO - [2025-09-19T07:14:18.862+0000] {dag.py:4180} INFO - Setting next_dagrun for example_skip_dag to 2025-09-18 00:00:00+00:00, run_after=2025-09-19 00:00:00+00:00
[2025-09-19T07:14:18.893+0000] {processor.py:208} INFO - Processing /home/airflow/.local/lib/python3.12/site-packages/airflow/example_dags/example_skip_dag.py took 0.139 seconds
[2025-09-19T07:14:49.055+0000] {processor.py:186} INFO - Started process (PID=2869) to work on /home/airflow/.local/lib/python3.12/site-packages/airflow/example_dags/example_skip_dag.py
[2025-09-19T07:14:49.056+0000] {processor.py:914} INFO - Processing file /home/airflow/.local/lib/python3.12/site-packages/airflow/example_dags/example_skip_dag.py for tasks to queue
[2025-09-19T07:14:49.059+0000] {logging_mixin.py:190} INFO - [2025-09-19T07:14:49.059+0000] {dagbag.py:588} INFO - Filling up the DagBag from /home/airflow/.local/lib/python3.12/site-packages/airflow/example_dags/example_skip_dag.py
[2025-09-19T07:14:49.073+0000] {processor.py:925} INFO - DAG(s) 'example_skip_dag' retrieved from /home/airflow/.local/lib/python3.12/site-packages/airflow/example_dags/example_skip_dag.py
[2025-09-19T07:14:49.108+0000] {logging_mixin.py:190} INFO - [2025-09-19T07:14:49.107+0000] {dag.py:3239} INFO - Sync 1 DAGs
[2025-09-19T07:14:49.148+0000] {logging_mixin.py:190} INFO - [2025-09-19T07:14:49.148+0000] {dag.py:4180} INFO - Setting next_dagrun for example_skip_dag to 2025-09-18 00:00:00+00:00, run_after=2025-09-19 00:00:00+00:00
[2025-09-19T07:14:49.179+0000] {processor.py:208} INFO - Processing /home/airflow/.local/lib/python3.12/site-packages/airflow/example_dags/example_skip_dag.py took 0.134 seconds
[2025-09-19T07:15:20.186+0000] {processor.py:186} INFO - Started process (PID=2931) to work on /home/airflow/.local/lib/python3.12/site-packages/airflow/example_dags/example_skip_dag.py
[2025-09-19T07:15:20.187+0000] {processor.py:914} INFO - Processing file /home/airflow/.local/lib/python3.12/site-packages/airflow/example_dags/example_skip_dag.py for tasks to queue
[2025-09-19T07:15:20.191+0000] {logging_mixin.py:190} INFO - [2025-09-19T07:15:20.191+0000] {dagbag.py:588} INFO - Filling up the DagBag from /home/airflow/.local/lib/python3.12/site-packages/airflow/example_dags/example_skip_dag.py
[2025-09-19T07:15:20.203+0000] {processor.py:925} INFO - DAG(s) 'example_skip_dag' retrieved from /home/airflow/.local/lib/python3.12/site-packages/airflow/example_dags/example_skip_dag.py
[2025-09-19T07:15:20.240+0000] {logging_mixin.py:190} INFO - [2025-09-19T07:15:20.240+0000] {dag.py:3239} INFO - Sync 1 DAGs
[2025-09-19T07:15:20.282+0000] {logging_mixin.py:190} INFO - [2025-09-19T07:15:20.282+0000] {dag.py:4180} INFO - Setting next_dagrun for example_skip_dag to 2025-09-18 00:00:00+00:00, run_after=2025-09-19 00:00:00+00:00
[2025-09-19T07:15:20.314+0000] {processor.py:208} INFO - Processing /home/airflow/.local/lib/python3.12/site-packages/airflow/example_dags/example_skip_dag.py took 0.137 seconds
[2025-09-19T07:15:50.943+0000] {processor.py:186} INFO - Started process (PID=2993) to work on /home/airflow/.local/lib/python3.12/site-packages/airflow/example_dags/example_skip_dag.py
[2025-09-19T07:15:50.945+0000] {processor.py:914} INFO - Processing file /home/airflow/.local/lib/python3.12/site-packages/airflow/example_dags/example_skip_dag.py for tasks to queue
[2025-09-19T07:15:50.949+0000] {logging_mixin.py:190} INFO - [2025-09-19T07:15:50.949+0000] {dagbag.py:588} INFO - Filling up the DagBag from /home/airflow/.local/lib/python3.12/site-packages/airflow/example_dags/example_skip_dag.py
[2025-09-19T07:15:50.965+0000] {processor.py:925} INFO - DAG(s) 'example_skip_dag' retrieved from /home/airflow/.local/lib/python3.12/site-packages/airflow/example_dags/example_skip_dag.py
[2025-09-19T07:15:51.004+0000] {logging_mixin.py:190} INFO - [2025-09-19T07:15:51.004+0000] {dag.py:3239} INFO - Sync 1 DAGs
[2025-09-19T07:15:51.048+0000] {logging_mixin.py:190} INFO - [2025-09-19T07:15:51.048+0000] {dag.py:4180} INFO - Setting next_dagrun for example_skip_dag to 2025-09-18 00:00:00+00:00, run_after=2025-09-19 00:00:00+00:00
[2025-09-19T07:15:51.082+0000] {processor.py:208} INFO - Processing /home/airflow/.local/lib/python3.12/site-packages/airflow/example_dags/example_skip_dag.py took 0.151 seconds
[2025-09-19T07:16:21.514+0000] {processor.py:186} INFO - Started process (PID=3055) to work on /home/airflow/.local/lib/python3.12/site-packages/airflow/example_dags/example_skip_dag.py
[2025-09-19T07:16:21.515+0000] {processor.py:914} INFO - Processing file /home/airflow/.local/lib/python3.12/site-packages/airflow/example_dags/example_skip_dag.py for tasks to queue
[2025-09-19T07:16:21.519+0000] {logging_mixin.py:190} INFO - [2025-09-19T07:16:21.518+0000] {dagbag.py:588} INFO - Filling up the DagBag from /home/airflow/.local/lib/python3.12/site-packages/airflow/example_dags/example_skip_dag.py
[2025-09-19T07:16:21.532+0000] {processor.py:925} INFO - DAG(s) 'example_skip_dag' retrieved from /home/airflow/.local/lib/python3.12/site-packages/airflow/example_dags/example_skip_dag.py
[2025-09-19T07:16:21.572+0000] {logging_mixin.py:190} INFO - [2025-09-19T07:16:21.571+0000] {dag.py:3239} INFO - Sync 1 DAGs
[2025-09-19T07:16:21.619+0000] {logging_mixin.py:190} INFO - [2025-09-19T07:16:21.618+0000] {dag.py:4180} INFO - Setting next_dagrun for example_skip_dag to 2025-09-18 00:00:00+00:00, run_after=2025-09-19 00:00:00+00:00
[2025-09-19T07:16:21.654+0000] {processor.py:208} INFO - Processing /home/airflow/.local/lib/python3.12/site-packages/airflow/example_dags/example_skip_dag.py took 0.150 seconds
[2025-09-19T07:16:52.057+0000] {processor.py:186} INFO - Started process (PID=3117) to work on /home/airflow/.local/lib/python3.12/site-packages/airflow/example_dags/example_skip_dag.py
[2025-09-19T07:16:52.059+0000] {processor.py:914} INFO - Processing file /home/airflow/.local/lib/python3.12/site-packages/airflow/example_dags/example_skip_dag.py for tasks to queue
[2025-09-19T07:16:52.063+0000] {logging_mixin.py:190} INFO - [2025-09-19T07:16:52.062+0000] {dagbag.py:588} INFO - Filling up the DagBag from /home/airflow/.local/lib/python3.12/site-packages/airflow/example_dags/example_skip_dag.py
[2025-09-19T07:16:52.076+0000] {processor.py:925} INFO - DAG(s) 'example_skip_dag' retrieved from /home/airflow/.local/lib/python3.12/site-packages/airflow/example_dags/example_skip_dag.py
[2025-09-19T07:16:52.114+0000] {logging_mixin.py:190} INFO - [2025-09-19T07:16:52.113+0000] {dag.py:3239} INFO - Sync 1 DAGs
[2025-09-19T07:16:52.155+0000] {logging_mixin.py:190} INFO - [2025-09-19T07:16:52.155+0000] {dag.py:4180} INFO - Setting next_dagrun for example_skip_dag to 2025-09-18 00:00:00+00:00, run_after=2025-09-19 00:00:00+00:00
[2025-09-19T07:16:52.188+0000] {processor.py:208} INFO - Processing /home/airflow/.local/lib/python3.12/site-packages/airflow/example_dags/example_skip_dag.py took 0.140 seconds
[2025-09-19T07:17:22.844+0000] {processor.py:186} INFO - Started process (PID=3179) to work on /home/airflow/.local/lib/python3.12/site-packages/airflow/example_dags/example_skip_dag.py
[2025-09-19T07:17:22.846+0000] {processor.py:914} INFO - Processing file /home/airflow/.local/lib/python3.12/site-packages/airflow/example_dags/example_skip_dag.py for tasks to queue
[2025-09-19T07:17:22.850+0000] {logging_mixin.py:190} INFO - [2025-09-19T07:17:22.849+0000] {dagbag.py:588} INFO - Filling up the DagBag from /home/airflow/.local/lib/python3.12/site-packages/airflow/example_dags/example_skip_dag.py
[2025-09-19T07:17:22.863+0000] {processor.py:925} INFO - DAG(s) 'example_skip_dag' retrieved from /home/airflow/.local/lib/python3.12/site-packages/airflow/example_dags/example_skip_dag.py
[2025-09-19T07:17:22.901+0000] {logging_mixin.py:190} INFO - [2025-09-19T07:17:22.901+0000] {dag.py:3239} INFO - Sync 1 DAGs
[2025-09-19T07:17:22.944+0000] {logging_mixin.py:190} INFO - [2025-09-19T07:17:22.944+0000] {dag.py:4180} INFO - Setting next_dagrun for example_skip_dag to 2025-09-18 00:00:00+00:00, run_after=2025-09-19 00:00:00+00:00
[2025-09-19T07:17:22.976+0000] {processor.py:208} INFO - Processing /home/airflow/.local/lib/python3.12/site-packages/airflow/example_dags/example_skip_dag.py took 0.141 seconds
[2025-09-19T07:17:53.947+0000] {processor.py:186} INFO - Started process (PID=3241) to work on /home/airflow/.local/lib/python3.12/site-packages/airflow/example_dags/example_skip_dag.py
[2025-09-19T07:17:53.949+0000] {processor.py:914} INFO - Processing file /home/airflow/.local/lib/python3.12/site-packages/airflow/example_dags/example_skip_dag.py for tasks to queue
[2025-09-19T07:17:53.953+0000] {logging_mixin.py:190} INFO - [2025-09-19T07:17:53.952+0000] {dagbag.py:588} INFO - Filling up the DagBag from /home/airflow/.local/lib/python3.12/site-packages/airflow/example_dags/example_skip_dag.py
[2025-09-19T07:17:53.966+0000] {processor.py:925} INFO - DAG(s) 'example_skip_dag' retrieved from /home/airflow/.local/lib/python3.12/site-packages/airflow/example_dags/example_skip_dag.py
[2025-09-19T07:17:54.003+0000] {logging_mixin.py:190} INFO - [2025-09-19T07:17:54.003+0000] {dag.py:3239} INFO - Sync 1 DAGs
[2025-09-19T07:17:54.047+0000] {logging_mixin.py:190} INFO - [2025-09-19T07:17:54.046+0000] {dag.py:4180} INFO - Setting next_dagrun for example_skip_dag to 2025-09-18 00:00:00+00:00, run_after=2025-09-19 00:00:00+00:00
[2025-09-19T07:17:54.078+0000] {processor.py:208} INFO - Processing /home/airflow/.local/lib/python3.12/site-packages/airflow/example_dags/example_skip_dag.py took 0.141 seconds
[2025-09-19T07:18:24.297+0000] {processor.py:186} INFO - Started process (PID=3306) to work on /home/airflow/.local/lib/python3.12/site-packages/airflow/example_dags/example_skip_dag.py
[2025-09-19T07:18:24.299+0000] {processor.py:914} INFO - Processing file /home/airflow/.local/lib/python3.12/site-packages/airflow/example_dags/example_skip_dag.py for tasks to queue
[2025-09-19T07:18:24.303+0000] {logging_mixin.py:190} INFO - [2025-09-19T07:18:24.302+0000] {dagbag.py:588} INFO - Filling up the DagBag from /home/airflow/.local/lib/python3.12/site-packages/airflow/example_dags/example_skip_dag.py
[2025-09-19T07:18:24.317+0000] {processor.py:925} INFO - DAG(s) 'example_skip_dag' retrieved from /home/airflow/.local/lib/python3.12/site-packages/airflow/example_dags/example_skip_dag.py
[2025-09-19T07:18:24.359+0000] {logging_mixin.py:190} INFO - [2025-09-19T07:18:24.359+0000] {dag.py:3239} INFO - Sync 1 DAGs
[2025-09-19T07:18:24.407+0000] {logging_mixin.py:190} INFO - [2025-09-19T07:18:24.406+0000] {dag.py:4180} INFO - Setting next_dagrun for example_skip_dag to 2025-09-18 00:00:00+00:00, run_after=2025-09-19 00:00:00+00:00
[2025-09-19T07:18:24.445+0000] {processor.py:208} INFO - Processing /home/airflow/.local/lib/python3.12/site-packages/airflow/example_dags/example_skip_dag.py took 0.159 seconds
[2025-09-19T07:18:55.075+0000] {processor.py:186} INFO - Started process (PID=3368) to work on /home/airflow/.local/lib/python3.12/site-packages/airflow/example_dags/example_skip_dag.py
[2025-09-19T07:18:55.076+0000] {processor.py:914} INFO - Processing file /home/airflow/.local/lib/python3.12/site-packages/airflow/example_dags/example_skip_dag.py for tasks to queue
[2025-09-19T07:18:55.080+0000] {logging_mixin.py:190} INFO - [2025-09-19T07:18:55.079+0000] {dagbag.py:588} INFO - Filling up the DagBag from /home/airflow/.local/lib/python3.12/site-packages/airflow/example_dags/example_skip_dag.py
[2025-09-19T07:18:55.093+0000] {processor.py:925} INFO - DAG(s) 'example_skip_dag' retrieved from /home/airflow/.local/lib/python3.12/site-packages/airflow/example_dags/example_skip_dag.py
[2025-09-19T07:18:55.129+0000] {logging_mixin.py:190} INFO - [2025-09-19T07:18:55.128+0000] {dag.py:3239} INFO - Sync 1 DAGs
[2025-09-19T07:18:55.170+0000] {logging_mixin.py:190} INFO - [2025-09-19T07:18:55.170+0000] {dag.py:4180} INFO - Setting next_dagrun for example_skip_dag to 2025-09-18 00:00:00+00:00, run_after=2025-09-19 00:00:00+00:00
[2025-09-19T07:18:55.203+0000] {processor.py:208} INFO - Processing /home/airflow/.local/lib/python3.12/site-packages/airflow/example_dags/example_skip_dag.py took 0.138 seconds
[2025-09-19T07:19:26.452+0000] {processor.py:186} INFO - Started process (PID=3436) to work on /home/airflow/.local/lib/python3.12/site-packages/airflow/example_dags/example_skip_dag.py
[2025-09-19T07:19:26.453+0000] {processor.py:914} INFO - Processing file /home/airflow/.local/lib/python3.12/site-packages/airflow/example_dags/example_skip_dag.py for tasks to queue
[2025-09-19T07:19:26.457+0000] {logging_mixin.py:190} INFO - [2025-09-19T07:19:26.456+0000] {dagbag.py:588} INFO - Filling up the DagBag from /home/airflow/.local/lib/python3.12/site-packages/airflow/example_dags/example_skip_dag.py
[2025-09-19T07:19:26.469+0000] {processor.py:925} INFO - DAG(s) 'example_skip_dag' retrieved from /home/airflow/.local/lib/python3.12/site-packages/airflow/example_dags/example_skip_dag.py
[2025-09-19T07:19:26.507+0000] {logging_mixin.py:190} INFO - [2025-09-19T07:19:26.506+0000] {dag.py:3239} INFO - Sync 1 DAGs
[2025-09-19T07:19:26.551+0000] {logging_mixin.py:190} INFO - [2025-09-19T07:19:26.550+0000] {dag.py:4180} INFO - Setting next_dagrun for example_skip_dag to 2025-09-18 00:00:00+00:00, run_after=2025-09-19 00:00:00+00:00
[2025-09-19T07:19:26.583+0000] {processor.py:208} INFO - Processing /home/airflow/.local/lib/python3.12/site-packages/airflow/example_dags/example_skip_dag.py took 0.141 seconds
[2025-09-19T07:19:57.111+0000] {processor.py:186} INFO - Started process (PID=3498) to work on /home/airflow/.local/lib/python3.12/site-packages/airflow/example_dags/example_skip_dag.py
[2025-09-19T07:19:57.112+0000] {processor.py:914} INFO - Processing file /home/airflow/.local/lib/python3.12/site-packages/airflow/example_dags/example_skip_dag.py for tasks to queue
[2025-09-19T07:19:57.116+0000] {logging_mixin.py:190} INFO - [2025-09-19T07:19:57.115+0000] {dagbag.py:588} INFO - Filling up the DagBag from /home/airflow/.local/lib/python3.12/site-packages/airflow/example_dags/example_skip_dag.py
[2025-09-19T07:19:57.128+0000] {processor.py:925} INFO - DAG(s) 'example_skip_dag' retrieved from /home/airflow/.local/lib/python3.12/site-packages/airflow/example_dags/example_skip_dag.py
[2025-09-19T07:19:57.166+0000] {logging_mixin.py:190} INFO - [2025-09-19T07:19:57.165+0000] {dag.py:3239} INFO - Sync 1 DAGs
[2025-09-19T07:19:57.207+0000] {logging_mixin.py:190} INFO - [2025-09-19T07:19:57.207+0000] {dag.py:4180} INFO - Setting next_dagrun for example_skip_dag to 2025-09-18 00:00:00+00:00, run_after=2025-09-19 00:00:00+00:00
[2025-09-19T07:19:57.239+0000] {processor.py:208} INFO - Processing /home/airflow/.local/lib/python3.12/site-packages/airflow/example_dags/example_skip_dag.py took 0.140 seconds
[2025-09-19T07:20:28.209+0000] {processor.py:186} INFO - Started process (PID=3560) to work on /home/airflow/.local/lib/python3.12/site-packages/airflow/example_dags/example_skip_dag.py
[2025-09-19T07:20:28.211+0000] {processor.py:914} INFO - Processing file /home/airflow/.local/lib/python3.12/site-packages/airflow/example_dags/example_skip_dag.py for tasks to queue
[2025-09-19T07:20:28.215+0000] {logging_mixin.py:190} INFO - [2025-09-19T07:20:28.214+0000] {dagbag.py:588} INFO - Filling up the DagBag from /home/airflow/.local/lib/python3.12/site-packages/airflow/example_dags/example_skip_dag.py
[2025-09-19T07:20:28.229+0000] {processor.py:925} INFO - DAG(s) 'example_skip_dag' retrieved from /home/airflow/.local/lib/python3.12/site-packages/airflow/example_dags/example_skip_dag.py
[2025-09-19T07:20:28.267+0000] {logging_mixin.py:190} INFO - [2025-09-19T07:20:28.266+0000] {dag.py:3239} INFO - Sync 1 DAGs
[2025-09-19T07:20:28.553+0000] {logging_mixin.py:190} INFO - [2025-09-19T07:20:28.553+0000] {dag.py:4180} INFO - Setting next_dagrun for example_skip_dag to 2025-09-18 00:00:00+00:00, run_after=2025-09-19 00:00:00+00:00
[2025-09-19T07:20:28.584+0000] {processor.py:208} INFO - Processing /home/airflow/.local/lib/python3.12/site-packages/airflow/example_dags/example_skip_dag.py took 0.384 seconds
[2025-09-19T07:20:58.995+0000] {processor.py:186} INFO - Started process (PID=3622) to work on /home/airflow/.local/lib/python3.12/site-packages/airflow/example_dags/example_skip_dag.py
[2025-09-19T07:20:58.997+0000] {processor.py:914} INFO - Processing file /home/airflow/.local/lib/python3.12/site-packages/airflow/example_dags/example_skip_dag.py for tasks to queue
[2025-09-19T07:20:59.001+0000] {logging_mixin.py:190} INFO - [2025-09-19T07:20:59.000+0000] {dagbag.py:588} INFO - Filling up the DagBag from /home/airflow/.local/lib/python3.12/site-packages/airflow/example_dags/example_skip_dag.py
[2025-09-19T07:20:59.014+0000] {processor.py:925} INFO - DAG(s) 'example_skip_dag' retrieved from /home/airflow/.local/lib/python3.12/site-packages/airflow/example_dags/example_skip_dag.py
[2025-09-19T07:20:59.049+0000] {logging_mixin.py:190} INFO - [2025-09-19T07:20:59.049+0000] {dag.py:3239} INFO - Sync 1 DAGs
[2025-09-19T07:20:59.091+0000] {logging_mixin.py:190} INFO - [2025-09-19T07:20:59.091+0000] {dag.py:4180} INFO - Setting next_dagrun for example_skip_dag to 2025-09-18 00:00:00+00:00, run_after=2025-09-19 00:00:00+00:00
[2025-09-19T07:20:59.124+0000] {processor.py:208} INFO - Processing /home/airflow/.local/lib/python3.12/site-packages/airflow/example_dags/example_skip_dag.py took 0.138 seconds
[2025-09-19T07:21:29.935+0000] {processor.py:186} INFO - Started process (PID=3684) to work on /home/airflow/.local/lib/python3.12/site-packages/airflow/example_dags/example_skip_dag.py
[2025-09-19T07:21:29.937+0000] {processor.py:914} INFO - Processing file /home/airflow/.local/lib/python3.12/site-packages/airflow/example_dags/example_skip_dag.py for tasks to queue
[2025-09-19T07:21:29.941+0000] {logging_mixin.py:190} INFO - [2025-09-19T07:21:29.941+0000] {dagbag.py:588} INFO - Filling up the DagBag from /home/airflow/.local/lib/python3.12/site-packages/airflow/example_dags/example_skip_dag.py
[2025-09-19T07:21:29.954+0000] {processor.py:925} INFO - DAG(s) 'example_skip_dag' retrieved from /home/airflow/.local/lib/python3.12/site-packages/airflow/example_dags/example_skip_dag.py
[2025-09-19T07:21:29.992+0000] {logging_mixin.py:190} INFO - [2025-09-19T07:21:29.991+0000] {dag.py:3239} INFO - Sync 1 DAGs
[2025-09-19T07:21:30.033+0000] {logging_mixin.py:190} INFO - [2025-09-19T07:21:30.033+0000] {dag.py:4180} INFO - Setting next_dagrun for example_skip_dag to 2025-09-18 00:00:00+00:00, run_after=2025-09-19 00:00:00+00:00
[2025-09-19T07:21:30.065+0000] {processor.py:208} INFO - Processing /home/airflow/.local/lib/python3.12/site-packages/airflow/example_dags/example_skip_dag.py took 0.142 seconds
[2025-09-19T07:22:01.091+0000] {processor.py:186} INFO - Started process (PID=3746) to work on /home/airflow/.local/lib/python3.12/site-packages/airflow/example_dags/example_skip_dag.py
[2025-09-19T07:22:01.093+0000] {processor.py:914} INFO - Processing file /home/airflow/.local/lib/python3.12/site-packages/airflow/example_dags/example_skip_dag.py for tasks to queue
[2025-09-19T07:22:01.097+0000] {logging_mixin.py:190} INFO - [2025-09-19T07:22:01.096+0000] {dagbag.py:588} INFO - Filling up the DagBag from /home/airflow/.local/lib/python3.12/site-packages/airflow/example_dags/example_skip_dag.py
[2025-09-19T07:22:01.109+0000] {processor.py:925} INFO - DAG(s) 'example_skip_dag' retrieved from /home/airflow/.local/lib/python3.12/site-packages/airflow/example_dags/example_skip_dag.py
[2025-09-19T07:22:01.150+0000] {logging_mixin.py:190} INFO - [2025-09-19T07:22:01.149+0000] {dag.py:3239} INFO - Sync 1 DAGs
[2025-09-19T07:22:01.192+0000] {logging_mixin.py:190} INFO - [2025-09-19T07:22:01.191+0000] {dag.py:4180} INFO - Setting next_dagrun for example_skip_dag to 2025-09-18 00:00:00+00:00, run_after=2025-09-19 00:00:00+00:00
[2025-09-19T07:22:01.223+0000] {processor.py:208} INFO - Processing /home/airflow/.local/lib/python3.12/site-packages/airflow/example_dags/example_skip_dag.py took 0.141 seconds
[2025-09-19T07:22:32.291+0000] {processor.py:186} INFO - Started process (PID=3808) to work on /home/airflow/.local/lib/python3.12/site-packages/airflow/example_dags/example_skip_dag.py
[2025-09-19T07:22:32.292+0000] {processor.py:914} INFO - Processing file /home/airflow/.local/lib/python3.12/site-packages/airflow/example_dags/example_skip_dag.py for tasks to queue
[2025-09-19T07:22:32.296+0000] {logging_mixin.py:190} INFO - [2025-09-19T07:22:32.296+0000] {dagbag.py:588} INFO - Filling up the DagBag from /home/airflow/.local/lib/python3.12/site-packages/airflow/example_dags/example_skip_dag.py
[2025-09-19T07:22:32.309+0000] {processor.py:925} INFO - DAG(s) 'example_skip_dag' retrieved from /home/airflow/.local/lib/python3.12/site-packages/airflow/example_dags/example_skip_dag.py
[2025-09-19T07:22:32.613+0000] {logging_mixin.py:190} INFO - [2025-09-19T07:22:32.612+0000] {dag.py:3239} INFO - Sync 1 DAGs
[2025-09-19T07:22:32.653+0000] {logging_mixin.py:190} INFO - [2025-09-19T07:22:32.652+0000] {dag.py:4180} INFO - Setting next_dagrun for example_skip_dag to 2025-09-18 00:00:00+00:00, run_after=2025-09-19 00:00:00+00:00
[2025-09-19T07:22:32.683+0000] {processor.py:208} INFO - Processing /home/airflow/.local/lib/python3.12/site-packages/airflow/example_dags/example_skip_dag.py took 0.402 seconds
[2025-09-19T07:23:03.067+0000] {processor.py:186} INFO - Started process (PID=3870) to work on /home/airflow/.local/lib/python3.12/site-packages/airflow/example_dags/example_skip_dag.py
[2025-09-19T07:23:03.069+0000] {processor.py:914} INFO - Processing file /home/airflow/.local/lib/python3.12/site-packages/airflow/example_dags/example_skip_dag.py for tasks to queue
[2025-09-19T07:23:03.073+0000] {logging_mixin.py:190} INFO - [2025-09-19T07:23:03.072+0000] {dagbag.py:588} INFO - Filling up the DagBag from /home/airflow/.local/lib/python3.12/site-packages/airflow/example_dags/example_skip_dag.py
[2025-09-19T07:23:03.086+0000] {processor.py:925} INFO - DAG(s) 'example_skip_dag' retrieved from /home/airflow/.local/lib/python3.12/site-packages/airflow/example_dags/example_skip_dag.py
[2025-09-19T07:23:03.124+0000] {logging_mixin.py:190} INFO - [2025-09-19T07:23:03.124+0000] {dag.py:3239} INFO - Sync 1 DAGs
[2025-09-19T07:23:03.420+0000] {logging_mixin.py:190} INFO - [2025-09-19T07:23:03.419+0000] {dag.py:4180} INFO - Setting next_dagrun for example_skip_dag to 2025-09-18 00:00:00+00:00, run_after=2025-09-19 00:00:00+00:00
[2025-09-19T07:23:03.449+0000] {processor.py:208} INFO - Processing /home/airflow/.local/lib/python3.12/site-packages/airflow/example_dags/example_skip_dag.py took 0.392 seconds
[2025-09-19T07:23:33.669+0000] {processor.py:186} INFO - Started process (PID=3932) to work on /home/airflow/.local/lib/python3.12/site-packages/airflow/example_dags/example_skip_dag.py
[2025-09-19T07:23:33.671+0000] {processor.py:914} INFO - Processing file /home/airflow/.local/lib/python3.12/site-packages/airflow/example_dags/example_skip_dag.py for tasks to queue
[2025-09-19T07:23:33.675+0000] {logging_mixin.py:190} INFO - [2025-09-19T07:23:33.674+0000] {dagbag.py:588} INFO - Filling up the DagBag from /home/airflow/.local/lib/python3.12/site-packages/airflow/example_dags/example_skip_dag.py
[2025-09-19T07:23:33.688+0000] {processor.py:925} INFO - DAG(s) 'example_skip_dag' retrieved from /home/airflow/.local/lib/python3.12/site-packages/airflow/example_dags/example_skip_dag.py
[2025-09-19T07:23:33.726+0000] {logging_mixin.py:190} INFO - [2025-09-19T07:23:33.725+0000] {dag.py:3239} INFO - Sync 1 DAGs
[2025-09-19T07:23:33.767+0000] {logging_mixin.py:190} INFO - [2025-09-19T07:23:33.767+0000] {dag.py:4180} INFO - Setting next_dagrun for example_skip_dag to 2025-09-18 00:00:00+00:00, run_after=2025-09-19 00:00:00+00:00
[2025-09-19T07:23:33.798+0000] {processor.py:208} INFO - Processing /home/airflow/.local/lib/python3.12/site-packages/airflow/example_dags/example_skip_dag.py took 0.140 seconds
[2025-09-19T07:24:04.188+0000] {processor.py:186} INFO - Started process (PID=4000) to work on /home/airflow/.local/lib/python3.12/site-packages/airflow/example_dags/example_skip_dag.py
[2025-09-19T07:24:04.190+0000] {processor.py:914} INFO - Processing file /home/airflow/.local/lib/python3.12/site-packages/airflow/example_dags/example_skip_dag.py for tasks to queue
[2025-09-19T07:24:04.194+0000] {logging_mixin.py:190} INFO - [2025-09-19T07:24:04.193+0000] {dagbag.py:588} INFO - Filling up the DagBag from /home/airflow/.local/lib/python3.12/site-packages/airflow/example_dags/example_skip_dag.py
[2025-09-19T07:24:04.207+0000] {processor.py:925} INFO - DAG(s) 'example_skip_dag' retrieved from /home/airflow/.local/lib/python3.12/site-packages/airflow/example_dags/example_skip_dag.py
[2025-09-19T07:24:04.243+0000] {logging_mixin.py:190} INFO - [2025-09-19T07:24:04.243+0000] {dag.py:3239} INFO - Sync 1 DAGs
[2025-09-19T07:24:04.286+0000] {logging_mixin.py:190} INFO - [2025-09-19T07:24:04.286+0000] {dag.py:4180} INFO - Setting next_dagrun for example_skip_dag to 2025-09-18 00:00:00+00:00, run_after=2025-09-19 00:00:00+00:00
[2025-09-19T07:24:04.318+0000] {processor.py:208} INFO - Processing /home/airflow/.local/lib/python3.12/site-packages/airflow/example_dags/example_skip_dag.py took 0.139 seconds
[2025-09-19T07:24:35.049+0000] {processor.py:186} INFO - Started process (PID=4060) to work on /home/airflow/.local/lib/python3.12/site-packages/airflow/example_dags/example_skip_dag.py
[2025-09-19T07:24:35.050+0000] {processor.py:914} INFO - Processing file /home/airflow/.local/lib/python3.12/site-packages/airflow/example_dags/example_skip_dag.py for tasks to queue
[2025-09-19T07:24:35.054+0000] {logging_mixin.py:190} INFO - [2025-09-19T07:24:35.054+0000] {dagbag.py:588} INFO - Filling up the DagBag from /home/airflow/.local/lib/python3.12/site-packages/airflow/example_dags/example_skip_dag.py
[2025-09-19T07:24:35.068+0000] {processor.py:925} INFO - DAG(s) 'example_skip_dag' retrieved from /home/airflow/.local/lib/python3.12/site-packages/airflow/example_dags/example_skip_dag.py
[2025-09-19T07:24:35.104+0000] {logging_mixin.py:190} INFO - [2025-09-19T07:24:35.103+0000] {dag.py:3239} INFO - Sync 1 DAGs
[2025-09-19T07:24:35.145+0000] {logging_mixin.py:190} INFO - [2025-09-19T07:24:35.145+0000] {dag.py:4180} INFO - Setting next_dagrun for example_skip_dag to 2025-09-18 00:00:00+00:00, run_after=2025-09-19 00:00:00+00:00
[2025-09-19T07:24:35.177+0000] {processor.py:208} INFO - Processing /home/airflow/.local/lib/python3.12/site-packages/airflow/example_dags/example_skip_dag.py took 0.138 seconds
[2025-09-19T07:25:05.527+0000] {processor.py:186} INFO - Started process (PID=4122) to work on /home/airflow/.local/lib/python3.12/site-packages/airflow/example_dags/example_skip_dag.py
[2025-09-19T07:25:05.529+0000] {processor.py:914} INFO - Processing file /home/airflow/.local/lib/python3.12/site-packages/airflow/example_dags/example_skip_dag.py for tasks to queue
[2025-09-19T07:25:05.533+0000] {logging_mixin.py:190} INFO - [2025-09-19T07:25:05.532+0000] {dagbag.py:588} INFO - Filling up the DagBag from /home/airflow/.local/lib/python3.12/site-packages/airflow/example_dags/example_skip_dag.py
[2025-09-19T07:25:05.546+0000] {processor.py:925} INFO - DAG(s) 'example_skip_dag' retrieved from /home/airflow/.local/lib/python3.12/site-packages/airflow/example_dags/example_skip_dag.py
[2025-09-19T07:25:05.582+0000] {logging_mixin.py:190} INFO - [2025-09-19T07:25:05.582+0000] {dag.py:3239} INFO - Sync 1 DAGs
[2025-09-19T07:25:05.625+0000] {logging_mixin.py:190} INFO - [2025-09-19T07:25:05.625+0000] {dag.py:4180} INFO - Setting next_dagrun for example_skip_dag to 2025-09-18 00:00:00+00:00, run_after=2025-09-19 00:00:00+00:00
[2025-09-19T07:25:05.659+0000] {processor.py:208} INFO - Processing /home/airflow/.local/lib/python3.12/site-packages/airflow/example_dags/example_skip_dag.py took 0.141 seconds
[2025-09-19T07:25:35.899+0000] {processor.py:186} INFO - Started process (PID=4184) to work on /home/airflow/.local/lib/python3.12/site-packages/airflow/example_dags/example_skip_dag.py
[2025-09-19T07:25:35.900+0000] {processor.py:914} INFO - Processing file /home/airflow/.local/lib/python3.12/site-packages/airflow/example_dags/example_skip_dag.py for tasks to queue
[2025-09-19T07:25:35.904+0000] {logging_mixin.py:190} INFO - [2025-09-19T07:25:35.904+0000] {dagbag.py:588} INFO - Filling up the DagBag from /home/airflow/.local/lib/python3.12/site-packages/airflow/example_dags/example_skip_dag.py
[2025-09-19T07:25:35.919+0000] {processor.py:925} INFO - DAG(s) 'example_skip_dag' retrieved from /home/airflow/.local/lib/python3.12/site-packages/airflow/example_dags/example_skip_dag.py
[2025-09-19T07:25:35.959+0000] {logging_mixin.py:190} INFO - [2025-09-19T07:25:35.958+0000] {dag.py:3239} INFO - Sync 1 DAGs
[2025-09-19T07:25:36.017+0000] {logging_mixin.py:190} INFO - [2025-09-19T07:25:36.016+0000] {dag.py:4180} INFO - Setting next_dagrun for example_skip_dag to 2025-09-18 00:00:00+00:00, run_after=2025-09-19 00:00:00+00:00
[2025-09-19T07:25:36.047+0000] {processor.py:208} INFO - Processing /home/airflow/.local/lib/python3.12/site-packages/airflow/example_dags/example_skip_dag.py took 0.159 seconds
[2025-09-19T07:26:06.123+0000] {processor.py:186} INFO - Started process (PID=4245) to work on /home/airflow/.local/lib/python3.12/site-packages/airflow/example_dags/example_skip_dag.py
[2025-09-19T07:26:06.125+0000] {processor.py:914} INFO - Processing file /home/airflow/.local/lib/python3.12/site-packages/airflow/example_dags/example_skip_dag.py for tasks to queue
[2025-09-19T07:26:06.129+0000] {logging_mixin.py:190} INFO - [2025-09-19T07:26:06.128+0000] {dagbag.py:588} INFO - Filling up the DagBag from /home/airflow/.local/lib/python3.12/site-packages/airflow/example_dags/example_skip_dag.py
[2025-09-19T07:26:06.144+0000] {processor.py:925} INFO - DAG(s) 'example_skip_dag' retrieved from /home/airflow/.local/lib/python3.12/site-packages/airflow/example_dags/example_skip_dag.py
[2025-09-19T07:26:06.188+0000] {logging_mixin.py:190} INFO - [2025-09-19T07:26:06.188+0000] {dag.py:3239} INFO - Sync 1 DAGs
[2025-09-19T07:26:06.237+0000] {logging_mixin.py:190} INFO - [2025-09-19T07:26:06.237+0000] {dag.py:4180} INFO - Setting next_dagrun for example_skip_dag to 2025-09-18 00:00:00+00:00, run_after=2025-09-19 00:00:00+00:00
[2025-09-19T07:26:06.268+0000] {processor.py:208} INFO - Processing /home/airflow/.local/lib/python3.12/site-packages/airflow/example_dags/example_skip_dag.py took 0.156 seconds
[2025-09-19T07:26:36.521+0000] {processor.py:186} INFO - Started process (PID=4307) to work on /home/airflow/.local/lib/python3.12/site-packages/airflow/example_dags/example_skip_dag.py
[2025-09-19T07:26:36.522+0000] {processor.py:914} INFO - Processing file /home/airflow/.local/lib/python3.12/site-packages/airflow/example_dags/example_skip_dag.py for tasks to queue
[2025-09-19T07:26:36.526+0000] {logging_mixin.py:190} INFO - [2025-09-19T07:26:36.525+0000] {dagbag.py:588} INFO - Filling up the DagBag from /home/airflow/.local/lib/python3.12/site-packages/airflow/example_dags/example_skip_dag.py
[2025-09-19T07:26:36.538+0000] {processor.py:925} INFO - DAG(s) 'example_skip_dag' retrieved from /home/airflow/.local/lib/python3.12/site-packages/airflow/example_dags/example_skip_dag.py
[2025-09-19T07:26:36.576+0000] {logging_mixin.py:190} INFO - [2025-09-19T07:26:36.575+0000] {dag.py:3239} INFO - Sync 1 DAGs
[2025-09-19T07:26:36.619+0000] {logging_mixin.py:190} INFO - [2025-09-19T07:26:36.618+0000] {dag.py:4180} INFO - Setting next_dagrun for example_skip_dag to 2025-09-18 00:00:00+00:00, run_after=2025-09-19 00:00:00+00:00
[2025-09-19T07:26:36.651+0000] {processor.py:208} INFO - Processing /home/airflow/.local/lib/python3.12/site-packages/airflow/example_dags/example_skip_dag.py took 0.140 seconds
[2025-09-19T07:27:06.824+0000] {processor.py:186} INFO - Started process (PID=4369) to work on /home/airflow/.local/lib/python3.12/site-packages/airflow/example_dags/example_skip_dag.py
[2025-09-19T07:27:06.825+0000] {processor.py:914} INFO - Processing file /home/airflow/.local/lib/python3.12/site-packages/airflow/example_dags/example_skip_dag.py for tasks to queue
[2025-09-19T07:27:06.829+0000] {logging_mixin.py:190} INFO - [2025-09-19T07:27:06.829+0000] {dagbag.py:588} INFO - Filling up the DagBag from /home/airflow/.local/lib/python3.12/site-packages/airflow/example_dags/example_skip_dag.py
[2025-09-19T07:27:06.842+0000] {processor.py:925} INFO - DAG(s) 'example_skip_dag' retrieved from /home/airflow/.local/lib/python3.12/site-packages/airflow/example_dags/example_skip_dag.py
[2025-09-19T07:27:06.881+0000] {logging_mixin.py:190} INFO - [2025-09-19T07:27:06.880+0000] {dag.py:3239} INFO - Sync 1 DAGs
[2025-09-19T07:27:06.922+0000] {logging_mixin.py:190} INFO - [2025-09-19T07:27:06.921+0000] {dag.py:4180} INFO - Setting next_dagrun for example_skip_dag to 2025-09-18 00:00:00+00:00, run_after=2025-09-19 00:00:00+00:00
[2025-09-19T07:27:06.953+0000] {processor.py:208} INFO - Processing /home/airflow/.local/lib/python3.12/site-packages/airflow/example_dags/example_skip_dag.py took 0.140 seconds
[2025-09-19T07:27:37.365+0000] {processor.py:186} INFO - Started process (PID=4432) to work on /home/airflow/.local/lib/python3.12/site-packages/airflow/example_dags/example_skip_dag.py
[2025-09-19T07:27:37.367+0000] {processor.py:914} INFO - Processing file /home/airflow/.local/lib/python3.12/site-packages/airflow/example_dags/example_skip_dag.py for tasks to queue
[2025-09-19T07:27:37.371+0000] {logging_mixin.py:190} INFO - [2025-09-19T07:27:37.370+0000] {dagbag.py:588} INFO - Filling up the DagBag from /home/airflow/.local/lib/python3.12/site-packages/airflow/example_dags/example_skip_dag.py
[2025-09-19T07:27:37.384+0000] {processor.py:925} INFO - DAG(s) 'example_skip_dag' retrieved from /home/airflow/.local/lib/python3.12/site-packages/airflow/example_dags/example_skip_dag.py
[2025-09-19T07:27:37.420+0000] {logging_mixin.py:190} INFO - [2025-09-19T07:27:37.419+0000] {dag.py:3239} INFO - Sync 1 DAGs
[2025-09-19T07:27:37.461+0000] {logging_mixin.py:190} INFO - [2025-09-19T07:27:37.461+0000] {dag.py:4180} INFO - Setting next_dagrun for example_skip_dag to 2025-09-18 00:00:00+00:00, run_after=2025-09-19 00:00:00+00:00
[2025-09-19T07:27:37.496+0000] {processor.py:208} INFO - Processing /home/airflow/.local/lib/python3.12/site-packages/airflow/example_dags/example_skip_dag.py took 0.141 seconds
[2025-09-19T07:28:08.265+0000] {processor.py:186} INFO - Started process (PID=4495) to work on /home/airflow/.local/lib/python3.12/site-packages/airflow/example_dags/example_skip_dag.py
[2025-09-19T07:28:08.267+0000] {processor.py:914} INFO - Processing file /home/airflow/.local/lib/python3.12/site-packages/airflow/example_dags/example_skip_dag.py for tasks to queue
[2025-09-19T07:28:08.270+0000] {logging_mixin.py:190} INFO - [2025-09-19T07:28:08.270+0000] {dagbag.py:588} INFO - Filling up the DagBag from /home/airflow/.local/lib/python3.12/site-packages/airflow/example_dags/example_skip_dag.py
[2025-09-19T07:28:08.283+0000] {processor.py:925} INFO - DAG(s) 'example_skip_dag' retrieved from /home/airflow/.local/lib/python3.12/site-packages/airflow/example_dags/example_skip_dag.py
[2025-09-19T07:28:08.321+0000] {logging_mixin.py:190} INFO - [2025-09-19T07:28:08.320+0000] {dag.py:3239} INFO - Sync 1 DAGs
[2025-09-19T07:28:08.366+0000] {logging_mixin.py:190} INFO - [2025-09-19T07:28:08.366+0000] {dag.py:4180} INFO - Setting next_dagrun for example_skip_dag to 2025-09-18 00:00:00+00:00, run_after=2025-09-19 00:00:00+00:00
[2025-09-19T07:28:08.401+0000] {processor.py:208} INFO - Processing /home/airflow/.local/lib/python3.12/site-packages/airflow/example_dags/example_skip_dag.py took 0.146 seconds
[2025-09-19T07:28:39.046+0000] {processor.py:186} INFO - Started process (PID=4557) to work on /home/airflow/.local/lib/python3.12/site-packages/airflow/example_dags/example_skip_dag.py
[2025-09-19T07:28:39.048+0000] {processor.py:914} INFO - Processing file /home/airflow/.local/lib/python3.12/site-packages/airflow/example_dags/example_skip_dag.py for tasks to queue
[2025-09-19T07:28:39.051+0000] {logging_mixin.py:190} INFO - [2025-09-19T07:28:39.051+0000] {dagbag.py:588} INFO - Filling up the DagBag from /home/airflow/.local/lib/python3.12/site-packages/airflow/example_dags/example_skip_dag.py
[2025-09-19T07:28:39.064+0000] {processor.py:925} INFO - DAG(s) 'example_skip_dag' retrieved from /home/airflow/.local/lib/python3.12/site-packages/airflow/example_dags/example_skip_dag.py
[2025-09-19T07:28:39.103+0000] {logging_mixin.py:190} INFO - [2025-09-19T07:28:39.102+0000] {dag.py:3239} INFO - Sync 1 DAGs
[2025-09-19T07:28:39.146+0000] {logging_mixin.py:190} INFO - [2025-09-19T07:28:39.146+0000] {dag.py:4180} INFO - Setting next_dagrun for example_skip_dag to 2025-09-18 00:00:00+00:00, run_after=2025-09-19 00:00:00+00:00
[2025-09-19T07:28:39.179+0000] {processor.py:208} INFO - Processing /home/airflow/.local/lib/python3.12/site-packages/airflow/example_dags/example_skip_dag.py took 0.142 seconds
[2025-09-19T07:29:09.715+0000] {processor.py:186} INFO - Started process (PID=4625) to work on /home/airflow/.local/lib/python3.12/site-packages/airflow/example_dags/example_skip_dag.py
[2025-09-19T07:29:09.717+0000] {processor.py:914} INFO - Processing file /home/airflow/.local/lib/python3.12/site-packages/airflow/example_dags/example_skip_dag.py for tasks to queue
[2025-09-19T07:29:09.721+0000] {logging_mixin.py:190} INFO - [2025-09-19T07:29:09.720+0000] {dagbag.py:588} INFO - Filling up the DagBag from /home/airflow/.local/lib/python3.12/site-packages/airflow/example_dags/example_skip_dag.py
[2025-09-19T07:29:09.733+0000] {processor.py:925} INFO - DAG(s) 'example_skip_dag' retrieved from /home/airflow/.local/lib/python3.12/site-packages/airflow/example_dags/example_skip_dag.py
[2025-09-19T07:29:09.770+0000] {logging_mixin.py:190} INFO - [2025-09-19T07:29:09.770+0000] {dag.py:3239} INFO - Sync 1 DAGs
[2025-09-19T07:29:09.813+0000] {logging_mixin.py:190} INFO - [2025-09-19T07:29:09.813+0000] {dag.py:4180} INFO - Setting next_dagrun for example_skip_dag to 2025-09-18 00:00:00+00:00, run_after=2025-09-19 00:00:00+00:00
[2025-09-19T07:29:09.847+0000] {processor.py:208} INFO - Processing /home/airflow/.local/lib/python3.12/site-packages/airflow/example_dags/example_skip_dag.py took 0.141 seconds
[2025-09-19T07:29:40.604+0000] {processor.py:186} INFO - Started process (PID=4687) to work on /home/airflow/.local/lib/python3.12/site-packages/airflow/example_dags/example_skip_dag.py
[2025-09-19T07:29:40.606+0000] {processor.py:914} INFO - Processing file /home/airflow/.local/lib/python3.12/site-packages/airflow/example_dags/example_skip_dag.py for tasks to queue
[2025-09-19T07:29:40.609+0000] {logging_mixin.py:190} INFO - [2025-09-19T07:29:40.609+0000] {dagbag.py:588} INFO - Filling up the DagBag from /home/airflow/.local/lib/python3.12/site-packages/airflow/example_dags/example_skip_dag.py
[2025-09-19T07:29:40.622+0000] {processor.py:925} INFO - DAG(s) 'example_skip_dag' retrieved from /home/airflow/.local/lib/python3.12/site-packages/airflow/example_dags/example_skip_dag.py
[2025-09-19T07:29:40.659+0000] {logging_mixin.py:190} INFO - [2025-09-19T07:29:40.659+0000] {dag.py:3239} INFO - Sync 1 DAGs
[2025-09-19T07:29:40.701+0000] {logging_mixin.py:190} INFO - [2025-09-19T07:29:40.701+0000] {dag.py:4180} INFO - Setting next_dagrun for example_skip_dag to 2025-09-18 00:00:00+00:00, run_after=2025-09-19 00:00:00+00:00
[2025-09-19T07:29:40.733+0000] {processor.py:208} INFO - Processing /home/airflow/.local/lib/python3.12/site-packages/airflow/example_dags/example_skip_dag.py took 0.138 seconds
[2025-09-19T07:30:11.303+0000] {processor.py:186} INFO - Started process (PID=4749) to work on /home/airflow/.local/lib/python3.12/site-packages/airflow/example_dags/example_skip_dag.py
[2025-09-19T07:30:11.305+0000] {processor.py:914} INFO - Processing file /home/airflow/.local/lib/python3.12/site-packages/airflow/example_dags/example_skip_dag.py for tasks to queue
[2025-09-19T07:30:11.309+0000] {logging_mixin.py:190} INFO - [2025-09-19T07:30:11.308+0000] {dagbag.py:588} INFO - Filling up the DagBag from /home/airflow/.local/lib/python3.12/site-packages/airflow/example_dags/example_skip_dag.py
[2025-09-19T07:30:11.323+0000] {processor.py:925} INFO - DAG(s) 'example_skip_dag' retrieved from /home/airflow/.local/lib/python3.12/site-packages/airflow/example_dags/example_skip_dag.py
[2025-09-19T07:30:11.364+0000] {logging_mixin.py:190} INFO - [2025-09-19T07:30:11.363+0000] {dag.py:3239} INFO - Sync 1 DAGs
[2025-09-19T07:30:11.412+0000] {logging_mixin.py:190} INFO - [2025-09-19T07:30:11.412+0000] {dag.py:4180} INFO - Setting next_dagrun for example_skip_dag to 2025-09-18 00:00:00+00:00, run_after=2025-09-19 00:00:00+00:00
[2025-09-19T07:30:11.450+0000] {processor.py:208} INFO - Processing /home/airflow/.local/lib/python3.12/site-packages/airflow/example_dags/example_skip_dag.py took 0.158 seconds
