[2025-09-19T06:52:15.056+0000] {processor.py:186} INFO - Started process (PID=127) to work on /home/airflow/.local/lib/python3.12/site-packages/airflow/example_dags/example_complex.py
[2025-09-19T06:52:15.057+0000] {processor.py:914} INFO - Processing file /home/airflow/.local/lib/python3.12/site-packages/airflow/example_dags/example_complex.py for tasks to queue
[2025-09-19T06:52:15.061+0000] {logging_mixin.py:190} INFO - [2025-09-19T06:52:15.060+0000] {dagbag.py:588} INFO - Filling up the DagBag from /home/airflow/.local/lib/python3.12/site-packages/airflow/example_dags/example_complex.py
[2025-09-19T06:52:15.080+0000] {processor.py:925} INFO - DAG(s) 'example_complex' retrieved from /home/airflow/.local/lib/python3.12/site-packages/airflow/example_dags/example_complex.py
[2025-09-19T06:52:15.136+0000] {logging_mixin.py:190} INFO - [2025-09-19T06:52:15.135+0000] {dag.py:3239} INFO - Sync 1 DAGs
[2025-09-19T06:52:15.162+0000] {logging_mixin.py:190} INFO - [2025-09-19T06:52:15.162+0000] {dag.py:4180} INFO - Setting next_dagrun for example_complex to None, run_after=None
[2025-09-19T06:52:15.193+0000] {processor.py:208} INFO - Processing /home/airflow/.local/lib/python3.12/site-packages/airflow/example_dags/example_complex.py took 0.146 seconds
[2025-09-19T06:52:46.090+0000] {processor.py:186} INFO - Started process (PID=189) to work on /home/airflow/.local/lib/python3.12/site-packages/airflow/example_dags/example_complex.py
[2025-09-19T06:52:46.092+0000] {processor.py:914} INFO - Processing file /home/airflow/.local/lib/python3.12/site-packages/airflow/example_dags/example_complex.py for tasks to queue
[2025-09-19T06:52:46.095+0000] {logging_mixin.py:190} INFO - [2025-09-19T06:52:46.094+0000] {dagbag.py:588} INFO - Filling up the DagBag from /home/airflow/.local/lib/python3.12/site-packages/airflow/example_dags/example_complex.py
[2025-09-19T06:52:46.114+0000] {processor.py:925} INFO - DAG(s) 'example_complex' retrieved from /home/airflow/.local/lib/python3.12/site-packages/airflow/example_dags/example_complex.py
[2025-09-19T06:52:46.166+0000] {logging_mixin.py:190} INFO - [2025-09-19T06:52:46.166+0000] {dag.py:3239} INFO - Sync 1 DAGs
[2025-09-19T06:52:46.192+0000] {logging_mixin.py:190} INFO - [2025-09-19T06:52:46.192+0000] {dag.py:4180} INFO - Setting next_dagrun for example_complex to None, run_after=None
[2025-09-19T06:52:46.222+0000] {processor.py:208} INFO - Processing /home/airflow/.local/lib/python3.12/site-packages/airflow/example_dags/example_complex.py took 0.140 seconds
[2025-09-19T06:53:17.313+0000] {processor.py:186} INFO - Started process (PID=251) to work on /home/airflow/.local/lib/python3.12/site-packages/airflow/example_dags/example_complex.py
[2025-09-19T06:53:17.315+0000] {processor.py:914} INFO - Processing file /home/airflow/.local/lib/python3.12/site-packages/airflow/example_dags/example_complex.py for tasks to queue
[2025-09-19T06:53:17.318+0000] {logging_mixin.py:190} INFO - [2025-09-19T06:53:17.318+0000] {dagbag.py:588} INFO - Filling up the DagBag from /home/airflow/.local/lib/python3.12/site-packages/airflow/example_dags/example_complex.py
[2025-09-19T06:53:17.339+0000] {processor.py:925} INFO - DAG(s) 'example_complex' retrieved from /home/airflow/.local/lib/python3.12/site-packages/airflow/example_dags/example_complex.py
[2025-09-19T06:53:17.398+0000] {logging_mixin.py:190} INFO - [2025-09-19T06:53:17.397+0000] {dag.py:3239} INFO - Sync 1 DAGs
[2025-09-19T06:53:17.423+0000] {logging_mixin.py:190} INFO - [2025-09-19T06:53:17.423+0000] {dag.py:4180} INFO - Setting next_dagrun for example_complex to None, run_after=None
[2025-09-19T06:53:17.456+0000] {processor.py:208} INFO - Processing /home/airflow/.local/lib/python3.12/site-packages/airflow/example_dags/example_complex.py took 0.153 seconds
[2025-09-19T06:53:48.233+0000] {processor.py:186} INFO - Started process (PID=313) to work on /home/airflow/.local/lib/python3.12/site-packages/airflow/example_dags/example_complex.py
[2025-09-19T06:53:48.234+0000] {processor.py:914} INFO - Processing file /home/airflow/.local/lib/python3.12/site-packages/airflow/example_dags/example_complex.py for tasks to queue
[2025-09-19T06:53:48.238+0000] {logging_mixin.py:190} INFO - [2025-09-19T06:53:48.237+0000] {dagbag.py:588} INFO - Filling up the DagBag from /home/airflow/.local/lib/python3.12/site-packages/airflow/example_dags/example_complex.py
[2025-09-19T06:53:48.259+0000] {processor.py:925} INFO - DAG(s) 'example_complex' retrieved from /home/airflow/.local/lib/python3.12/site-packages/airflow/example_dags/example_complex.py
[2025-09-19T06:53:48.317+0000] {logging_mixin.py:190} INFO - [2025-09-19T06:53:48.316+0000] {dag.py:3239} INFO - Sync 1 DAGs
[2025-09-19T06:53:48.343+0000] {logging_mixin.py:190} INFO - [2025-09-19T06:53:48.342+0000] {dag.py:4180} INFO - Setting next_dagrun for example_complex to None, run_after=None
[2025-09-19T06:53:48.373+0000] {processor.py:208} INFO - Processing /home/airflow/.local/lib/python3.12/site-packages/airflow/example_dags/example_complex.py took 0.150 seconds
[2025-09-19T06:54:19.383+0000] {processor.py:186} INFO - Started process (PID=376) to work on /home/airflow/.local/lib/python3.12/site-packages/airflow/example_dags/example_complex.py
[2025-09-19T06:54:19.384+0000] {processor.py:914} INFO - Processing file /home/airflow/.local/lib/python3.12/site-packages/airflow/example_dags/example_complex.py for tasks to queue
[2025-09-19T06:54:19.388+0000] {logging_mixin.py:190} INFO - [2025-09-19T06:54:19.387+0000] {dagbag.py:588} INFO - Filling up the DagBag from /home/airflow/.local/lib/python3.12/site-packages/airflow/example_dags/example_complex.py
[2025-09-19T06:54:19.409+0000] {processor.py:925} INFO - DAG(s) 'example_complex' retrieved from /home/airflow/.local/lib/python3.12/site-packages/airflow/example_dags/example_complex.py
[2025-09-19T06:54:19.469+0000] {logging_mixin.py:190} INFO - [2025-09-19T06:54:19.469+0000] {dag.py:3239} INFO - Sync 1 DAGs
[2025-09-19T06:54:19.496+0000] {logging_mixin.py:190} INFO - [2025-09-19T06:54:19.496+0000] {dag.py:4180} INFO - Setting next_dagrun for example_complex to None, run_after=None
[2025-09-19T06:54:19.527+0000] {processor.py:208} INFO - Processing /home/airflow/.local/lib/python3.12/site-packages/airflow/example_dags/example_complex.py took 0.154 seconds
[2025-09-19T06:54:49.999+0000] {processor.py:186} INFO - Started process (PID=438) to work on /home/airflow/.local/lib/python3.12/site-packages/airflow/example_dags/example_complex.py
[2025-09-19T06:54:50.000+0000] {processor.py:914} INFO - Processing file /home/airflow/.local/lib/python3.12/site-packages/airflow/example_dags/example_complex.py for tasks to queue
[2025-09-19T06:54:50.004+0000] {logging_mixin.py:190} INFO - [2025-09-19T06:54:50.004+0000] {dagbag.py:588} INFO - Filling up the DagBag from /home/airflow/.local/lib/python3.12/site-packages/airflow/example_dags/example_complex.py
[2025-09-19T06:54:50.025+0000] {processor.py:925} INFO - DAG(s) 'example_complex' retrieved from /home/airflow/.local/lib/python3.12/site-packages/airflow/example_dags/example_complex.py
[2025-09-19T06:54:50.084+0000] {logging_mixin.py:190} INFO - [2025-09-19T06:54:50.084+0000] {dag.py:3239} INFO - Sync 1 DAGs
[2025-09-19T06:54:50.110+0000] {logging_mixin.py:190} INFO - [2025-09-19T06:54:50.110+0000] {dag.py:4180} INFO - Setting next_dagrun for example_complex to None, run_after=None
[2025-09-19T06:54:50.144+0000] {processor.py:208} INFO - Processing /home/airflow/.local/lib/python3.12/site-packages/airflow/example_dags/example_complex.py took 0.155 seconds
[2025-09-19T06:55:20.851+0000] {processor.py:186} INFO - Started process (PID=506) to work on /home/airflow/.local/lib/python3.12/site-packages/airflow/example_dags/example_complex.py
[2025-09-19T06:55:20.852+0000] {processor.py:914} INFO - Processing file /home/airflow/.local/lib/python3.12/site-packages/airflow/example_dags/example_complex.py for tasks to queue
[2025-09-19T06:55:20.855+0000] {logging_mixin.py:190} INFO - [2025-09-19T06:55:20.855+0000] {dagbag.py:588} INFO - Filling up the DagBag from /home/airflow/.local/lib/python3.12/site-packages/airflow/example_dags/example_complex.py
[2025-09-19T06:55:20.877+0000] {processor.py:925} INFO - DAG(s) 'example_complex' retrieved from /home/airflow/.local/lib/python3.12/site-packages/airflow/example_dags/example_complex.py
[2025-09-19T06:55:20.935+0000] {logging_mixin.py:190} INFO - [2025-09-19T06:55:20.934+0000] {dag.py:3239} INFO - Sync 1 DAGs
[2025-09-19T06:55:20.968+0000] {logging_mixin.py:190} INFO - [2025-09-19T06:55:20.967+0000] {dag.py:4180} INFO - Setting next_dagrun for example_complex to None, run_after=None
[2025-09-19T06:55:21.002+0000] {processor.py:208} INFO - Processing /home/airflow/.local/lib/python3.12/site-packages/airflow/example_dags/example_complex.py took 0.160 seconds
[2025-09-19T06:55:52.233+0000] {processor.py:186} INFO - Started process (PID=568) to work on /home/airflow/.local/lib/python3.12/site-packages/airflow/example_dags/example_complex.py
[2025-09-19T06:55:52.236+0000] {processor.py:914} INFO - Processing file /home/airflow/.local/lib/python3.12/site-packages/airflow/example_dags/example_complex.py for tasks to queue
[2025-09-19T06:55:52.241+0000] {logging_mixin.py:190} INFO - [2025-09-19T06:55:52.240+0000] {dagbag.py:588} INFO - Filling up the DagBag from /home/airflow/.local/lib/python3.12/site-packages/airflow/example_dags/example_complex.py
[2025-09-19T06:55:52.262+0000] {processor.py:925} INFO - DAG(s) 'example_complex' retrieved from /home/airflow/.local/lib/python3.12/site-packages/airflow/example_dags/example_complex.py
[2025-09-19T06:55:52.320+0000] {logging_mixin.py:190} INFO - [2025-09-19T06:55:52.319+0000] {dag.py:3239} INFO - Sync 1 DAGs
[2025-09-19T06:55:52.346+0000] {logging_mixin.py:190} INFO - [2025-09-19T06:55:52.345+0000] {dag.py:4180} INFO - Setting next_dagrun for example_complex to None, run_after=None
[2025-09-19T06:55:52.378+0000] {processor.py:208} INFO - Processing /home/airflow/.local/lib/python3.12/site-packages/airflow/example_dags/example_complex.py took 0.156 seconds
[2025-09-19T06:56:22.842+0000] {processor.py:186} INFO - Started process (PID=630) to work on /home/airflow/.local/lib/python3.12/site-packages/airflow/example_dags/example_complex.py
[2025-09-19T06:56:22.844+0000] {processor.py:914} INFO - Processing file /home/airflow/.local/lib/python3.12/site-packages/airflow/example_dags/example_complex.py for tasks to queue
[2025-09-19T06:56:22.847+0000] {logging_mixin.py:190} INFO - [2025-09-19T06:56:22.847+0000] {dagbag.py:588} INFO - Filling up the DagBag from /home/airflow/.local/lib/python3.12/site-packages/airflow/example_dags/example_complex.py
[2025-09-19T06:56:22.869+0000] {processor.py:925} INFO - DAG(s) 'example_complex' retrieved from /home/airflow/.local/lib/python3.12/site-packages/airflow/example_dags/example_complex.py
[2025-09-19T06:56:22.926+0000] {logging_mixin.py:190} INFO - [2025-09-19T06:56:22.926+0000] {dag.py:3239} INFO - Sync 1 DAGs
[2025-09-19T06:56:22.953+0000] {logging_mixin.py:190} INFO - [2025-09-19T06:56:22.952+0000] {dag.py:4180} INFO - Setting next_dagrun for example_complex to None, run_after=None
[2025-09-19T06:56:22.983+0000] {processor.py:208} INFO - Processing /home/airflow/.local/lib/python3.12/site-packages/airflow/example_dags/example_complex.py took 0.150 seconds
[2025-09-19T06:56:53.690+0000] {processor.py:186} INFO - Started process (PID=693) to work on /home/airflow/.local/lib/python3.12/site-packages/airflow/example_dags/example_complex.py
[2025-09-19T06:56:53.692+0000] {processor.py:914} INFO - Processing file /home/airflow/.local/lib/python3.12/site-packages/airflow/example_dags/example_complex.py for tasks to queue
[2025-09-19T06:56:53.695+0000] {logging_mixin.py:190} INFO - [2025-09-19T06:56:53.695+0000] {dagbag.py:588} INFO - Filling up the DagBag from /home/airflow/.local/lib/python3.12/site-packages/airflow/example_dags/example_complex.py
[2025-09-19T06:56:53.716+0000] {processor.py:925} INFO - DAG(s) 'example_complex' retrieved from /home/airflow/.local/lib/python3.12/site-packages/airflow/example_dags/example_complex.py
[2025-09-19T06:56:53.776+0000] {logging_mixin.py:190} INFO - [2025-09-19T06:56:53.776+0000] {dag.py:3239} INFO - Sync 1 DAGs
[2025-09-19T06:56:53.806+0000] {logging_mixin.py:190} INFO - [2025-09-19T06:56:53.805+0000] {dag.py:4180} INFO - Setting next_dagrun for example_complex to None, run_after=None
[2025-09-19T06:56:53.836+0000] {processor.py:208} INFO - Processing /home/airflow/.local/lib/python3.12/site-packages/airflow/example_dags/example_complex.py took 0.155 seconds
[2025-09-19T06:57:24.532+0000] {processor.py:186} INFO - Started process (PID=755) to work on /home/airflow/.local/lib/python3.12/site-packages/airflow/example_dags/example_complex.py
[2025-09-19T06:57:24.533+0000] {processor.py:914} INFO - Processing file /home/airflow/.local/lib/python3.12/site-packages/airflow/example_dags/example_complex.py for tasks to queue
[2025-09-19T06:57:24.537+0000] {logging_mixin.py:190} INFO - [2025-09-19T06:57:24.537+0000] {dagbag.py:588} INFO - Filling up the DagBag from /home/airflow/.local/lib/python3.12/site-packages/airflow/example_dags/example_complex.py
[2025-09-19T06:57:24.561+0000] {processor.py:925} INFO - DAG(s) 'example_complex' retrieved from /home/airflow/.local/lib/python3.12/site-packages/airflow/example_dags/example_complex.py
[2025-09-19T06:57:24.629+0000] {logging_mixin.py:190} INFO - [2025-09-19T06:57:24.628+0000] {dag.py:3239} INFO - Sync 1 DAGs
[2025-09-19T06:57:24.658+0000] {logging_mixin.py:190} INFO - [2025-09-19T06:57:24.657+0000] {dag.py:4180} INFO - Setting next_dagrun for example_complex to None, run_after=None
[2025-09-19T06:57:24.694+0000] {processor.py:208} INFO - Processing /home/airflow/.local/lib/python3.12/site-packages/airflow/example_dags/example_complex.py took 0.174 seconds
[2025-09-19T06:57:55.615+0000] {processor.py:186} INFO - Started process (PID=817) to work on /home/airflow/.local/lib/python3.12/site-packages/airflow/example_dags/example_complex.py
[2025-09-19T06:57:55.616+0000] {processor.py:914} INFO - Processing file /home/airflow/.local/lib/python3.12/site-packages/airflow/example_dags/example_complex.py for tasks to queue
[2025-09-19T06:57:55.620+0000] {logging_mixin.py:190} INFO - [2025-09-19T06:57:55.619+0000] {dagbag.py:588} INFO - Filling up the DagBag from /home/airflow/.local/lib/python3.12/site-packages/airflow/example_dags/example_complex.py
[2025-09-19T06:57:55.641+0000] {processor.py:925} INFO - DAG(s) 'example_complex' retrieved from /home/airflow/.local/lib/python3.12/site-packages/airflow/example_dags/example_complex.py
[2025-09-19T06:57:55.701+0000] {logging_mixin.py:190} INFO - [2025-09-19T06:57:55.701+0000] {dag.py:3239} INFO - Sync 1 DAGs
[2025-09-19T06:57:55.729+0000] {logging_mixin.py:190} INFO - [2025-09-19T06:57:55.729+0000] {dag.py:4180} INFO - Setting next_dagrun for example_complex to None, run_after=None
[2025-09-19T06:57:55.762+0000] {processor.py:208} INFO - Processing /home/airflow/.local/lib/python3.12/site-packages/airflow/example_dags/example_complex.py took 0.156 seconds
[2025-09-19T06:58:26.234+0000] {processor.py:186} INFO - Started process (PID=879) to work on /home/airflow/.local/lib/python3.12/site-packages/airflow/example_dags/example_complex.py
[2025-09-19T06:58:26.235+0000] {processor.py:914} INFO - Processing file /home/airflow/.local/lib/python3.12/site-packages/airflow/example_dags/example_complex.py for tasks to queue
[2025-09-19T06:58:26.239+0000] {logging_mixin.py:190} INFO - [2025-09-19T06:58:26.238+0000] {dagbag.py:588} INFO - Filling up the DagBag from /home/airflow/.local/lib/python3.12/site-packages/airflow/example_dags/example_complex.py
[2025-09-19T06:58:26.260+0000] {processor.py:925} INFO - DAG(s) 'example_complex' retrieved from /home/airflow/.local/lib/python3.12/site-packages/airflow/example_dags/example_complex.py
[2025-09-19T06:58:26.319+0000] {logging_mixin.py:190} INFO - [2025-09-19T06:58:26.318+0000] {dag.py:3239} INFO - Sync 1 DAGs
[2025-09-19T06:58:26.345+0000] {logging_mixin.py:190} INFO - [2025-09-19T06:58:26.345+0000] {dag.py:4180} INFO - Setting next_dagrun for example_complex to None, run_after=None
[2025-09-19T06:58:26.379+0000] {processor.py:208} INFO - Processing /home/airflow/.local/lib/python3.12/site-packages/airflow/example_dags/example_complex.py took 0.155 seconds
[2025-09-19T06:58:57.323+0000] {processor.py:186} INFO - Started process (PID=941) to work on /home/airflow/.local/lib/python3.12/site-packages/airflow/example_dags/example_complex.py
[2025-09-19T06:58:57.324+0000] {processor.py:914} INFO - Processing file /home/airflow/.local/lib/python3.12/site-packages/airflow/example_dags/example_complex.py for tasks to queue
[2025-09-19T06:58:57.328+0000] {logging_mixin.py:190} INFO - [2025-09-19T06:58:57.327+0000] {dagbag.py:588} INFO - Filling up the DagBag from /home/airflow/.local/lib/python3.12/site-packages/airflow/example_dags/example_complex.py
[2025-09-19T06:58:57.349+0000] {processor.py:925} INFO - DAG(s) 'example_complex' retrieved from /home/airflow/.local/lib/python3.12/site-packages/airflow/example_dags/example_complex.py
[2025-09-19T06:58:57.409+0000] {logging_mixin.py:190} INFO - [2025-09-19T06:58:57.409+0000] {dag.py:3239} INFO - Sync 1 DAGs
[2025-09-19T06:58:57.438+0000] {logging_mixin.py:190} INFO - [2025-09-19T06:58:57.438+0000] {dag.py:4180} INFO - Setting next_dagrun for example_complex to None, run_after=None
[2025-09-19T06:58:57.474+0000] {processor.py:208} INFO - Processing /home/airflow/.local/lib/python3.12/site-packages/airflow/example_dags/example_complex.py took 0.161 seconds
[2025-09-19T06:59:28.208+0000] {processor.py:186} INFO - Started process (PID=1003) to work on /home/airflow/.local/lib/python3.12/site-packages/airflow/example_dags/example_complex.py
[2025-09-19T06:59:28.209+0000] {processor.py:914} INFO - Processing file /home/airflow/.local/lib/python3.12/site-packages/airflow/example_dags/example_complex.py for tasks to queue
[2025-09-19T06:59:28.213+0000] {logging_mixin.py:190} INFO - [2025-09-19T06:59:28.212+0000] {dagbag.py:588} INFO - Filling up the DagBag from /home/airflow/.local/lib/python3.12/site-packages/airflow/example_dags/example_complex.py
[2025-09-19T06:59:28.234+0000] {processor.py:925} INFO - DAG(s) 'example_complex' retrieved from /home/airflow/.local/lib/python3.12/site-packages/airflow/example_dags/example_complex.py
[2025-09-19T06:59:28.292+0000] {logging_mixin.py:190} INFO - [2025-09-19T06:59:28.291+0000] {dag.py:3239} INFO - Sync 1 DAGs
[2025-09-19T06:59:28.320+0000] {logging_mixin.py:190} INFO - [2025-09-19T06:59:28.319+0000] {dag.py:4180} INFO - Setting next_dagrun for example_complex to None, run_after=None
[2025-09-19T06:59:28.350+0000] {processor.py:208} INFO - Processing /home/airflow/.local/lib/python3.12/site-packages/airflow/example_dags/example_complex.py took 0.152 seconds
[2025-09-19T06:59:59.293+0000] {processor.py:186} INFO - Started process (PID=1071) to work on /home/airflow/.local/lib/python3.12/site-packages/airflow/example_dags/example_complex.py
[2025-09-19T06:59:59.294+0000] {processor.py:914} INFO - Processing file /home/airflow/.local/lib/python3.12/site-packages/airflow/example_dags/example_complex.py for tasks to queue
[2025-09-19T06:59:59.298+0000] {logging_mixin.py:190} INFO - [2025-09-19T06:59:59.298+0000] {dagbag.py:588} INFO - Filling up the DagBag from /home/airflow/.local/lib/python3.12/site-packages/airflow/example_dags/example_complex.py
[2025-09-19T06:59:59.319+0000] {processor.py:925} INFO - DAG(s) 'example_complex' retrieved from /home/airflow/.local/lib/python3.12/site-packages/airflow/example_dags/example_complex.py
[2025-09-19T06:59:59.380+0000] {logging_mixin.py:190} INFO - [2025-09-19T06:59:59.379+0000] {dag.py:3239} INFO - Sync 1 DAGs
[2025-09-19T06:59:59.408+0000] {logging_mixin.py:190} INFO - [2025-09-19T06:59:59.408+0000] {dag.py:4180} INFO - Setting next_dagrun for example_complex to None, run_after=None
[2025-09-19T06:59:59.443+0000] {processor.py:208} INFO - Processing /home/airflow/.local/lib/python3.12/site-packages/airflow/example_dags/example_complex.py took 0.160 seconds
[2025-09-19T07:00:30.160+0000] {processor.py:186} INFO - Started process (PID=1133) to work on /home/airflow/.local/lib/python3.12/site-packages/airflow/example_dags/example_complex.py
[2025-09-19T07:00:30.162+0000] {processor.py:914} INFO - Processing file /home/airflow/.local/lib/python3.12/site-packages/airflow/example_dags/example_complex.py for tasks to queue
[2025-09-19T07:00:30.166+0000] {logging_mixin.py:190} INFO - [2025-09-19T07:00:30.165+0000] {dagbag.py:588} INFO - Filling up the DagBag from /home/airflow/.local/lib/python3.12/site-packages/airflow/example_dags/example_complex.py
[2025-09-19T07:00:30.187+0000] {processor.py:925} INFO - DAG(s) 'example_complex' retrieved from /home/airflow/.local/lib/python3.12/site-packages/airflow/example_dags/example_complex.py
[2025-09-19T07:00:30.245+0000] {logging_mixin.py:190} INFO - [2025-09-19T07:00:30.244+0000] {dag.py:3239} INFO - Sync 1 DAGs
[2025-09-19T07:00:30.271+0000] {logging_mixin.py:190} INFO - [2025-09-19T07:00:30.270+0000] {dag.py:4180} INFO - Setting next_dagrun for example_complex to None, run_after=None
[2025-09-19T07:00:30.302+0000] {processor.py:208} INFO - Processing /home/airflow/.local/lib/python3.12/site-packages/airflow/example_dags/example_complex.py took 0.151 seconds
[2025-09-19T07:01:00.984+0000] {processor.py:186} INFO - Started process (PID=1195) to work on /home/airflow/.local/lib/python3.12/site-packages/airflow/example_dags/example_complex.py
[2025-09-19T07:01:00.986+0000] {processor.py:914} INFO - Processing file /home/airflow/.local/lib/python3.12/site-packages/airflow/example_dags/example_complex.py for tasks to queue
[2025-09-19T07:01:00.990+0000] {logging_mixin.py:190} INFO - [2025-09-19T07:01:00.989+0000] {dagbag.py:588} INFO - Filling up the DagBag from /home/airflow/.local/lib/python3.12/site-packages/airflow/example_dags/example_complex.py
[2025-09-19T07:01:01.011+0000] {processor.py:925} INFO - DAG(s) 'example_complex' retrieved from /home/airflow/.local/lib/python3.12/site-packages/airflow/example_dags/example_complex.py
[2025-09-19T07:01:01.072+0000] {logging_mixin.py:190} INFO - [2025-09-19T07:01:01.072+0000] {dag.py:3239} INFO - Sync 1 DAGs
[2025-09-19T07:01:01.103+0000] {logging_mixin.py:190} INFO - [2025-09-19T07:01:01.102+0000] {dag.py:4180} INFO - Setting next_dagrun for example_complex to None, run_after=None
[2025-09-19T07:01:01.138+0000] {processor.py:208} INFO - Processing /home/airflow/.local/lib/python3.12/site-packages/airflow/example_dags/example_complex.py took 0.163 seconds
[2025-09-19T07:01:31.673+0000] {processor.py:186} INFO - Started process (PID=1257) to work on /home/airflow/.local/lib/python3.12/site-packages/airflow/example_dags/example_complex.py
[2025-09-19T07:01:31.675+0000] {processor.py:914} INFO - Processing file /home/airflow/.local/lib/python3.12/site-packages/airflow/example_dags/example_complex.py for tasks to queue
[2025-09-19T07:01:31.679+0000] {logging_mixin.py:190} INFO - [2025-09-19T07:01:31.678+0000] {dagbag.py:588} INFO - Filling up the DagBag from /home/airflow/.local/lib/python3.12/site-packages/airflow/example_dags/example_complex.py
[2025-09-19T07:01:31.701+0000] {processor.py:925} INFO - DAG(s) 'example_complex' retrieved from /home/airflow/.local/lib/python3.12/site-packages/airflow/example_dags/example_complex.py
[2025-09-19T07:01:31.758+0000] {logging_mixin.py:190} INFO - [2025-09-19T07:01:31.757+0000] {dag.py:3239} INFO - Sync 1 DAGs
[2025-09-19T07:01:31.784+0000] {logging_mixin.py:190} INFO - [2025-09-19T07:01:31.784+0000] {dag.py:4180} INFO - Setting next_dagrun for example_complex to None, run_after=None
[2025-09-19T07:01:31.817+0000] {processor.py:208} INFO - Processing /home/airflow/.local/lib/python3.12/site-packages/airflow/example_dags/example_complex.py took 0.153 seconds
[2025-09-19T07:02:02.233+0000] {processor.py:186} INFO - Started process (PID=1319) to work on /home/airflow/.local/lib/python3.12/site-packages/airflow/example_dags/example_complex.py
[2025-09-19T07:02:02.235+0000] {processor.py:914} INFO - Processing file /home/airflow/.local/lib/python3.12/site-packages/airflow/example_dags/example_complex.py for tasks to queue
[2025-09-19T07:02:02.239+0000] {logging_mixin.py:190} INFO - [2025-09-19T07:02:02.238+0000] {dagbag.py:588} INFO - Filling up the DagBag from /home/airflow/.local/lib/python3.12/site-packages/airflow/example_dags/example_complex.py
[2025-09-19T07:02:02.260+0000] {processor.py:925} INFO - DAG(s) 'example_complex' retrieved from /home/airflow/.local/lib/python3.12/site-packages/airflow/example_dags/example_complex.py
[2025-09-19T07:02:02.317+0000] {logging_mixin.py:190} INFO - [2025-09-19T07:02:02.317+0000] {dag.py:3239} INFO - Sync 1 DAGs
[2025-09-19T07:02:02.343+0000] {logging_mixin.py:190} INFO - [2025-09-19T07:02:02.343+0000] {dag.py:4180} INFO - Setting next_dagrun for example_complex to None, run_after=None
[2025-09-19T07:02:02.375+0000] {processor.py:208} INFO - Processing /home/airflow/.local/lib/python3.12/site-packages/airflow/example_dags/example_complex.py took 0.151 seconds
[2025-09-19T07:02:32.885+0000] {processor.py:186} INFO - Started process (PID=1381) to work on /home/airflow/.local/lib/python3.12/site-packages/airflow/example_dags/example_complex.py
[2025-09-19T07:02:32.886+0000] {processor.py:914} INFO - Processing file /home/airflow/.local/lib/python3.12/site-packages/airflow/example_dags/example_complex.py for tasks to queue
[2025-09-19T07:02:32.890+0000] {logging_mixin.py:190} INFO - [2025-09-19T07:02:32.889+0000] {dagbag.py:588} INFO - Filling up the DagBag from /home/airflow/.local/lib/python3.12/site-packages/airflow/example_dags/example_complex.py
[2025-09-19T07:02:32.911+0000] {processor.py:925} INFO - DAG(s) 'example_complex' retrieved from /home/airflow/.local/lib/python3.12/site-packages/airflow/example_dags/example_complex.py
[2025-09-19T07:02:32.968+0000] {logging_mixin.py:190} INFO - [2025-09-19T07:02:32.968+0000] {dag.py:3239} INFO - Sync 1 DAGs
[2025-09-19T07:02:32.994+0000] {logging_mixin.py:190} INFO - [2025-09-19T07:02:32.994+0000] {dag.py:4180} INFO - Setting next_dagrun for example_complex to None, run_after=None
[2025-09-19T07:02:33.032+0000] {processor.py:208} INFO - Processing /home/airflow/.local/lib/python3.12/site-packages/airflow/example_dags/example_complex.py took 0.157 seconds
[2025-09-19T07:03:03.368+0000] {processor.py:186} INFO - Started process (PID=1443) to work on /home/airflow/.local/lib/python3.12/site-packages/airflow/example_dags/example_complex.py
[2025-09-19T07:03:03.369+0000] {processor.py:914} INFO - Processing file /home/airflow/.local/lib/python3.12/site-packages/airflow/example_dags/example_complex.py for tasks to queue
[2025-09-19T07:03:03.373+0000] {logging_mixin.py:190} INFO - [2025-09-19T07:03:03.372+0000] {dagbag.py:588} INFO - Filling up the DagBag from /home/airflow/.local/lib/python3.12/site-packages/airflow/example_dags/example_complex.py
[2025-09-19T07:03:03.394+0000] {processor.py:925} INFO - DAG(s) 'example_complex' retrieved from /home/airflow/.local/lib/python3.12/site-packages/airflow/example_dags/example_complex.py
[2025-09-19T07:03:03.452+0000] {logging_mixin.py:190} INFO - [2025-09-19T07:03:03.451+0000] {dag.py:3239} INFO - Sync 1 DAGs
[2025-09-19T07:03:03.477+0000] {logging_mixin.py:190} INFO - [2025-09-19T07:03:03.476+0000] {dag.py:4180} INFO - Setting next_dagrun for example_complex to None, run_after=None
[2025-09-19T07:03:03.508+0000] {processor.py:208} INFO - Processing /home/airflow/.local/lib/python3.12/site-packages/airflow/example_dags/example_complex.py took 0.150 seconds
[2025-09-19T07:03:34.065+0000] {processor.py:186} INFO - Started process (PID=1505) to work on /home/airflow/.local/lib/python3.12/site-packages/airflow/example_dags/example_complex.py
[2025-09-19T07:03:34.067+0000] {processor.py:914} INFO - Processing file /home/airflow/.local/lib/python3.12/site-packages/airflow/example_dags/example_complex.py for tasks to queue
[2025-09-19T07:03:34.070+0000] {logging_mixin.py:190} INFO - [2025-09-19T07:03:34.070+0000] {dagbag.py:588} INFO - Filling up the DagBag from /home/airflow/.local/lib/python3.12/site-packages/airflow/example_dags/example_complex.py
[2025-09-19T07:03:34.091+0000] {processor.py:925} INFO - DAG(s) 'example_complex' retrieved from /home/airflow/.local/lib/python3.12/site-packages/airflow/example_dags/example_complex.py
[2025-09-19T07:03:34.151+0000] {logging_mixin.py:190} INFO - [2025-09-19T07:03:34.151+0000] {dag.py:3239} INFO - Sync 1 DAGs
[2025-09-19T07:03:34.178+0000] {logging_mixin.py:190} INFO - [2025-09-19T07:03:34.177+0000] {dag.py:4180} INFO - Setting next_dagrun for example_complex to None, run_after=None
[2025-09-19T07:03:34.208+0000] {processor.py:208} INFO - Processing /home/airflow/.local/lib/python3.12/site-packages/airflow/example_dags/example_complex.py took 0.152 seconds
[2025-09-19T07:04:04.592+0000] {processor.py:186} INFO - Started process (PID=1566) to work on /home/airflow/.local/lib/python3.12/site-packages/airflow/example_dags/example_complex.py
[2025-09-19T07:04:04.593+0000] {processor.py:914} INFO - Processing file /home/airflow/.local/lib/python3.12/site-packages/airflow/example_dags/example_complex.py for tasks to queue
[2025-09-19T07:04:04.598+0000] {logging_mixin.py:190} INFO - [2025-09-19T07:04:04.597+0000] {dagbag.py:588} INFO - Filling up the DagBag from /home/airflow/.local/lib/python3.12/site-packages/airflow/example_dags/example_complex.py
[2025-09-19T07:04:04.619+0000] {processor.py:925} INFO - DAG(s) 'example_complex' retrieved from /home/airflow/.local/lib/python3.12/site-packages/airflow/example_dags/example_complex.py
[2025-09-19T07:04:04.679+0000] {logging_mixin.py:190} INFO - [2025-09-19T07:04:04.679+0000] {dag.py:3239} INFO - Sync 1 DAGs
[2025-09-19T07:04:04.707+0000] {logging_mixin.py:190} INFO - [2025-09-19T07:04:04.706+0000] {dag.py:4180} INFO - Setting next_dagrun for example_complex to None, run_after=None
[2025-09-19T07:04:04.738+0000] {processor.py:208} INFO - Processing /home/airflow/.local/lib/python3.12/site-packages/airflow/example_dags/example_complex.py took 0.156 seconds
[2025-09-19T07:04:35.109+0000] {processor.py:186} INFO - Started process (PID=1628) to work on /home/airflow/.local/lib/python3.12/site-packages/airflow/example_dags/example_complex.py
[2025-09-19T07:04:35.111+0000] {processor.py:914} INFO - Processing file /home/airflow/.local/lib/python3.12/site-packages/airflow/example_dags/example_complex.py for tasks to queue
[2025-09-19T07:04:35.115+0000] {logging_mixin.py:190} INFO - [2025-09-19T07:04:35.114+0000] {dagbag.py:588} INFO - Filling up the DagBag from /home/airflow/.local/lib/python3.12/site-packages/airflow/example_dags/example_complex.py
[2025-09-19T07:04:35.138+0000] {processor.py:925} INFO - DAG(s) 'example_complex' retrieved from /home/airflow/.local/lib/python3.12/site-packages/airflow/example_dags/example_complex.py
[2025-09-19T07:04:35.201+0000] {logging_mixin.py:190} INFO - [2025-09-19T07:04:35.200+0000] {dag.py:3239} INFO - Sync 1 DAGs
[2025-09-19T07:04:35.226+0000] {logging_mixin.py:190} INFO - [2025-09-19T07:04:35.226+0000] {dag.py:4180} INFO - Setting next_dagrun for example_complex to None, run_after=None
[2025-09-19T07:04:35.257+0000] {processor.py:208} INFO - Processing /home/airflow/.local/lib/python3.12/site-packages/airflow/example_dags/example_complex.py took 0.158 seconds
[2025-09-19T07:05:06.014+0000] {processor.py:186} INFO - Started process (PID=1696) to work on /home/airflow/.local/lib/python3.12/site-packages/airflow/example_dags/example_complex.py
[2025-09-19T07:05:06.016+0000] {processor.py:914} INFO - Processing file /home/airflow/.local/lib/python3.12/site-packages/airflow/example_dags/example_complex.py for tasks to queue
[2025-09-19T07:05:06.020+0000] {logging_mixin.py:190} INFO - [2025-09-19T07:05:06.019+0000] {dagbag.py:588} INFO - Filling up the DagBag from /home/airflow/.local/lib/python3.12/site-packages/airflow/example_dags/example_complex.py
[2025-09-19T07:05:06.042+0000] {processor.py:925} INFO - DAG(s) 'example_complex' retrieved from /home/airflow/.local/lib/python3.12/site-packages/airflow/example_dags/example_complex.py
[2025-09-19T07:05:06.104+0000] {logging_mixin.py:190} INFO - [2025-09-19T07:05:06.103+0000] {dag.py:3239} INFO - Sync 1 DAGs
[2025-09-19T07:05:06.129+0000] {logging_mixin.py:190} INFO - [2025-09-19T07:05:06.129+0000] {dag.py:4180} INFO - Setting next_dagrun for example_complex to None, run_after=None
[2025-09-19T07:05:06.161+0000] {processor.py:208} INFO - Processing /home/airflow/.local/lib/python3.12/site-packages/airflow/example_dags/example_complex.py took 0.158 seconds
[2025-09-19T07:05:36.731+0000] {processor.py:186} INFO - Started process (PID=1758) to work on /home/airflow/.local/lib/python3.12/site-packages/airflow/example_dags/example_complex.py
[2025-09-19T07:05:36.733+0000] {processor.py:914} INFO - Processing file /home/airflow/.local/lib/python3.12/site-packages/airflow/example_dags/example_complex.py for tasks to queue
[2025-09-19T07:05:36.737+0000] {logging_mixin.py:190} INFO - [2025-09-19T07:05:36.736+0000] {dagbag.py:588} INFO - Filling up the DagBag from /home/airflow/.local/lib/python3.12/site-packages/airflow/example_dags/example_complex.py
[2025-09-19T07:05:36.758+0000] {processor.py:925} INFO - DAG(s) 'example_complex' retrieved from /home/airflow/.local/lib/python3.12/site-packages/airflow/example_dags/example_complex.py
[2025-09-19T07:05:36.817+0000] {logging_mixin.py:190} INFO - [2025-09-19T07:05:36.816+0000] {dag.py:3239} INFO - Sync 1 DAGs
[2025-09-19T07:05:36.842+0000] {logging_mixin.py:190} INFO - [2025-09-19T07:05:36.842+0000] {dag.py:4180} INFO - Setting next_dagrun for example_complex to None, run_after=None
[2025-09-19T07:05:36.875+0000] {processor.py:208} INFO - Processing /home/airflow/.local/lib/python3.12/site-packages/airflow/example_dags/example_complex.py took 0.153 seconds
[2025-09-19T07:06:07.090+0000] {processor.py:186} INFO - Started process (PID=1820) to work on /home/airflow/.local/lib/python3.12/site-packages/airflow/example_dags/example_complex.py
[2025-09-19T07:06:07.091+0000] {processor.py:914} INFO - Processing file /home/airflow/.local/lib/python3.12/site-packages/airflow/example_dags/example_complex.py for tasks to queue
[2025-09-19T07:06:07.095+0000] {logging_mixin.py:190} INFO - [2025-09-19T07:06:07.095+0000] {dagbag.py:588} INFO - Filling up the DagBag from /home/airflow/.local/lib/python3.12/site-packages/airflow/example_dags/example_complex.py
[2025-09-19T07:06:07.116+0000] {processor.py:925} INFO - DAG(s) 'example_complex' retrieved from /home/airflow/.local/lib/python3.12/site-packages/airflow/example_dags/example_complex.py
[2025-09-19T07:06:07.173+0000] {logging_mixin.py:190} INFO - [2025-09-19T07:06:07.172+0000] {dag.py:3239} INFO - Sync 1 DAGs
[2025-09-19T07:06:07.199+0000] {logging_mixin.py:190} INFO - [2025-09-19T07:06:07.199+0000] {dag.py:4180} INFO - Setting next_dagrun for example_complex to None, run_after=None
[2025-09-19T07:06:07.232+0000] {processor.py:208} INFO - Processing /home/airflow/.local/lib/python3.12/site-packages/airflow/example_dags/example_complex.py took 0.153 seconds
[2025-09-19T07:06:37.388+0000] {processor.py:186} INFO - Started process (PID=1882) to work on /home/airflow/.local/lib/python3.12/site-packages/airflow/example_dags/example_complex.py
[2025-09-19T07:06:37.389+0000] {processor.py:914} INFO - Processing file /home/airflow/.local/lib/python3.12/site-packages/airflow/example_dags/example_complex.py for tasks to queue
[2025-09-19T07:06:37.393+0000] {logging_mixin.py:190} INFO - [2025-09-19T07:06:37.393+0000] {dagbag.py:588} INFO - Filling up the DagBag from /home/airflow/.local/lib/python3.12/site-packages/airflow/example_dags/example_complex.py
[2025-09-19T07:06:37.414+0000] {processor.py:925} INFO - DAG(s) 'example_complex' retrieved from /home/airflow/.local/lib/python3.12/site-packages/airflow/example_dags/example_complex.py
[2025-09-19T07:06:37.475+0000] {logging_mixin.py:190} INFO - [2025-09-19T07:06:37.475+0000] {dag.py:3239} INFO - Sync 1 DAGs
[2025-09-19T07:06:37.501+0000] {logging_mixin.py:190} INFO - [2025-09-19T07:06:37.501+0000] {dag.py:4180} INFO - Setting next_dagrun for example_complex to None, run_after=None
[2025-09-19T07:06:37.533+0000] {processor.py:208} INFO - Processing /home/airflow/.local/lib/python3.12/site-packages/airflow/example_dags/example_complex.py took 0.155 seconds
[2025-09-19T07:07:07.803+0000] {processor.py:186} INFO - Started process (PID=1943) to work on /home/airflow/.local/lib/python3.12/site-packages/airflow/example_dags/example_complex.py
[2025-09-19T07:07:07.805+0000] {processor.py:914} INFO - Processing file /home/airflow/.local/lib/python3.12/site-packages/airflow/example_dags/example_complex.py for tasks to queue
[2025-09-19T07:07:07.809+0000] {logging_mixin.py:190} INFO - [2025-09-19T07:07:07.809+0000] {dagbag.py:588} INFO - Filling up the DagBag from /home/airflow/.local/lib/python3.12/site-packages/airflow/example_dags/example_complex.py
[2025-09-19T07:07:07.832+0000] {processor.py:925} INFO - DAG(s) 'example_complex' retrieved from /home/airflow/.local/lib/python3.12/site-packages/airflow/example_dags/example_complex.py
[2025-09-19T07:07:07.894+0000] {logging_mixin.py:190} INFO - [2025-09-19T07:07:07.894+0000] {dag.py:3239} INFO - Sync 1 DAGs
[2025-09-19T07:07:07.925+0000] {logging_mixin.py:190} INFO - [2025-09-19T07:07:07.924+0000] {dag.py:4180} INFO - Setting next_dagrun for example_complex to None, run_after=None
[2025-09-19T07:07:07.960+0000] {processor.py:208} INFO - Processing /home/airflow/.local/lib/python3.12/site-packages/airflow/example_dags/example_complex.py took 0.166 seconds
[2025-09-19T07:07:38.556+0000] {processor.py:186} INFO - Started process (PID=2005) to work on /home/airflow/.local/lib/python3.12/site-packages/airflow/example_dags/example_complex.py
[2025-09-19T07:07:38.557+0000] {processor.py:914} INFO - Processing file /home/airflow/.local/lib/python3.12/site-packages/airflow/example_dags/example_complex.py for tasks to queue
[2025-09-19T07:07:38.561+0000] {logging_mixin.py:190} INFO - [2025-09-19T07:07:38.561+0000] {dagbag.py:588} INFO - Filling up the DagBag from /home/airflow/.local/lib/python3.12/site-packages/airflow/example_dags/example_complex.py
[2025-09-19T07:07:38.582+0000] {processor.py:925} INFO - DAG(s) 'example_complex' retrieved from /home/airflow/.local/lib/python3.12/site-packages/airflow/example_dags/example_complex.py
[2025-09-19T07:07:38.640+0000] {logging_mixin.py:190} INFO - [2025-09-19T07:07:38.640+0000] {dag.py:3239} INFO - Sync 1 DAGs
[2025-09-19T07:07:38.667+0000] {logging_mixin.py:190} INFO - [2025-09-19T07:07:38.667+0000] {dag.py:4180} INFO - Setting next_dagrun for example_complex to None, run_after=None
[2025-09-19T07:07:38.698+0000] {processor.py:208} INFO - Processing /home/airflow/.local/lib/python3.12/site-packages/airflow/example_dags/example_complex.py took 0.152 seconds
[2025-09-19T07:08:08.828+0000] {processor.py:186} INFO - Started process (PID=2067) to work on /home/airflow/.local/lib/python3.12/site-packages/airflow/example_dags/example_complex.py
[2025-09-19T07:08:08.830+0000] {processor.py:914} INFO - Processing file /home/airflow/.local/lib/python3.12/site-packages/airflow/example_dags/example_complex.py for tasks to queue
[2025-09-19T07:08:08.834+0000] {logging_mixin.py:190} INFO - [2025-09-19T07:08:08.833+0000] {dagbag.py:588} INFO - Filling up the DagBag from /home/airflow/.local/lib/python3.12/site-packages/airflow/example_dags/example_complex.py
[2025-09-19T07:08:08.855+0000] {processor.py:925} INFO - DAG(s) 'example_complex' retrieved from /home/airflow/.local/lib/python3.12/site-packages/airflow/example_dags/example_complex.py
[2025-09-19T07:08:08.922+0000] {logging_mixin.py:190} INFO - [2025-09-19T07:08:08.921+0000] {dag.py:3239} INFO - Sync 1 DAGs
[2025-09-19T07:08:08.949+0000] {logging_mixin.py:190} INFO - [2025-09-19T07:08:08.948+0000] {dag.py:4180} INFO - Setting next_dagrun for example_complex to None, run_after=None
[2025-09-19T07:08:08.983+0000] {processor.py:208} INFO - Processing /home/airflow/.local/lib/python3.12/site-packages/airflow/example_dags/example_complex.py took 0.166 seconds
[2025-09-19T07:08:39.507+0000] {processor.py:186} INFO - Started process (PID=2129) to work on /home/airflow/.local/lib/python3.12/site-packages/airflow/example_dags/example_complex.py
[2025-09-19T07:08:39.508+0000] {processor.py:914} INFO - Processing file /home/airflow/.local/lib/python3.12/site-packages/airflow/example_dags/example_complex.py for tasks to queue
[2025-09-19T07:08:39.512+0000] {logging_mixin.py:190} INFO - [2025-09-19T07:08:39.511+0000] {dagbag.py:588} INFO - Filling up the DagBag from /home/airflow/.local/lib/python3.12/site-packages/airflow/example_dags/example_complex.py
[2025-09-19T07:08:39.532+0000] {processor.py:925} INFO - DAG(s) 'example_complex' retrieved from /home/airflow/.local/lib/python3.12/site-packages/airflow/example_dags/example_complex.py
[2025-09-19T07:08:39.591+0000] {logging_mixin.py:190} INFO - [2025-09-19T07:08:39.591+0000] {dag.py:3239} INFO - Sync 1 DAGs
[2025-09-19T07:08:39.620+0000] {logging_mixin.py:190} INFO - [2025-09-19T07:08:39.619+0000] {dag.py:4180} INFO - Setting next_dagrun for example_complex to None, run_after=None
[2025-09-19T07:08:39.653+0000] {processor.py:208} INFO - Processing /home/airflow/.local/lib/python3.12/site-packages/airflow/example_dags/example_complex.py took 0.155 seconds
[2025-09-19T07:09:09.960+0000] {processor.py:186} INFO - Started process (PID=2191) to work on /home/airflow/.local/lib/python3.12/site-packages/airflow/example_dags/example_complex.py
[2025-09-19T07:09:09.963+0000] {processor.py:914} INFO - Processing file /home/airflow/.local/lib/python3.12/site-packages/airflow/example_dags/example_complex.py for tasks to queue
[2025-09-19T07:09:09.968+0000] {logging_mixin.py:190} INFO - [2025-09-19T07:09:09.968+0000] {dagbag.py:588} INFO - Filling up the DagBag from /home/airflow/.local/lib/python3.12/site-packages/airflow/example_dags/example_complex.py
[2025-09-19T07:09:09.994+0000] {processor.py:925} INFO - DAG(s) 'example_complex' retrieved from /home/airflow/.local/lib/python3.12/site-packages/airflow/example_dags/example_complex.py
[2025-09-19T07:09:10.056+0000] {logging_mixin.py:190} INFO - [2025-09-19T07:09:10.055+0000] {dag.py:3239} INFO - Sync 1 DAGs
[2025-09-19T07:09:10.086+0000] {logging_mixin.py:190} INFO - [2025-09-19T07:09:10.086+0000] {dag.py:4180} INFO - Setting next_dagrun for example_complex to None, run_after=None
[2025-09-19T07:09:10.123+0000] {processor.py:208} INFO - Processing /home/airflow/.local/lib/python3.12/site-packages/airflow/example_dags/example_complex.py took 0.175 seconds
[2025-09-19T07:09:41.485+0000] {processor.py:186} INFO - Started process (PID=2253) to work on /home/airflow/.local/lib/python3.12/site-packages/airflow/example_dags/example_complex.py
[2025-09-19T07:09:41.486+0000] {processor.py:914} INFO - Processing file /home/airflow/.local/lib/python3.12/site-packages/airflow/example_dags/example_complex.py for tasks to queue
[2025-09-19T07:09:41.490+0000] {logging_mixin.py:190} INFO - [2025-09-19T07:09:41.489+0000] {dagbag.py:588} INFO - Filling up the DagBag from /home/airflow/.local/lib/python3.12/site-packages/airflow/example_dags/example_complex.py
[2025-09-19T07:09:41.511+0000] {processor.py:925} INFO - DAG(s) 'example_complex' retrieved from /home/airflow/.local/lib/python3.12/site-packages/airflow/example_dags/example_complex.py
[2025-09-19T07:09:41.588+0000] {logging_mixin.py:190} INFO - [2025-09-19T07:09:41.587+0000] {dag.py:3239} INFO - Sync 1 DAGs
[2025-09-19T07:09:41.614+0000] {logging_mixin.py:190} INFO - [2025-09-19T07:09:41.614+0000] {dag.py:4180} INFO - Setting next_dagrun for example_complex to None, run_after=None
[2025-09-19T07:09:41.650+0000] {processor.py:208} INFO - Processing /home/airflow/.local/lib/python3.12/site-packages/airflow/example_dags/example_complex.py took 0.175 seconds
[2025-09-19T07:10:13.105+0000] {processor.py:186} INFO - Started process (PID=2321) to work on /home/airflow/.local/lib/python3.12/site-packages/airflow/example_dags/example_complex.py
[2025-09-19T07:10:13.107+0000] {processor.py:914} INFO - Processing file /home/airflow/.local/lib/python3.12/site-packages/airflow/example_dags/example_complex.py for tasks to queue
[2025-09-19T07:10:13.111+0000] {logging_mixin.py:190} INFO - [2025-09-19T07:10:13.110+0000] {dagbag.py:588} INFO - Filling up the DagBag from /home/airflow/.local/lib/python3.12/site-packages/airflow/example_dags/example_complex.py
[2025-09-19T07:10:13.132+0000] {processor.py:925} INFO - DAG(s) 'example_complex' retrieved from /home/airflow/.local/lib/python3.12/site-packages/airflow/example_dags/example_complex.py
[2025-09-19T07:10:13.190+0000] {logging_mixin.py:190} INFO - [2025-09-19T07:10:13.189+0000] {dag.py:3239} INFO - Sync 1 DAGs
[2025-09-19T07:10:13.216+0000] {logging_mixin.py:190} INFO - [2025-09-19T07:10:13.216+0000] {dag.py:4180} INFO - Setting next_dagrun for example_complex to None, run_after=None
[2025-09-19T07:10:13.249+0000] {processor.py:208} INFO - Processing /home/airflow/.local/lib/python3.12/site-packages/airflow/example_dags/example_complex.py took 0.153 seconds
[2025-09-19T07:10:43.488+0000] {processor.py:186} INFO - Started process (PID=2383) to work on /home/airflow/.local/lib/python3.12/site-packages/airflow/example_dags/example_complex.py
[2025-09-19T07:10:43.489+0000] {processor.py:914} INFO - Processing file /home/airflow/.local/lib/python3.12/site-packages/airflow/example_dags/example_complex.py for tasks to queue
[2025-09-19T07:10:43.493+0000] {logging_mixin.py:190} INFO - [2025-09-19T07:10:43.493+0000] {dagbag.py:588} INFO - Filling up the DagBag from /home/airflow/.local/lib/python3.12/site-packages/airflow/example_dags/example_complex.py
[2025-09-19T07:10:43.515+0000] {processor.py:925} INFO - DAG(s) 'example_complex' retrieved from /home/airflow/.local/lib/python3.12/site-packages/airflow/example_dags/example_complex.py
[2025-09-19T07:10:43.572+0000] {logging_mixin.py:190} INFO - [2025-09-19T07:10:43.571+0000] {dag.py:3239} INFO - Sync 1 DAGs
[2025-09-19T07:10:43.599+0000] {logging_mixin.py:190} INFO - [2025-09-19T07:10:43.598+0000] {dag.py:4180} INFO - Setting next_dagrun for example_complex to None, run_after=None
[2025-09-19T07:10:43.630+0000] {processor.py:208} INFO - Processing /home/airflow/.local/lib/python3.12/site-packages/airflow/example_dags/example_complex.py took 0.152 seconds
[2025-09-19T07:11:14.006+0000] {processor.py:186} INFO - Started process (PID=2445) to work on /home/airflow/.local/lib/python3.12/site-packages/airflow/example_dags/example_complex.py
[2025-09-19T07:11:14.008+0000] {processor.py:914} INFO - Processing file /home/airflow/.local/lib/python3.12/site-packages/airflow/example_dags/example_complex.py for tasks to queue
[2025-09-19T07:11:14.012+0000] {logging_mixin.py:190} INFO - [2025-09-19T07:11:14.011+0000] {dagbag.py:588} INFO - Filling up the DagBag from /home/airflow/.local/lib/python3.12/site-packages/airflow/example_dags/example_complex.py
[2025-09-19T07:11:14.032+0000] {processor.py:925} INFO - DAG(s) 'example_complex' retrieved from /home/airflow/.local/lib/python3.12/site-packages/airflow/example_dags/example_complex.py
[2025-09-19T07:11:14.091+0000] {logging_mixin.py:190} INFO - [2025-09-19T07:11:14.090+0000] {dag.py:3239} INFO - Sync 1 DAGs
[2025-09-19T07:11:14.118+0000] {logging_mixin.py:190} INFO - [2025-09-19T07:11:14.117+0000] {dag.py:4180} INFO - Setting next_dagrun for example_complex to None, run_after=None
[2025-09-19T07:11:14.153+0000] {processor.py:208} INFO - Processing /home/airflow/.local/lib/python3.12/site-packages/airflow/example_dags/example_complex.py took 0.156 seconds
[2025-09-19T07:11:45.480+0000] {processor.py:186} INFO - Started process (PID=2507) to work on /home/airflow/.local/lib/python3.12/site-packages/airflow/example_dags/example_complex.py
[2025-09-19T07:11:45.482+0000] {processor.py:914} INFO - Processing file /home/airflow/.local/lib/python3.12/site-packages/airflow/example_dags/example_complex.py for tasks to queue
[2025-09-19T07:11:45.486+0000] {logging_mixin.py:190} INFO - [2025-09-19T07:11:45.485+0000] {dagbag.py:588} INFO - Filling up the DagBag from /home/airflow/.local/lib/python3.12/site-packages/airflow/example_dags/example_complex.py
[2025-09-19T07:11:45.510+0000] {processor.py:925} INFO - DAG(s) 'example_complex' retrieved from /home/airflow/.local/lib/python3.12/site-packages/airflow/example_dags/example_complex.py
[2025-09-19T07:11:45.570+0000] {logging_mixin.py:190} INFO - [2025-09-19T07:11:45.570+0000] {dag.py:3239} INFO - Sync 1 DAGs
[2025-09-19T07:11:45.598+0000] {logging_mixin.py:190} INFO - [2025-09-19T07:11:45.597+0000] {dag.py:4180} INFO - Setting next_dagrun for example_complex to None, run_after=None
[2025-09-19T07:11:45.630+0000] {processor.py:208} INFO - Processing /home/airflow/.local/lib/python3.12/site-packages/airflow/example_dags/example_complex.py took 0.165 seconds
[2025-09-19T07:12:16.877+0000] {processor.py:186} INFO - Started process (PID=2569) to work on /home/airflow/.local/lib/python3.12/site-packages/airflow/example_dags/example_complex.py
[2025-09-19T07:12:16.879+0000] {processor.py:914} INFO - Processing file /home/airflow/.local/lib/python3.12/site-packages/airflow/example_dags/example_complex.py for tasks to queue
[2025-09-19T07:12:16.883+0000] {logging_mixin.py:190} INFO - [2025-09-19T07:12:16.883+0000] {dagbag.py:588} INFO - Filling up the DagBag from /home/airflow/.local/lib/python3.12/site-packages/airflow/example_dags/example_complex.py
[2025-09-19T07:12:16.904+0000] {processor.py:925} INFO - DAG(s) 'example_complex' retrieved from /home/airflow/.local/lib/python3.12/site-packages/airflow/example_dags/example_complex.py
[2025-09-19T07:12:16.964+0000] {logging_mixin.py:190} INFO - [2025-09-19T07:12:16.964+0000] {dag.py:3239} INFO - Sync 1 DAGs
[2025-09-19T07:12:16.992+0000] {logging_mixin.py:190} INFO - [2025-09-19T07:12:16.992+0000] {dag.py:4180} INFO - Setting next_dagrun for example_complex to None, run_after=None
[2025-09-19T07:12:17.023+0000] {processor.py:208} INFO - Processing /home/airflow/.local/lib/python3.12/site-packages/airflow/example_dags/example_complex.py took 0.155 seconds
[2025-09-19T07:12:48.485+0000] {processor.py:186} INFO - Started process (PID=2631) to work on /home/airflow/.local/lib/python3.12/site-packages/airflow/example_dags/example_complex.py
[2025-09-19T07:12:48.487+0000] {processor.py:914} INFO - Processing file /home/airflow/.local/lib/python3.12/site-packages/airflow/example_dags/example_complex.py for tasks to queue
[2025-09-19T07:12:48.491+0000] {logging_mixin.py:190} INFO - [2025-09-19T07:12:48.490+0000] {dagbag.py:588} INFO - Filling up the DagBag from /home/airflow/.local/lib/python3.12/site-packages/airflow/example_dags/example_complex.py
[2025-09-19T07:12:48.512+0000] {processor.py:925} INFO - DAG(s) 'example_complex' retrieved from /home/airflow/.local/lib/python3.12/site-packages/airflow/example_dags/example_complex.py
[2025-09-19T07:12:48.571+0000] {logging_mixin.py:190} INFO - [2025-09-19T07:12:48.571+0000] {dag.py:3239} INFO - Sync 1 DAGs
[2025-09-19T07:12:48.599+0000] {logging_mixin.py:190} INFO - [2025-09-19T07:12:48.598+0000] {dag.py:4180} INFO - Setting next_dagrun for example_complex to None, run_after=None
[2025-09-19T07:12:48.630+0000] {processor.py:208} INFO - Processing /home/airflow/.local/lib/python3.12/site-packages/airflow/example_dags/example_complex.py took 0.156 seconds
[2025-09-19T07:13:18.966+0000] {processor.py:186} INFO - Started process (PID=2693) to work on /home/airflow/.local/lib/python3.12/site-packages/airflow/example_dags/example_complex.py
[2025-09-19T07:13:18.968+0000] {processor.py:914} INFO - Processing file /home/airflow/.local/lib/python3.12/site-packages/airflow/example_dags/example_complex.py for tasks to queue
[2025-09-19T07:13:18.972+0000] {logging_mixin.py:190} INFO - [2025-09-19T07:13:18.971+0000] {dagbag.py:588} INFO - Filling up the DagBag from /home/airflow/.local/lib/python3.12/site-packages/airflow/example_dags/example_complex.py
[2025-09-19T07:13:18.993+0000] {processor.py:925} INFO - DAG(s) 'example_complex' retrieved from /home/airflow/.local/lib/python3.12/site-packages/airflow/example_dags/example_complex.py
[2025-09-19T07:13:19.051+0000] {logging_mixin.py:190} INFO - [2025-09-19T07:13:19.051+0000] {dag.py:3239} INFO - Sync 1 DAGs
[2025-09-19T07:13:19.082+0000] {logging_mixin.py:190} INFO - [2025-09-19T07:13:19.082+0000] {dag.py:4180} INFO - Setting next_dagrun for example_complex to None, run_after=None
[2025-09-19T07:13:19.113+0000] {processor.py:208} INFO - Processing /home/airflow/.local/lib/python3.12/site-packages/airflow/example_dags/example_complex.py took 0.157 seconds
[2025-09-19T07:13:49.556+0000] {processor.py:186} INFO - Started process (PID=2755) to work on /home/airflow/.local/lib/python3.12/site-packages/airflow/example_dags/example_complex.py
[2025-09-19T07:13:49.557+0000] {processor.py:914} INFO - Processing file /home/airflow/.local/lib/python3.12/site-packages/airflow/example_dags/example_complex.py for tasks to queue
[2025-09-19T07:13:49.561+0000] {logging_mixin.py:190} INFO - [2025-09-19T07:13:49.560+0000] {dagbag.py:588} INFO - Filling up the DagBag from /home/airflow/.local/lib/python3.12/site-packages/airflow/example_dags/example_complex.py
[2025-09-19T07:13:49.583+0000] {processor.py:925} INFO - DAG(s) 'example_complex' retrieved from /home/airflow/.local/lib/python3.12/site-packages/airflow/example_dags/example_complex.py
[2025-09-19T07:13:49.641+0000] {logging_mixin.py:190} INFO - [2025-09-19T07:13:49.641+0000] {dag.py:3239} INFO - Sync 1 DAGs
[2025-09-19T07:13:49.668+0000] {logging_mixin.py:190} INFO - [2025-09-19T07:13:49.667+0000] {dag.py:4180} INFO - Setting next_dagrun for example_complex to None, run_after=None
[2025-09-19T07:13:49.699+0000] {processor.py:208} INFO - Processing /home/airflow/.local/lib/python3.12/site-packages/airflow/example_dags/example_complex.py took 0.152 seconds
[2025-09-19T07:14:20.513+0000] {processor.py:186} INFO - Started process (PID=2823) to work on /home/airflow/.local/lib/python3.12/site-packages/airflow/example_dags/example_complex.py
[2025-09-19T07:14:20.515+0000] {processor.py:914} INFO - Processing file /home/airflow/.local/lib/python3.12/site-packages/airflow/example_dags/example_complex.py for tasks to queue
[2025-09-19T07:14:20.518+0000] {logging_mixin.py:190} INFO - [2025-09-19T07:14:20.518+0000] {dagbag.py:588} INFO - Filling up the DagBag from /home/airflow/.local/lib/python3.12/site-packages/airflow/example_dags/example_complex.py
[2025-09-19T07:14:20.539+0000] {processor.py:925} INFO - DAG(s) 'example_complex' retrieved from /home/airflow/.local/lib/python3.12/site-packages/airflow/example_dags/example_complex.py
[2025-09-19T07:14:20.607+0000] {logging_mixin.py:190} INFO - [2025-09-19T07:14:20.606+0000] {dag.py:3239} INFO - Sync 1 DAGs
[2025-09-19T07:14:20.633+0000] {logging_mixin.py:190} INFO - [2025-09-19T07:14:20.633+0000] {dag.py:4180} INFO - Setting next_dagrun for example_complex to None, run_after=None
[2025-09-19T07:14:20.664+0000] {processor.py:208} INFO - Processing /home/airflow/.local/lib/python3.12/site-packages/airflow/example_dags/example_complex.py took 0.160 seconds
[2025-09-19T07:14:50.836+0000] {processor.py:186} INFO - Started process (PID=2885) to work on /home/airflow/.local/lib/python3.12/site-packages/airflow/example_dags/example_complex.py
[2025-09-19T07:14:50.838+0000] {processor.py:914} INFO - Processing file /home/airflow/.local/lib/python3.12/site-packages/airflow/example_dags/example_complex.py for tasks to queue
[2025-09-19T07:14:50.843+0000] {logging_mixin.py:190} INFO - [2025-09-19T07:14:50.842+0000] {dagbag.py:588} INFO - Filling up the DagBag from /home/airflow/.local/lib/python3.12/site-packages/airflow/example_dags/example_complex.py
[2025-09-19T07:14:50.867+0000] {processor.py:925} INFO - DAG(s) 'example_complex' retrieved from /home/airflow/.local/lib/python3.12/site-packages/airflow/example_dags/example_complex.py
[2025-09-19T07:14:50.932+0000] {logging_mixin.py:190} INFO - [2025-09-19T07:14:50.932+0000] {dag.py:3239} INFO - Sync 1 DAGs
[2025-09-19T07:14:50.962+0000] {logging_mixin.py:190} INFO - [2025-09-19T07:14:50.962+0000] {dag.py:4180} INFO - Setting next_dagrun for example_complex to None, run_after=None
[2025-09-19T07:14:50.998+0000] {processor.py:208} INFO - Processing /home/airflow/.local/lib/python3.12/site-packages/airflow/example_dags/example_complex.py took 0.174 seconds
[2025-09-19T07:15:22.358+0000] {processor.py:186} INFO - Started process (PID=2947) to work on /home/airflow/.local/lib/python3.12/site-packages/airflow/example_dags/example_complex.py
[2025-09-19T07:15:22.360+0000] {processor.py:914} INFO - Processing file /home/airflow/.local/lib/python3.12/site-packages/airflow/example_dags/example_complex.py for tasks to queue
[2025-09-19T07:15:22.363+0000] {logging_mixin.py:190} INFO - [2025-09-19T07:15:22.363+0000] {dagbag.py:588} INFO - Filling up the DagBag from /home/airflow/.local/lib/python3.12/site-packages/airflow/example_dags/example_complex.py
[2025-09-19T07:15:22.384+0000] {processor.py:925} INFO - DAG(s) 'example_complex' retrieved from /home/airflow/.local/lib/python3.12/site-packages/airflow/example_dags/example_complex.py
[2025-09-19T07:15:22.445+0000] {logging_mixin.py:190} INFO - [2025-09-19T07:15:22.445+0000] {dag.py:3239} INFO - Sync 1 DAGs
[2025-09-19T07:15:22.473+0000] {logging_mixin.py:190} INFO - [2025-09-19T07:15:22.473+0000] {dag.py:4180} INFO - Setting next_dagrun for example_complex to None, run_after=None
[2025-09-19T07:15:22.506+0000] {processor.py:208} INFO - Processing /home/airflow/.local/lib/python3.12/site-packages/airflow/example_dags/example_complex.py took 0.157 seconds
[2025-09-19T07:15:52.808+0000] {processor.py:186} INFO - Started process (PID=3010) to work on /home/airflow/.local/lib/python3.12/site-packages/airflow/example_dags/example_complex.py
[2025-09-19T07:15:52.810+0000] {processor.py:914} INFO - Processing file /home/airflow/.local/lib/python3.12/site-packages/airflow/example_dags/example_complex.py for tasks to queue
[2025-09-19T07:15:52.813+0000] {logging_mixin.py:190} INFO - [2025-09-19T07:15:52.813+0000] {dagbag.py:588} INFO - Filling up the DagBag from /home/airflow/.local/lib/python3.12/site-packages/airflow/example_dags/example_complex.py
[2025-09-19T07:15:52.836+0000] {processor.py:925} INFO - DAG(s) 'example_complex' retrieved from /home/airflow/.local/lib/python3.12/site-packages/airflow/example_dags/example_complex.py
[2025-09-19T07:15:52.892+0000] {logging_mixin.py:190} INFO - [2025-09-19T07:15:52.891+0000] {dag.py:3239} INFO - Sync 1 DAGs
[2025-09-19T07:15:52.918+0000] {logging_mixin.py:190} INFO - [2025-09-19T07:15:52.918+0000] {dag.py:4180} INFO - Setting next_dagrun for example_complex to None, run_after=None
[2025-09-19T07:15:52.951+0000] {processor.py:208} INFO - Processing /home/airflow/.local/lib/python3.12/site-packages/airflow/example_dags/example_complex.py took 0.153 seconds
[2025-09-19T07:16:23.229+0000] {processor.py:186} INFO - Started process (PID=3072) to work on /home/airflow/.local/lib/python3.12/site-packages/airflow/example_dags/example_complex.py
[2025-09-19T07:16:23.230+0000] {processor.py:914} INFO - Processing file /home/airflow/.local/lib/python3.12/site-packages/airflow/example_dags/example_complex.py for tasks to queue
[2025-09-19T07:16:23.234+0000] {logging_mixin.py:190} INFO - [2025-09-19T07:16:23.233+0000] {dagbag.py:588} INFO - Filling up the DagBag from /home/airflow/.local/lib/python3.12/site-packages/airflow/example_dags/example_complex.py
[2025-09-19T07:16:23.255+0000] {processor.py:925} INFO - DAG(s) 'example_complex' retrieved from /home/airflow/.local/lib/python3.12/site-packages/airflow/example_dags/example_complex.py
[2025-09-19T07:16:23.316+0000] {logging_mixin.py:190} INFO - [2025-09-19T07:16:23.315+0000] {dag.py:3239} INFO - Sync 1 DAGs
[2025-09-19T07:16:23.342+0000] {logging_mixin.py:190} INFO - [2025-09-19T07:16:23.342+0000] {dag.py:4180} INFO - Setting next_dagrun for example_complex to None, run_after=None
[2025-09-19T07:16:23.378+0000] {processor.py:208} INFO - Processing /home/airflow/.local/lib/python3.12/site-packages/airflow/example_dags/example_complex.py took 0.159 seconds
[2025-09-19T07:16:54.182+0000] {processor.py:186} INFO - Started process (PID=3134) to work on /home/airflow/.local/lib/python3.12/site-packages/airflow/example_dags/example_complex.py
[2025-09-19T07:16:54.184+0000] {processor.py:914} INFO - Processing file /home/airflow/.local/lib/python3.12/site-packages/airflow/example_dags/example_complex.py for tasks to queue
[2025-09-19T07:16:54.187+0000] {logging_mixin.py:190} INFO - [2025-09-19T07:16:54.187+0000] {dagbag.py:588} INFO - Filling up the DagBag from /home/airflow/.local/lib/python3.12/site-packages/airflow/example_dags/example_complex.py
[2025-09-19T07:16:54.208+0000] {processor.py:925} INFO - DAG(s) 'example_complex' retrieved from /home/airflow/.local/lib/python3.12/site-packages/airflow/example_dags/example_complex.py
[2025-09-19T07:16:54.265+0000] {logging_mixin.py:190} INFO - [2025-09-19T07:16:54.265+0000] {dag.py:3239} INFO - Sync 1 DAGs
[2025-09-19T07:16:54.291+0000] {logging_mixin.py:190} INFO - [2025-09-19T07:16:54.291+0000] {dag.py:4180} INFO - Setting next_dagrun for example_complex to None, run_after=None
[2025-09-19T07:16:54.323+0000] {processor.py:208} INFO - Processing /home/airflow/.local/lib/python3.12/site-packages/airflow/example_dags/example_complex.py took 0.150 seconds
[2025-09-19T07:17:24.989+0000] {processor.py:186} INFO - Started process (PID=3196) to work on /home/airflow/.local/lib/python3.12/site-packages/airflow/example_dags/example_complex.py
[2025-09-19T07:17:24.991+0000] {processor.py:914} INFO - Processing file /home/airflow/.local/lib/python3.12/site-packages/airflow/example_dags/example_complex.py for tasks to queue
[2025-09-19T07:17:24.995+0000] {logging_mixin.py:190} INFO - [2025-09-19T07:17:24.994+0000] {dagbag.py:588} INFO - Filling up the DagBag from /home/airflow/.local/lib/python3.12/site-packages/airflow/example_dags/example_complex.py
[2025-09-19T07:17:25.016+0000] {processor.py:925} INFO - DAG(s) 'example_complex' retrieved from /home/airflow/.local/lib/python3.12/site-packages/airflow/example_dags/example_complex.py
[2025-09-19T07:17:25.074+0000] {logging_mixin.py:190} INFO - [2025-09-19T07:17:25.073+0000] {dag.py:3239} INFO - Sync 1 DAGs
[2025-09-19T07:17:25.102+0000] {logging_mixin.py:190} INFO - [2025-09-19T07:17:25.102+0000] {dag.py:4180} INFO - Setting next_dagrun for example_complex to None, run_after=None
[2025-09-19T07:17:25.133+0000] {processor.py:208} INFO - Processing /home/airflow/.local/lib/python3.12/site-packages/airflow/example_dags/example_complex.py took 0.154 seconds
[2025-09-19T07:17:55.921+0000] {processor.py:186} INFO - Started process (PID=3257) to work on /home/airflow/.local/lib/python3.12/site-packages/airflow/example_dags/example_complex.py
[2025-09-19T07:17:55.923+0000] {processor.py:914} INFO - Processing file /home/airflow/.local/lib/python3.12/site-packages/airflow/example_dags/example_complex.py for tasks to queue
[2025-09-19T07:17:55.928+0000] {logging_mixin.py:190} INFO - [2025-09-19T07:17:55.927+0000] {dagbag.py:588} INFO - Filling up the DagBag from /home/airflow/.local/lib/python3.12/site-packages/airflow/example_dags/example_complex.py
[2025-09-19T07:17:55.951+0000] {processor.py:925} INFO - DAG(s) 'example_complex' retrieved from /home/airflow/.local/lib/python3.12/site-packages/airflow/example_dags/example_complex.py
[2025-09-19T07:17:56.014+0000] {logging_mixin.py:190} INFO - [2025-09-19T07:17:56.013+0000] {dag.py:3239} INFO - Sync 1 DAGs
[2025-09-19T07:17:56.040+0000] {logging_mixin.py:190} INFO - [2025-09-19T07:17:56.040+0000] {dag.py:4180} INFO - Setting next_dagrun for example_complex to None, run_after=None
[2025-09-19T07:17:56.071+0000] {processor.py:208} INFO - Processing /home/airflow/.local/lib/python3.12/site-packages/airflow/example_dags/example_complex.py took 0.161 seconds
[2025-09-19T07:18:27.114+0000] {processor.py:186} INFO - Started process (PID=3319) to work on /home/airflow/.local/lib/python3.12/site-packages/airflow/example_dags/example_complex.py
[2025-09-19T07:18:27.115+0000] {processor.py:914} INFO - Processing file /home/airflow/.local/lib/python3.12/site-packages/airflow/example_dags/example_complex.py for tasks to queue
[2025-09-19T07:18:27.119+0000] {logging_mixin.py:190} INFO - [2025-09-19T07:18:27.119+0000] {dagbag.py:588} INFO - Filling up the DagBag from /home/airflow/.local/lib/python3.12/site-packages/airflow/example_dags/example_complex.py
[2025-09-19T07:18:27.141+0000] {processor.py:925} INFO - DAG(s) 'example_complex' retrieved from /home/airflow/.local/lib/python3.12/site-packages/airflow/example_dags/example_complex.py
[2025-09-19T07:18:27.199+0000] {logging_mixin.py:190} INFO - [2025-09-19T07:18:27.199+0000] {dag.py:3239} INFO - Sync 1 DAGs
[2025-09-19T07:18:27.226+0000] {logging_mixin.py:190} INFO - [2025-09-19T07:18:27.226+0000] {dag.py:4180} INFO - Setting next_dagrun for example_complex to None, run_after=None
[2025-09-19T07:18:27.259+0000] {processor.py:208} INFO - Processing /home/airflow/.local/lib/python3.12/site-packages/airflow/example_dags/example_complex.py took 0.155 seconds
[2025-09-19T07:18:57.464+0000] {processor.py:186} INFO - Started process (PID=3387) to work on /home/airflow/.local/lib/python3.12/site-packages/airflow/example_dags/example_complex.py
[2025-09-19T07:18:57.465+0000] {processor.py:914} INFO - Processing file /home/airflow/.local/lib/python3.12/site-packages/airflow/example_dags/example_complex.py for tasks to queue
[2025-09-19T07:18:57.469+0000] {logging_mixin.py:190} INFO - [2025-09-19T07:18:57.468+0000] {dagbag.py:588} INFO - Filling up the DagBag from /home/airflow/.local/lib/python3.12/site-packages/airflow/example_dags/example_complex.py
[2025-09-19T07:18:57.490+0000] {processor.py:925} INFO - DAG(s) 'example_complex' retrieved from /home/airflow/.local/lib/python3.12/site-packages/airflow/example_dags/example_complex.py
[2025-09-19T07:18:57.548+0000] {logging_mixin.py:190} INFO - [2025-09-19T07:18:57.547+0000] {dag.py:3239} INFO - Sync 1 DAGs
[2025-09-19T07:18:57.576+0000] {logging_mixin.py:190} INFO - [2025-09-19T07:18:57.576+0000] {dag.py:4180} INFO - Setting next_dagrun for example_complex to None, run_after=None
[2025-09-19T07:18:57.608+0000] {processor.py:208} INFO - Processing /home/airflow/.local/lib/python3.12/site-packages/airflow/example_dags/example_complex.py took 0.154 seconds
[2025-09-19T07:19:28.007+0000] {processor.py:186} INFO - Started process (PID=3449) to work on /home/airflow/.local/lib/python3.12/site-packages/airflow/example_dags/example_complex.py
[2025-09-19T07:19:28.009+0000] {processor.py:914} INFO - Processing file /home/airflow/.local/lib/python3.12/site-packages/airflow/example_dags/example_complex.py for tasks to queue
[2025-09-19T07:19:28.012+0000] {logging_mixin.py:190} INFO - [2025-09-19T07:19:28.012+0000] {dagbag.py:588} INFO - Filling up the DagBag from /home/airflow/.local/lib/python3.12/site-packages/airflow/example_dags/example_complex.py
[2025-09-19T07:19:28.033+0000] {processor.py:925} INFO - DAG(s) 'example_complex' retrieved from /home/airflow/.local/lib/python3.12/site-packages/airflow/example_dags/example_complex.py
[2025-09-19T07:19:28.093+0000] {logging_mixin.py:190} INFO - [2025-09-19T07:19:28.092+0000] {dag.py:3239} INFO - Sync 1 DAGs
[2025-09-19T07:19:28.121+0000] {logging_mixin.py:190} INFO - [2025-09-19T07:19:28.120+0000] {dag.py:4180} INFO - Setting next_dagrun for example_complex to None, run_after=None
[2025-09-19T07:19:28.153+0000] {processor.py:208} INFO - Processing /home/airflow/.local/lib/python3.12/site-packages/airflow/example_dags/example_complex.py took 0.155 seconds
[2025-09-19T07:19:58.401+0000] {processor.py:186} INFO - Started process (PID=3511) to work on /home/airflow/.local/lib/python3.12/site-packages/airflow/example_dags/example_complex.py
[2025-09-19T07:19:58.403+0000] {processor.py:914} INFO - Processing file /home/airflow/.local/lib/python3.12/site-packages/airflow/example_dags/example_complex.py for tasks to queue
[2025-09-19T07:19:58.407+0000] {logging_mixin.py:190} INFO - [2025-09-19T07:19:58.406+0000] {dagbag.py:588} INFO - Filling up the DagBag from /home/airflow/.local/lib/python3.12/site-packages/airflow/example_dags/example_complex.py
[2025-09-19T07:19:58.429+0000] {processor.py:925} INFO - DAG(s) 'example_complex' retrieved from /home/airflow/.local/lib/python3.12/site-packages/airflow/example_dags/example_complex.py
[2025-09-19T07:19:58.489+0000] {logging_mixin.py:190} INFO - [2025-09-19T07:19:58.488+0000] {dag.py:3239} INFO - Sync 1 DAGs
[2025-09-19T07:19:58.517+0000] {logging_mixin.py:190} INFO - [2025-09-19T07:19:58.516+0000] {dag.py:4180} INFO - Setting next_dagrun for example_complex to None, run_after=None
[2025-09-19T07:19:58.549+0000] {processor.py:208} INFO - Processing /home/airflow/.local/lib/python3.12/site-packages/airflow/example_dags/example_complex.py took 0.157 seconds
[2025-09-19T07:20:30.586+0000] {processor.py:186} INFO - Started process (PID=3574) to work on /home/airflow/.local/lib/python3.12/site-packages/airflow/example_dags/example_complex.py
[2025-09-19T07:20:30.588+0000] {processor.py:914} INFO - Processing file /home/airflow/.local/lib/python3.12/site-packages/airflow/example_dags/example_complex.py for tasks to queue
[2025-09-19T07:20:30.592+0000] {logging_mixin.py:190} INFO - [2025-09-19T07:20:30.591+0000] {dagbag.py:588} INFO - Filling up the DagBag from /home/airflow/.local/lib/python3.12/site-packages/airflow/example_dags/example_complex.py
[2025-09-19T07:20:30.613+0000] {processor.py:925} INFO - DAG(s) 'example_complex' retrieved from /home/airflow/.local/lib/python3.12/site-packages/airflow/example_dags/example_complex.py
[2025-09-19T07:20:30.673+0000] {logging_mixin.py:190} INFO - [2025-09-19T07:20:30.673+0000] {dag.py:3239} INFO - Sync 1 DAGs
[2025-09-19T07:20:30.702+0000] {logging_mixin.py:190} INFO - [2025-09-19T07:20:30.702+0000] {dag.py:4180} INFO - Setting next_dagrun for example_complex to None, run_after=None
[2025-09-19T07:20:30.738+0000] {processor.py:208} INFO - Processing /home/airflow/.local/lib/python3.12/site-packages/airflow/example_dags/example_complex.py took 0.161 seconds
[2025-09-19T07:21:01.022+0000] {processor.py:186} INFO - Started process (PID=3636) to work on /home/airflow/.local/lib/python3.12/site-packages/airflow/example_dags/example_complex.py
[2025-09-19T07:21:01.024+0000] {processor.py:914} INFO - Processing file /home/airflow/.local/lib/python3.12/site-packages/airflow/example_dags/example_complex.py for tasks to queue
[2025-09-19T07:21:01.027+0000] {logging_mixin.py:190} INFO - [2025-09-19T07:21:01.027+0000] {dagbag.py:588} INFO - Filling up the DagBag from /home/airflow/.local/lib/python3.12/site-packages/airflow/example_dags/example_complex.py
[2025-09-19T07:21:01.048+0000] {processor.py:925} INFO - DAG(s) 'example_complex' retrieved from /home/airflow/.local/lib/python3.12/site-packages/airflow/example_dags/example_complex.py
[2025-09-19T07:21:01.105+0000] {logging_mixin.py:190} INFO - [2025-09-19T07:21:01.104+0000] {dag.py:3239} INFO - Sync 1 DAGs
[2025-09-19T07:21:01.134+0000] {logging_mixin.py:190} INFO - [2025-09-19T07:21:01.133+0000] {dag.py:4180} INFO - Setting next_dagrun for example_complex to None, run_after=None
[2025-09-19T07:21:01.414+0000] {processor.py:208} INFO - Processing /home/airflow/.local/lib/python3.12/site-packages/airflow/example_dags/example_complex.py took 0.402 seconds
[2025-09-19T07:21:31.592+0000] {processor.py:186} INFO - Started process (PID=3702) to work on /home/airflow/.local/lib/python3.12/site-packages/airflow/example_dags/example_complex.py
[2025-09-19T07:21:31.594+0000] {processor.py:914} INFO - Processing file /home/airflow/.local/lib/python3.12/site-packages/airflow/example_dags/example_complex.py for tasks to queue
[2025-09-19T07:21:31.598+0000] {logging_mixin.py:190} INFO - [2025-09-19T07:21:31.597+0000] {dagbag.py:588} INFO - Filling up the DagBag from /home/airflow/.local/lib/python3.12/site-packages/airflow/example_dags/example_complex.py
[2025-09-19T07:21:31.620+0000] {processor.py:925} INFO - DAG(s) 'example_complex' retrieved from /home/airflow/.local/lib/python3.12/site-packages/airflow/example_dags/example_complex.py
[2025-09-19T07:21:31.684+0000] {logging_mixin.py:190} INFO - [2025-09-19T07:21:31.684+0000] {dag.py:3239} INFO - Sync 1 DAGs
[2025-09-19T07:21:31.711+0000] {logging_mixin.py:190} INFO - [2025-09-19T07:21:31.710+0000] {dag.py:4180} INFO - Setting next_dagrun for example_complex to None, run_after=None
[2025-09-19T07:21:31.747+0000] {processor.py:208} INFO - Processing /home/airflow/.local/lib/python3.12/site-packages/airflow/example_dags/example_complex.py took 0.165 seconds
[2025-09-19T07:22:02.356+0000] {processor.py:186} INFO - Started process (PID=3760) to work on /home/airflow/.local/lib/python3.12/site-packages/airflow/example_dags/example_complex.py
[2025-09-19T07:22:02.357+0000] {processor.py:914} INFO - Processing file /home/airflow/.local/lib/python3.12/site-packages/airflow/example_dags/example_complex.py for tasks to queue
[2025-09-19T07:22:02.361+0000] {logging_mixin.py:190} INFO - [2025-09-19T07:22:02.360+0000] {dagbag.py:588} INFO - Filling up the DagBag from /home/airflow/.local/lib/python3.12/site-packages/airflow/example_dags/example_complex.py
[2025-09-19T07:22:02.382+0000] {processor.py:925} INFO - DAG(s) 'example_complex' retrieved from /home/airflow/.local/lib/python3.12/site-packages/airflow/example_dags/example_complex.py
[2025-09-19T07:22:02.442+0000] {logging_mixin.py:190} INFO - [2025-09-19T07:22:02.441+0000] {dag.py:3239} INFO - Sync 1 DAGs
[2025-09-19T07:22:02.467+0000] {logging_mixin.py:190} INFO - [2025-09-19T07:22:02.466+0000] {dag.py:4180} INFO - Setting next_dagrun for example_complex to None, run_after=None
[2025-09-19T07:22:02.499+0000] {processor.py:208} INFO - Processing /home/airflow/.local/lib/python3.12/site-packages/airflow/example_dags/example_complex.py took 0.152 seconds
[2025-09-19T07:22:34.156+0000] {processor.py:186} INFO - Started process (PID=3821) to work on /home/airflow/.local/lib/python3.12/site-packages/airflow/example_dags/example_complex.py
[2025-09-19T07:22:34.158+0000] {processor.py:914} INFO - Processing file /home/airflow/.local/lib/python3.12/site-packages/airflow/example_dags/example_complex.py for tasks to queue
[2025-09-19T07:22:34.164+0000] {logging_mixin.py:190} INFO - [2025-09-19T07:22:34.163+0000] {dagbag.py:588} INFO - Filling up the DagBag from /home/airflow/.local/lib/python3.12/site-packages/airflow/example_dags/example_complex.py
[2025-09-19T07:22:34.185+0000] {processor.py:925} INFO - DAG(s) 'example_complex' retrieved from /home/airflow/.local/lib/python3.12/site-packages/airflow/example_dags/example_complex.py
[2025-09-19T07:22:34.244+0000] {logging_mixin.py:190} INFO - [2025-09-19T07:22:34.243+0000] {dag.py:3239} INFO - Sync 1 DAGs
[2025-09-19T07:22:34.271+0000] {logging_mixin.py:190} INFO - [2025-09-19T07:22:34.271+0000] {dag.py:4180} INFO - Setting next_dagrun for example_complex to None, run_after=None
[2025-09-19T07:22:34.305+0000] {processor.py:208} INFO - Processing /home/airflow/.local/lib/python3.12/site-packages/airflow/example_dags/example_complex.py took 0.158 seconds
[2025-09-19T07:23:06.285+0000] {processor.py:186} INFO - Started process (PID=3883) to work on /home/airflow/.local/lib/python3.12/site-packages/airflow/example_dags/example_complex.py
[2025-09-19T07:23:06.287+0000] {processor.py:914} INFO - Processing file /home/airflow/.local/lib/python3.12/site-packages/airflow/example_dags/example_complex.py for tasks to queue
[2025-09-19T07:23:06.290+0000] {logging_mixin.py:190} INFO - [2025-09-19T07:23:06.290+0000] {dagbag.py:588} INFO - Filling up the DagBag from /home/airflow/.local/lib/python3.12/site-packages/airflow/example_dags/example_complex.py
[2025-09-19T07:23:06.312+0000] {processor.py:925} INFO - DAG(s) 'example_complex' retrieved from /home/airflow/.local/lib/python3.12/site-packages/airflow/example_dags/example_complex.py
[2025-09-19T07:23:06.627+0000] {logging_mixin.py:190} INFO - [2025-09-19T07:23:06.626+0000] {dag.py:3239} INFO - Sync 1 DAGs
[2025-09-19T07:23:06.660+0000] {logging_mixin.py:190} INFO - [2025-09-19T07:23:06.659+0000] {dag.py:4180} INFO - Setting next_dagrun for example_complex to None, run_after=None
[2025-09-19T07:23:06.693+0000] {processor.py:208} INFO - Processing /home/airflow/.local/lib/python3.12/site-packages/airflow/example_dags/example_complex.py took 0.417 seconds
[2025-09-19T07:23:37.213+0000] {processor.py:186} INFO - Started process (PID=3954) to work on /home/airflow/.local/lib/python3.12/site-packages/airflow/example_dags/example_complex.py
[2025-09-19T07:23:37.215+0000] {processor.py:914} INFO - Processing file /home/airflow/.local/lib/python3.12/site-packages/airflow/example_dags/example_complex.py for tasks to queue
[2025-09-19T07:23:37.219+0000] {logging_mixin.py:190} INFO - [2025-09-19T07:23:37.218+0000] {dagbag.py:588} INFO - Filling up the DagBag from /home/airflow/.local/lib/python3.12/site-packages/airflow/example_dags/example_complex.py
[2025-09-19T07:23:37.241+0000] {processor.py:925} INFO - DAG(s) 'example_complex' retrieved from /home/airflow/.local/lib/python3.12/site-packages/airflow/example_dags/example_complex.py
[2025-09-19T07:23:37.298+0000] {logging_mixin.py:190} INFO - [2025-09-19T07:23:37.297+0000] {dag.py:3239} INFO - Sync 1 DAGs
[2025-09-19T07:23:37.324+0000] {logging_mixin.py:190} INFO - [2025-09-19T07:23:37.323+0000] {dag.py:4180} INFO - Setting next_dagrun for example_complex to None, run_after=None
[2025-09-19T07:23:37.354+0000] {processor.py:208} INFO - Processing /home/airflow/.local/lib/python3.12/site-packages/airflow/example_dags/example_complex.py took 0.151 seconds
[2025-09-19T07:24:07.520+0000] {processor.py:186} INFO - Started process (PID=4013) to work on /home/airflow/.local/lib/python3.12/site-packages/airflow/example_dags/example_complex.py
[2025-09-19T07:24:07.521+0000] {processor.py:914} INFO - Processing file /home/airflow/.local/lib/python3.12/site-packages/airflow/example_dags/example_complex.py for tasks to queue
[2025-09-19T07:24:07.525+0000] {logging_mixin.py:190} INFO - [2025-09-19T07:24:07.525+0000] {dagbag.py:588} INFO - Filling up the DagBag from /home/airflow/.local/lib/python3.12/site-packages/airflow/example_dags/example_complex.py
[2025-09-19T07:24:07.547+0000] {processor.py:925} INFO - DAG(s) 'example_complex' retrieved from /home/airflow/.local/lib/python3.12/site-packages/airflow/example_dags/example_complex.py
[2025-09-19T07:24:07.604+0000] {logging_mixin.py:190} INFO - [2025-09-19T07:24:07.603+0000] {dag.py:3239} INFO - Sync 1 DAGs
[2025-09-19T07:24:07.630+0000] {logging_mixin.py:190} INFO - [2025-09-19T07:24:07.630+0000] {dag.py:4180} INFO - Setting next_dagrun for example_complex to None, run_after=None
[2025-09-19T07:24:07.661+0000] {processor.py:208} INFO - Processing /home/airflow/.local/lib/python3.12/site-packages/airflow/example_dags/example_complex.py took 0.151 seconds
[2025-09-19T07:24:37.787+0000] {processor.py:186} INFO - Started process (PID=4075) to work on /home/airflow/.local/lib/python3.12/site-packages/airflow/example_dags/example_complex.py
[2025-09-19T07:24:37.789+0000] {processor.py:914} INFO - Processing file /home/airflow/.local/lib/python3.12/site-packages/airflow/example_dags/example_complex.py for tasks to queue
[2025-09-19T07:24:37.793+0000] {logging_mixin.py:190} INFO - [2025-09-19T07:24:37.792+0000] {dagbag.py:588} INFO - Filling up the DagBag from /home/airflow/.local/lib/python3.12/site-packages/airflow/example_dags/example_complex.py
[2025-09-19T07:24:37.813+0000] {processor.py:925} INFO - DAG(s) 'example_complex' retrieved from /home/airflow/.local/lib/python3.12/site-packages/airflow/example_dags/example_complex.py
[2025-09-19T07:24:37.869+0000] {logging_mixin.py:190} INFO - [2025-09-19T07:24:37.869+0000] {dag.py:3239} INFO - Sync 1 DAGs
[2025-09-19T07:24:37.896+0000] {logging_mixin.py:190} INFO - [2025-09-19T07:24:37.895+0000] {dag.py:4180} INFO - Setting next_dagrun for example_complex to None, run_after=None
[2025-09-19T07:24:37.928+0000] {processor.py:208} INFO - Processing /home/airflow/.local/lib/python3.12/site-packages/airflow/example_dags/example_complex.py took 0.151 seconds
[2025-09-19T07:25:08.214+0000] {processor.py:186} INFO - Started process (PID=4137) to work on /home/airflow/.local/lib/python3.12/site-packages/airflow/example_dags/example_complex.py
[2025-09-19T07:25:08.216+0000] {processor.py:914} INFO - Processing file /home/airflow/.local/lib/python3.12/site-packages/airflow/example_dags/example_complex.py for tasks to queue
[2025-09-19T07:25:08.221+0000] {logging_mixin.py:190} INFO - [2025-09-19T07:25:08.220+0000] {dagbag.py:588} INFO - Filling up the DagBag from /home/airflow/.local/lib/python3.12/site-packages/airflow/example_dags/example_complex.py
[2025-09-19T07:25:08.251+0000] {processor.py:925} INFO - DAG(s) 'example_complex' retrieved from /home/airflow/.local/lib/python3.12/site-packages/airflow/example_dags/example_complex.py
[2025-09-19T07:25:08.310+0000] {logging_mixin.py:190} INFO - [2025-09-19T07:25:08.310+0000] {dag.py:3239} INFO - Sync 1 DAGs
[2025-09-19T07:25:08.337+0000] {logging_mixin.py:190} INFO - [2025-09-19T07:25:08.336+0000] {dag.py:4180} INFO - Setting next_dagrun for example_complex to None, run_after=None
[2025-09-19T07:25:08.367+0000] {processor.py:208} INFO - Processing /home/airflow/.local/lib/python3.12/site-packages/airflow/example_dags/example_complex.py took 0.163 seconds
[2025-09-19T07:25:38.654+0000] {processor.py:186} INFO - Started process (PID=4199) to work on /home/airflow/.local/lib/python3.12/site-packages/airflow/example_dags/example_complex.py
[2025-09-19T07:25:38.656+0000] {processor.py:914} INFO - Processing file /home/airflow/.local/lib/python3.12/site-packages/airflow/example_dags/example_complex.py for tasks to queue
[2025-09-19T07:25:38.660+0000] {logging_mixin.py:190} INFO - [2025-09-19T07:25:38.660+0000] {dagbag.py:588} INFO - Filling up the DagBag from /home/airflow/.local/lib/python3.12/site-packages/airflow/example_dags/example_complex.py
[2025-09-19T07:25:38.684+0000] {processor.py:925} INFO - DAG(s) 'example_complex' retrieved from /home/airflow/.local/lib/python3.12/site-packages/airflow/example_dags/example_complex.py
[2025-09-19T07:25:38.749+0000] {logging_mixin.py:190} INFO - [2025-09-19T07:25:38.748+0000] {dag.py:3239} INFO - Sync 1 DAGs
[2025-09-19T07:25:38.778+0000] {logging_mixin.py:190} INFO - [2025-09-19T07:25:38.777+0000] {dag.py:4180} INFO - Setting next_dagrun for example_complex to None, run_after=None
[2025-09-19T07:25:38.812+0000] {processor.py:208} INFO - Processing /home/airflow/.local/lib/python3.12/site-packages/airflow/example_dags/example_complex.py took 0.169 seconds
[2025-09-19T07:26:09.258+0000] {processor.py:186} INFO - Started process (PID=4262) to work on /home/airflow/.local/lib/python3.12/site-packages/airflow/example_dags/example_complex.py
[2025-09-19T07:26:09.259+0000] {processor.py:914} INFO - Processing file /home/airflow/.local/lib/python3.12/site-packages/airflow/example_dags/example_complex.py for tasks to queue
[2025-09-19T07:26:09.263+0000] {logging_mixin.py:190} INFO - [2025-09-19T07:26:09.263+0000] {dagbag.py:588} INFO - Filling up the DagBag from /home/airflow/.local/lib/python3.12/site-packages/airflow/example_dags/example_complex.py
[2025-09-19T07:26:09.284+0000] {processor.py:925} INFO - DAG(s) 'example_complex' retrieved from /home/airflow/.local/lib/python3.12/site-packages/airflow/example_dags/example_complex.py
[2025-09-19T07:26:09.344+0000] {logging_mixin.py:190} INFO - [2025-09-19T07:26:09.343+0000] {dag.py:3239} INFO - Sync 1 DAGs
[2025-09-19T07:26:09.373+0000] {logging_mixin.py:190} INFO - [2025-09-19T07:26:09.372+0000] {dag.py:4180} INFO - Setting next_dagrun for example_complex to None, run_after=None
[2025-09-19T07:26:09.407+0000] {processor.py:208} INFO - Processing /home/airflow/.local/lib/python3.12/site-packages/airflow/example_dags/example_complex.py took 0.159 seconds
[2025-09-19T07:26:39.888+0000] {processor.py:186} INFO - Started process (PID=4323) to work on /home/airflow/.local/lib/python3.12/site-packages/airflow/example_dags/example_complex.py
[2025-09-19T07:26:39.889+0000] {processor.py:914} INFO - Processing file /home/airflow/.local/lib/python3.12/site-packages/airflow/example_dags/example_complex.py for tasks to queue
[2025-09-19T07:26:39.893+0000] {logging_mixin.py:190} INFO - [2025-09-19T07:26:39.893+0000] {dagbag.py:588} INFO - Filling up the DagBag from /home/airflow/.local/lib/python3.12/site-packages/airflow/example_dags/example_complex.py
[2025-09-19T07:26:39.914+0000] {processor.py:925} INFO - DAG(s) 'example_complex' retrieved from /home/airflow/.local/lib/python3.12/site-packages/airflow/example_dags/example_complex.py
[2025-09-19T07:26:39.971+0000] {logging_mixin.py:190} INFO - [2025-09-19T07:26:39.970+0000] {dag.py:3239} INFO - Sync 1 DAGs
[2025-09-19T07:26:39.997+0000] {logging_mixin.py:190} INFO - [2025-09-19T07:26:39.997+0000] {dag.py:4180} INFO - Setting next_dagrun for example_complex to None, run_after=None
[2025-09-19T07:26:40.029+0000] {processor.py:208} INFO - Processing /home/airflow/.local/lib/python3.12/site-packages/airflow/example_dags/example_complex.py took 0.151 seconds
[2025-09-19T07:27:10.493+0000] {processor.py:186} INFO - Started process (PID=4385) to work on /home/airflow/.local/lib/python3.12/site-packages/airflow/example_dags/example_complex.py
[2025-09-19T07:27:10.495+0000] {processor.py:914} INFO - Processing file /home/airflow/.local/lib/python3.12/site-packages/airflow/example_dags/example_complex.py for tasks to queue
[2025-09-19T07:27:10.499+0000] {logging_mixin.py:190} INFO - [2025-09-19T07:27:10.498+0000] {dagbag.py:588} INFO - Filling up the DagBag from /home/airflow/.local/lib/python3.12/site-packages/airflow/example_dags/example_complex.py
[2025-09-19T07:27:10.521+0000] {processor.py:925} INFO - DAG(s) 'example_complex' retrieved from /home/airflow/.local/lib/python3.12/site-packages/airflow/example_dags/example_complex.py
[2025-09-19T07:27:10.580+0000] {logging_mixin.py:190} INFO - [2025-09-19T07:27:10.579+0000] {dag.py:3239} INFO - Sync 1 DAGs
[2025-09-19T07:27:10.607+0000] {logging_mixin.py:190} INFO - [2025-09-19T07:27:10.606+0000] {dag.py:4180} INFO - Setting next_dagrun for example_complex to None, run_after=None
[2025-09-19T07:27:10.639+0000] {processor.py:208} INFO - Processing /home/airflow/.local/lib/python3.12/site-packages/airflow/example_dags/example_complex.py took 0.155 seconds
[2025-09-19T07:27:40.940+0000] {processor.py:186} INFO - Started process (PID=4447) to work on /home/airflow/.local/lib/python3.12/site-packages/airflow/example_dags/example_complex.py
[2025-09-19T07:27:40.941+0000] {processor.py:914} INFO - Processing file /home/airflow/.local/lib/python3.12/site-packages/airflow/example_dags/example_complex.py for tasks to queue
[2025-09-19T07:27:40.945+0000] {logging_mixin.py:190} INFO - [2025-09-19T07:27:40.945+0000] {dagbag.py:588} INFO - Filling up the DagBag from /home/airflow/.local/lib/python3.12/site-packages/airflow/example_dags/example_complex.py
[2025-09-19T07:27:40.970+0000] {processor.py:925} INFO - DAG(s) 'example_complex' retrieved from /home/airflow/.local/lib/python3.12/site-packages/airflow/example_dags/example_complex.py
[2025-09-19T07:27:41.027+0000] {logging_mixin.py:190} INFO - [2025-09-19T07:27:41.026+0000] {dag.py:3239} INFO - Sync 1 DAGs
[2025-09-19T07:27:41.053+0000] {logging_mixin.py:190} INFO - [2025-09-19T07:27:41.053+0000] {dag.py:4180} INFO - Setting next_dagrun for example_complex to None, run_after=None
[2025-09-19T07:27:41.085+0000] {processor.py:208} INFO - Processing /home/airflow/.local/lib/python3.12/site-packages/airflow/example_dags/example_complex.py took 0.155 seconds
