[2025-09-19T06:52:13.980+0000] {processor.py:186} INFO - Started process (PID=122) to work on /home/airflow/.local/lib/python3.12/site-packages/airflow/example_dags/example_latest_only_with_trigger.py
[2025-09-19T06:52:13.982+0000] {processor.py:914} INFO - Processing file /home/airflow/.local/lib/python3.12/site-packages/airflow/example_dags/example_latest_only_with_trigger.py for tasks to queue
[2025-09-19T06:52:13.985+0000] {logging_mixin.py:190} INFO - [2025-09-19T06:52:13.985+0000] {dagbag.py:588} INFO - Filling up the DagBag from /home/airflow/.local/lib/python3.12/site-packages/airflow/example_dags/example_latest_only_with_trigger.py
[2025-09-19T06:52:13.996+0000] {processor.py:925} INFO - DAG(s) 'latest_only_with_trigger' retrieved from /home/airflow/.local/lib/python3.12/site-packages/airflow/example_dags/example_latest_only_with_trigger.py
[2025-09-19T06:52:14.028+0000] {logging_mixin.py:190} INFO - [2025-09-19T06:52:14.028+0000] {dag.py:3239} INFO - Sync 1 DAGs
[2025-09-19T06:52:14.068+0000] {logging_mixin.py:190} INFO - [2025-09-19T06:52:14.067+0000] {dag.py:4180} INFO - Setting next_dagrun for latest_only_with_trigger to 2025-09-19 00:00:00+00:00, run_after=2025-09-19 04:00:00+00:00
[2025-09-19T06:52:14.098+0000] {processor.py:208} INFO - Processing /home/airflow/.local/lib/python3.12/site-packages/airflow/example_dags/example_latest_only_with_trigger.py took 0.127 seconds
[2025-09-19T06:52:45.386+0000] {processor.py:186} INFO - Started process (PID=184) to work on /home/airflow/.local/lib/python3.12/site-packages/airflow/example_dags/example_latest_only_with_trigger.py
[2025-09-19T06:52:45.388+0000] {processor.py:914} INFO - Processing file /home/airflow/.local/lib/python3.12/site-packages/airflow/example_dags/example_latest_only_with_trigger.py for tasks to queue
[2025-09-19T06:52:45.391+0000] {logging_mixin.py:190} INFO - [2025-09-19T06:52:45.391+0000] {dagbag.py:588} INFO - Filling up the DagBag from /home/airflow/.local/lib/python3.12/site-packages/airflow/example_dags/example_latest_only_with_trigger.py
[2025-09-19T06:52:45.402+0000] {processor.py:925} INFO - DAG(s) 'latest_only_with_trigger' retrieved from /home/airflow/.local/lib/python3.12/site-packages/airflow/example_dags/example_latest_only_with_trigger.py
[2025-09-19T06:52:45.434+0000] {logging_mixin.py:190} INFO - [2025-09-19T06:52:45.434+0000] {dag.py:3239} INFO - Sync 1 DAGs
[2025-09-19T06:52:45.479+0000] {logging_mixin.py:190} INFO - [2025-09-19T06:52:45.479+0000] {dag.py:4180} INFO - Setting next_dagrun for latest_only_with_trigger to 2025-09-19 00:00:00+00:00, run_after=2025-09-19 04:00:00+00:00
[2025-09-19T06:52:45.514+0000] {processor.py:208} INFO - Processing /home/airflow/.local/lib/python3.12/site-packages/airflow/example_dags/example_latest_only_with_trigger.py took 0.136 seconds
[2025-09-19T06:53:16.356+0000] {processor.py:186} INFO - Started process (PID=246) to work on /home/airflow/.local/lib/python3.12/site-packages/airflow/example_dags/example_latest_only_with_trigger.py
[2025-09-19T06:53:16.358+0000] {processor.py:914} INFO - Processing file /home/airflow/.local/lib/python3.12/site-packages/airflow/example_dags/example_latest_only_with_trigger.py for tasks to queue
[2025-09-19T06:53:16.361+0000] {logging_mixin.py:190} INFO - [2025-09-19T06:53:16.361+0000] {dagbag.py:588} INFO - Filling up the DagBag from /home/airflow/.local/lib/python3.12/site-packages/airflow/example_dags/example_latest_only_with_trigger.py
[2025-09-19T06:53:16.373+0000] {processor.py:925} INFO - DAG(s) 'latest_only_with_trigger' retrieved from /home/airflow/.local/lib/python3.12/site-packages/airflow/example_dags/example_latest_only_with_trigger.py
[2025-09-19T06:53:16.407+0000] {logging_mixin.py:190} INFO - [2025-09-19T06:53:16.407+0000] {dag.py:3239} INFO - Sync 1 DAGs
[2025-09-19T06:53:16.453+0000] {logging_mixin.py:190} INFO - [2025-09-19T06:53:16.452+0000] {dag.py:4180} INFO - Setting next_dagrun for latest_only_with_trigger to 2025-09-19 00:00:00+00:00, run_after=2025-09-19 04:00:00+00:00
[2025-09-19T06:53:16.489+0000] {processor.py:208} INFO - Processing /home/airflow/.local/lib/python3.12/site-packages/airflow/example_dags/example_latest_only_with_trigger.py took 0.143 seconds
[2025-09-19T06:53:47.360+0000] {processor.py:186} INFO - Started process (PID=308) to work on /home/airflow/.local/lib/python3.12/site-packages/airflow/example_dags/example_latest_only_with_trigger.py
[2025-09-19T06:53:47.362+0000] {processor.py:914} INFO - Processing file /home/airflow/.local/lib/python3.12/site-packages/airflow/example_dags/example_latest_only_with_trigger.py for tasks to queue
[2025-09-19T06:53:47.365+0000] {logging_mixin.py:190} INFO - [2025-09-19T06:53:47.365+0000] {dagbag.py:588} INFO - Filling up the DagBag from /home/airflow/.local/lib/python3.12/site-packages/airflow/example_dags/example_latest_only_with_trigger.py
[2025-09-19T06:53:47.376+0000] {processor.py:925} INFO - DAG(s) 'latest_only_with_trigger' retrieved from /home/airflow/.local/lib/python3.12/site-packages/airflow/example_dags/example_latest_only_with_trigger.py
[2025-09-19T06:53:47.411+0000] {logging_mixin.py:190} INFO - [2025-09-19T06:53:47.410+0000] {dag.py:3239} INFO - Sync 1 DAGs
[2025-09-19T06:53:47.452+0000] {logging_mixin.py:190} INFO - [2025-09-19T06:53:47.452+0000] {dag.py:4180} INFO - Setting next_dagrun for latest_only_with_trigger to 2025-09-19 00:00:00+00:00, run_after=2025-09-19 04:00:00+00:00
[2025-09-19T06:53:47.484+0000] {processor.py:208} INFO - Processing /home/airflow/.local/lib/python3.12/site-packages/airflow/example_dags/example_latest_only_with_trigger.py took 0.133 seconds
[2025-09-19T06:54:17.615+0000] {processor.py:186} INFO - Started process (PID=370) to work on /home/airflow/.local/lib/python3.12/site-packages/airflow/example_dags/example_latest_only_with_trigger.py
[2025-09-19T06:54:17.616+0000] {processor.py:914} INFO - Processing file /home/airflow/.local/lib/python3.12/site-packages/airflow/example_dags/example_latest_only_with_trigger.py for tasks to queue
[2025-09-19T06:54:17.620+0000] {logging_mixin.py:190} INFO - [2025-09-19T06:54:17.620+0000] {dagbag.py:588} INFO - Filling up the DagBag from /home/airflow/.local/lib/python3.12/site-packages/airflow/example_dags/example_latest_only_with_trigger.py
[2025-09-19T06:54:17.633+0000] {processor.py:925} INFO - DAG(s) 'latest_only_with_trigger' retrieved from /home/airflow/.local/lib/python3.12/site-packages/airflow/example_dags/example_latest_only_with_trigger.py
[2025-09-19T06:54:17.668+0000] {logging_mixin.py:190} INFO - [2025-09-19T06:54:17.668+0000] {dag.py:3239} INFO - Sync 1 DAGs
[2025-09-19T06:54:17.710+0000] {logging_mixin.py:190} INFO - [2025-09-19T06:54:17.710+0000] {dag.py:4180} INFO - Setting next_dagrun for latest_only_with_trigger to 2025-09-19 00:00:00+00:00, run_after=2025-09-19 04:00:00+00:00
[2025-09-19T06:54:17.742+0000] {processor.py:208} INFO - Processing /home/airflow/.local/lib/python3.12/site-packages/airflow/example_dags/example_latest_only_with_trigger.py took 0.137 seconds
[2025-09-19T06:54:48.016+0000] {processor.py:186} INFO - Started process (PID=432) to work on /home/airflow/.local/lib/python3.12/site-packages/airflow/example_dags/example_latest_only_with_trigger.py
[2025-09-19T06:54:48.018+0000] {processor.py:914} INFO - Processing file /home/airflow/.local/lib/python3.12/site-packages/airflow/example_dags/example_latest_only_with_trigger.py for tasks to queue
[2025-09-19T06:54:48.023+0000] {logging_mixin.py:190} INFO - [2025-09-19T06:54:48.023+0000] {dagbag.py:588} INFO - Filling up the DagBag from /home/airflow/.local/lib/python3.12/site-packages/airflow/example_dags/example_latest_only_with_trigger.py
[2025-09-19T06:54:48.039+0000] {processor.py:925} INFO - DAG(s) 'latest_only_with_trigger' retrieved from /home/airflow/.local/lib/python3.12/site-packages/airflow/example_dags/example_latest_only_with_trigger.py
[2025-09-19T06:54:48.078+0000] {logging_mixin.py:190} INFO - [2025-09-19T06:54:48.077+0000] {dag.py:3239} INFO - Sync 1 DAGs
[2025-09-19T06:54:48.128+0000] {logging_mixin.py:190} INFO - [2025-09-19T06:54:48.128+0000] {dag.py:4180} INFO - Setting next_dagrun for latest_only_with_trigger to 2025-09-19 00:00:00+00:00, run_after=2025-09-19 04:00:00+00:00
[2025-09-19T06:54:48.164+0000] {processor.py:208} INFO - Processing /home/airflow/.local/lib/python3.12/site-packages/airflow/example_dags/example_latest_only_with_trigger.py took 0.160 seconds
[2025-09-19T06:55:18.838+0000] {processor.py:186} INFO - Started process (PID=494) to work on /home/airflow/.local/lib/python3.12/site-packages/airflow/example_dags/example_latest_only_with_trigger.py
[2025-09-19T06:55:18.839+0000] {processor.py:914} INFO - Processing file /home/airflow/.local/lib/python3.12/site-packages/airflow/example_dags/example_latest_only_with_trigger.py for tasks to queue
[2025-09-19T06:55:18.843+0000] {logging_mixin.py:190} INFO - [2025-09-19T06:55:18.842+0000] {dagbag.py:588} INFO - Filling up the DagBag from /home/airflow/.local/lib/python3.12/site-packages/airflow/example_dags/example_latest_only_with_trigger.py
[2025-09-19T06:55:18.854+0000] {processor.py:925} INFO - DAG(s) 'latest_only_with_trigger' retrieved from /home/airflow/.local/lib/python3.12/site-packages/airflow/example_dags/example_latest_only_with_trigger.py
[2025-09-19T06:55:18.888+0000] {logging_mixin.py:190} INFO - [2025-09-19T06:55:18.887+0000] {dag.py:3239} INFO - Sync 1 DAGs
[2025-09-19T06:55:18.929+0000] {logging_mixin.py:190} INFO - [2025-09-19T06:55:18.929+0000] {dag.py:4180} INFO - Setting next_dagrun for latest_only_with_trigger to 2025-09-19 00:00:00+00:00, run_after=2025-09-19 04:00:00+00:00
[2025-09-19T06:55:18.958+0000] {processor.py:208} INFO - Processing /home/airflow/.local/lib/python3.12/site-packages/airflow/example_dags/example_latest_only_with_trigger.py took 0.129 seconds
[2025-09-19T06:55:50.245+0000] {processor.py:186} INFO - Started process (PID=562) to work on /home/airflow/.local/lib/python3.12/site-packages/airflow/example_dags/example_latest_only_with_trigger.py
[2025-09-19T06:55:50.247+0000] {processor.py:914} INFO - Processing file /home/airflow/.local/lib/python3.12/site-packages/airflow/example_dags/example_latest_only_with_trigger.py for tasks to queue
[2025-09-19T06:55:50.251+0000] {logging_mixin.py:190} INFO - [2025-09-19T06:55:50.251+0000] {dagbag.py:588} INFO - Filling up the DagBag from /home/airflow/.local/lib/python3.12/site-packages/airflow/example_dags/example_latest_only_with_trigger.py
[2025-09-19T06:55:50.265+0000] {processor.py:925} INFO - DAG(s) 'latest_only_with_trigger' retrieved from /home/airflow/.local/lib/python3.12/site-packages/airflow/example_dags/example_latest_only_with_trigger.py
[2025-09-19T06:55:50.300+0000] {logging_mixin.py:190} INFO - [2025-09-19T06:55:50.299+0000] {dag.py:3239} INFO - Sync 1 DAGs
[2025-09-19T06:55:50.344+0000] {logging_mixin.py:190} INFO - [2025-09-19T06:55:50.344+0000] {dag.py:4180} INFO - Setting next_dagrun for latest_only_with_trigger to 2025-09-19 00:00:00+00:00, run_after=2025-09-19 04:00:00+00:00
[2025-09-19T06:55:50.378+0000] {processor.py:208} INFO - Processing /home/airflow/.local/lib/python3.12/site-packages/airflow/example_dags/example_latest_only_with_trigger.py took 0.143 seconds
[2025-09-19T06:56:20.916+0000] {processor.py:186} INFO - Started process (PID=624) to work on /home/airflow/.local/lib/python3.12/site-packages/airflow/example_dags/example_latest_only_with_trigger.py
[2025-09-19T06:56:20.917+0000] {processor.py:914} INFO - Processing file /home/airflow/.local/lib/python3.12/site-packages/airflow/example_dags/example_latest_only_with_trigger.py for tasks to queue
[2025-09-19T06:56:20.921+0000] {logging_mixin.py:190} INFO - [2025-09-19T06:56:20.920+0000] {dagbag.py:588} INFO - Filling up the DagBag from /home/airflow/.local/lib/python3.12/site-packages/airflow/example_dags/example_latest_only_with_trigger.py
[2025-09-19T06:56:20.933+0000] {processor.py:925} INFO - DAG(s) 'latest_only_with_trigger' retrieved from /home/airflow/.local/lib/python3.12/site-packages/airflow/example_dags/example_latest_only_with_trigger.py
[2025-09-19T06:56:20.967+0000] {logging_mixin.py:190} INFO - [2025-09-19T06:56:20.966+0000] {dag.py:3239} INFO - Sync 1 DAGs
[2025-09-19T06:56:21.009+0000] {logging_mixin.py:190} INFO - [2025-09-19T06:56:21.008+0000] {dag.py:4180} INFO - Setting next_dagrun for latest_only_with_trigger to 2025-09-19 00:00:00+00:00, run_after=2025-09-19 04:00:00+00:00
[2025-09-19T06:56:21.041+0000] {processor.py:208} INFO - Processing /home/airflow/.local/lib/python3.12/site-packages/airflow/example_dags/example_latest_only_with_trigger.py took 0.134 seconds
[2025-09-19T06:56:51.774+0000] {processor.py:186} INFO - Started process (PID=687) to work on /home/airflow/.local/lib/python3.12/site-packages/airflow/example_dags/example_latest_only_with_trigger.py
[2025-09-19T06:56:51.776+0000] {processor.py:914} INFO - Processing file /home/airflow/.local/lib/python3.12/site-packages/airflow/example_dags/example_latest_only_with_trigger.py for tasks to queue
[2025-09-19T06:56:51.780+0000] {logging_mixin.py:190} INFO - [2025-09-19T06:56:51.779+0000] {dagbag.py:588} INFO - Filling up the DagBag from /home/airflow/.local/lib/python3.12/site-packages/airflow/example_dags/example_latest_only_with_trigger.py
[2025-09-19T06:56:51.792+0000] {processor.py:925} INFO - DAG(s) 'latest_only_with_trigger' retrieved from /home/airflow/.local/lib/python3.12/site-packages/airflow/example_dags/example_latest_only_with_trigger.py
[2025-09-19T06:56:51.825+0000] {logging_mixin.py:190} INFO - [2025-09-19T06:56:51.825+0000] {dag.py:3239} INFO - Sync 1 DAGs
[2025-09-19T06:56:51.867+0000] {logging_mixin.py:190} INFO - [2025-09-19T06:56:51.867+0000] {dag.py:4180} INFO - Setting next_dagrun for latest_only_with_trigger to 2025-09-19 00:00:00+00:00, run_after=2025-09-19 04:00:00+00:00
[2025-09-19T06:56:51.900+0000] {processor.py:208} INFO - Processing /home/airflow/.local/lib/python3.12/site-packages/airflow/example_dags/example_latest_only_with_trigger.py took 0.135 seconds
[2025-09-19T06:57:22.247+0000] {processor.py:186} INFO - Started process (PID=749) to work on /home/airflow/.local/lib/python3.12/site-packages/airflow/example_dags/example_latest_only_with_trigger.py
[2025-09-19T06:57:22.249+0000] {processor.py:914} INFO - Processing file /home/airflow/.local/lib/python3.12/site-packages/airflow/example_dags/example_latest_only_with_trigger.py for tasks to queue
[2025-09-19T06:57:22.252+0000] {logging_mixin.py:190} INFO - [2025-09-19T06:57:22.252+0000] {dagbag.py:588} INFO - Filling up the DagBag from /home/airflow/.local/lib/python3.12/site-packages/airflow/example_dags/example_latest_only_with_trigger.py
[2025-09-19T06:57:22.264+0000] {processor.py:925} INFO - DAG(s) 'latest_only_with_trigger' retrieved from /home/airflow/.local/lib/python3.12/site-packages/airflow/example_dags/example_latest_only_with_trigger.py
[2025-09-19T06:57:22.299+0000] {logging_mixin.py:190} INFO - [2025-09-19T06:57:22.298+0000] {dag.py:3239} INFO - Sync 1 DAGs
[2025-09-19T06:57:22.341+0000] {logging_mixin.py:190} INFO - [2025-09-19T06:57:22.340+0000] {dag.py:4180} INFO - Setting next_dagrun for latest_only_with_trigger to 2025-09-19 00:00:00+00:00, run_after=2025-09-19 04:00:00+00:00
[2025-09-19T06:57:22.375+0000] {processor.py:208} INFO - Processing /home/airflow/.local/lib/python3.12/site-packages/airflow/example_dags/example_latest_only_with_trigger.py took 0.137 seconds
[2025-09-19T06:57:52.703+0000] {processor.py:186} INFO - Started process (PID=811) to work on /home/airflow/.local/lib/python3.12/site-packages/airflow/example_dags/example_latest_only_with_trigger.py
[2025-09-19T06:57:52.704+0000] {processor.py:914} INFO - Processing file /home/airflow/.local/lib/python3.12/site-packages/airflow/example_dags/example_latest_only_with_trigger.py for tasks to queue
[2025-09-19T06:57:52.708+0000] {logging_mixin.py:190} INFO - [2025-09-19T06:57:52.707+0000] {dagbag.py:588} INFO - Filling up the DagBag from /home/airflow/.local/lib/python3.12/site-packages/airflow/example_dags/example_latest_only_with_trigger.py
[2025-09-19T06:57:52.720+0000] {processor.py:925} INFO - DAG(s) 'latest_only_with_trigger' retrieved from /home/airflow/.local/lib/python3.12/site-packages/airflow/example_dags/example_latest_only_with_trigger.py
[2025-09-19T06:57:52.755+0000] {logging_mixin.py:190} INFO - [2025-09-19T06:57:52.755+0000] {dag.py:3239} INFO - Sync 1 DAGs
[2025-09-19T06:57:52.798+0000] {logging_mixin.py:190} INFO - [2025-09-19T06:57:52.798+0000] {dag.py:4180} INFO - Setting next_dagrun for latest_only_with_trigger to 2025-09-19 00:00:00+00:00, run_after=2025-09-19 04:00:00+00:00
[2025-09-19T06:57:52.830+0000] {processor.py:208} INFO - Processing /home/airflow/.local/lib/python3.12/site-packages/airflow/example_dags/example_latest_only_with_trigger.py took 0.137 seconds
[2025-09-19T06:58:23.271+0000] {processor.py:186} INFO - Started process (PID=873) to work on /home/airflow/.local/lib/python3.12/site-packages/airflow/example_dags/example_latest_only_with_trigger.py
[2025-09-19T06:58:23.272+0000] {processor.py:914} INFO - Processing file /home/airflow/.local/lib/python3.12/site-packages/airflow/example_dags/example_latest_only_with_trigger.py for tasks to queue
[2025-09-19T06:58:23.276+0000] {logging_mixin.py:190} INFO - [2025-09-19T06:58:23.275+0000] {dagbag.py:588} INFO - Filling up the DagBag from /home/airflow/.local/lib/python3.12/site-packages/airflow/example_dags/example_latest_only_with_trigger.py
[2025-09-19T06:58:23.288+0000] {processor.py:925} INFO - DAG(s) 'latest_only_with_trigger' retrieved from /home/airflow/.local/lib/python3.12/site-packages/airflow/example_dags/example_latest_only_with_trigger.py
[2025-09-19T06:58:23.323+0000] {logging_mixin.py:190} INFO - [2025-09-19T06:58:23.323+0000] {dag.py:3239} INFO - Sync 1 DAGs
[2025-09-19T06:58:23.366+0000] {logging_mixin.py:190} INFO - [2025-09-19T06:58:23.365+0000] {dag.py:4180} INFO - Setting next_dagrun for latest_only_with_trigger to 2025-09-19 00:00:00+00:00, run_after=2025-09-19 04:00:00+00:00
[2025-09-19T06:58:23.396+0000] {processor.py:208} INFO - Processing /home/airflow/.local/lib/python3.12/site-packages/airflow/example_dags/example_latest_only_with_trigger.py took 0.135 seconds
[2025-09-19T06:58:54.380+0000] {processor.py:186} INFO - Started process (PID=935) to work on /home/airflow/.local/lib/python3.12/site-packages/airflow/example_dags/example_latest_only_with_trigger.py
[2025-09-19T06:58:54.381+0000] {processor.py:914} INFO - Processing file /home/airflow/.local/lib/python3.12/site-packages/airflow/example_dags/example_latest_only_with_trigger.py for tasks to queue
[2025-09-19T06:58:54.385+0000] {logging_mixin.py:190} INFO - [2025-09-19T06:58:54.384+0000] {dagbag.py:588} INFO - Filling up the DagBag from /home/airflow/.local/lib/python3.12/site-packages/airflow/example_dags/example_latest_only_with_trigger.py
[2025-09-19T06:58:54.397+0000] {processor.py:925} INFO - DAG(s) 'latest_only_with_trigger' retrieved from /home/airflow/.local/lib/python3.12/site-packages/airflow/example_dags/example_latest_only_with_trigger.py
[2025-09-19T06:58:54.433+0000] {logging_mixin.py:190} INFO - [2025-09-19T06:58:54.432+0000] {dag.py:3239} INFO - Sync 1 DAGs
[2025-09-19T06:58:54.475+0000] {logging_mixin.py:190} INFO - [2025-09-19T06:58:54.475+0000] {dag.py:4180} INFO - Setting next_dagrun for latest_only_with_trigger to 2025-09-19 00:00:00+00:00, run_after=2025-09-19 04:00:00+00:00
[2025-09-19T06:58:54.507+0000] {processor.py:208} INFO - Processing /home/airflow/.local/lib/python3.12/site-packages/airflow/example_dags/example_latest_only_with_trigger.py took 0.137 seconds
[2025-09-19T06:59:25.581+0000] {processor.py:186} INFO - Started process (PID=997) to work on /home/airflow/.local/lib/python3.12/site-packages/airflow/example_dags/example_latest_only_with_trigger.py
[2025-09-19T06:59:25.583+0000] {processor.py:914} INFO - Processing file /home/airflow/.local/lib/python3.12/site-packages/airflow/example_dags/example_latest_only_with_trigger.py for tasks to queue
[2025-09-19T06:59:25.587+0000] {logging_mixin.py:190} INFO - [2025-09-19T06:59:25.586+0000] {dagbag.py:588} INFO - Filling up the DagBag from /home/airflow/.local/lib/python3.12/site-packages/airflow/example_dags/example_latest_only_with_trigger.py
[2025-09-19T06:59:25.599+0000] {processor.py:925} INFO - DAG(s) 'latest_only_with_trigger' retrieved from /home/airflow/.local/lib/python3.12/site-packages/airflow/example_dags/example_latest_only_with_trigger.py
[2025-09-19T06:59:25.633+0000] {logging_mixin.py:190} INFO - [2025-09-19T06:59:25.632+0000] {dag.py:3239} INFO - Sync 1 DAGs
[2025-09-19T06:59:25.676+0000] {logging_mixin.py:190} INFO - [2025-09-19T06:59:25.676+0000] {dag.py:4180} INFO - Setting next_dagrun for latest_only_with_trigger to 2025-09-19 00:00:00+00:00, run_after=2025-09-19 04:00:00+00:00
[2025-09-19T06:59:25.709+0000] {processor.py:208} INFO - Processing /home/airflow/.local/lib/python3.12/site-packages/airflow/example_dags/example_latest_only_with_trigger.py took 0.137 seconds
[2025-09-19T06:59:56.339+0000] {processor.py:186} INFO - Started process (PID=1059) to work on /home/airflow/.local/lib/python3.12/site-packages/airflow/example_dags/example_latest_only_with_trigger.py
[2025-09-19T06:59:56.340+0000] {processor.py:914} INFO - Processing file /home/airflow/.local/lib/python3.12/site-packages/airflow/example_dags/example_latest_only_with_trigger.py for tasks to queue
[2025-09-19T06:59:56.344+0000] {logging_mixin.py:190} INFO - [2025-09-19T06:59:56.343+0000] {dagbag.py:588} INFO - Filling up the DagBag from /home/airflow/.local/lib/python3.12/site-packages/airflow/example_dags/example_latest_only_with_trigger.py
[2025-09-19T06:59:56.357+0000] {processor.py:925} INFO - DAG(s) 'latest_only_with_trigger' retrieved from /home/airflow/.local/lib/python3.12/site-packages/airflow/example_dags/example_latest_only_with_trigger.py
[2025-09-19T06:59:56.391+0000] {logging_mixin.py:190} INFO - [2025-09-19T06:59:56.391+0000] {dag.py:3239} INFO - Sync 1 DAGs
[2025-09-19T06:59:56.434+0000] {logging_mixin.py:190} INFO - [2025-09-19T06:59:56.433+0000] {dag.py:4180} INFO - Setting next_dagrun for latest_only_with_trigger to 2025-09-19 00:00:00+00:00, run_after=2025-09-19 04:00:00+00:00
[2025-09-19T06:59:56.466+0000] {processor.py:208} INFO - Processing /home/airflow/.local/lib/python3.12/site-packages/airflow/example_dags/example_latest_only_with_trigger.py took 0.137 seconds
[2025-09-19T07:00:27.236+0000] {processor.py:186} INFO - Started process (PID=1127) to work on /home/airflow/.local/lib/python3.12/site-packages/airflow/example_dags/example_latest_only_with_trigger.py
[2025-09-19T07:00:27.238+0000] {processor.py:914} INFO - Processing file /home/airflow/.local/lib/python3.12/site-packages/airflow/example_dags/example_latest_only_with_trigger.py for tasks to queue
[2025-09-19T07:00:27.241+0000] {logging_mixin.py:190} INFO - [2025-09-19T07:00:27.241+0000] {dagbag.py:588} INFO - Filling up the DagBag from /home/airflow/.local/lib/python3.12/site-packages/airflow/example_dags/example_latest_only_with_trigger.py
[2025-09-19T07:00:27.253+0000] {processor.py:925} INFO - DAG(s) 'latest_only_with_trigger' retrieved from /home/airflow/.local/lib/python3.12/site-packages/airflow/example_dags/example_latest_only_with_trigger.py
[2025-09-19T07:00:27.289+0000] {logging_mixin.py:190} INFO - [2025-09-19T07:00:27.288+0000] {dag.py:3239} INFO - Sync 1 DAGs
[2025-09-19T07:00:27.331+0000] {logging_mixin.py:190} INFO - [2025-09-19T07:00:27.330+0000] {dag.py:4180} INFO - Setting next_dagrun for latest_only_with_trigger to 2025-09-19 00:00:00+00:00, run_after=2025-09-19 04:00:00+00:00
[2025-09-19T07:00:27.362+0000] {processor.py:208} INFO - Processing /home/airflow/.local/lib/python3.12/site-packages/airflow/example_dags/example_latest_only_with_trigger.py took 0.135 seconds
[2025-09-19T07:00:57.688+0000] {processor.py:186} INFO - Started process (PID=1189) to work on /home/airflow/.local/lib/python3.12/site-packages/airflow/example_dags/example_latest_only_with_trigger.py
[2025-09-19T07:00:57.690+0000] {processor.py:914} INFO - Processing file /home/airflow/.local/lib/python3.12/site-packages/airflow/example_dags/example_latest_only_with_trigger.py for tasks to queue
[2025-09-19T07:00:57.694+0000] {logging_mixin.py:190} INFO - [2025-09-19T07:00:57.694+0000] {dagbag.py:588} INFO - Filling up the DagBag from /home/airflow/.local/lib/python3.12/site-packages/airflow/example_dags/example_latest_only_with_trigger.py
[2025-09-19T07:00:57.707+0000] {processor.py:925} INFO - DAG(s) 'latest_only_with_trigger' retrieved from /home/airflow/.local/lib/python3.12/site-packages/airflow/example_dags/example_latest_only_with_trigger.py
[2025-09-19T07:00:57.741+0000] {logging_mixin.py:190} INFO - [2025-09-19T07:00:57.741+0000] {dag.py:3239} INFO - Sync 1 DAGs
[2025-09-19T07:00:57.784+0000] {logging_mixin.py:190} INFO - [2025-09-19T07:00:57.783+0000] {dag.py:4180} INFO - Setting next_dagrun for latest_only_with_trigger to 2025-09-19 00:00:00+00:00, run_after=2025-09-19 04:00:00+00:00
[2025-09-19T07:00:57.816+0000] {processor.py:208} INFO - Processing /home/airflow/.local/lib/python3.12/site-packages/airflow/example_dags/example_latest_only_with_trigger.py took 0.137 seconds
[2025-09-19T07:01:28.404+0000] {processor.py:186} INFO - Started process (PID=1251) to work on /home/airflow/.local/lib/python3.12/site-packages/airflow/example_dags/example_latest_only_with_trigger.py
[2025-09-19T07:01:28.405+0000] {processor.py:914} INFO - Processing file /home/airflow/.local/lib/python3.12/site-packages/airflow/example_dags/example_latest_only_with_trigger.py for tasks to queue
[2025-09-19T07:01:28.409+0000] {logging_mixin.py:190} INFO - [2025-09-19T07:01:28.409+0000] {dagbag.py:588} INFO - Filling up the DagBag from /home/airflow/.local/lib/python3.12/site-packages/airflow/example_dags/example_latest_only_with_trigger.py
[2025-09-19T07:01:28.422+0000] {processor.py:925} INFO - DAG(s) 'latest_only_with_trigger' retrieved from /home/airflow/.local/lib/python3.12/site-packages/airflow/example_dags/example_latest_only_with_trigger.py
[2025-09-19T07:01:28.458+0000] {logging_mixin.py:190} INFO - [2025-09-19T07:01:28.457+0000] {dag.py:3239} INFO - Sync 1 DAGs
[2025-09-19T07:01:28.502+0000] {logging_mixin.py:190} INFO - [2025-09-19T07:01:28.501+0000] {dag.py:4180} INFO - Setting next_dagrun for latest_only_with_trigger to 2025-09-19 00:00:00+00:00, run_after=2025-09-19 04:00:00+00:00
[2025-09-19T07:01:28.533+0000] {processor.py:208} INFO - Processing /home/airflow/.local/lib/python3.12/site-packages/airflow/example_dags/example_latest_only_with_trigger.py took 0.139 seconds
[2025-09-19T07:01:59.222+0000] {processor.py:186} INFO - Started process (PID=1313) to work on /home/airflow/.local/lib/python3.12/site-packages/airflow/example_dags/example_latest_only_with_trigger.py
[2025-09-19T07:01:59.223+0000] {processor.py:914} INFO - Processing file /home/airflow/.local/lib/python3.12/site-packages/airflow/example_dags/example_latest_only_with_trigger.py for tasks to queue
[2025-09-19T07:01:59.227+0000] {logging_mixin.py:190} INFO - [2025-09-19T07:01:59.226+0000] {dagbag.py:588} INFO - Filling up the DagBag from /home/airflow/.local/lib/python3.12/site-packages/airflow/example_dags/example_latest_only_with_trigger.py
[2025-09-19T07:01:59.239+0000] {processor.py:925} INFO - DAG(s) 'latest_only_with_trigger' retrieved from /home/airflow/.local/lib/python3.12/site-packages/airflow/example_dags/example_latest_only_with_trigger.py
[2025-09-19T07:01:59.273+0000] {logging_mixin.py:190} INFO - [2025-09-19T07:01:59.272+0000] {dag.py:3239} INFO - Sync 1 DAGs
[2025-09-19T07:01:59.315+0000] {logging_mixin.py:190} INFO - [2025-09-19T07:01:59.315+0000] {dag.py:4180} INFO - Setting next_dagrun for latest_only_with_trigger to 2025-09-19 00:00:00+00:00, run_after=2025-09-19 04:00:00+00:00
[2025-09-19T07:01:59.349+0000] {processor.py:208} INFO - Processing /home/airflow/.local/lib/python3.12/site-packages/airflow/example_dags/example_latest_only_with_trigger.py took 0.137 seconds
[2025-09-19T07:02:29.829+0000] {processor.py:186} INFO - Started process (PID=1375) to work on /home/airflow/.local/lib/python3.12/site-packages/airflow/example_dags/example_latest_only_with_trigger.py
[2025-09-19T07:02:29.830+0000] {processor.py:914} INFO - Processing file /home/airflow/.local/lib/python3.12/site-packages/airflow/example_dags/example_latest_only_with_trigger.py for tasks to queue
[2025-09-19T07:02:29.834+0000] {logging_mixin.py:190} INFO - [2025-09-19T07:02:29.834+0000] {dagbag.py:588} INFO - Filling up the DagBag from /home/airflow/.local/lib/python3.12/site-packages/airflow/example_dags/example_latest_only_with_trigger.py
[2025-09-19T07:02:29.847+0000] {processor.py:925} INFO - DAG(s) 'latest_only_with_trigger' retrieved from /home/airflow/.local/lib/python3.12/site-packages/airflow/example_dags/example_latest_only_with_trigger.py
[2025-09-19T07:02:29.882+0000] {logging_mixin.py:190} INFO - [2025-09-19T07:02:29.881+0000] {dag.py:3239} INFO - Sync 1 DAGs
[2025-09-19T07:02:29.925+0000] {logging_mixin.py:190} INFO - [2025-09-19T07:02:29.924+0000] {dag.py:4180} INFO - Setting next_dagrun for latest_only_with_trigger to 2025-09-19 00:00:00+00:00, run_after=2025-09-19 04:00:00+00:00
[2025-09-19T07:02:29.958+0000] {processor.py:208} INFO - Processing /home/airflow/.local/lib/python3.12/site-packages/airflow/example_dags/example_latest_only_with_trigger.py took 0.139 seconds
[2025-09-19T07:03:00.548+0000] {processor.py:186} INFO - Started process (PID=1437) to work on /home/airflow/.local/lib/python3.12/site-packages/airflow/example_dags/example_latest_only_with_trigger.py
[2025-09-19T07:03:00.549+0000] {processor.py:914} INFO - Processing file /home/airflow/.local/lib/python3.12/site-packages/airflow/example_dags/example_latest_only_with_trigger.py for tasks to queue
[2025-09-19T07:03:00.553+0000] {logging_mixin.py:190} INFO - [2025-09-19T07:03:00.553+0000] {dagbag.py:588} INFO - Filling up the DagBag from /home/airflow/.local/lib/python3.12/site-packages/airflow/example_dags/example_latest_only_with_trigger.py
[2025-09-19T07:03:00.565+0000] {processor.py:925} INFO - DAG(s) 'latest_only_with_trigger' retrieved from /home/airflow/.local/lib/python3.12/site-packages/airflow/example_dags/example_latest_only_with_trigger.py
[2025-09-19T07:03:00.600+0000] {logging_mixin.py:190} INFO - [2025-09-19T07:03:00.600+0000] {dag.py:3239} INFO - Sync 1 DAGs
[2025-09-19T07:03:00.642+0000] {logging_mixin.py:190} INFO - [2025-09-19T07:03:00.642+0000] {dag.py:4180} INFO - Setting next_dagrun for latest_only_with_trigger to 2025-09-19 00:00:00+00:00, run_after=2025-09-19 04:00:00+00:00
[2025-09-19T07:03:00.674+0000] {processor.py:208} INFO - Processing /home/airflow/.local/lib/python3.12/site-packages/airflow/example_dags/example_latest_only_with_trigger.py took 0.135 seconds
[2025-09-19T07:03:31.282+0000] {processor.py:186} INFO - Started process (PID=1499) to work on /home/airflow/.local/lib/python3.12/site-packages/airflow/example_dags/example_latest_only_with_trigger.py
[2025-09-19T07:03:31.283+0000] {processor.py:914} INFO - Processing file /home/airflow/.local/lib/python3.12/site-packages/airflow/example_dags/example_latest_only_with_trigger.py for tasks to queue
[2025-09-19T07:03:31.287+0000] {logging_mixin.py:190} INFO - [2025-09-19T07:03:31.287+0000] {dagbag.py:588} INFO - Filling up the DagBag from /home/airflow/.local/lib/python3.12/site-packages/airflow/example_dags/example_latest_only_with_trigger.py
[2025-09-19T07:03:31.299+0000] {processor.py:925} INFO - DAG(s) 'latest_only_with_trigger' retrieved from /home/airflow/.local/lib/python3.12/site-packages/airflow/example_dags/example_latest_only_with_trigger.py
[2025-09-19T07:03:31.333+0000] {logging_mixin.py:190} INFO - [2025-09-19T07:03:31.332+0000] {dag.py:3239} INFO - Sync 1 DAGs
[2025-09-19T07:03:31.375+0000] {logging_mixin.py:190} INFO - [2025-09-19T07:03:31.375+0000] {dag.py:4180} INFO - Setting next_dagrun for latest_only_with_trigger to 2025-09-19 00:00:00+00:00, run_after=2025-09-19 04:00:00+00:00
[2025-09-19T07:03:31.405+0000] {processor.py:208} INFO - Processing /home/airflow/.local/lib/python3.12/site-packages/airflow/example_dags/example_latest_only_with_trigger.py took 0.133 seconds
[2025-09-19T07:04:02.116+0000] {processor.py:186} INFO - Started process (PID=1561) to work on /home/airflow/.local/lib/python3.12/site-packages/airflow/example_dags/example_latest_only_with_trigger.py
[2025-09-19T07:04:02.117+0000] {processor.py:914} INFO - Processing file /home/airflow/.local/lib/python3.12/site-packages/airflow/example_dags/example_latest_only_with_trigger.py for tasks to queue
[2025-09-19T07:04:02.121+0000] {logging_mixin.py:190} INFO - [2025-09-19T07:04:02.120+0000] {dagbag.py:588} INFO - Filling up the DagBag from /home/airflow/.local/lib/python3.12/site-packages/airflow/example_dags/example_latest_only_with_trigger.py
[2025-09-19T07:04:02.133+0000] {processor.py:925} INFO - DAG(s) 'latest_only_with_trigger' retrieved from /home/airflow/.local/lib/python3.12/site-packages/airflow/example_dags/example_latest_only_with_trigger.py
[2025-09-19T07:04:02.169+0000] {logging_mixin.py:190} INFO - [2025-09-19T07:04:02.169+0000] {dag.py:3239} INFO - Sync 1 DAGs
[2025-09-19T07:04:02.214+0000] {logging_mixin.py:190} INFO - [2025-09-19T07:04:02.214+0000] {dag.py:4180} INFO - Setting next_dagrun for latest_only_with_trigger to 2025-09-19 00:00:00+00:00, run_after=2025-09-19 04:00:00+00:00
[2025-09-19T07:04:02.247+0000] {processor.py:208} INFO - Processing /home/airflow/.local/lib/python3.12/site-packages/airflow/example_dags/example_latest_only_with_trigger.py took 0.141 seconds
[2025-09-19T07:04:32.457+0000] {processor.py:186} INFO - Started process (PID=1623) to work on /home/airflow/.local/lib/python3.12/site-packages/airflow/example_dags/example_latest_only_with_trigger.py
[2025-09-19T07:04:32.459+0000] {processor.py:914} INFO - Processing file /home/airflow/.local/lib/python3.12/site-packages/airflow/example_dags/example_latest_only_with_trigger.py for tasks to queue
[2025-09-19T07:04:32.463+0000] {logging_mixin.py:190} INFO - [2025-09-19T07:04:32.462+0000] {dagbag.py:588} INFO - Filling up the DagBag from /home/airflow/.local/lib/python3.12/site-packages/airflow/example_dags/example_latest_only_with_trigger.py
[2025-09-19T07:04:32.474+0000] {processor.py:925} INFO - DAG(s) 'latest_only_with_trigger' retrieved from /home/airflow/.local/lib/python3.12/site-packages/airflow/example_dags/example_latest_only_with_trigger.py
[2025-09-19T07:04:32.509+0000] {logging_mixin.py:190} INFO - [2025-09-19T07:04:32.509+0000] {dag.py:3239} INFO - Sync 1 DAGs
[2025-09-19T07:04:32.551+0000] {logging_mixin.py:190} INFO - [2025-09-19T07:04:32.551+0000] {dag.py:4180} INFO - Setting next_dagrun for latest_only_with_trigger to 2025-09-19 00:00:00+00:00, run_after=2025-09-19 04:00:00+00:00
[2025-09-19T07:04:32.582+0000] {processor.py:208} INFO - Processing /home/airflow/.local/lib/python3.12/site-packages/airflow/example_dags/example_latest_only_with_trigger.py took 0.134 seconds
[2025-09-19T07:05:03.313+0000] {processor.py:186} INFO - Started process (PID=1685) to work on /home/airflow/.local/lib/python3.12/site-packages/airflow/example_dags/example_latest_only_with_trigger.py
[2025-09-19T07:05:03.314+0000] {processor.py:914} INFO - Processing file /home/airflow/.local/lib/python3.12/site-packages/airflow/example_dags/example_latest_only_with_trigger.py for tasks to queue
[2025-09-19T07:05:03.318+0000] {logging_mixin.py:190} INFO - [2025-09-19T07:05:03.317+0000] {dagbag.py:588} INFO - Filling up the DagBag from /home/airflow/.local/lib/python3.12/site-packages/airflow/example_dags/example_latest_only_with_trigger.py
[2025-09-19T07:05:03.329+0000] {processor.py:925} INFO - DAG(s) 'latest_only_with_trigger' retrieved from /home/airflow/.local/lib/python3.12/site-packages/airflow/example_dags/example_latest_only_with_trigger.py
[2025-09-19T07:05:03.367+0000] {logging_mixin.py:190} INFO - [2025-09-19T07:05:03.367+0000] {dag.py:3239} INFO - Sync 1 DAGs
[2025-09-19T07:05:03.413+0000] {logging_mixin.py:190} INFO - [2025-09-19T07:05:03.413+0000] {dag.py:4180} INFO - Setting next_dagrun for latest_only_with_trigger to 2025-09-19 00:00:00+00:00, run_after=2025-09-19 04:00:00+00:00
[2025-09-19T07:05:03.444+0000] {processor.py:208} INFO - Processing /home/airflow/.local/lib/python3.12/site-packages/airflow/example_dags/example_latest_only_with_trigger.py took 0.141 seconds
[2025-09-19T07:05:34.031+0000] {processor.py:186} INFO - Started process (PID=1753) to work on /home/airflow/.local/lib/python3.12/site-packages/airflow/example_dags/example_latest_only_with_trigger.py
[2025-09-19T07:05:34.033+0000] {processor.py:914} INFO - Processing file /home/airflow/.local/lib/python3.12/site-packages/airflow/example_dags/example_latest_only_with_trigger.py for tasks to queue
[2025-09-19T07:05:34.037+0000] {logging_mixin.py:190} INFO - [2025-09-19T07:05:34.036+0000] {dagbag.py:588} INFO - Filling up the DagBag from /home/airflow/.local/lib/python3.12/site-packages/airflow/example_dags/example_latest_only_with_trigger.py
[2025-09-19T07:05:34.049+0000] {processor.py:925} INFO - DAG(s) 'latest_only_with_trigger' retrieved from /home/airflow/.local/lib/python3.12/site-packages/airflow/example_dags/example_latest_only_with_trigger.py
[2025-09-19T07:05:34.083+0000] {logging_mixin.py:190} INFO - [2025-09-19T07:05:34.082+0000] {dag.py:3239} INFO - Sync 1 DAGs
[2025-09-19T07:05:34.126+0000] {logging_mixin.py:190} INFO - [2025-09-19T07:05:34.125+0000] {dag.py:4180} INFO - Setting next_dagrun for latest_only_with_trigger to 2025-09-19 00:00:00+00:00, run_after=2025-09-19 04:00:00+00:00
[2025-09-19T07:05:34.162+0000] {processor.py:208} INFO - Processing /home/airflow/.local/lib/python3.12/site-packages/airflow/example_dags/example_latest_only_with_trigger.py took 0.141 seconds
[2025-09-19T07:06:04.522+0000] {processor.py:186} INFO - Started process (PID=1815) to work on /home/airflow/.local/lib/python3.12/site-packages/airflow/example_dags/example_latest_only_with_trigger.py
[2025-09-19T07:06:04.523+0000] {processor.py:914} INFO - Processing file /home/airflow/.local/lib/python3.12/site-packages/airflow/example_dags/example_latest_only_with_trigger.py for tasks to queue
[2025-09-19T07:06:04.527+0000] {logging_mixin.py:190} INFO - [2025-09-19T07:06:04.527+0000] {dagbag.py:588} INFO - Filling up the DagBag from /home/airflow/.local/lib/python3.12/site-packages/airflow/example_dags/example_latest_only_with_trigger.py
[2025-09-19T07:06:04.539+0000] {processor.py:925} INFO - DAG(s) 'latest_only_with_trigger' retrieved from /home/airflow/.local/lib/python3.12/site-packages/airflow/example_dags/example_latest_only_with_trigger.py
[2025-09-19T07:06:04.572+0000] {logging_mixin.py:190} INFO - [2025-09-19T07:06:04.571+0000] {dag.py:3239} INFO - Sync 1 DAGs
[2025-09-19T07:06:04.616+0000] {logging_mixin.py:190} INFO - [2025-09-19T07:06:04.616+0000] {dag.py:4180} INFO - Setting next_dagrun for latest_only_with_trigger to 2025-09-19 00:00:00+00:00, run_after=2025-09-19 04:00:00+00:00
[2025-09-19T07:06:04.649+0000] {processor.py:208} INFO - Processing /home/airflow/.local/lib/python3.12/site-packages/airflow/example_dags/example_latest_only_with_trigger.py took 0.138 seconds
[2025-09-19T07:06:34.828+0000] {processor.py:186} INFO - Started process (PID=1877) to work on /home/airflow/.local/lib/python3.12/site-packages/airflow/example_dags/example_latest_only_with_trigger.py
[2025-09-19T07:06:34.829+0000] {processor.py:914} INFO - Processing file /home/airflow/.local/lib/python3.12/site-packages/airflow/example_dags/example_latest_only_with_trigger.py for tasks to queue
[2025-09-19T07:06:34.833+0000] {logging_mixin.py:190} INFO - [2025-09-19T07:06:34.832+0000] {dagbag.py:588} INFO - Filling up the DagBag from /home/airflow/.local/lib/python3.12/site-packages/airflow/example_dags/example_latest_only_with_trigger.py
[2025-09-19T07:06:34.844+0000] {processor.py:925} INFO - DAG(s) 'latest_only_with_trigger' retrieved from /home/airflow/.local/lib/python3.12/site-packages/airflow/example_dags/example_latest_only_with_trigger.py
[2025-09-19T07:06:34.879+0000] {logging_mixin.py:190} INFO - [2025-09-19T07:06:34.879+0000] {dag.py:3239} INFO - Sync 1 DAGs
[2025-09-19T07:06:34.921+0000] {logging_mixin.py:190} INFO - [2025-09-19T07:06:34.920+0000] {dag.py:4180} INFO - Setting next_dagrun for latest_only_with_trigger to 2025-09-19 00:00:00+00:00, run_after=2025-09-19 04:00:00+00:00
[2025-09-19T07:06:34.953+0000] {processor.py:208} INFO - Processing /home/airflow/.local/lib/python3.12/site-packages/airflow/example_dags/example_latest_only_with_trigger.py took 0.135 seconds
[2025-09-19T07:07:05.366+0000] {processor.py:186} INFO - Started process (PID=1939) to work on /home/airflow/.local/lib/python3.12/site-packages/airflow/example_dags/example_latest_only_with_trigger.py
[2025-09-19T07:07:05.368+0000] {processor.py:914} INFO - Processing file /home/airflow/.local/lib/python3.12/site-packages/airflow/example_dags/example_latest_only_with_trigger.py for tasks to queue
[2025-09-19T07:07:05.371+0000] {logging_mixin.py:190} INFO - [2025-09-19T07:07:05.371+0000] {dagbag.py:588} INFO - Filling up the DagBag from /home/airflow/.local/lib/python3.12/site-packages/airflow/example_dags/example_latest_only_with_trigger.py
[2025-09-19T07:07:05.384+0000] {processor.py:925} INFO - DAG(s) 'latest_only_with_trigger' retrieved from /home/airflow/.local/lib/python3.12/site-packages/airflow/example_dags/example_latest_only_with_trigger.py
[2025-09-19T07:07:05.419+0000] {logging_mixin.py:190} INFO - [2025-09-19T07:07:05.418+0000] {dag.py:3239} INFO - Sync 1 DAGs
[2025-09-19T07:07:05.459+0000] {logging_mixin.py:190} INFO - [2025-09-19T07:07:05.459+0000] {dag.py:4180} INFO - Setting next_dagrun for latest_only_with_trigger to 2025-09-19 00:00:00+00:00, run_after=2025-09-19 04:00:00+00:00
[2025-09-19T07:07:05.493+0000] {processor.py:208} INFO - Processing /home/airflow/.local/lib/python3.12/site-packages/airflow/example_dags/example_latest_only_with_trigger.py took 0.137 seconds
[2025-09-19T07:07:36.219+0000] {processor.py:186} INFO - Started process (PID=2001) to work on /home/airflow/.local/lib/python3.12/site-packages/airflow/example_dags/example_latest_only_with_trigger.py
[2025-09-19T07:07:36.221+0000] {processor.py:914} INFO - Processing file /home/airflow/.local/lib/python3.12/site-packages/airflow/example_dags/example_latest_only_with_trigger.py for tasks to queue
[2025-09-19T07:07:36.225+0000] {logging_mixin.py:190} INFO - [2025-09-19T07:07:36.224+0000] {dagbag.py:588} INFO - Filling up the DagBag from /home/airflow/.local/lib/python3.12/site-packages/airflow/example_dags/example_latest_only_with_trigger.py
[2025-09-19T07:07:36.238+0000] {processor.py:925} INFO - DAG(s) 'latest_only_with_trigger' retrieved from /home/airflow/.local/lib/python3.12/site-packages/airflow/example_dags/example_latest_only_with_trigger.py
[2025-09-19T07:07:36.272+0000] {logging_mixin.py:190} INFO - [2025-09-19T07:07:36.271+0000] {dag.py:3239} INFO - Sync 1 DAGs
[2025-09-19T07:07:36.314+0000] {logging_mixin.py:190} INFO - [2025-09-19T07:07:36.314+0000] {dag.py:4180} INFO - Setting next_dagrun for latest_only_with_trigger to 2025-09-19 00:00:00+00:00, run_after=2025-09-19 04:00:00+00:00
[2025-09-19T07:07:36.347+0000] {processor.py:208} INFO - Processing /home/airflow/.local/lib/python3.12/site-packages/airflow/example_dags/example_latest_only_with_trigger.py took 0.137 seconds
[2025-09-19T07:08:07.404+0000] {processor.py:186} INFO - Started process (PID=2063) to work on /home/airflow/.local/lib/python3.12/site-packages/airflow/example_dags/example_latest_only_with_trigger.py
[2025-09-19T07:08:07.406+0000] {processor.py:914} INFO - Processing file /home/airflow/.local/lib/python3.12/site-packages/airflow/example_dags/example_latest_only_with_trigger.py for tasks to queue
[2025-09-19T07:08:07.410+0000] {logging_mixin.py:190} INFO - [2025-09-19T07:08:07.410+0000] {dagbag.py:588} INFO - Filling up the DagBag from /home/airflow/.local/lib/python3.12/site-packages/airflow/example_dags/example_latest_only_with_trigger.py
[2025-09-19T07:08:07.423+0000] {processor.py:925} INFO - DAG(s) 'latest_only_with_trigger' retrieved from /home/airflow/.local/lib/python3.12/site-packages/airflow/example_dags/example_latest_only_with_trigger.py
[2025-09-19T07:08:07.456+0000] {logging_mixin.py:190} INFO - [2025-09-19T07:08:07.455+0000] {dag.py:3239} INFO - Sync 1 DAGs
[2025-09-19T07:08:07.497+0000] {logging_mixin.py:190} INFO - [2025-09-19T07:08:07.496+0000] {dag.py:4180} INFO - Setting next_dagrun for latest_only_with_trigger to 2025-09-19 00:00:00+00:00, run_after=2025-09-19 04:00:00+00:00
[2025-09-19T07:08:07.528+0000] {processor.py:208} INFO - Processing /home/airflow/.local/lib/python3.12/site-packages/airflow/example_dags/example_latest_only_with_trigger.py took 0.134 seconds
[2025-09-19T07:08:38.934+0000] {processor.py:186} INFO - Started process (PID=2125) to work on /home/airflow/.local/lib/python3.12/site-packages/airflow/example_dags/example_latest_only_with_trigger.py
[2025-09-19T07:08:38.935+0000] {processor.py:914} INFO - Processing file /home/airflow/.local/lib/python3.12/site-packages/airflow/example_dags/example_latest_only_with_trigger.py for tasks to queue
[2025-09-19T07:08:38.939+0000] {logging_mixin.py:190} INFO - [2025-09-19T07:08:38.939+0000] {dagbag.py:588} INFO - Filling up the DagBag from /home/airflow/.local/lib/python3.12/site-packages/airflow/example_dags/example_latest_only_with_trigger.py
[2025-09-19T07:08:38.951+0000] {processor.py:925} INFO - DAG(s) 'latest_only_with_trigger' retrieved from /home/airflow/.local/lib/python3.12/site-packages/airflow/example_dags/example_latest_only_with_trigger.py
[2025-09-19T07:08:38.986+0000] {logging_mixin.py:190} INFO - [2025-09-19T07:08:38.985+0000] {dag.py:3239} INFO - Sync 1 DAGs
[2025-09-19T07:08:39.030+0000] {logging_mixin.py:190} INFO - [2025-09-19T07:08:39.029+0000] {dag.py:4180} INFO - Setting next_dagrun for latest_only_with_trigger to 2025-09-19 00:00:00+00:00, run_after=2025-09-19 04:00:00+00:00
[2025-09-19T07:08:39.062+0000] {processor.py:208} INFO - Processing /home/airflow/.local/lib/python3.12/site-packages/airflow/example_dags/example_latest_only_with_trigger.py took 0.138 seconds
[2025-09-19T07:09:09.532+0000] {processor.py:186} INFO - Started process (PID=2187) to work on /home/airflow/.local/lib/python3.12/site-packages/airflow/example_dags/example_latest_only_with_trigger.py
[2025-09-19T07:09:09.533+0000] {processor.py:914} INFO - Processing file /home/airflow/.local/lib/python3.12/site-packages/airflow/example_dags/example_latest_only_with_trigger.py for tasks to queue
[2025-09-19T07:09:09.537+0000] {logging_mixin.py:190} INFO - [2025-09-19T07:09:09.537+0000] {dagbag.py:588} INFO - Filling up the DagBag from /home/airflow/.local/lib/python3.12/site-packages/airflow/example_dags/example_latest_only_with_trigger.py
[2025-09-19T07:09:09.549+0000] {processor.py:925} INFO - DAG(s) 'latest_only_with_trigger' retrieved from /home/airflow/.local/lib/python3.12/site-packages/airflow/example_dags/example_latest_only_with_trigger.py
[2025-09-19T07:09:09.582+0000] {logging_mixin.py:190} INFO - [2025-09-19T07:09:09.582+0000] {dag.py:3239} INFO - Sync 1 DAGs
[2025-09-19T07:09:09.624+0000] {logging_mixin.py:190} INFO - [2025-09-19T07:09:09.623+0000] {dag.py:4180} INFO - Setting next_dagrun for latest_only_with_trigger to 2025-09-19 00:00:00+00:00, run_after=2025-09-19 04:00:00+00:00
[2025-09-19T07:09:09.654+0000] {processor.py:208} INFO - Processing /home/airflow/.local/lib/python3.12/site-packages/airflow/example_dags/example_latest_only_with_trigger.py took 0.132 seconds
[2025-09-19T07:09:40.927+0000] {processor.py:186} INFO - Started process (PID=2249) to work on /home/airflow/.local/lib/python3.12/site-packages/airflow/example_dags/example_latest_only_with_trigger.py
[2025-09-19T07:09:40.928+0000] {processor.py:914} INFO - Processing file /home/airflow/.local/lib/python3.12/site-packages/airflow/example_dags/example_latest_only_with_trigger.py for tasks to queue
[2025-09-19T07:09:40.932+0000] {logging_mixin.py:190} INFO - [2025-09-19T07:09:40.931+0000] {dagbag.py:588} INFO - Filling up the DagBag from /home/airflow/.local/lib/python3.12/site-packages/airflow/example_dags/example_latest_only_with_trigger.py
[2025-09-19T07:09:40.944+0000] {processor.py:925} INFO - DAG(s) 'latest_only_with_trigger' retrieved from /home/airflow/.local/lib/python3.12/site-packages/airflow/example_dags/example_latest_only_with_trigger.py
[2025-09-19T07:09:40.977+0000] {logging_mixin.py:190} INFO - [2025-09-19T07:09:40.977+0000] {dag.py:3239} INFO - Sync 1 DAGs
[2025-09-19T07:09:41.018+0000] {logging_mixin.py:190} INFO - [2025-09-19T07:09:41.018+0000] {dag.py:4180} INFO - Setting next_dagrun for latest_only_with_trigger to 2025-09-19 00:00:00+00:00, run_after=2025-09-19 04:00:00+00:00
[2025-09-19T07:09:41.049+0000] {processor.py:208} INFO - Processing /home/airflow/.local/lib/python3.12/site-packages/airflow/example_dags/example_latest_only_with_trigger.py took 0.132 seconds
[2025-09-19T07:10:12.685+0000] {processor.py:186} INFO - Started process (PID=2317) to work on /home/airflow/.local/lib/python3.12/site-packages/airflow/example_dags/example_latest_only_with_trigger.py
[2025-09-19T07:10:12.686+0000] {processor.py:914} INFO - Processing file /home/airflow/.local/lib/python3.12/site-packages/airflow/example_dags/example_latest_only_with_trigger.py for tasks to queue
[2025-09-19T07:10:12.690+0000] {logging_mixin.py:190} INFO - [2025-09-19T07:10:12.689+0000] {dagbag.py:588} INFO - Filling up the DagBag from /home/airflow/.local/lib/python3.12/site-packages/airflow/example_dags/example_latest_only_with_trigger.py
[2025-09-19T07:10:12.702+0000] {processor.py:925} INFO - DAG(s) 'latest_only_with_trigger' retrieved from /home/airflow/.local/lib/python3.12/site-packages/airflow/example_dags/example_latest_only_with_trigger.py
[2025-09-19T07:10:12.736+0000] {logging_mixin.py:190} INFO - [2025-09-19T07:10:12.736+0000] {dag.py:3239} INFO - Sync 1 DAGs
[2025-09-19T07:10:12.777+0000] {logging_mixin.py:190} INFO - [2025-09-19T07:10:12.777+0000] {dag.py:4180} INFO - Setting next_dagrun for latest_only_with_trigger to 2025-09-19 00:00:00+00:00, run_after=2025-09-19 04:00:00+00:00
[2025-09-19T07:10:12.808+0000] {processor.py:208} INFO - Processing /home/airflow/.local/lib/python3.12/site-packages/airflow/example_dags/example_latest_only_with_trigger.py took 0.133 seconds
[2025-09-19T07:10:42.905+0000] {processor.py:186} INFO - Started process (PID=2379) to work on /home/airflow/.local/lib/python3.12/site-packages/airflow/example_dags/example_latest_only_with_trigger.py
[2025-09-19T07:10:42.906+0000] {processor.py:914} INFO - Processing file /home/airflow/.local/lib/python3.12/site-packages/airflow/example_dags/example_latest_only_with_trigger.py for tasks to queue
[2025-09-19T07:10:42.910+0000] {logging_mixin.py:190} INFO - [2025-09-19T07:10:42.909+0000] {dagbag.py:588} INFO - Filling up the DagBag from /home/airflow/.local/lib/python3.12/site-packages/airflow/example_dags/example_latest_only_with_trigger.py
[2025-09-19T07:10:42.922+0000] {processor.py:925} INFO - DAG(s) 'latest_only_with_trigger' retrieved from /home/airflow/.local/lib/python3.12/site-packages/airflow/example_dags/example_latest_only_with_trigger.py
[2025-09-19T07:10:42.955+0000] {logging_mixin.py:190} INFO - [2025-09-19T07:10:42.955+0000] {dag.py:3239} INFO - Sync 1 DAGs
[2025-09-19T07:10:42.997+0000] {logging_mixin.py:190} INFO - [2025-09-19T07:10:42.996+0000] {dag.py:4180} INFO - Setting next_dagrun for latest_only_with_trigger to 2025-09-19 00:00:00+00:00, run_after=2025-09-19 04:00:00+00:00
[2025-09-19T07:10:43.028+0000] {processor.py:208} INFO - Processing /home/airflow/.local/lib/python3.12/site-packages/airflow/example_dags/example_latest_only_with_trigger.py took 0.133 seconds
[2025-09-19T07:11:13.630+0000] {processor.py:186} INFO - Started process (PID=2441) to work on /home/airflow/.local/lib/python3.12/site-packages/airflow/example_dags/example_latest_only_with_trigger.py
[2025-09-19T07:11:13.631+0000] {processor.py:914} INFO - Processing file /home/airflow/.local/lib/python3.12/site-packages/airflow/example_dags/example_latest_only_with_trigger.py for tasks to queue
[2025-09-19T07:11:13.635+0000] {logging_mixin.py:190} INFO - [2025-09-19T07:11:13.635+0000] {dagbag.py:588} INFO - Filling up the DagBag from /home/airflow/.local/lib/python3.12/site-packages/airflow/example_dags/example_latest_only_with_trigger.py
[2025-09-19T07:11:13.647+0000] {processor.py:925} INFO - DAG(s) 'latest_only_with_trigger' retrieved from /home/airflow/.local/lib/python3.12/site-packages/airflow/example_dags/example_latest_only_with_trigger.py
[2025-09-19T07:11:13.681+0000] {logging_mixin.py:190} INFO - [2025-09-19T07:11:13.681+0000] {dag.py:3239} INFO - Sync 1 DAGs
[2025-09-19T07:11:13.725+0000] {logging_mixin.py:190} INFO - [2025-09-19T07:11:13.724+0000] {dag.py:4180} INFO - Setting next_dagrun for latest_only_with_trigger to 2025-09-19 00:00:00+00:00, run_after=2025-09-19 04:00:00+00:00
[2025-09-19T07:11:13.756+0000] {processor.py:208} INFO - Processing /home/airflow/.local/lib/python3.12/site-packages/airflow/example_dags/example_latest_only_with_trigger.py took 0.136 seconds
[2025-09-19T07:11:45.064+0000] {processor.py:186} INFO - Started process (PID=2503) to work on /home/airflow/.local/lib/python3.12/site-packages/airflow/example_dags/example_latest_only_with_trigger.py
[2025-09-19T07:11:45.065+0000] {processor.py:914} INFO - Processing file /home/airflow/.local/lib/python3.12/site-packages/airflow/example_dags/example_latest_only_with_trigger.py for tasks to queue
[2025-09-19T07:11:45.069+0000] {logging_mixin.py:190} INFO - [2025-09-19T07:11:45.068+0000] {dagbag.py:588} INFO - Filling up the DagBag from /home/airflow/.local/lib/python3.12/site-packages/airflow/example_dags/example_latest_only_with_trigger.py
[2025-09-19T07:11:45.081+0000] {processor.py:925} INFO - DAG(s) 'latest_only_with_trigger' retrieved from /home/airflow/.local/lib/python3.12/site-packages/airflow/example_dags/example_latest_only_with_trigger.py
[2025-09-19T07:11:45.116+0000] {logging_mixin.py:190} INFO - [2025-09-19T07:11:45.116+0000] {dag.py:3239} INFO - Sync 1 DAGs
[2025-09-19T07:11:45.156+0000] {logging_mixin.py:190} INFO - [2025-09-19T07:11:45.155+0000] {dag.py:4180} INFO - Setting next_dagrun for latest_only_with_trigger to 2025-09-19 00:00:00+00:00, run_after=2025-09-19 04:00:00+00:00
[2025-09-19T07:11:45.189+0000] {processor.py:208} INFO - Processing /home/airflow/.local/lib/python3.12/site-packages/airflow/example_dags/example_latest_only_with_trigger.py took 0.134 seconds
[2025-09-19T07:12:16.235+0000] {processor.py:186} INFO - Started process (PID=2565) to work on /home/airflow/.local/lib/python3.12/site-packages/airflow/example_dags/example_latest_only_with_trigger.py
[2025-09-19T07:12:16.236+0000] {processor.py:914} INFO - Processing file /home/airflow/.local/lib/python3.12/site-packages/airflow/example_dags/example_latest_only_with_trigger.py for tasks to queue
[2025-09-19T07:12:16.240+0000] {logging_mixin.py:190} INFO - [2025-09-19T07:12:16.239+0000] {dagbag.py:588} INFO - Filling up the DagBag from /home/airflow/.local/lib/python3.12/site-packages/airflow/example_dags/example_latest_only_with_trigger.py
[2025-09-19T07:12:16.252+0000] {processor.py:925} INFO - DAG(s) 'latest_only_with_trigger' retrieved from /home/airflow/.local/lib/python3.12/site-packages/airflow/example_dags/example_latest_only_with_trigger.py
[2025-09-19T07:12:16.288+0000] {logging_mixin.py:190} INFO - [2025-09-19T07:12:16.287+0000] {dag.py:3239} INFO - Sync 1 DAGs
[2025-09-19T07:12:16.336+0000] {logging_mixin.py:190} INFO - [2025-09-19T07:12:16.336+0000] {dag.py:4180} INFO - Setting next_dagrun for latest_only_with_trigger to 2025-09-19 00:00:00+00:00, run_after=2025-09-19 04:00:00+00:00
[2025-09-19T07:12:16.366+0000] {processor.py:208} INFO - Processing /home/airflow/.local/lib/python3.12/site-packages/airflow/example_dags/example_latest_only_with_trigger.py took 0.141 seconds
[2025-09-19T07:12:48.096+0000] {processor.py:186} INFO - Started process (PID=2627) to work on /home/airflow/.local/lib/python3.12/site-packages/airflow/example_dags/example_latest_only_with_trigger.py
[2025-09-19T07:12:48.098+0000] {processor.py:914} INFO - Processing file /home/airflow/.local/lib/python3.12/site-packages/airflow/example_dags/example_latest_only_with_trigger.py for tasks to queue
[2025-09-19T07:12:48.101+0000] {logging_mixin.py:190} INFO - [2025-09-19T07:12:48.101+0000] {dagbag.py:588} INFO - Filling up the DagBag from /home/airflow/.local/lib/python3.12/site-packages/airflow/example_dags/example_latest_only_with_trigger.py
[2025-09-19T07:12:48.113+0000] {processor.py:925} INFO - DAG(s) 'latest_only_with_trigger' retrieved from /home/airflow/.local/lib/python3.12/site-packages/airflow/example_dags/example_latest_only_with_trigger.py
[2025-09-19T07:12:48.148+0000] {logging_mixin.py:190} INFO - [2025-09-19T07:12:48.147+0000] {dag.py:3239} INFO - Sync 1 DAGs
[2025-09-19T07:12:48.194+0000] {logging_mixin.py:190} INFO - [2025-09-19T07:12:48.193+0000] {dag.py:4180} INFO - Setting next_dagrun for latest_only_with_trigger to 2025-09-19 00:00:00+00:00, run_after=2025-09-19 04:00:00+00:00
[2025-09-19T07:12:48.228+0000] {processor.py:208} INFO - Processing /home/airflow/.local/lib/python3.12/site-packages/airflow/example_dags/example_latest_only_with_trigger.py took 0.141 seconds
[2025-09-19T07:13:18.544+0000] {processor.py:186} INFO - Started process (PID=2689) to work on /home/airflow/.local/lib/python3.12/site-packages/airflow/example_dags/example_latest_only_with_trigger.py
[2025-09-19T07:13:18.545+0000] {processor.py:914} INFO - Processing file /home/airflow/.local/lib/python3.12/site-packages/airflow/example_dags/example_latest_only_with_trigger.py for tasks to queue
[2025-09-19T07:13:18.549+0000] {logging_mixin.py:190} INFO - [2025-09-19T07:13:18.549+0000] {dagbag.py:588} INFO - Filling up the DagBag from /home/airflow/.local/lib/python3.12/site-packages/airflow/example_dags/example_latest_only_with_trigger.py
[2025-09-19T07:13:18.561+0000] {processor.py:925} INFO - DAG(s) 'latest_only_with_trigger' retrieved from /home/airflow/.local/lib/python3.12/site-packages/airflow/example_dags/example_latest_only_with_trigger.py
[2025-09-19T07:13:18.596+0000] {logging_mixin.py:190} INFO - [2025-09-19T07:13:18.595+0000] {dag.py:3239} INFO - Sync 1 DAGs
[2025-09-19T07:13:18.636+0000] {logging_mixin.py:190} INFO - [2025-09-19T07:13:18.635+0000] {dag.py:4180} INFO - Setting next_dagrun for latest_only_with_trigger to 2025-09-19 00:00:00+00:00, run_after=2025-09-19 04:00:00+00:00
[2025-09-19T07:13:18.667+0000] {processor.py:208} INFO - Processing /home/airflow/.local/lib/python3.12/site-packages/airflow/example_dags/example_latest_only_with_trigger.py took 0.133 seconds
[2025-09-19T07:13:49.128+0000] {processor.py:186} INFO - Started process (PID=2751) to work on /home/airflow/.local/lib/python3.12/site-packages/airflow/example_dags/example_latest_only_with_trigger.py
[2025-09-19T07:13:49.129+0000] {processor.py:914} INFO - Processing file /home/airflow/.local/lib/python3.12/site-packages/airflow/example_dags/example_latest_only_with_trigger.py for tasks to queue
[2025-09-19T07:13:49.133+0000] {logging_mixin.py:190} INFO - [2025-09-19T07:13:49.133+0000] {dagbag.py:588} INFO - Filling up the DagBag from /home/airflow/.local/lib/python3.12/site-packages/airflow/example_dags/example_latest_only_with_trigger.py
[2025-09-19T07:13:49.146+0000] {processor.py:925} INFO - DAG(s) 'latest_only_with_trigger' retrieved from /home/airflow/.local/lib/python3.12/site-packages/airflow/example_dags/example_latest_only_with_trigger.py
[2025-09-19T07:13:49.182+0000] {logging_mixin.py:190} INFO - [2025-09-19T07:13:49.181+0000] {dag.py:3239} INFO - Sync 1 DAGs
[2025-09-19T07:13:49.222+0000] {logging_mixin.py:190} INFO - [2025-09-19T07:13:49.222+0000] {dag.py:4180} INFO - Setting next_dagrun for latest_only_with_trigger to 2025-09-19 00:00:00+00:00, run_after=2025-09-19 04:00:00+00:00
[2025-09-19T07:13:49.255+0000] {processor.py:208} INFO - Processing /home/airflow/.local/lib/python3.12/site-packages/airflow/example_dags/example_latest_only_with_trigger.py took 0.137 seconds
[2025-09-19T07:14:19.934+0000] {processor.py:186} INFO - Started process (PID=2819) to work on /home/airflow/.local/lib/python3.12/site-packages/airflow/example_dags/example_latest_only_with_trigger.py
[2025-09-19T07:14:19.935+0000] {processor.py:914} INFO - Processing file /home/airflow/.local/lib/python3.12/site-packages/airflow/example_dags/example_latest_only_with_trigger.py for tasks to queue
[2025-09-19T07:14:19.939+0000] {logging_mixin.py:190} INFO - [2025-09-19T07:14:19.939+0000] {dagbag.py:588} INFO - Filling up the DagBag from /home/airflow/.local/lib/python3.12/site-packages/airflow/example_dags/example_latest_only_with_trigger.py
[2025-09-19T07:14:19.952+0000] {processor.py:925} INFO - DAG(s) 'latest_only_with_trigger' retrieved from /home/airflow/.local/lib/python3.12/site-packages/airflow/example_dags/example_latest_only_with_trigger.py
[2025-09-19T07:14:19.987+0000] {logging_mixin.py:190} INFO - [2025-09-19T07:14:19.987+0000] {dag.py:3239} INFO - Sync 1 DAGs
[2025-09-19T07:14:20.030+0000] {logging_mixin.py:190} INFO - [2025-09-19T07:14:20.030+0000] {dag.py:4180} INFO - Setting next_dagrun for latest_only_with_trigger to 2025-09-19 00:00:00+00:00, run_after=2025-09-19 04:00:00+00:00
[2025-09-19T07:14:20.064+0000] {processor.py:208} INFO - Processing /home/airflow/.local/lib/python3.12/site-packages/airflow/example_dags/example_latest_only_with_trigger.py took 0.140 seconds
[2025-09-19T07:14:50.394+0000] {processor.py:186} INFO - Started process (PID=2881) to work on /home/airflow/.local/lib/python3.12/site-packages/airflow/example_dags/example_latest_only_with_trigger.py
[2025-09-19T07:14:50.396+0000] {processor.py:914} INFO - Processing file /home/airflow/.local/lib/python3.12/site-packages/airflow/example_dags/example_latest_only_with_trigger.py for tasks to queue
[2025-09-19T07:14:50.400+0000] {logging_mixin.py:190} INFO - [2025-09-19T07:14:50.399+0000] {dagbag.py:588} INFO - Filling up the DagBag from /home/airflow/.local/lib/python3.12/site-packages/airflow/example_dags/example_latest_only_with_trigger.py
[2025-09-19T07:14:50.413+0000] {processor.py:925} INFO - DAG(s) 'latest_only_with_trigger' retrieved from /home/airflow/.local/lib/python3.12/site-packages/airflow/example_dags/example_latest_only_with_trigger.py
[2025-09-19T07:14:50.450+0000] {logging_mixin.py:190} INFO - [2025-09-19T07:14:50.449+0000] {dag.py:3239} INFO - Sync 1 DAGs
[2025-09-19T07:14:50.490+0000] {logging_mixin.py:190} INFO - [2025-09-19T07:14:50.490+0000] {dag.py:4180} INFO - Setting next_dagrun for latest_only_with_trigger to 2025-09-19 00:00:00+00:00, run_after=2025-09-19 04:00:00+00:00
[2025-09-19T07:14:50.522+0000] {processor.py:208} INFO - Processing /home/airflow/.local/lib/python3.12/site-packages/airflow/example_dags/example_latest_only_with_trigger.py took 0.139 seconds
[2025-09-19T07:15:21.790+0000] {processor.py:186} INFO - Started process (PID=2943) to work on /home/airflow/.local/lib/python3.12/site-packages/airflow/example_dags/example_latest_only_with_trigger.py
[2025-09-19T07:15:21.791+0000] {processor.py:914} INFO - Processing file /home/airflow/.local/lib/python3.12/site-packages/airflow/example_dags/example_latest_only_with_trigger.py for tasks to queue
[2025-09-19T07:15:21.795+0000] {logging_mixin.py:190} INFO - [2025-09-19T07:15:21.795+0000] {dagbag.py:588} INFO - Filling up the DagBag from /home/airflow/.local/lib/python3.12/site-packages/airflow/example_dags/example_latest_only_with_trigger.py
[2025-09-19T07:15:21.806+0000] {processor.py:925} INFO - DAG(s) 'latest_only_with_trigger' retrieved from /home/airflow/.local/lib/python3.12/site-packages/airflow/example_dags/example_latest_only_with_trigger.py
[2025-09-19T07:15:21.840+0000] {logging_mixin.py:190} INFO - [2025-09-19T07:15:21.839+0000] {dag.py:3239} INFO - Sync 1 DAGs
[2025-09-19T07:15:21.882+0000] {logging_mixin.py:190} INFO - [2025-09-19T07:15:21.881+0000] {dag.py:4180} INFO - Setting next_dagrun for latest_only_with_trigger to 2025-09-19 00:00:00+00:00, run_after=2025-09-19 04:00:00+00:00
[2025-09-19T07:15:21.913+0000] {processor.py:208} INFO - Processing /home/airflow/.local/lib/python3.12/site-packages/airflow/example_dags/example_latest_only_with_trigger.py took 0.132 seconds
[2025-09-19T07:15:52.292+0000] {processor.py:186} INFO - Started process (PID=3005) to work on /home/airflow/.local/lib/python3.12/site-packages/airflow/example_dags/example_latest_only_with_trigger.py
[2025-09-19T07:15:52.294+0000] {processor.py:914} INFO - Processing file /home/airflow/.local/lib/python3.12/site-packages/airflow/example_dags/example_latest_only_with_trigger.py for tasks to queue
[2025-09-19T07:15:52.298+0000] {logging_mixin.py:190} INFO - [2025-09-19T07:15:52.297+0000] {dagbag.py:588} INFO - Filling up the DagBag from /home/airflow/.local/lib/python3.12/site-packages/airflow/example_dags/example_latest_only_with_trigger.py
[2025-09-19T07:15:52.310+0000] {processor.py:925} INFO - DAG(s) 'latest_only_with_trigger' retrieved from /home/airflow/.local/lib/python3.12/site-packages/airflow/example_dags/example_latest_only_with_trigger.py
[2025-09-19T07:15:52.345+0000] {logging_mixin.py:190} INFO - [2025-09-19T07:15:52.345+0000] {dag.py:3239} INFO - Sync 1 DAGs
[2025-09-19T07:15:52.385+0000] {logging_mixin.py:190} INFO - [2025-09-19T07:15:52.384+0000] {dag.py:4180} INFO - Setting next_dagrun for latest_only_with_trigger to 2025-09-19 00:00:00+00:00, run_after=2025-09-19 04:00:00+00:00
[2025-09-19T07:15:52.419+0000] {processor.py:208} INFO - Processing /home/airflow/.local/lib/python3.12/site-packages/airflow/example_dags/example_latest_only_with_trigger.py took 0.136 seconds
[2025-09-19T07:16:22.754+0000] {processor.py:186} INFO - Started process (PID=3067) to work on /home/airflow/.local/lib/python3.12/site-packages/airflow/example_dags/example_latest_only_with_trigger.py
[2025-09-19T07:16:22.756+0000] {processor.py:914} INFO - Processing file /home/airflow/.local/lib/python3.12/site-packages/airflow/example_dags/example_latest_only_with_trigger.py for tasks to queue
[2025-09-19T07:16:22.759+0000] {logging_mixin.py:190} INFO - [2025-09-19T07:16:22.759+0000] {dagbag.py:588} INFO - Filling up the DagBag from /home/airflow/.local/lib/python3.12/site-packages/airflow/example_dags/example_latest_only_with_trigger.py
[2025-09-19T07:16:22.771+0000] {processor.py:925} INFO - DAG(s) 'latest_only_with_trigger' retrieved from /home/airflow/.local/lib/python3.12/site-packages/airflow/example_dags/example_latest_only_with_trigger.py
[2025-09-19T07:16:22.805+0000] {logging_mixin.py:190} INFO - [2025-09-19T07:16:22.805+0000] {dag.py:3239} INFO - Sync 1 DAGs
[2025-09-19T07:16:22.847+0000] {logging_mixin.py:190} INFO - [2025-09-19T07:16:22.847+0000] {dag.py:4180} INFO - Setting next_dagrun for latest_only_with_trigger to 2025-09-19 00:00:00+00:00, run_after=2025-09-19 04:00:00+00:00
[2025-09-19T07:16:22.879+0000] {processor.py:208} INFO - Processing /home/airflow/.local/lib/python3.12/site-packages/airflow/example_dags/example_latest_only_with_trigger.py took 0.134 seconds
[2025-09-19T07:16:53.822+0000] {processor.py:186} INFO - Started process (PID=3129) to work on /home/airflow/.local/lib/python3.12/site-packages/airflow/example_dags/example_latest_only_with_trigger.py
[2025-09-19T07:16:53.824+0000] {processor.py:914} INFO - Processing file /home/airflow/.local/lib/python3.12/site-packages/airflow/example_dags/example_latest_only_with_trigger.py for tasks to queue
[2025-09-19T07:16:53.828+0000] {logging_mixin.py:190} INFO - [2025-09-19T07:16:53.827+0000] {dagbag.py:588} INFO - Filling up the DagBag from /home/airflow/.local/lib/python3.12/site-packages/airflow/example_dags/example_latest_only_with_trigger.py
[2025-09-19T07:16:53.840+0000] {processor.py:925} INFO - DAG(s) 'latest_only_with_trigger' retrieved from /home/airflow/.local/lib/python3.12/site-packages/airflow/example_dags/example_latest_only_with_trigger.py
[2025-09-19T07:16:53.872+0000] {logging_mixin.py:190} INFO - [2025-09-19T07:16:53.871+0000] {dag.py:3239} INFO - Sync 1 DAGs
[2025-09-19T07:16:53.911+0000] {logging_mixin.py:190} INFO - [2025-09-19T07:16:53.911+0000] {dag.py:4180} INFO - Setting next_dagrun for latest_only_with_trigger to 2025-09-19 00:00:00+00:00, run_after=2025-09-19 04:00:00+00:00
[2025-09-19T07:16:53.943+0000] {processor.py:208} INFO - Processing /home/airflow/.local/lib/python3.12/site-packages/airflow/example_dags/example_latest_only_with_trigger.py took 0.129 seconds
[2025-09-19T07:17:24.604+0000] {processor.py:186} INFO - Started process (PID=3191) to work on /home/airflow/.local/lib/python3.12/site-packages/airflow/example_dags/example_latest_only_with_trigger.py
[2025-09-19T07:17:24.606+0000] {processor.py:914} INFO - Processing file /home/airflow/.local/lib/python3.12/site-packages/airflow/example_dags/example_latest_only_with_trigger.py for tasks to queue
[2025-09-19T07:17:24.609+0000] {logging_mixin.py:190} INFO - [2025-09-19T07:17:24.609+0000] {dagbag.py:588} INFO - Filling up the DagBag from /home/airflow/.local/lib/python3.12/site-packages/airflow/example_dags/example_latest_only_with_trigger.py
[2025-09-19T07:17:24.621+0000] {processor.py:925} INFO - DAG(s) 'latest_only_with_trigger' retrieved from /home/airflow/.local/lib/python3.12/site-packages/airflow/example_dags/example_latest_only_with_trigger.py
[2025-09-19T07:17:24.656+0000] {logging_mixin.py:190} INFO - [2025-09-19T07:17:24.656+0000] {dag.py:3239} INFO - Sync 1 DAGs
[2025-09-19T07:17:24.705+0000] {logging_mixin.py:190} INFO - [2025-09-19T07:17:24.704+0000] {dag.py:4180} INFO - Setting next_dagrun for latest_only_with_trigger to 2025-09-19 00:00:00+00:00, run_after=2025-09-19 04:00:00+00:00
[2025-09-19T07:17:24.739+0000] {processor.py:208} INFO - Processing /home/airflow/.local/lib/python3.12/site-packages/airflow/example_dags/example_latest_only_with_trigger.py took 0.144 seconds
[2025-09-19T07:17:55.292+0000] {processor.py:186} INFO - Started process (PID=3253) to work on /home/airflow/.local/lib/python3.12/site-packages/airflow/example_dags/example_latest_only_with_trigger.py
[2025-09-19T07:17:55.293+0000] {processor.py:914} INFO - Processing file /home/airflow/.local/lib/python3.12/site-packages/airflow/example_dags/example_latest_only_with_trigger.py for tasks to queue
[2025-09-19T07:17:55.297+0000] {logging_mixin.py:190} INFO - [2025-09-19T07:17:55.296+0000] {dagbag.py:588} INFO - Filling up the DagBag from /home/airflow/.local/lib/python3.12/site-packages/airflow/example_dags/example_latest_only_with_trigger.py
[2025-09-19T07:17:55.309+0000] {processor.py:925} INFO - DAG(s) 'latest_only_with_trigger' retrieved from /home/airflow/.local/lib/python3.12/site-packages/airflow/example_dags/example_latest_only_with_trigger.py
[2025-09-19T07:17:55.344+0000] {logging_mixin.py:190} INFO - [2025-09-19T07:17:55.344+0000] {dag.py:3239} INFO - Sync 1 DAGs
[2025-09-19T07:17:55.389+0000] {logging_mixin.py:190} INFO - [2025-09-19T07:17:55.388+0000] {dag.py:4180} INFO - Setting next_dagrun for latest_only_with_trigger to 2025-09-19 00:00:00+00:00, run_after=2025-09-19 04:00:00+00:00
[2025-09-19T07:17:55.423+0000] {processor.py:208} INFO - Processing /home/airflow/.local/lib/python3.12/site-packages/airflow/example_dags/example_latest_only_with_trigger.py took 0.141 seconds
[2025-09-19T07:18:26.475+0000] {processor.py:186} INFO - Started process (PID=3315) to work on /home/airflow/.local/lib/python3.12/site-packages/airflow/example_dags/example_latest_only_with_trigger.py
[2025-09-19T07:18:26.476+0000] {processor.py:914} INFO - Processing file /home/airflow/.local/lib/python3.12/site-packages/airflow/example_dags/example_latest_only_with_trigger.py for tasks to queue
[2025-09-19T07:18:26.480+0000] {logging_mixin.py:190} INFO - [2025-09-19T07:18:26.480+0000] {dagbag.py:588} INFO - Filling up the DagBag from /home/airflow/.local/lib/python3.12/site-packages/airflow/example_dags/example_latest_only_with_trigger.py
[2025-09-19T07:18:26.494+0000] {processor.py:925} INFO - DAG(s) 'latest_only_with_trigger' retrieved from /home/airflow/.local/lib/python3.12/site-packages/airflow/example_dags/example_latest_only_with_trigger.py
[2025-09-19T07:18:26.528+0000] {logging_mixin.py:190} INFO - [2025-09-19T07:18:26.528+0000] {dag.py:3239} INFO - Sync 1 DAGs
[2025-09-19T07:18:26.570+0000] {logging_mixin.py:190} INFO - [2025-09-19T07:18:26.570+0000] {dag.py:4180} INFO - Setting next_dagrun for latest_only_with_trigger to 2025-09-19 00:00:00+00:00, run_after=2025-09-19 04:00:00+00:00
[2025-09-19T07:18:26.601+0000] {processor.py:208} INFO - Processing /home/airflow/.local/lib/python3.12/site-packages/airflow/example_dags/example_latest_only_with_trigger.py took 0.136 seconds
[2025-09-19T07:18:57.038+0000] {processor.py:186} INFO - Started process (PID=3383) to work on /home/airflow/.local/lib/python3.12/site-packages/airflow/example_dags/example_latest_only_with_trigger.py
[2025-09-19T07:18:57.040+0000] {processor.py:914} INFO - Processing file /home/airflow/.local/lib/python3.12/site-packages/airflow/example_dags/example_latest_only_with_trigger.py for tasks to queue
[2025-09-19T07:18:57.044+0000] {logging_mixin.py:190} INFO - [2025-09-19T07:18:57.043+0000] {dagbag.py:588} INFO - Filling up the DagBag from /home/airflow/.local/lib/python3.12/site-packages/airflow/example_dags/example_latest_only_with_trigger.py
[2025-09-19T07:18:57.057+0000] {processor.py:925} INFO - DAG(s) 'latest_only_with_trigger' retrieved from /home/airflow/.local/lib/python3.12/site-packages/airflow/example_dags/example_latest_only_with_trigger.py
[2025-09-19T07:18:57.092+0000] {logging_mixin.py:190} INFO - [2025-09-19T07:18:57.092+0000] {dag.py:3239} INFO - Sync 1 DAGs
[2025-09-19T07:18:57.134+0000] {logging_mixin.py:190} INFO - [2025-09-19T07:18:57.133+0000] {dag.py:4180} INFO - Setting next_dagrun for latest_only_with_trigger to 2025-09-19 00:00:00+00:00, run_after=2025-09-19 04:00:00+00:00
[2025-09-19T07:18:57.166+0000] {processor.py:208} INFO - Processing /home/airflow/.local/lib/python3.12/site-packages/airflow/example_dags/example_latest_only_with_trigger.py took 0.137 seconds
[2025-09-19T07:19:27.583+0000] {processor.py:186} INFO - Started process (PID=3445) to work on /home/airflow/.local/lib/python3.12/site-packages/airflow/example_dags/example_latest_only_with_trigger.py
[2025-09-19T07:19:27.585+0000] {processor.py:914} INFO - Processing file /home/airflow/.local/lib/python3.12/site-packages/airflow/example_dags/example_latest_only_with_trigger.py for tasks to queue
[2025-09-19T07:19:27.589+0000] {logging_mixin.py:190} INFO - [2025-09-19T07:19:27.588+0000] {dagbag.py:588} INFO - Filling up the DagBag from /home/airflow/.local/lib/python3.12/site-packages/airflow/example_dags/example_latest_only_with_trigger.py
[2025-09-19T07:19:27.601+0000] {processor.py:925} INFO - DAG(s) 'latest_only_with_trigger' retrieved from /home/airflow/.local/lib/python3.12/site-packages/airflow/example_dags/example_latest_only_with_trigger.py
[2025-09-19T07:19:27.637+0000] {logging_mixin.py:190} INFO - [2025-09-19T07:19:27.637+0000] {dag.py:3239} INFO - Sync 1 DAGs
[2025-09-19T07:19:27.680+0000] {logging_mixin.py:190} INFO - [2025-09-19T07:19:27.679+0000] {dag.py:4180} INFO - Setting next_dagrun for latest_only_with_trigger to 2025-09-19 00:00:00+00:00, run_after=2025-09-19 04:00:00+00:00
[2025-09-19T07:19:27.712+0000] {processor.py:208} INFO - Processing /home/airflow/.local/lib/python3.12/site-packages/airflow/example_dags/example_latest_only_with_trigger.py took 0.138 seconds
[2025-09-19T07:19:57.996+0000] {processor.py:186} INFO - Started process (PID=3507) to work on /home/airflow/.local/lib/python3.12/site-packages/airflow/example_dags/example_latest_only_with_trigger.py
[2025-09-19T07:19:57.997+0000] {processor.py:914} INFO - Processing file /home/airflow/.local/lib/python3.12/site-packages/airflow/example_dags/example_latest_only_with_trigger.py for tasks to queue
[2025-09-19T07:19:58.001+0000] {logging_mixin.py:190} INFO - [2025-09-19T07:19:58.001+0000] {dagbag.py:588} INFO - Filling up the DagBag from /home/airflow/.local/lib/python3.12/site-packages/airflow/example_dags/example_latest_only_with_trigger.py
[2025-09-19T07:19:58.013+0000] {processor.py:925} INFO - DAG(s) 'latest_only_with_trigger' retrieved from /home/airflow/.local/lib/python3.12/site-packages/airflow/example_dags/example_latest_only_with_trigger.py
[2025-09-19T07:19:58.048+0000] {logging_mixin.py:190} INFO - [2025-09-19T07:19:58.047+0000] {dag.py:3239} INFO - Sync 1 DAGs
[2025-09-19T07:19:58.089+0000] {logging_mixin.py:190} INFO - [2025-09-19T07:19:58.089+0000] {dag.py:4180} INFO - Setting next_dagrun for latest_only_with_trigger to 2025-09-19 00:00:00+00:00, run_after=2025-09-19 04:00:00+00:00
[2025-09-19T07:19:58.121+0000] {processor.py:208} INFO - Processing /home/airflow/.local/lib/python3.12/site-packages/airflow/example_dags/example_latest_only_with_trigger.py took 0.134 seconds
[2025-09-19T07:20:29.964+0000] {processor.py:186} INFO - Started process (PID=3569) to work on /home/airflow/.local/lib/python3.12/site-packages/airflow/example_dags/example_latest_only_with_trigger.py
[2025-09-19T07:20:29.966+0000] {processor.py:914} INFO - Processing file /home/airflow/.local/lib/python3.12/site-packages/airflow/example_dags/example_latest_only_with_trigger.py for tasks to queue
[2025-09-19T07:20:29.971+0000] {logging_mixin.py:190} INFO - [2025-09-19T07:20:29.971+0000] {dagbag.py:588} INFO - Filling up the DagBag from /home/airflow/.local/lib/python3.12/site-packages/airflow/example_dags/example_latest_only_with_trigger.py
[2025-09-19T07:20:29.987+0000] {processor.py:925} INFO - DAG(s) 'latest_only_with_trigger' retrieved from /home/airflow/.local/lib/python3.12/site-packages/airflow/example_dags/example_latest_only_with_trigger.py
[2025-09-19T07:20:30.024+0000] {logging_mixin.py:190} INFO - [2025-09-19T07:20:30.024+0000] {dag.py:3239} INFO - Sync 1 DAGs
[2025-09-19T07:20:30.309+0000] {logging_mixin.py:190} INFO - [2025-09-19T07:20:30.309+0000] {dag.py:4180} INFO - Setting next_dagrun for latest_only_with_trigger to 2025-09-19 00:00:00+00:00, run_after=2025-09-19 04:00:00+00:00
[2025-09-19T07:20:30.339+0000] {processor.py:208} INFO - Processing /home/airflow/.local/lib/python3.12/site-packages/airflow/example_dags/example_latest_only_with_trigger.py took 0.385 seconds
[2025-09-19T07:21:00.586+0000] {processor.py:186} INFO - Started process (PID=3632) to work on /home/airflow/.local/lib/python3.12/site-packages/airflow/example_dags/example_latest_only_with_trigger.py
[2025-09-19T07:21:00.587+0000] {processor.py:914} INFO - Processing file /home/airflow/.local/lib/python3.12/site-packages/airflow/example_dags/example_latest_only_with_trigger.py for tasks to queue
[2025-09-19T07:21:00.591+0000] {logging_mixin.py:190} INFO - [2025-09-19T07:21:00.590+0000] {dagbag.py:588} INFO - Filling up the DagBag from /home/airflow/.local/lib/python3.12/site-packages/airflow/example_dags/example_latest_only_with_trigger.py
[2025-09-19T07:21:00.603+0000] {processor.py:925} INFO - DAG(s) 'latest_only_with_trigger' retrieved from /home/airflow/.local/lib/python3.12/site-packages/airflow/example_dags/example_latest_only_with_trigger.py
[2025-09-19T07:21:00.638+0000] {logging_mixin.py:190} INFO - [2025-09-19T07:21:00.638+0000] {dag.py:3239} INFO - Sync 1 DAGs
[2025-09-19T07:21:00.679+0000] {logging_mixin.py:190} INFO - [2025-09-19T07:21:00.678+0000] {dag.py:4180} INFO - Setting next_dagrun for latest_only_with_trigger to 2025-09-19 00:00:00+00:00, run_after=2025-09-19 04:00:00+00:00
[2025-09-19T07:21:00.949+0000] {processor.py:208} INFO - Processing /home/airflow/.local/lib/python3.12/site-packages/airflow/example_dags/example_latest_only_with_trigger.py took 0.373 seconds
[2025-09-19T07:21:31.056+0000] {processor.py:186} INFO - Started process (PID=3695) to work on /home/airflow/.local/lib/python3.12/site-packages/airflow/example_dags/example_latest_only_with_trigger.py
[2025-09-19T07:21:31.058+0000] {processor.py:914} INFO - Processing file /home/airflow/.local/lib/python3.12/site-packages/airflow/example_dags/example_latest_only_with_trigger.py for tasks to queue
[2025-09-19T07:21:31.061+0000] {logging_mixin.py:190} INFO - [2025-09-19T07:21:31.061+0000] {dagbag.py:588} INFO - Filling up the DagBag from /home/airflow/.local/lib/python3.12/site-packages/airflow/example_dags/example_latest_only_with_trigger.py
[2025-09-19T07:21:31.074+0000] {processor.py:925} INFO - DAG(s) 'latest_only_with_trigger' retrieved from /home/airflow/.local/lib/python3.12/site-packages/airflow/example_dags/example_latest_only_with_trigger.py
[2025-09-19T07:21:31.107+0000] {logging_mixin.py:190} INFO - [2025-09-19T07:21:31.107+0000] {dag.py:3239} INFO - Sync 1 DAGs
[2025-09-19T07:21:31.149+0000] {logging_mixin.py:190} INFO - [2025-09-19T07:21:31.148+0000] {dag.py:4180} INFO - Setting next_dagrun for latest_only_with_trigger to 2025-09-19 00:00:00+00:00, run_after=2025-09-19 04:00:00+00:00
[2025-09-19T07:21:31.180+0000] {processor.py:208} INFO - Processing /home/airflow/.local/lib/python3.12/site-packages/airflow/example_dags/example_latest_only_with_trigger.py took 0.134 seconds
[2025-09-19T07:22:01.878+0000] {processor.py:186} INFO - Started process (PID=3755) to work on /home/airflow/.local/lib/python3.12/site-packages/airflow/example_dags/example_latest_only_with_trigger.py
[2025-09-19T07:22:01.880+0000] {processor.py:914} INFO - Processing file /home/airflow/.local/lib/python3.12/site-packages/airflow/example_dags/example_latest_only_with_trigger.py for tasks to queue
[2025-09-19T07:22:01.884+0000] {logging_mixin.py:190} INFO - [2025-09-19T07:22:01.883+0000] {dagbag.py:588} INFO - Filling up the DagBag from /home/airflow/.local/lib/python3.12/site-packages/airflow/example_dags/example_latest_only_with_trigger.py
[2025-09-19T07:22:01.895+0000] {processor.py:925} INFO - DAG(s) 'latest_only_with_trigger' retrieved from /home/airflow/.local/lib/python3.12/site-packages/airflow/example_dags/example_latest_only_with_trigger.py
[2025-09-19T07:22:01.930+0000] {logging_mixin.py:190} INFO - [2025-09-19T07:22:01.930+0000] {dag.py:3239} INFO - Sync 1 DAGs
[2025-09-19T07:22:01.970+0000] {logging_mixin.py:190} INFO - [2025-09-19T07:22:01.970+0000] {dag.py:4180} INFO - Setting next_dagrun for latest_only_with_trigger to 2025-09-19 00:00:00+00:00, run_after=2025-09-19 04:00:00+00:00
[2025-09-19T07:22:02.002+0000] {processor.py:208} INFO - Processing /home/airflow/.local/lib/python3.12/site-packages/airflow/example_dags/example_latest_only_with_trigger.py took 0.134 seconds
[2025-09-19T07:22:33.770+0000] {processor.py:186} INFO - Started process (PID=3817) to work on /home/airflow/.local/lib/python3.12/site-packages/airflow/example_dags/example_latest_only_with_trigger.py
[2025-09-19T07:22:33.772+0000] {processor.py:914} INFO - Processing file /home/airflow/.local/lib/python3.12/site-packages/airflow/example_dags/example_latest_only_with_trigger.py for tasks to queue
[2025-09-19T07:22:33.775+0000] {logging_mixin.py:190} INFO - [2025-09-19T07:22:33.775+0000] {dagbag.py:588} INFO - Filling up the DagBag from /home/airflow/.local/lib/python3.12/site-packages/airflow/example_dags/example_latest_only_with_trigger.py
[2025-09-19T07:22:33.787+0000] {processor.py:925} INFO - DAG(s) 'latest_only_with_trigger' retrieved from /home/airflow/.local/lib/python3.12/site-packages/airflow/example_dags/example_latest_only_with_trigger.py
[2025-09-19T07:22:33.824+0000] {logging_mixin.py:190} INFO - [2025-09-19T07:22:33.823+0000] {dag.py:3239} INFO - Sync 1 DAGs
[2025-09-19T07:22:33.867+0000] {logging_mixin.py:190} INFO - [2025-09-19T07:22:33.866+0000] {dag.py:4180} INFO - Setting next_dagrun for latest_only_with_trigger to 2025-09-19 00:00:00+00:00, run_after=2025-09-19 04:00:00+00:00
[2025-09-19T07:22:33.900+0000] {processor.py:208} INFO - Processing /home/airflow/.local/lib/python3.12/site-packages/airflow/example_dags/example_latest_only_with_trigger.py took 0.140 seconds
[2025-09-19T07:23:05.339+0000] {processor.py:186} INFO - Started process (PID=3879) to work on /home/airflow/.local/lib/python3.12/site-packages/airflow/example_dags/example_latest_only_with_trigger.py
[2025-09-19T07:23:05.341+0000] {processor.py:914} INFO - Processing file /home/airflow/.local/lib/python3.12/site-packages/airflow/example_dags/example_latest_only_with_trigger.py for tasks to queue
[2025-09-19T07:23:05.345+0000] {logging_mixin.py:190} INFO - [2025-09-19T07:23:05.344+0000] {dagbag.py:588} INFO - Filling up the DagBag from /home/airflow/.local/lib/python3.12/site-packages/airflow/example_dags/example_latest_only_with_trigger.py
[2025-09-19T07:23:05.358+0000] {processor.py:925} INFO - DAG(s) 'latest_only_with_trigger' retrieved from /home/airflow/.local/lib/python3.12/site-packages/airflow/example_dags/example_latest_only_with_trigger.py
[2025-09-19T07:23:05.391+0000] {logging_mixin.py:190} INFO - [2025-09-19T07:23:05.391+0000] {dag.py:3239} INFO - Sync 1 DAGs
[2025-09-19T07:23:05.724+0000] {logging_mixin.py:190} INFO - [2025-09-19T07:23:05.723+0000] {dag.py:4180} INFO - Setting next_dagrun for latest_only_with_trigger to 2025-09-19 00:00:00+00:00, run_after=2025-09-19 04:00:00+00:00
[2025-09-19T07:23:05.754+0000] {processor.py:208} INFO - Processing /home/airflow/.local/lib/python3.12/site-packages/airflow/example_dags/example_latest_only_with_trigger.py took 0.426 seconds
[2025-09-19T07:23:36.713+0000] {processor.py:186} INFO - Started process (PID=3947) to work on /home/airflow/.local/lib/python3.12/site-packages/airflow/example_dags/example_latest_only_with_trigger.py
[2025-09-19T07:23:36.715+0000] {processor.py:914} INFO - Processing file /home/airflow/.local/lib/python3.12/site-packages/airflow/example_dags/example_latest_only_with_trigger.py for tasks to queue
[2025-09-19T07:23:36.719+0000] {logging_mixin.py:190} INFO - [2025-09-19T07:23:36.719+0000] {dagbag.py:588} INFO - Filling up the DagBag from /home/airflow/.local/lib/python3.12/site-packages/airflow/example_dags/example_latest_only_with_trigger.py
[2025-09-19T07:23:36.731+0000] {processor.py:925} INFO - DAG(s) 'latest_only_with_trigger' retrieved from /home/airflow/.local/lib/python3.12/site-packages/airflow/example_dags/example_latest_only_with_trigger.py
[2025-09-19T07:23:36.766+0000] {logging_mixin.py:190} INFO - [2025-09-19T07:23:36.765+0000] {dag.py:3239} INFO - Sync 1 DAGs
[2025-09-19T07:23:36.807+0000] {logging_mixin.py:190} INFO - [2025-09-19T07:23:36.807+0000] {dag.py:4180} INFO - Setting next_dagrun for latest_only_with_trigger to 2025-09-19 00:00:00+00:00, run_after=2025-09-19 04:00:00+00:00
[2025-09-19T07:23:36.840+0000] {processor.py:208} INFO - Processing /home/airflow/.local/lib/python3.12/site-packages/airflow/example_dags/example_latest_only_with_trigger.py took 0.136 seconds
[2025-09-19T07:24:07.142+0000] {processor.py:186} INFO - Started process (PID=4009) to work on /home/airflow/.local/lib/python3.12/site-packages/airflow/example_dags/example_latest_only_with_trigger.py
[2025-09-19T07:24:07.143+0000] {processor.py:914} INFO - Processing file /home/airflow/.local/lib/python3.12/site-packages/airflow/example_dags/example_latest_only_with_trigger.py for tasks to queue
[2025-09-19T07:24:07.147+0000] {logging_mixin.py:190} INFO - [2025-09-19T07:24:07.147+0000] {dagbag.py:588} INFO - Filling up the DagBag from /home/airflow/.local/lib/python3.12/site-packages/airflow/example_dags/example_latest_only_with_trigger.py
[2025-09-19T07:24:07.159+0000] {processor.py:925} INFO - DAG(s) 'latest_only_with_trigger' retrieved from /home/airflow/.local/lib/python3.12/site-packages/airflow/example_dags/example_latest_only_with_trigger.py
[2025-09-19T07:24:07.194+0000] {logging_mixin.py:190} INFO - [2025-09-19T07:24:07.193+0000] {dag.py:3239} INFO - Sync 1 DAGs
[2025-09-19T07:24:07.234+0000] {logging_mixin.py:190} INFO - [2025-09-19T07:24:07.234+0000] {dag.py:4180} INFO - Setting next_dagrun for latest_only_with_trigger to 2025-09-19 00:00:00+00:00, run_after=2025-09-19 04:00:00+00:00
[2025-09-19T07:24:07.271+0000] {processor.py:208} INFO - Processing /home/airflow/.local/lib/python3.12/site-packages/airflow/example_dags/example_latest_only_with_trigger.py took 0.138 seconds
[2025-09-19T07:24:37.399+0000] {processor.py:186} INFO - Started process (PID=4071) to work on /home/airflow/.local/lib/python3.12/site-packages/airflow/example_dags/example_latest_only_with_trigger.py
[2025-09-19T07:24:37.401+0000] {processor.py:914} INFO - Processing file /home/airflow/.local/lib/python3.12/site-packages/airflow/example_dags/example_latest_only_with_trigger.py for tasks to queue
[2025-09-19T07:24:37.405+0000] {logging_mixin.py:190} INFO - [2025-09-19T07:24:37.404+0000] {dagbag.py:588} INFO - Filling up the DagBag from /home/airflow/.local/lib/python3.12/site-packages/airflow/example_dags/example_latest_only_with_trigger.py
[2025-09-19T07:24:37.417+0000] {processor.py:925} INFO - DAG(s) 'latest_only_with_trigger' retrieved from /home/airflow/.local/lib/python3.12/site-packages/airflow/example_dags/example_latest_only_with_trigger.py
[2025-09-19T07:24:37.457+0000] {logging_mixin.py:190} INFO - [2025-09-19T07:24:37.456+0000] {dag.py:3239} INFO - Sync 1 DAGs
[2025-09-19T07:24:37.503+0000] {logging_mixin.py:190} INFO - [2025-09-19T07:24:37.503+0000] {dag.py:4180} INFO - Setting next_dagrun for latest_only_with_trigger to 2025-09-19 00:00:00+00:00, run_after=2025-09-19 04:00:00+00:00
[2025-09-19T07:24:37.539+0000] {processor.py:208} INFO - Processing /home/airflow/.local/lib/python3.12/site-packages/airflow/example_dags/example_latest_only_with_trigger.py took 0.149 seconds
[2025-09-19T07:25:07.825+0000] {processor.py:186} INFO - Started process (PID=4133) to work on /home/airflow/.local/lib/python3.12/site-packages/airflow/example_dags/example_latest_only_with_trigger.py
[2025-09-19T07:25:07.826+0000] {processor.py:914} INFO - Processing file /home/airflow/.local/lib/python3.12/site-packages/airflow/example_dags/example_latest_only_with_trigger.py for tasks to queue
[2025-09-19T07:25:07.830+0000] {logging_mixin.py:190} INFO - [2025-09-19T07:25:07.829+0000] {dagbag.py:588} INFO - Filling up the DagBag from /home/airflow/.local/lib/python3.12/site-packages/airflow/example_dags/example_latest_only_with_trigger.py
[2025-09-19T07:25:07.843+0000] {processor.py:925} INFO - DAG(s) 'latest_only_with_trigger' retrieved from /home/airflow/.local/lib/python3.12/site-packages/airflow/example_dags/example_latest_only_with_trigger.py
[2025-09-19T07:25:07.882+0000] {logging_mixin.py:190} INFO - [2025-09-19T07:25:07.881+0000] {dag.py:3239} INFO - Sync 1 DAGs
[2025-09-19T07:25:07.929+0000] {logging_mixin.py:190} INFO - [2025-09-19T07:25:07.928+0000] {dag.py:4180} INFO - Setting next_dagrun for latest_only_with_trigger to 2025-09-19 00:00:00+00:00, run_after=2025-09-19 04:00:00+00:00
[2025-09-19T07:25:07.966+0000] {processor.py:208} INFO - Processing /home/airflow/.local/lib/python3.12/site-packages/airflow/example_dags/example_latest_only_with_trigger.py took 0.150 seconds
[2025-09-19T07:25:38.265+0000] {processor.py:186} INFO - Started process (PID=4195) to work on /home/airflow/.local/lib/python3.12/site-packages/airflow/example_dags/example_latest_only_with_trigger.py
[2025-09-19T07:25:38.267+0000] {processor.py:914} INFO - Processing file /home/airflow/.local/lib/python3.12/site-packages/airflow/example_dags/example_latest_only_with_trigger.py for tasks to queue
[2025-09-19T07:25:38.271+0000] {logging_mixin.py:190} INFO - [2025-09-19T07:25:38.270+0000] {dagbag.py:588} INFO - Filling up the DagBag from /home/airflow/.local/lib/python3.12/site-packages/airflow/example_dags/example_latest_only_with_trigger.py
[2025-09-19T07:25:38.283+0000] {processor.py:925} INFO - DAG(s) 'latest_only_with_trigger' retrieved from /home/airflow/.local/lib/python3.12/site-packages/airflow/example_dags/example_latest_only_with_trigger.py
[2025-09-19T07:25:38.318+0000] {logging_mixin.py:190} INFO - [2025-09-19T07:25:38.317+0000] {dag.py:3239} INFO - Sync 1 DAGs
[2025-09-19T07:25:38.360+0000] {logging_mixin.py:190} INFO - [2025-09-19T07:25:38.360+0000] {dag.py:4180} INFO - Setting next_dagrun for latest_only_with_trigger to 2025-09-19 00:00:00+00:00, run_after=2025-09-19 04:00:00+00:00
[2025-09-19T07:25:38.394+0000] {processor.py:208} INFO - Processing /home/airflow/.local/lib/python3.12/site-packages/airflow/example_dags/example_latest_only_with_trigger.py took 0.138 seconds
[2025-09-19T07:26:08.831+0000] {processor.py:186} INFO - Started process (PID=4257) to work on /home/airflow/.local/lib/python3.12/site-packages/airflow/example_dags/example_latest_only_with_trigger.py
[2025-09-19T07:26:08.833+0000] {processor.py:914} INFO - Processing file /home/airflow/.local/lib/python3.12/site-packages/airflow/example_dags/example_latest_only_with_trigger.py for tasks to queue
[2025-09-19T07:26:08.837+0000] {logging_mixin.py:190} INFO - [2025-09-19T07:26:08.837+0000] {dagbag.py:588} INFO - Filling up the DagBag from /home/airflow/.local/lib/python3.12/site-packages/airflow/example_dags/example_latest_only_with_trigger.py
[2025-09-19T07:26:08.851+0000] {processor.py:925} INFO - DAG(s) 'latest_only_with_trigger' retrieved from /home/airflow/.local/lib/python3.12/site-packages/airflow/example_dags/example_latest_only_with_trigger.py
[2025-09-19T07:26:08.886+0000] {logging_mixin.py:190} INFO - [2025-09-19T07:26:08.885+0000] {dag.py:3239} INFO - Sync 1 DAGs
[2025-09-19T07:26:08.928+0000] {logging_mixin.py:190} INFO - [2025-09-19T07:26:08.928+0000] {dag.py:4180} INFO - Setting next_dagrun for latest_only_with_trigger to 2025-09-19 00:00:00+00:00, run_after=2025-09-19 04:00:00+00:00
[2025-09-19T07:26:08.963+0000] {processor.py:208} INFO - Processing /home/airflow/.local/lib/python3.12/site-packages/airflow/example_dags/example_latest_only_with_trigger.py took 0.141 seconds
[2025-09-19T07:26:39.520+0000] {processor.py:186} INFO - Started process (PID=4319) to work on /home/airflow/.local/lib/python3.12/site-packages/airflow/example_dags/example_latest_only_with_trigger.py
[2025-09-19T07:26:39.522+0000] {processor.py:914} INFO - Processing file /home/airflow/.local/lib/python3.12/site-packages/airflow/example_dags/example_latest_only_with_trigger.py for tasks to queue
[2025-09-19T07:26:39.525+0000] {logging_mixin.py:190} INFO - [2025-09-19T07:26:39.525+0000] {dagbag.py:588} INFO - Filling up the DagBag from /home/airflow/.local/lib/python3.12/site-packages/airflow/example_dags/example_latest_only_with_trigger.py
[2025-09-19T07:26:39.537+0000] {processor.py:925} INFO - DAG(s) 'latest_only_with_trigger' retrieved from /home/airflow/.local/lib/python3.12/site-packages/airflow/example_dags/example_latest_only_with_trigger.py
[2025-09-19T07:26:39.571+0000] {logging_mixin.py:190} INFO - [2025-09-19T07:26:39.570+0000] {dag.py:3239} INFO - Sync 1 DAGs
[2025-09-19T07:26:39.612+0000] {logging_mixin.py:190} INFO - [2025-09-19T07:26:39.611+0000] {dag.py:4180} INFO - Setting next_dagrun for latest_only_with_trigger to 2025-09-19 00:00:00+00:00, run_after=2025-09-19 04:00:00+00:00
[2025-09-19T07:26:39.645+0000] {processor.py:208} INFO - Processing /home/airflow/.local/lib/python3.12/site-packages/airflow/example_dags/example_latest_only_with_trigger.py took 0.134 seconds
[2025-09-19T07:27:10.123+0000] {processor.py:186} INFO - Started process (PID=4381) to work on /home/airflow/.local/lib/python3.12/site-packages/airflow/example_dags/example_latest_only_with_trigger.py
[2025-09-19T07:27:10.124+0000] {processor.py:914} INFO - Processing file /home/airflow/.local/lib/python3.12/site-packages/airflow/example_dags/example_latest_only_with_trigger.py for tasks to queue
[2025-09-19T07:27:10.128+0000] {logging_mixin.py:190} INFO - [2025-09-19T07:27:10.127+0000] {dagbag.py:588} INFO - Filling up the DagBag from /home/airflow/.local/lib/python3.12/site-packages/airflow/example_dags/example_latest_only_with_trigger.py
[2025-09-19T07:27:10.140+0000] {processor.py:925} INFO - DAG(s) 'latest_only_with_trigger' retrieved from /home/airflow/.local/lib/python3.12/site-packages/airflow/example_dags/example_latest_only_with_trigger.py
[2025-09-19T07:27:10.177+0000] {logging_mixin.py:190} INFO - [2025-09-19T07:27:10.176+0000] {dag.py:3239} INFO - Sync 1 DAGs
[2025-09-19T07:27:10.219+0000] {logging_mixin.py:190} INFO - [2025-09-19T07:27:10.219+0000] {dag.py:4180} INFO - Setting next_dagrun for latest_only_with_trigger to 2025-09-19 00:00:00+00:00, run_after=2025-09-19 04:00:00+00:00
[2025-09-19T07:27:10.251+0000] {processor.py:208} INFO - Processing /home/airflow/.local/lib/python3.12/site-packages/airflow/example_dags/example_latest_only_with_trigger.py took 0.138 seconds
[2025-09-19T07:27:40.566+0000] {processor.py:186} INFO - Started process (PID=4443) to work on /home/airflow/.local/lib/python3.12/site-packages/airflow/example_dags/example_latest_only_with_trigger.py
[2025-09-19T07:27:40.567+0000] {processor.py:914} INFO - Processing file /home/airflow/.local/lib/python3.12/site-packages/airflow/example_dags/example_latest_only_with_trigger.py for tasks to queue
[2025-09-19T07:27:40.571+0000] {logging_mixin.py:190} INFO - [2025-09-19T07:27:40.570+0000] {dagbag.py:588} INFO - Filling up the DagBag from /home/airflow/.local/lib/python3.12/site-packages/airflow/example_dags/example_latest_only_with_trigger.py
[2025-09-19T07:27:40.583+0000] {processor.py:925} INFO - DAG(s) 'latest_only_with_trigger' retrieved from /home/airflow/.local/lib/python3.12/site-packages/airflow/example_dags/example_latest_only_with_trigger.py
[2025-09-19T07:27:40.619+0000] {logging_mixin.py:190} INFO - [2025-09-19T07:27:40.618+0000] {dag.py:3239} INFO - Sync 1 DAGs
[2025-09-19T07:27:40.660+0000] {logging_mixin.py:190} INFO - [2025-09-19T07:27:40.659+0000] {dag.py:4180} INFO - Setting next_dagrun for latest_only_with_trigger to 2025-09-19 00:00:00+00:00, run_after=2025-09-19 04:00:00+00:00
[2025-09-19T07:27:40.691+0000] {processor.py:208} INFO - Processing /home/airflow/.local/lib/python3.12/site-packages/airflow/example_dags/example_latest_only_with_trigger.py took 0.136 seconds
