[2025-09-19T06:52:13.412+0000] {processor.py:186} INFO - Started process (PID=115) to work on /home/airflow/.local/lib/python3.12/site-packages/airflow/example_dags/example_latest_only.py
[2025-09-19T06:52:13.413+0000] {processor.py:914} INFO - Processing file /home/airflow/.local/lib/python3.12/site-packages/airflow/example_dags/example_latest_only.py for tasks to queue
[2025-09-19T06:52:13.417+0000] {logging_mixin.py:190} INFO - [2025-09-19T06:52:13.416+0000] {dagbag.py:588} INFO - Filling up the DagBag from /home/airflow/.local/lib/python3.12/site-packages/airflow/example_dags/example_latest_only.py
[2025-09-19T06:52:13.427+0000] {processor.py:925} INFO - DAG(s) 'latest_only' retrieved from /home/airflow/.local/lib/python3.12/site-packages/airflow/example_dags/example_latest_only.py
[2025-09-19T06:52:13.456+0000] {logging_mixin.py:190} INFO - [2025-09-19T06:52:13.455+0000] {dag.py:3239} INFO - Sync 1 DAGs
[2025-09-19T06:52:13.494+0000] {logging_mixin.py:190} INFO - [2025-09-19T06:52:13.494+0000] {dag.py:4180} INFO - Setting next_dagrun for latest_only to 2025-09-19 00:00:00+00:00, run_after=2025-09-19 04:00:00+00:00
[2025-09-19T06:52:13.526+0000] {processor.py:208} INFO - Processing /home/airflow/.local/lib/python3.12/site-packages/airflow/example_dags/example_latest_only.py took 0.123 seconds
[2025-09-19T06:52:44.536+0000] {processor.py:186} INFO - Started process (PID=176) to work on /home/airflow/.local/lib/python3.12/site-packages/airflow/example_dags/example_latest_only.py
[2025-09-19T06:52:44.538+0000] {processor.py:914} INFO - Processing file /home/airflow/.local/lib/python3.12/site-packages/airflow/example_dags/example_latest_only.py for tasks to queue
[2025-09-19T06:52:44.541+0000] {logging_mixin.py:190} INFO - [2025-09-19T06:52:44.540+0000] {dagbag.py:588} INFO - Filling up the DagBag from /home/airflow/.local/lib/python3.12/site-packages/airflow/example_dags/example_latest_only.py
[2025-09-19T06:52:44.550+0000] {processor.py:925} INFO - DAG(s) 'latest_only' retrieved from /home/airflow/.local/lib/python3.12/site-packages/airflow/example_dags/example_latest_only.py
[2025-09-19T06:52:44.580+0000] {logging_mixin.py:190} INFO - [2025-09-19T06:52:44.579+0000] {dag.py:3239} INFO - Sync 1 DAGs
[2025-09-19T06:52:44.618+0000] {logging_mixin.py:190} INFO - [2025-09-19T06:52:44.618+0000] {dag.py:4180} INFO - Setting next_dagrun for latest_only to 2025-09-19 00:00:00+00:00, run_after=2025-09-19 04:00:00+00:00
[2025-09-19T06:52:44.650+0000] {processor.py:208} INFO - Processing /home/airflow/.local/lib/python3.12/site-packages/airflow/example_dags/example_latest_only.py took 0.122 seconds
[2025-09-19T06:53:15.667+0000] {processor.py:186} INFO - Started process (PID=239) to work on /home/airflow/.local/lib/python3.12/site-packages/airflow/example_dags/example_latest_only.py
[2025-09-19T06:53:15.669+0000] {processor.py:914} INFO - Processing file /home/airflow/.local/lib/python3.12/site-packages/airflow/example_dags/example_latest_only.py for tasks to queue
[2025-09-19T06:53:15.672+0000] {logging_mixin.py:190} INFO - [2025-09-19T06:53:15.672+0000] {dagbag.py:588} INFO - Filling up the DagBag from /home/airflow/.local/lib/python3.12/site-packages/airflow/example_dags/example_latest_only.py
[2025-09-19T06:53:15.683+0000] {processor.py:925} INFO - DAG(s) 'latest_only' retrieved from /home/airflow/.local/lib/python3.12/site-packages/airflow/example_dags/example_latest_only.py
[2025-09-19T06:53:15.715+0000] {logging_mixin.py:190} INFO - [2025-09-19T06:53:15.714+0000] {dag.py:3239} INFO - Sync 1 DAGs
[2025-09-19T06:53:15.757+0000] {logging_mixin.py:190} INFO - [2025-09-19T06:53:15.757+0000] {dag.py:4180} INFO - Setting next_dagrun for latest_only to 2025-09-19 00:00:00+00:00, run_after=2025-09-19 04:00:00+00:00
[2025-09-19T06:53:15.788+0000] {processor.py:208} INFO - Processing /home/airflow/.local/lib/python3.12/site-packages/airflow/example_dags/example_latest_only.py took 0.130 seconds
[2025-09-19T06:53:46.592+0000] {processor.py:186} INFO - Started process (PID=301) to work on /home/airflow/.local/lib/python3.12/site-packages/airflow/example_dags/example_latest_only.py
[2025-09-19T06:53:46.594+0000] {processor.py:914} INFO - Processing file /home/airflow/.local/lib/python3.12/site-packages/airflow/example_dags/example_latest_only.py for tasks to queue
[2025-09-19T06:53:46.598+0000] {logging_mixin.py:190} INFO - [2025-09-19T06:53:46.597+0000] {dagbag.py:588} INFO - Filling up the DagBag from /home/airflow/.local/lib/python3.12/site-packages/airflow/example_dags/example_latest_only.py
[2025-09-19T06:53:46.609+0000] {processor.py:925} INFO - DAG(s) 'latest_only' retrieved from /home/airflow/.local/lib/python3.12/site-packages/airflow/example_dags/example_latest_only.py
[2025-09-19T06:53:46.642+0000] {logging_mixin.py:190} INFO - [2025-09-19T06:53:46.641+0000] {dag.py:3239} INFO - Sync 1 DAGs
[2025-09-19T06:53:46.683+0000] {logging_mixin.py:190} INFO - [2025-09-19T06:53:46.683+0000] {dag.py:4180} INFO - Setting next_dagrun for latest_only to 2025-09-19 00:00:00+00:00, run_after=2025-09-19 04:00:00+00:00
[2025-09-19T06:53:46.714+0000] {processor.py:208} INFO - Processing /home/airflow/.local/lib/python3.12/site-packages/airflow/example_dags/example_latest_only.py took 0.131 seconds
[2025-09-19T06:54:16.831+0000] {processor.py:186} INFO - Started process (PID=364) to work on /home/airflow/.local/lib/python3.12/site-packages/airflow/example_dags/example_latest_only.py
[2025-09-19T06:54:16.833+0000] {processor.py:914} INFO - Processing file /home/airflow/.local/lib/python3.12/site-packages/airflow/example_dags/example_latest_only.py for tasks to queue
[2025-09-19T06:54:16.838+0000] {logging_mixin.py:190} INFO - [2025-09-19T06:54:16.837+0000] {dagbag.py:588} INFO - Filling up the DagBag from /home/airflow/.local/lib/python3.12/site-packages/airflow/example_dags/example_latest_only.py
[2025-09-19T06:54:16.852+0000] {processor.py:925} INFO - DAG(s) 'latest_only' retrieved from /home/airflow/.local/lib/python3.12/site-packages/airflow/example_dags/example_latest_only.py
[2025-09-19T06:54:16.885+0000] {logging_mixin.py:190} INFO - [2025-09-19T06:54:16.884+0000] {dag.py:3239} INFO - Sync 1 DAGs
[2025-09-19T06:54:16.926+0000] {logging_mixin.py:190} INFO - [2025-09-19T06:54:16.926+0000] {dag.py:4180} INFO - Setting next_dagrun for latest_only to 2025-09-19 00:00:00+00:00, run_after=2025-09-19 04:00:00+00:00
[2025-09-19T06:54:16.957+0000] {processor.py:208} INFO - Processing /home/airflow/.local/lib/python3.12/site-packages/airflow/example_dags/example_latest_only.py took 0.136 seconds
[2025-09-19T06:54:47.728+0000] {processor.py:186} INFO - Started process (PID=426) to work on /home/airflow/.local/lib/python3.12/site-packages/airflow/example_dags/example_latest_only.py
[2025-09-19T06:54:47.729+0000] {processor.py:914} INFO - Processing file /home/airflow/.local/lib/python3.12/site-packages/airflow/example_dags/example_latest_only.py for tasks to queue
[2025-09-19T06:54:47.733+0000] {logging_mixin.py:190} INFO - [2025-09-19T06:54:47.733+0000] {dagbag.py:588} INFO - Filling up the DagBag from /home/airflow/.local/lib/python3.12/site-packages/airflow/example_dags/example_latest_only.py
[2025-09-19T06:54:47.744+0000] {processor.py:925} INFO - DAG(s) 'latest_only' retrieved from /home/airflow/.local/lib/python3.12/site-packages/airflow/example_dags/example_latest_only.py
[2025-09-19T06:54:47.779+0000] {logging_mixin.py:190} INFO - [2025-09-19T06:54:47.778+0000] {dag.py:3239} INFO - Sync 1 DAGs
[2025-09-19T06:54:47.832+0000] {logging_mixin.py:190} INFO - [2025-09-19T06:54:47.831+0000] {dag.py:4180} INFO - Setting next_dagrun for latest_only to 2025-09-19 00:00:00+00:00, run_after=2025-09-19 04:00:00+00:00
[2025-09-19T06:54:47.871+0000] {processor.py:208} INFO - Processing /home/airflow/.local/lib/python3.12/site-packages/airflow/example_dags/example_latest_only.py took 0.153 seconds
[2025-09-19T06:55:18.443+0000] {processor.py:186} INFO - Started process (PID=490) to work on /home/airflow/.local/lib/python3.12/site-packages/airflow/example_dags/example_latest_only.py
[2025-09-19T06:55:18.445+0000] {processor.py:914} INFO - Processing file /home/airflow/.local/lib/python3.12/site-packages/airflow/example_dags/example_latest_only.py for tasks to queue
[2025-09-19T06:55:18.449+0000] {logging_mixin.py:190} INFO - [2025-09-19T06:55:18.448+0000] {dagbag.py:588} INFO - Filling up the DagBag from /home/airflow/.local/lib/python3.12/site-packages/airflow/example_dags/example_latest_only.py
[2025-09-19T06:55:18.461+0000] {processor.py:925} INFO - DAG(s) 'latest_only' retrieved from /home/airflow/.local/lib/python3.12/site-packages/airflow/example_dags/example_latest_only.py
[2025-09-19T06:55:18.499+0000] {logging_mixin.py:190} INFO - [2025-09-19T06:55:18.499+0000] {dag.py:3239} INFO - Sync 1 DAGs
[2025-09-19T06:55:18.541+0000] {logging_mixin.py:190} INFO - [2025-09-19T06:55:18.540+0000] {dag.py:4180} INFO - Setting next_dagrun for latest_only to 2025-09-19 00:00:00+00:00, run_after=2025-09-19 04:00:00+00:00
[2025-09-19T06:55:18.571+0000] {processor.py:208} INFO - Processing /home/airflow/.local/lib/python3.12/site-packages/airflow/example_dags/example_latest_only.py took 0.136 seconds
[2025-09-19T06:55:49.835+0000] {processor.py:186} INFO - Started process (PID=558) to work on /home/airflow/.local/lib/python3.12/site-packages/airflow/example_dags/example_latest_only.py
[2025-09-19T06:55:49.837+0000] {processor.py:914} INFO - Processing file /home/airflow/.local/lib/python3.12/site-packages/airflow/example_dags/example_latest_only.py for tasks to queue
[2025-09-19T06:55:49.841+0000] {logging_mixin.py:190} INFO - [2025-09-19T06:55:49.840+0000] {dagbag.py:588} INFO - Filling up the DagBag from /home/airflow/.local/lib/python3.12/site-packages/airflow/example_dags/example_latest_only.py
[2025-09-19T06:55:49.852+0000] {processor.py:925} INFO - DAG(s) 'latest_only' retrieved from /home/airflow/.local/lib/python3.12/site-packages/airflow/example_dags/example_latest_only.py
[2025-09-19T06:55:49.887+0000] {logging_mixin.py:190} INFO - [2025-09-19T06:55:49.886+0000] {dag.py:3239} INFO - Sync 1 DAGs
[2025-09-19T06:55:49.928+0000] {logging_mixin.py:190} INFO - [2025-09-19T06:55:49.928+0000] {dag.py:4180} INFO - Setting next_dagrun for latest_only to 2025-09-19 00:00:00+00:00, run_after=2025-09-19 04:00:00+00:00
[2025-09-19T06:55:49.958+0000] {processor.py:208} INFO - Processing /home/airflow/.local/lib/python3.12/site-packages/airflow/example_dags/example_latest_only.py took 0.133 seconds
[2025-09-19T06:56:20.546+0000] {processor.py:186} INFO - Started process (PID=620) to work on /home/airflow/.local/lib/python3.12/site-packages/airflow/example_dags/example_latest_only.py
[2025-09-19T06:56:20.548+0000] {processor.py:914} INFO - Processing file /home/airflow/.local/lib/python3.12/site-packages/airflow/example_dags/example_latest_only.py for tasks to queue
[2025-09-19T06:56:20.551+0000] {logging_mixin.py:190} INFO - [2025-09-19T06:56:20.551+0000] {dagbag.py:588} INFO - Filling up the DagBag from /home/airflow/.local/lib/python3.12/site-packages/airflow/example_dags/example_latest_only.py
[2025-09-19T06:56:20.563+0000] {processor.py:925} INFO - DAG(s) 'latest_only' retrieved from /home/airflow/.local/lib/python3.12/site-packages/airflow/example_dags/example_latest_only.py
[2025-09-19T06:56:20.595+0000] {logging_mixin.py:190} INFO - [2025-09-19T06:56:20.594+0000] {dag.py:3239} INFO - Sync 1 DAGs
[2025-09-19T06:56:20.638+0000] {logging_mixin.py:190} INFO - [2025-09-19T06:56:20.638+0000] {dag.py:4180} INFO - Setting next_dagrun for latest_only to 2025-09-19 00:00:00+00:00, run_after=2025-09-19 04:00:00+00:00
[2025-09-19T06:56:20.671+0000] {processor.py:208} INFO - Processing /home/airflow/.local/lib/python3.12/site-packages/airflow/example_dags/example_latest_only.py took 0.135 seconds
[2025-09-19T06:56:51.404+0000] {processor.py:186} INFO - Started process (PID=683) to work on /home/airflow/.local/lib/python3.12/site-packages/airflow/example_dags/example_latest_only.py
[2025-09-19T06:56:51.406+0000] {processor.py:914} INFO - Processing file /home/airflow/.local/lib/python3.12/site-packages/airflow/example_dags/example_latest_only.py for tasks to queue
[2025-09-19T06:56:51.411+0000] {logging_mixin.py:190} INFO - [2025-09-19T06:56:51.410+0000] {dagbag.py:588} INFO - Filling up the DagBag from /home/airflow/.local/lib/python3.12/site-packages/airflow/example_dags/example_latest_only.py
[2025-09-19T06:56:51.425+0000] {processor.py:925} INFO - DAG(s) 'latest_only' retrieved from /home/airflow/.local/lib/python3.12/site-packages/airflow/example_dags/example_latest_only.py
[2025-09-19T06:56:51.456+0000] {logging_mixin.py:190} INFO - [2025-09-19T06:56:51.456+0000] {dag.py:3239} INFO - Sync 1 DAGs
[2025-09-19T06:56:51.501+0000] {logging_mixin.py:190} INFO - [2025-09-19T06:56:51.501+0000] {dag.py:4180} INFO - Setting next_dagrun for latest_only to 2025-09-19 00:00:00+00:00, run_after=2025-09-19 04:00:00+00:00
[2025-09-19T06:56:51.532+0000] {processor.py:208} INFO - Processing /home/airflow/.local/lib/python3.12/site-packages/airflow/example_dags/example_latest_only.py took 0.138 seconds
[2025-09-19T06:57:21.882+0000] {processor.py:186} INFO - Started process (PID=745) to work on /home/airflow/.local/lib/python3.12/site-packages/airflow/example_dags/example_latest_only.py
[2025-09-19T06:57:21.884+0000] {processor.py:914} INFO - Processing file /home/airflow/.local/lib/python3.12/site-packages/airflow/example_dags/example_latest_only.py for tasks to queue
[2025-09-19T06:57:21.888+0000] {logging_mixin.py:190} INFO - [2025-09-19T06:57:21.887+0000] {dagbag.py:588} INFO - Filling up the DagBag from /home/airflow/.local/lib/python3.12/site-packages/airflow/example_dags/example_latest_only.py
[2025-09-19T06:57:21.899+0000] {processor.py:925} INFO - DAG(s) 'latest_only' retrieved from /home/airflow/.local/lib/python3.12/site-packages/airflow/example_dags/example_latest_only.py
[2025-09-19T06:57:21.930+0000] {logging_mixin.py:190} INFO - [2025-09-19T06:57:21.930+0000] {dag.py:3239} INFO - Sync 1 DAGs
[2025-09-19T06:57:21.972+0000] {logging_mixin.py:190} INFO - [2025-09-19T06:57:21.972+0000] {dag.py:4180} INFO - Setting next_dagrun for latest_only to 2025-09-19 00:00:00+00:00, run_after=2025-09-19 04:00:00+00:00
[2025-09-19T06:57:22.003+0000] {processor.py:208} INFO - Processing /home/airflow/.local/lib/python3.12/site-packages/airflow/example_dags/example_latest_only.py took 0.131 seconds
[2025-09-19T06:57:52.339+0000] {processor.py:186} INFO - Started process (PID=807) to work on /home/airflow/.local/lib/python3.12/site-packages/airflow/example_dags/example_latest_only.py
[2025-09-19T06:57:52.341+0000] {processor.py:914} INFO - Processing file /home/airflow/.local/lib/python3.12/site-packages/airflow/example_dags/example_latest_only.py for tasks to queue
[2025-09-19T06:57:52.344+0000] {logging_mixin.py:190} INFO - [2025-09-19T06:57:52.344+0000] {dagbag.py:588} INFO - Filling up the DagBag from /home/airflow/.local/lib/python3.12/site-packages/airflow/example_dags/example_latest_only.py
[2025-09-19T06:57:52.355+0000] {processor.py:925} INFO - DAG(s) 'latest_only' retrieved from /home/airflow/.local/lib/python3.12/site-packages/airflow/example_dags/example_latest_only.py
[2025-09-19T06:57:52.389+0000] {logging_mixin.py:190} INFO - [2025-09-19T06:57:52.388+0000] {dag.py:3239} INFO - Sync 1 DAGs
[2025-09-19T06:57:52.431+0000] {logging_mixin.py:190} INFO - [2025-09-19T06:57:52.431+0000] {dag.py:4180} INFO - Setting next_dagrun for latest_only to 2025-09-19 00:00:00+00:00, run_after=2025-09-19 04:00:00+00:00
[2025-09-19T06:57:52.460+0000] {processor.py:208} INFO - Processing /home/airflow/.local/lib/python3.12/site-packages/airflow/example_dags/example_latest_only.py took 0.131 seconds
[2025-09-19T06:58:22.894+0000] {processor.py:186} INFO - Started process (PID=869) to work on /home/airflow/.local/lib/python3.12/site-packages/airflow/example_dags/example_latest_only.py
[2025-09-19T06:58:22.896+0000] {processor.py:914} INFO - Processing file /home/airflow/.local/lib/python3.12/site-packages/airflow/example_dags/example_latest_only.py for tasks to queue
[2025-09-19T06:58:22.899+0000] {logging_mixin.py:190} INFO - [2025-09-19T06:58:22.899+0000] {dagbag.py:588} INFO - Filling up the DagBag from /home/airflow/.local/lib/python3.12/site-packages/airflow/example_dags/example_latest_only.py
[2025-09-19T06:58:22.911+0000] {processor.py:925} INFO - DAG(s) 'latest_only' retrieved from /home/airflow/.local/lib/python3.12/site-packages/airflow/example_dags/example_latest_only.py
[2025-09-19T06:58:22.945+0000] {logging_mixin.py:190} INFO - [2025-09-19T06:58:22.944+0000] {dag.py:3239} INFO - Sync 1 DAGs
[2025-09-19T06:58:22.987+0000] {logging_mixin.py:190} INFO - [2025-09-19T06:58:22.986+0000] {dag.py:4180} INFO - Setting next_dagrun for latest_only to 2025-09-19 00:00:00+00:00, run_after=2025-09-19 04:00:00+00:00
[2025-09-19T06:58:23.019+0000] {processor.py:208} INFO - Processing /home/airflow/.local/lib/python3.12/site-packages/airflow/example_dags/example_latest_only.py took 0.135 seconds
[2025-09-19T06:58:54.005+0000] {processor.py:186} INFO - Started process (PID=931) to work on /home/airflow/.local/lib/python3.12/site-packages/airflow/example_dags/example_latest_only.py
[2025-09-19T06:58:54.006+0000] {processor.py:914} INFO - Processing file /home/airflow/.local/lib/python3.12/site-packages/airflow/example_dags/example_latest_only.py for tasks to queue
[2025-09-19T06:58:54.010+0000] {logging_mixin.py:190} INFO - [2025-09-19T06:58:54.009+0000] {dagbag.py:588} INFO - Filling up the DagBag from /home/airflow/.local/lib/python3.12/site-packages/airflow/example_dags/example_latest_only.py
[2025-09-19T06:58:54.021+0000] {processor.py:925} INFO - DAG(s) 'latest_only' retrieved from /home/airflow/.local/lib/python3.12/site-packages/airflow/example_dags/example_latest_only.py
[2025-09-19T06:58:54.055+0000] {logging_mixin.py:190} INFO - [2025-09-19T06:58:54.054+0000] {dag.py:3239} INFO - Sync 1 DAGs
[2025-09-19T06:58:54.099+0000] {logging_mixin.py:190} INFO - [2025-09-19T06:58:54.098+0000] {dag.py:4180} INFO - Setting next_dagrun for latest_only to 2025-09-19 00:00:00+00:00, run_after=2025-09-19 04:00:00+00:00
[2025-09-19T06:58:54.129+0000] {processor.py:208} INFO - Processing /home/airflow/.local/lib/python3.12/site-packages/airflow/example_dags/example_latest_only.py took 0.134 seconds
[2025-09-19T06:59:25.188+0000] {processor.py:186} INFO - Started process (PID=993) to work on /home/airflow/.local/lib/python3.12/site-packages/airflow/example_dags/example_latest_only.py
[2025-09-19T06:59:25.190+0000] {processor.py:914} INFO - Processing file /home/airflow/.local/lib/python3.12/site-packages/airflow/example_dags/example_latest_only.py for tasks to queue
[2025-09-19T06:59:25.194+0000] {logging_mixin.py:190} INFO - [2025-09-19T06:59:25.193+0000] {dagbag.py:588} INFO - Filling up the DagBag from /home/airflow/.local/lib/python3.12/site-packages/airflow/example_dags/example_latest_only.py
[2025-09-19T06:59:25.205+0000] {processor.py:925} INFO - DAG(s) 'latest_only' retrieved from /home/airflow/.local/lib/python3.12/site-packages/airflow/example_dags/example_latest_only.py
[2025-09-19T06:59:25.238+0000] {logging_mixin.py:190} INFO - [2025-09-19T06:59:25.238+0000] {dag.py:3239} INFO - Sync 1 DAGs
[2025-09-19T06:59:25.284+0000] {logging_mixin.py:190} INFO - [2025-09-19T06:59:25.284+0000] {dag.py:4180} INFO - Setting next_dagrun for latest_only to 2025-09-19 00:00:00+00:00, run_after=2025-09-19 04:00:00+00:00
[2025-09-19T06:59:25.319+0000] {processor.py:208} INFO - Processing /home/airflow/.local/lib/python3.12/site-packages/airflow/example_dags/example_latest_only.py took 0.140 seconds
[2025-09-19T06:59:55.967+0000] {processor.py:186} INFO - Started process (PID=1055) to work on /home/airflow/.local/lib/python3.12/site-packages/airflow/example_dags/example_latest_only.py
[2025-09-19T06:59:55.969+0000] {processor.py:914} INFO - Processing file /home/airflow/.local/lib/python3.12/site-packages/airflow/example_dags/example_latest_only.py for tasks to queue
[2025-09-19T06:59:55.973+0000] {logging_mixin.py:190} INFO - [2025-09-19T06:59:55.972+0000] {dagbag.py:588} INFO - Filling up the DagBag from /home/airflow/.local/lib/python3.12/site-packages/airflow/example_dags/example_latest_only.py
[2025-09-19T06:59:55.984+0000] {processor.py:925} INFO - DAG(s) 'latest_only' retrieved from /home/airflow/.local/lib/python3.12/site-packages/airflow/example_dags/example_latest_only.py
[2025-09-19T06:59:56.018+0000] {logging_mixin.py:190} INFO - [2025-09-19T06:59:56.017+0000] {dag.py:3239} INFO - Sync 1 DAGs
[2025-09-19T06:59:56.061+0000] {logging_mixin.py:190} INFO - [2025-09-19T06:59:56.061+0000] {dag.py:4180} INFO - Setting next_dagrun for latest_only to 2025-09-19 00:00:00+00:00, run_after=2025-09-19 04:00:00+00:00
[2025-09-19T06:59:56.092+0000] {processor.py:208} INFO - Processing /home/airflow/.local/lib/python3.12/site-packages/airflow/example_dags/example_latest_only.py took 0.133 seconds
[2025-09-19T07:00:26.870+0000] {processor.py:186} INFO - Started process (PID=1123) to work on /home/airflow/.local/lib/python3.12/site-packages/airflow/example_dags/example_latest_only.py
[2025-09-19T07:00:26.872+0000] {processor.py:914} INFO - Processing file /home/airflow/.local/lib/python3.12/site-packages/airflow/example_dags/example_latest_only.py for tasks to queue
[2025-09-19T07:00:26.875+0000] {logging_mixin.py:190} INFO - [2025-09-19T07:00:26.875+0000] {dagbag.py:588} INFO - Filling up the DagBag from /home/airflow/.local/lib/python3.12/site-packages/airflow/example_dags/example_latest_only.py
[2025-09-19T07:00:26.887+0000] {processor.py:925} INFO - DAG(s) 'latest_only' retrieved from /home/airflow/.local/lib/python3.12/site-packages/airflow/example_dags/example_latest_only.py
[2025-09-19T07:00:26.919+0000] {logging_mixin.py:190} INFO - [2025-09-19T07:00:26.919+0000] {dag.py:3239} INFO - Sync 1 DAGs
[2025-09-19T07:00:26.961+0000] {logging_mixin.py:190} INFO - [2025-09-19T07:00:26.961+0000] {dag.py:4180} INFO - Setting next_dagrun for latest_only to 2025-09-19 00:00:00+00:00, run_after=2025-09-19 04:00:00+00:00
[2025-09-19T07:00:26.991+0000] {processor.py:208} INFO - Processing /home/airflow/.local/lib/python3.12/site-packages/airflow/example_dags/example_latest_only.py took 0.131 seconds
[2025-09-19T07:00:57.319+0000] {processor.py:186} INFO - Started process (PID=1185) to work on /home/airflow/.local/lib/python3.12/site-packages/airflow/example_dags/example_latest_only.py
[2025-09-19T07:00:57.321+0000] {processor.py:914} INFO - Processing file /home/airflow/.local/lib/python3.12/site-packages/airflow/example_dags/example_latest_only.py for tasks to queue
[2025-09-19T07:00:57.324+0000] {logging_mixin.py:190} INFO - [2025-09-19T07:00:57.324+0000] {dagbag.py:588} INFO - Filling up the DagBag from /home/airflow/.local/lib/python3.12/site-packages/airflow/example_dags/example_latest_only.py
[2025-09-19T07:00:57.336+0000] {processor.py:925} INFO - DAG(s) 'latest_only' retrieved from /home/airflow/.local/lib/python3.12/site-packages/airflow/example_dags/example_latest_only.py
[2025-09-19T07:00:57.368+0000] {logging_mixin.py:190} INFO - [2025-09-19T07:00:57.367+0000] {dag.py:3239} INFO - Sync 1 DAGs
[2025-09-19T07:00:57.411+0000] {logging_mixin.py:190} INFO - [2025-09-19T07:00:57.411+0000] {dag.py:4180} INFO - Setting next_dagrun for latest_only to 2025-09-19 00:00:00+00:00, run_after=2025-09-19 04:00:00+00:00
[2025-09-19T07:00:57.442+0000] {processor.py:208} INFO - Processing /home/airflow/.local/lib/python3.12/site-packages/airflow/example_dags/example_latest_only.py took 0.132 seconds
[2025-09-19T07:01:28.034+0000] {processor.py:186} INFO - Started process (PID=1247) to work on /home/airflow/.local/lib/python3.12/site-packages/airflow/example_dags/example_latest_only.py
[2025-09-19T07:01:28.036+0000] {processor.py:914} INFO - Processing file /home/airflow/.local/lib/python3.12/site-packages/airflow/example_dags/example_latest_only.py for tasks to queue
[2025-09-19T07:01:28.039+0000] {logging_mixin.py:190} INFO - [2025-09-19T07:01:28.039+0000] {dagbag.py:588} INFO - Filling up the DagBag from /home/airflow/.local/lib/python3.12/site-packages/airflow/example_dags/example_latest_only.py
[2025-09-19T07:01:28.051+0000] {processor.py:925} INFO - DAG(s) 'latest_only' retrieved from /home/airflow/.local/lib/python3.12/site-packages/airflow/example_dags/example_latest_only.py
[2025-09-19T07:01:28.082+0000] {logging_mixin.py:190} INFO - [2025-09-19T07:01:28.082+0000] {dag.py:3239} INFO - Sync 1 DAGs
[2025-09-19T07:01:28.126+0000] {logging_mixin.py:190} INFO - [2025-09-19T07:01:28.126+0000] {dag.py:4180} INFO - Setting next_dagrun for latest_only to 2025-09-19 00:00:00+00:00, run_after=2025-09-19 04:00:00+00:00
[2025-09-19T07:01:28.156+0000] {processor.py:208} INFO - Processing /home/airflow/.local/lib/python3.12/site-packages/airflow/example_dags/example_latest_only.py took 0.131 seconds
[2025-09-19T07:01:58.848+0000] {processor.py:186} INFO - Started process (PID=1309) to work on /home/airflow/.local/lib/python3.12/site-packages/airflow/example_dags/example_latest_only.py
[2025-09-19T07:01:58.850+0000] {processor.py:914} INFO - Processing file /home/airflow/.local/lib/python3.12/site-packages/airflow/example_dags/example_latest_only.py for tasks to queue
[2025-09-19T07:01:58.854+0000] {logging_mixin.py:190} INFO - [2025-09-19T07:01:58.853+0000] {dagbag.py:588} INFO - Filling up the DagBag from /home/airflow/.local/lib/python3.12/site-packages/airflow/example_dags/example_latest_only.py
[2025-09-19T07:01:58.865+0000] {processor.py:925} INFO - DAG(s) 'latest_only' retrieved from /home/airflow/.local/lib/python3.12/site-packages/airflow/example_dags/example_latest_only.py
[2025-09-19T07:01:58.898+0000] {logging_mixin.py:190} INFO - [2025-09-19T07:01:58.898+0000] {dag.py:3239} INFO - Sync 1 DAGs
[2025-09-19T07:01:58.941+0000] {logging_mixin.py:190} INFO - [2025-09-19T07:01:58.941+0000] {dag.py:4180} INFO - Setting next_dagrun for latest_only to 2025-09-19 00:00:00+00:00, run_after=2025-09-19 04:00:00+00:00
[2025-09-19T07:01:58.971+0000] {processor.py:208} INFO - Processing /home/airflow/.local/lib/python3.12/site-packages/airflow/example_dags/example_latest_only.py took 0.132 seconds
[2025-09-19T07:02:29.438+0000] {processor.py:186} INFO - Started process (PID=1371) to work on /home/airflow/.local/lib/python3.12/site-packages/airflow/example_dags/example_latest_only.py
[2025-09-19T07:02:29.440+0000] {processor.py:914} INFO - Processing file /home/airflow/.local/lib/python3.12/site-packages/airflow/example_dags/example_latest_only.py for tasks to queue
[2025-09-19T07:02:29.444+0000] {logging_mixin.py:190} INFO - [2025-09-19T07:02:29.443+0000] {dagbag.py:588} INFO - Filling up the DagBag from /home/airflow/.local/lib/python3.12/site-packages/airflow/example_dags/example_latest_only.py
[2025-09-19T07:02:29.456+0000] {processor.py:925} INFO - DAG(s) 'latest_only' retrieved from /home/airflow/.local/lib/python3.12/site-packages/airflow/example_dags/example_latest_only.py
[2025-09-19T07:02:29.491+0000] {logging_mixin.py:190} INFO - [2025-09-19T07:02:29.491+0000] {dag.py:3239} INFO - Sync 1 DAGs
[2025-09-19T07:02:29.535+0000] {logging_mixin.py:190} INFO - [2025-09-19T07:02:29.534+0000] {dag.py:4180} INFO - Setting next_dagrun for latest_only to 2025-09-19 00:00:00+00:00, run_after=2025-09-19 04:00:00+00:00
[2025-09-19T07:02:29.568+0000] {processor.py:208} INFO - Processing /home/airflow/.local/lib/python3.12/site-packages/airflow/example_dags/example_latest_only.py took 0.140 seconds
[2025-09-19T07:03:00.174+0000] {processor.py:186} INFO - Started process (PID=1433) to work on /home/airflow/.local/lib/python3.12/site-packages/airflow/example_dags/example_latest_only.py
[2025-09-19T07:03:00.176+0000] {processor.py:914} INFO - Processing file /home/airflow/.local/lib/python3.12/site-packages/airflow/example_dags/example_latest_only.py for tasks to queue
[2025-09-19T07:03:00.180+0000] {logging_mixin.py:190} INFO - [2025-09-19T07:03:00.179+0000] {dagbag.py:588} INFO - Filling up the DagBag from /home/airflow/.local/lib/python3.12/site-packages/airflow/example_dags/example_latest_only.py
[2025-09-19T07:03:00.191+0000] {processor.py:925} INFO - DAG(s) 'latest_only' retrieved from /home/airflow/.local/lib/python3.12/site-packages/airflow/example_dags/example_latest_only.py
[2025-09-19T07:03:00.223+0000] {logging_mixin.py:190} INFO - [2025-09-19T07:03:00.222+0000] {dag.py:3239} INFO - Sync 1 DAGs
[2025-09-19T07:03:00.269+0000] {logging_mixin.py:190} INFO - [2025-09-19T07:03:00.268+0000] {dag.py:4180} INFO - Setting next_dagrun for latest_only to 2025-09-19 00:00:00+00:00, run_after=2025-09-19 04:00:00+00:00
[2025-09-19T07:03:00.300+0000] {processor.py:208} INFO - Processing /home/airflow/.local/lib/python3.12/site-packages/airflow/example_dags/example_latest_only.py took 0.135 seconds
[2025-09-19T07:03:30.904+0000] {processor.py:186} INFO - Started process (PID=1495) to work on /home/airflow/.local/lib/python3.12/site-packages/airflow/example_dags/example_latest_only.py
[2025-09-19T07:03:30.905+0000] {processor.py:914} INFO - Processing file /home/airflow/.local/lib/python3.12/site-packages/airflow/example_dags/example_latest_only.py for tasks to queue
[2025-09-19T07:03:30.909+0000] {logging_mixin.py:190} INFO - [2025-09-19T07:03:30.908+0000] {dagbag.py:588} INFO - Filling up the DagBag from /home/airflow/.local/lib/python3.12/site-packages/airflow/example_dags/example_latest_only.py
[2025-09-19T07:03:30.920+0000] {processor.py:925} INFO - DAG(s) 'latest_only' retrieved from /home/airflow/.local/lib/python3.12/site-packages/airflow/example_dags/example_latest_only.py
[2025-09-19T07:03:30.951+0000] {logging_mixin.py:190} INFO - [2025-09-19T07:03:30.951+0000] {dag.py:3239} INFO - Sync 1 DAGs
[2025-09-19T07:03:30.994+0000] {logging_mixin.py:190} INFO - [2025-09-19T07:03:30.993+0000] {dag.py:4180} INFO - Setting next_dagrun for latest_only to 2025-09-19 00:00:00+00:00, run_after=2025-09-19 04:00:00+00:00
[2025-09-19T07:03:31.023+0000] {processor.py:208} INFO - Processing /home/airflow/.local/lib/python3.12/site-packages/airflow/example_dags/example_latest_only.py took 0.128 seconds
[2025-09-19T07:04:01.731+0000] {processor.py:186} INFO - Started process (PID=1557) to work on /home/airflow/.local/lib/python3.12/site-packages/airflow/example_dags/example_latest_only.py
[2025-09-19T07:04:01.733+0000] {processor.py:914} INFO - Processing file /home/airflow/.local/lib/python3.12/site-packages/airflow/example_dags/example_latest_only.py for tasks to queue
[2025-09-19T07:04:01.736+0000] {logging_mixin.py:190} INFO - [2025-09-19T07:04:01.736+0000] {dagbag.py:588} INFO - Filling up the DagBag from /home/airflow/.local/lib/python3.12/site-packages/airflow/example_dags/example_latest_only.py
[2025-09-19T07:04:01.747+0000] {processor.py:925} INFO - DAG(s) 'latest_only' retrieved from /home/airflow/.local/lib/python3.12/site-packages/airflow/example_dags/example_latest_only.py
[2025-09-19T07:04:01.780+0000] {logging_mixin.py:190} INFO - [2025-09-19T07:04:01.780+0000] {dag.py:3239} INFO - Sync 1 DAGs
[2025-09-19T07:04:01.823+0000] {logging_mixin.py:190} INFO - [2025-09-19T07:04:01.822+0000] {dag.py:4180} INFO - Setting next_dagrun for latest_only to 2025-09-19 00:00:00+00:00, run_after=2025-09-19 04:00:00+00:00
[2025-09-19T07:04:01.856+0000] {processor.py:208} INFO - Processing /home/airflow/.local/lib/python3.12/site-packages/airflow/example_dags/example_latest_only.py took 0.134 seconds
[2025-09-19T07:04:32.083+0000] {processor.py:186} INFO - Started process (PID=1619) to work on /home/airflow/.local/lib/python3.12/site-packages/airflow/example_dags/example_latest_only.py
[2025-09-19T07:04:32.084+0000] {processor.py:914} INFO - Processing file /home/airflow/.local/lib/python3.12/site-packages/airflow/example_dags/example_latest_only.py for tasks to queue
[2025-09-19T07:04:32.088+0000] {logging_mixin.py:190} INFO - [2025-09-19T07:04:32.087+0000] {dagbag.py:588} INFO - Filling up the DagBag from /home/airflow/.local/lib/python3.12/site-packages/airflow/example_dags/example_latest_only.py
[2025-09-19T07:04:32.099+0000] {processor.py:925} INFO - DAG(s) 'latest_only' retrieved from /home/airflow/.local/lib/python3.12/site-packages/airflow/example_dags/example_latest_only.py
[2025-09-19T07:04:32.133+0000] {logging_mixin.py:190} INFO - [2025-09-19T07:04:32.132+0000] {dag.py:3239} INFO - Sync 1 DAGs
[2025-09-19T07:04:32.178+0000] {logging_mixin.py:190} INFO - [2025-09-19T07:04:32.178+0000] {dag.py:4180} INFO - Setting next_dagrun for latest_only to 2025-09-19 00:00:00+00:00, run_after=2025-09-19 04:00:00+00:00
[2025-09-19T07:04:32.213+0000] {processor.py:208} INFO - Processing /home/airflow/.local/lib/python3.12/site-packages/airflow/example_dags/example_latest_only.py took 0.140 seconds
[2025-09-19T07:05:02.947+0000] {processor.py:186} INFO - Started process (PID=1681) to work on /home/airflow/.local/lib/python3.12/site-packages/airflow/example_dags/example_latest_only.py
[2025-09-19T07:05:02.948+0000] {processor.py:914} INFO - Processing file /home/airflow/.local/lib/python3.12/site-packages/airflow/example_dags/example_latest_only.py for tasks to queue
[2025-09-19T07:05:02.952+0000] {logging_mixin.py:190} INFO - [2025-09-19T07:05:02.951+0000] {dagbag.py:588} INFO - Filling up the DagBag from /home/airflow/.local/lib/python3.12/site-packages/airflow/example_dags/example_latest_only.py
[2025-09-19T07:05:02.963+0000] {processor.py:925} INFO - DAG(s) 'latest_only' retrieved from /home/airflow/.local/lib/python3.12/site-packages/airflow/example_dags/example_latest_only.py
[2025-09-19T07:05:02.996+0000] {logging_mixin.py:190} INFO - [2025-09-19T07:05:02.995+0000] {dag.py:3239} INFO - Sync 1 DAGs
[2025-09-19T07:05:03.037+0000] {logging_mixin.py:190} INFO - [2025-09-19T07:05:03.037+0000] {dag.py:4180} INFO - Setting next_dagrun for latest_only to 2025-09-19 00:00:00+00:00, run_after=2025-09-19 04:00:00+00:00
[2025-09-19T07:05:03.068+0000] {processor.py:208} INFO - Processing /home/airflow/.local/lib/python3.12/site-packages/airflow/example_dags/example_latest_only.py took 0.130 seconds
[2025-09-19T07:05:33.652+0000] {processor.py:186} INFO - Started process (PID=1749) to work on /home/airflow/.local/lib/python3.12/site-packages/airflow/example_dags/example_latest_only.py
[2025-09-19T07:05:33.653+0000] {processor.py:914} INFO - Processing file /home/airflow/.local/lib/python3.12/site-packages/airflow/example_dags/example_latest_only.py for tasks to queue
[2025-09-19T07:05:33.657+0000] {logging_mixin.py:190} INFO - [2025-09-19T07:05:33.656+0000] {dagbag.py:588} INFO - Filling up the DagBag from /home/airflow/.local/lib/python3.12/site-packages/airflow/example_dags/example_latest_only.py
[2025-09-19T07:05:33.668+0000] {processor.py:925} INFO - DAG(s) 'latest_only' retrieved from /home/airflow/.local/lib/python3.12/site-packages/airflow/example_dags/example_latest_only.py
[2025-09-19T07:05:33.700+0000] {logging_mixin.py:190} INFO - [2025-09-19T07:05:33.699+0000] {dag.py:3239} INFO - Sync 1 DAGs
[2025-09-19T07:05:33.744+0000] {logging_mixin.py:190} INFO - [2025-09-19T07:05:33.744+0000] {dag.py:4180} INFO - Setting next_dagrun for latest_only to 2025-09-19 00:00:00+00:00, run_after=2025-09-19 04:00:00+00:00
[2025-09-19T07:05:33.777+0000] {processor.py:208} INFO - Processing /home/airflow/.local/lib/python3.12/site-packages/airflow/example_dags/example_latest_only.py took 0.134 seconds
[2025-09-19T07:06:04.123+0000] {processor.py:186} INFO - Started process (PID=1811) to work on /home/airflow/.local/lib/python3.12/site-packages/airflow/example_dags/example_latest_only.py
[2025-09-19T07:06:04.125+0000] {processor.py:914} INFO - Processing file /home/airflow/.local/lib/python3.12/site-packages/airflow/example_dags/example_latest_only.py for tasks to queue
[2025-09-19T07:06:04.129+0000] {logging_mixin.py:190} INFO - [2025-09-19T07:06:04.129+0000] {dagbag.py:588} INFO - Filling up the DagBag from /home/airflow/.local/lib/python3.12/site-packages/airflow/example_dags/example_latest_only.py
[2025-09-19T07:06:04.141+0000] {processor.py:925} INFO - DAG(s) 'latest_only' retrieved from /home/airflow/.local/lib/python3.12/site-packages/airflow/example_dags/example_latest_only.py
[2025-09-19T07:06:04.175+0000] {logging_mixin.py:190} INFO - [2025-09-19T07:06:04.175+0000] {dag.py:3239} INFO - Sync 1 DAGs
[2025-09-19T07:06:04.219+0000] {logging_mixin.py:190} INFO - [2025-09-19T07:06:04.219+0000] {dag.py:4180} INFO - Setting next_dagrun for latest_only to 2025-09-19 00:00:00+00:00, run_after=2025-09-19 04:00:00+00:00
[2025-09-19T07:06:04.253+0000] {processor.py:208} INFO - Processing /home/airflow/.local/lib/python3.12/site-packages/airflow/example_dags/example_latest_only.py took 0.139 seconds
[2025-09-19T07:06:34.426+0000] {processor.py:186} INFO - Started process (PID=1873) to work on /home/airflow/.local/lib/python3.12/site-packages/airflow/example_dags/example_latest_only.py
[2025-09-19T07:06:34.427+0000] {processor.py:914} INFO - Processing file /home/airflow/.local/lib/python3.12/site-packages/airflow/example_dags/example_latest_only.py for tasks to queue
[2025-09-19T07:06:34.431+0000] {logging_mixin.py:190} INFO - [2025-09-19T07:06:34.430+0000] {dagbag.py:588} INFO - Filling up the DagBag from /home/airflow/.local/lib/python3.12/site-packages/airflow/example_dags/example_latest_only.py
[2025-09-19T07:06:34.442+0000] {processor.py:925} INFO - DAG(s) 'latest_only' retrieved from /home/airflow/.local/lib/python3.12/site-packages/airflow/example_dags/example_latest_only.py
[2025-09-19T07:06:34.473+0000] {logging_mixin.py:190} INFO - [2025-09-19T07:06:34.473+0000] {dag.py:3239} INFO - Sync 1 DAGs
[2025-09-19T07:06:34.515+0000] {logging_mixin.py:190} INFO - [2025-09-19T07:06:34.515+0000] {dag.py:4180} INFO - Setting next_dagrun for latest_only to 2025-09-19 00:00:00+00:00, run_after=2025-09-19 04:00:00+00:00
[2025-09-19T07:06:34.547+0000] {processor.py:208} INFO - Processing /home/airflow/.local/lib/python3.12/site-packages/airflow/example_dags/example_latest_only.py took 0.131 seconds
[2025-09-19T07:07:04.956+0000] {processor.py:186} INFO - Started process (PID=1935) to work on /home/airflow/.local/lib/python3.12/site-packages/airflow/example_dags/example_latest_only.py
[2025-09-19T07:07:04.958+0000] {processor.py:914} INFO - Processing file /home/airflow/.local/lib/python3.12/site-packages/airflow/example_dags/example_latest_only.py for tasks to queue
[2025-09-19T07:07:04.962+0000] {logging_mixin.py:190} INFO - [2025-09-19T07:07:04.961+0000] {dagbag.py:588} INFO - Filling up the DagBag from /home/airflow/.local/lib/python3.12/site-packages/airflow/example_dags/example_latest_only.py
[2025-09-19T07:07:04.976+0000] {processor.py:925} INFO - DAG(s) 'latest_only' retrieved from /home/airflow/.local/lib/python3.12/site-packages/airflow/example_dags/example_latest_only.py
[2025-09-19T07:07:05.009+0000] {logging_mixin.py:190} INFO - [2025-09-19T07:07:05.009+0000] {dag.py:3239} INFO - Sync 1 DAGs
[2025-09-19T07:07:05.050+0000] {logging_mixin.py:190} INFO - [2025-09-19T07:07:05.049+0000] {dag.py:4180} INFO - Setting next_dagrun for latest_only to 2025-09-19 00:00:00+00:00, run_after=2025-09-19 04:00:00+00:00
[2025-09-19T07:07:05.081+0000] {processor.py:208} INFO - Processing /home/airflow/.local/lib/python3.12/site-packages/airflow/example_dags/example_latest_only.py took 0.135 seconds
[2025-09-19T07:07:35.853+0000] {processor.py:186} INFO - Started process (PID=1997) to work on /home/airflow/.local/lib/python3.12/site-packages/airflow/example_dags/example_latest_only.py
[2025-09-19T07:07:35.854+0000] {processor.py:914} INFO - Processing file /home/airflow/.local/lib/python3.12/site-packages/airflow/example_dags/example_latest_only.py for tasks to queue
[2025-09-19T07:07:35.858+0000] {logging_mixin.py:190} INFO - [2025-09-19T07:07:35.857+0000] {dagbag.py:588} INFO - Filling up the DagBag from /home/airflow/.local/lib/python3.12/site-packages/airflow/example_dags/example_latest_only.py
[2025-09-19T07:07:35.868+0000] {processor.py:925} INFO - DAG(s) 'latest_only' retrieved from /home/airflow/.local/lib/python3.12/site-packages/airflow/example_dags/example_latest_only.py
[2025-09-19T07:07:35.902+0000] {logging_mixin.py:190} INFO - [2025-09-19T07:07:35.901+0000] {dag.py:3239} INFO - Sync 1 DAGs
[2025-09-19T07:07:35.942+0000] {logging_mixin.py:190} INFO - [2025-09-19T07:07:35.942+0000] {dag.py:4180} INFO - Setting next_dagrun for latest_only to 2025-09-19 00:00:00+00:00, run_after=2025-09-19 04:00:00+00:00
[2025-09-19T07:07:35.974+0000] {processor.py:208} INFO - Processing /home/airflow/.local/lib/python3.12/site-packages/airflow/example_dags/example_latest_only.py took 0.131 seconds
[2025-09-19T07:08:07.039+0000] {processor.py:186} INFO - Started process (PID=2059) to work on /home/airflow/.local/lib/python3.12/site-packages/airflow/example_dags/example_latest_only.py
[2025-09-19T07:08:07.040+0000] {processor.py:914} INFO - Processing file /home/airflow/.local/lib/python3.12/site-packages/airflow/example_dags/example_latest_only.py for tasks to queue
[2025-09-19T07:08:07.044+0000] {logging_mixin.py:190} INFO - [2025-09-19T07:08:07.044+0000] {dagbag.py:588} INFO - Filling up the DagBag from /home/airflow/.local/lib/python3.12/site-packages/airflow/example_dags/example_latest_only.py
[2025-09-19T07:08:07.055+0000] {processor.py:925} INFO - DAG(s) 'latest_only' retrieved from /home/airflow/.local/lib/python3.12/site-packages/airflow/example_dags/example_latest_only.py
[2025-09-19T07:08:07.087+0000] {logging_mixin.py:190} INFO - [2025-09-19T07:08:07.086+0000] {dag.py:3239} INFO - Sync 1 DAGs
[2025-09-19T07:08:07.130+0000] {logging_mixin.py:190} INFO - [2025-09-19T07:08:07.130+0000] {dag.py:4180} INFO - Setting next_dagrun for latest_only to 2025-09-19 00:00:00+00:00, run_after=2025-09-19 04:00:00+00:00
[2025-09-19T07:08:07.163+0000] {processor.py:208} INFO - Processing /home/airflow/.local/lib/python3.12/site-packages/airflow/example_dags/example_latest_only.py took 0.133 seconds
[2025-09-19T07:08:38.381+0000] {processor.py:186} INFO - Started process (PID=2119) to work on /home/airflow/.local/lib/python3.12/site-packages/airflow/example_dags/example_latest_only.py
[2025-09-19T07:08:38.382+0000] {processor.py:914} INFO - Processing file /home/airflow/.local/lib/python3.12/site-packages/airflow/example_dags/example_latest_only.py for tasks to queue
[2025-09-19T07:08:38.386+0000] {logging_mixin.py:190} INFO - [2025-09-19T07:08:38.385+0000] {dagbag.py:588} INFO - Filling up the DagBag from /home/airflow/.local/lib/python3.12/site-packages/airflow/example_dags/example_latest_only.py
[2025-09-19T07:08:38.399+0000] {processor.py:925} INFO - DAG(s) 'latest_only' retrieved from /home/airflow/.local/lib/python3.12/site-packages/airflow/example_dags/example_latest_only.py
[2025-09-19T07:08:38.431+0000] {logging_mixin.py:190} INFO - [2025-09-19T07:08:38.431+0000] {dag.py:3239} INFO - Sync 1 DAGs
[2025-09-19T07:08:38.473+0000] {logging_mixin.py:190} INFO - [2025-09-19T07:08:38.473+0000] {dag.py:4180} INFO - Setting next_dagrun for latest_only to 2025-09-19 00:00:00+00:00, run_after=2025-09-19 04:00:00+00:00
[2025-09-19T07:08:38.508+0000] {processor.py:208} INFO - Processing /home/airflow/.local/lib/python3.12/site-packages/airflow/example_dags/example_latest_only.py took 0.137 seconds
[2025-09-19T07:09:08.808+0000] {processor.py:186} INFO - Started process (PID=2181) to work on /home/airflow/.local/lib/python3.12/site-packages/airflow/example_dags/example_latest_only.py
[2025-09-19T07:09:08.809+0000] {processor.py:914} INFO - Processing file /home/airflow/.local/lib/python3.12/site-packages/airflow/example_dags/example_latest_only.py for tasks to queue
[2025-09-19T07:09:08.813+0000] {logging_mixin.py:190} INFO - [2025-09-19T07:09:08.812+0000] {dagbag.py:588} INFO - Filling up the DagBag from /home/airflow/.local/lib/python3.12/site-packages/airflow/example_dags/example_latest_only.py
[2025-09-19T07:09:08.824+0000] {processor.py:925} INFO - DAG(s) 'latest_only' retrieved from /home/airflow/.local/lib/python3.12/site-packages/airflow/example_dags/example_latest_only.py
[2025-09-19T07:09:08.855+0000] {logging_mixin.py:190} INFO - [2025-09-19T07:09:08.855+0000] {dag.py:3239} INFO - Sync 1 DAGs
[2025-09-19T07:09:08.897+0000] {logging_mixin.py:190} INFO - [2025-09-19T07:09:08.897+0000] {dag.py:4180} INFO - Setting next_dagrun for latest_only to 2025-09-19 00:00:00+00:00, run_after=2025-09-19 04:00:00+00:00
[2025-09-19T07:09:08.929+0000] {processor.py:208} INFO - Processing /home/airflow/.local/lib/python3.12/site-packages/airflow/example_dags/example_latest_only.py took 0.131 seconds
[2025-09-19T07:09:40.394+0000] {processor.py:186} INFO - Started process (PID=2243) to work on /home/airflow/.local/lib/python3.12/site-packages/airflow/example_dags/example_latest_only.py
[2025-09-19T07:09:40.395+0000] {processor.py:914} INFO - Processing file /home/airflow/.local/lib/python3.12/site-packages/airflow/example_dags/example_latest_only.py for tasks to queue
[2025-09-19T07:09:40.399+0000] {logging_mixin.py:190} INFO - [2025-09-19T07:09:40.398+0000] {dagbag.py:588} INFO - Filling up the DagBag from /home/airflow/.local/lib/python3.12/site-packages/airflow/example_dags/example_latest_only.py
[2025-09-19T07:09:40.410+0000] {processor.py:925} INFO - DAG(s) 'latest_only' retrieved from /home/airflow/.local/lib/python3.12/site-packages/airflow/example_dags/example_latest_only.py
[2025-09-19T07:09:40.442+0000] {logging_mixin.py:190} INFO - [2025-09-19T07:09:40.441+0000] {dag.py:3239} INFO - Sync 1 DAGs
[2025-09-19T07:09:40.488+0000] {logging_mixin.py:190} INFO - [2025-09-19T07:09:40.487+0000] {dag.py:4180} INFO - Setting next_dagrun for latest_only to 2025-09-19 00:00:00+00:00, run_after=2025-09-19 04:00:00+00:00
[2025-09-19T07:09:40.519+0000] {processor.py:208} INFO - Processing /home/airflow/.local/lib/python3.12/site-packages/airflow/example_dags/example_latest_only.py took 0.134 seconds
[2025-09-19T07:10:11.906+0000] {processor.py:186} INFO - Started process (PID=2311) to work on /home/airflow/.local/lib/python3.12/site-packages/airflow/example_dags/example_latest_only.py
[2025-09-19T07:10:11.908+0000] {processor.py:914} INFO - Processing file /home/airflow/.local/lib/python3.12/site-packages/airflow/example_dags/example_latest_only.py for tasks to queue
[2025-09-19T07:10:11.911+0000] {logging_mixin.py:190} INFO - [2025-09-19T07:10:11.911+0000] {dagbag.py:588} INFO - Filling up the DagBag from /home/airflow/.local/lib/python3.12/site-packages/airflow/example_dags/example_latest_only.py
[2025-09-19T07:10:11.923+0000] {processor.py:925} INFO - DAG(s) 'latest_only' retrieved from /home/airflow/.local/lib/python3.12/site-packages/airflow/example_dags/example_latest_only.py
[2025-09-19T07:10:11.957+0000] {logging_mixin.py:190} INFO - [2025-09-19T07:10:11.957+0000] {dag.py:3239} INFO - Sync 1 DAGs
[2025-09-19T07:10:11.999+0000] {logging_mixin.py:190} INFO - [2025-09-19T07:10:11.999+0000] {dag.py:4180} INFO - Setting next_dagrun for latest_only to 2025-09-19 00:00:00+00:00, run_after=2025-09-19 04:00:00+00:00
[2025-09-19T07:10:12.033+0000] {processor.py:208} INFO - Processing /home/airflow/.local/lib/python3.12/site-packages/airflow/example_dags/example_latest_only.py took 0.137 seconds
[2025-09-19T07:10:42.365+0000] {processor.py:186} INFO - Started process (PID=2373) to work on /home/airflow/.local/lib/python3.12/site-packages/airflow/example_dags/example_latest_only.py
[2025-09-19T07:10:42.367+0000] {processor.py:914} INFO - Processing file /home/airflow/.local/lib/python3.12/site-packages/airflow/example_dags/example_latest_only.py for tasks to queue
[2025-09-19T07:10:42.371+0000] {logging_mixin.py:190} INFO - [2025-09-19T07:10:42.370+0000] {dagbag.py:588} INFO - Filling up the DagBag from /home/airflow/.local/lib/python3.12/site-packages/airflow/example_dags/example_latest_only.py
[2025-09-19T07:10:42.382+0000] {processor.py:925} INFO - DAG(s) 'latest_only' retrieved from /home/airflow/.local/lib/python3.12/site-packages/airflow/example_dags/example_latest_only.py
[2025-09-19T07:10:42.413+0000] {logging_mixin.py:190} INFO - [2025-09-19T07:10:42.412+0000] {dag.py:3239} INFO - Sync 1 DAGs
[2025-09-19T07:10:42.457+0000] {logging_mixin.py:190} INFO - [2025-09-19T07:10:42.456+0000] {dag.py:4180} INFO - Setting next_dagrun for latest_only to 2025-09-19 00:00:00+00:00, run_after=2025-09-19 04:00:00+00:00
[2025-09-19T07:10:42.491+0000] {processor.py:208} INFO - Processing /home/airflow/.local/lib/python3.12/site-packages/airflow/example_dags/example_latest_only.py took 0.135 seconds
[2025-09-19T07:11:13.098+0000] {processor.py:186} INFO - Started process (PID=2435) to work on /home/airflow/.local/lib/python3.12/site-packages/airflow/example_dags/example_latest_only.py
[2025-09-19T07:11:13.100+0000] {processor.py:914} INFO - Processing file /home/airflow/.local/lib/python3.12/site-packages/airflow/example_dags/example_latest_only.py for tasks to queue
[2025-09-19T07:11:13.104+0000] {logging_mixin.py:190} INFO - [2025-09-19T07:11:13.103+0000] {dagbag.py:588} INFO - Filling up the DagBag from /home/airflow/.local/lib/python3.12/site-packages/airflow/example_dags/example_latest_only.py
[2025-09-19T07:11:13.116+0000] {processor.py:925} INFO - DAG(s) 'latest_only' retrieved from /home/airflow/.local/lib/python3.12/site-packages/airflow/example_dags/example_latest_only.py
[2025-09-19T07:11:13.148+0000] {logging_mixin.py:190} INFO - [2025-09-19T07:11:13.147+0000] {dag.py:3239} INFO - Sync 1 DAGs
[2025-09-19T07:11:13.190+0000] {logging_mixin.py:190} INFO - [2025-09-19T07:11:13.190+0000] {dag.py:4180} INFO - Setting next_dagrun for latest_only to 2025-09-19 00:00:00+00:00, run_after=2025-09-19 04:00:00+00:00
[2025-09-19T07:11:13.223+0000] {processor.py:208} INFO - Processing /home/airflow/.local/lib/python3.12/site-packages/airflow/example_dags/example_latest_only.py took 0.136 seconds
[2025-09-19T07:11:44.336+0000] {processor.py:186} INFO - Started process (PID=2497) to work on /home/airflow/.local/lib/python3.12/site-packages/airflow/example_dags/example_latest_only.py
[2025-09-19T07:11:44.338+0000] {processor.py:914} INFO - Processing file /home/airflow/.local/lib/python3.12/site-packages/airflow/example_dags/example_latest_only.py for tasks to queue
[2025-09-19T07:11:44.342+0000] {logging_mixin.py:190} INFO - [2025-09-19T07:11:44.341+0000] {dagbag.py:588} INFO - Filling up the DagBag from /home/airflow/.local/lib/python3.12/site-packages/airflow/example_dags/example_latest_only.py
[2025-09-19T07:11:44.354+0000] {processor.py:925} INFO - DAG(s) 'latest_only' retrieved from /home/airflow/.local/lib/python3.12/site-packages/airflow/example_dags/example_latest_only.py
[2025-09-19T07:11:44.389+0000] {logging_mixin.py:190} INFO - [2025-09-19T07:11:44.388+0000] {dag.py:3239} INFO - Sync 1 DAGs
[2025-09-19T07:11:44.431+0000] {logging_mixin.py:190} INFO - [2025-09-19T07:11:44.431+0000] {dag.py:4180} INFO - Setting next_dagrun for latest_only to 2025-09-19 00:00:00+00:00, run_after=2025-09-19 04:00:00+00:00
[2025-09-19T07:11:44.464+0000] {processor.py:208} INFO - Processing /home/airflow/.local/lib/python3.12/site-packages/airflow/example_dags/example_latest_only.py took 0.138 seconds
[2025-09-19T07:12:15.418+0000] {processor.py:186} INFO - Started process (PID=2559) to work on /home/airflow/.local/lib/python3.12/site-packages/airflow/example_dags/example_latest_only.py
[2025-09-19T07:12:15.420+0000] {processor.py:914} INFO - Processing file /home/airflow/.local/lib/python3.12/site-packages/airflow/example_dags/example_latest_only.py for tasks to queue
[2025-09-19T07:12:15.423+0000] {logging_mixin.py:190} INFO - [2025-09-19T07:12:15.423+0000] {dagbag.py:588} INFO - Filling up the DagBag from /home/airflow/.local/lib/python3.12/site-packages/airflow/example_dags/example_latest_only.py
[2025-09-19T07:12:15.434+0000] {processor.py:925} INFO - DAG(s) 'latest_only' retrieved from /home/airflow/.local/lib/python3.12/site-packages/airflow/example_dags/example_latest_only.py
[2025-09-19T07:12:15.467+0000] {logging_mixin.py:190} INFO - [2025-09-19T07:12:15.466+0000] {dag.py:3239} INFO - Sync 1 DAGs
[2025-09-19T07:12:15.519+0000] {logging_mixin.py:190} INFO - [2025-09-19T07:12:15.518+0000] {dag.py:4180} INFO - Setting next_dagrun for latest_only to 2025-09-19 00:00:00+00:00, run_after=2025-09-19 04:00:00+00:00
[2025-09-19T07:12:15.562+0000] {processor.py:208} INFO - Processing /home/airflow/.local/lib/python3.12/site-packages/airflow/example_dags/example_latest_only.py took 0.152 seconds
[2025-09-19T07:12:47.526+0000] {processor.py:186} INFO - Started process (PID=2621) to work on /home/airflow/.local/lib/python3.12/site-packages/airflow/example_dags/example_latest_only.py
[2025-09-19T07:12:47.528+0000] {processor.py:914} INFO - Processing file /home/airflow/.local/lib/python3.12/site-packages/airflow/example_dags/example_latest_only.py for tasks to queue
[2025-09-19T07:12:47.531+0000] {logging_mixin.py:190} INFO - [2025-09-19T07:12:47.531+0000] {dagbag.py:588} INFO - Filling up the DagBag from /home/airflow/.local/lib/python3.12/site-packages/airflow/example_dags/example_latest_only.py
[2025-09-19T07:12:47.543+0000] {processor.py:925} INFO - DAG(s) 'latest_only' retrieved from /home/airflow/.local/lib/python3.12/site-packages/airflow/example_dags/example_latest_only.py
[2025-09-19T07:12:47.582+0000] {logging_mixin.py:190} INFO - [2025-09-19T07:12:47.582+0000] {dag.py:3239} INFO - Sync 1 DAGs
[2025-09-19T07:12:47.628+0000] {logging_mixin.py:190} INFO - [2025-09-19T07:12:47.627+0000] {dag.py:4180} INFO - Setting next_dagrun for latest_only to 2025-09-19 00:00:00+00:00, run_after=2025-09-19 04:00:00+00:00
[2025-09-19T07:12:47.663+0000] {processor.py:208} INFO - Processing /home/airflow/.local/lib/python3.12/site-packages/airflow/example_dags/example_latest_only.py took 0.146 seconds
[2025-09-19T07:13:17.821+0000] {processor.py:186} INFO - Started process (PID=2683) to work on /home/airflow/.local/lib/python3.12/site-packages/airflow/example_dags/example_latest_only.py
[2025-09-19T07:13:17.823+0000] {processor.py:914} INFO - Processing file /home/airflow/.local/lib/python3.12/site-packages/airflow/example_dags/example_latest_only.py for tasks to queue
[2025-09-19T07:13:17.827+0000] {logging_mixin.py:190} INFO - [2025-09-19T07:13:17.826+0000] {dagbag.py:588} INFO - Filling up the DagBag from /home/airflow/.local/lib/python3.12/site-packages/airflow/example_dags/example_latest_only.py
[2025-09-19T07:13:17.837+0000] {processor.py:925} INFO - DAG(s) 'latest_only' retrieved from /home/airflow/.local/lib/python3.12/site-packages/airflow/example_dags/example_latest_only.py
[2025-09-19T07:13:17.871+0000] {logging_mixin.py:190} INFO - [2025-09-19T07:13:17.870+0000] {dag.py:3239} INFO - Sync 1 DAGs
[2025-09-19T07:13:17.912+0000] {logging_mixin.py:190} INFO - [2025-09-19T07:13:17.912+0000] {dag.py:4180} INFO - Setting next_dagrun for latest_only to 2025-09-19 00:00:00+00:00, run_after=2025-09-19 04:00:00+00:00
[2025-09-19T07:13:17.946+0000] {processor.py:208} INFO - Processing /home/airflow/.local/lib/python3.12/site-packages/airflow/example_dags/example_latest_only.py took 0.134 seconds
[2025-09-19T07:13:48.397+0000] {processor.py:186} INFO - Started process (PID=2745) to work on /home/airflow/.local/lib/python3.12/site-packages/airflow/example_dags/example_latest_only.py
[2025-09-19T07:13:48.398+0000] {processor.py:914} INFO - Processing file /home/airflow/.local/lib/python3.12/site-packages/airflow/example_dags/example_latest_only.py for tasks to queue
[2025-09-19T07:13:48.402+0000] {logging_mixin.py:190} INFO - [2025-09-19T07:13:48.402+0000] {dagbag.py:588} INFO - Filling up the DagBag from /home/airflow/.local/lib/python3.12/site-packages/airflow/example_dags/example_latest_only.py
[2025-09-19T07:13:48.413+0000] {processor.py:925} INFO - DAG(s) 'latest_only' retrieved from /home/airflow/.local/lib/python3.12/site-packages/airflow/example_dags/example_latest_only.py
[2025-09-19T07:13:48.446+0000] {logging_mixin.py:190} INFO - [2025-09-19T07:13:48.446+0000] {dag.py:3239} INFO - Sync 1 DAGs
[2025-09-19T07:13:48.490+0000] {logging_mixin.py:190} INFO - [2025-09-19T07:13:48.489+0000] {dag.py:4180} INFO - Setting next_dagrun for latest_only to 2025-09-19 00:00:00+00:00, run_after=2025-09-19 04:00:00+00:00
[2025-09-19T07:13:48.520+0000] {processor.py:208} INFO - Processing /home/airflow/.local/lib/python3.12/site-packages/airflow/example_dags/example_latest_only.py took 0.133 seconds
[2025-09-19T07:14:19.392+0000] {processor.py:186} INFO - Started process (PID=2813) to work on /home/airflow/.local/lib/python3.12/site-packages/airflow/example_dags/example_latest_only.py
[2025-09-19T07:14:19.393+0000] {processor.py:914} INFO - Processing file /home/airflow/.local/lib/python3.12/site-packages/airflow/example_dags/example_latest_only.py for tasks to queue
[2025-09-19T07:14:19.397+0000] {logging_mixin.py:190} INFO - [2025-09-19T07:14:19.396+0000] {dagbag.py:588} INFO - Filling up the DagBag from /home/airflow/.local/lib/python3.12/site-packages/airflow/example_dags/example_latest_only.py
[2025-09-19T07:14:19.408+0000] {processor.py:925} INFO - DAG(s) 'latest_only' retrieved from /home/airflow/.local/lib/python3.12/site-packages/airflow/example_dags/example_latest_only.py
[2025-09-19T07:14:19.440+0000] {logging_mixin.py:190} INFO - [2025-09-19T07:14:19.440+0000] {dag.py:3239} INFO - Sync 1 DAGs
[2025-09-19T07:14:19.482+0000] {logging_mixin.py:190} INFO - [2025-09-19T07:14:19.482+0000] {dag.py:4180} INFO - Setting next_dagrun for latest_only to 2025-09-19 00:00:00+00:00, run_after=2025-09-19 04:00:00+00:00
[2025-09-19T07:14:19.513+0000] {processor.py:208} INFO - Processing /home/airflow/.local/lib/python3.12/site-packages/airflow/example_dags/example_latest_only.py took 0.131 seconds
[2025-09-19T07:14:49.662+0000] {processor.py:186} INFO - Started process (PID=2875) to work on /home/airflow/.local/lib/python3.12/site-packages/airflow/example_dags/example_latest_only.py
[2025-09-19T07:14:49.664+0000] {processor.py:914} INFO - Processing file /home/airflow/.local/lib/python3.12/site-packages/airflow/example_dags/example_latest_only.py for tasks to queue
[2025-09-19T07:14:49.668+0000] {logging_mixin.py:190} INFO - [2025-09-19T07:14:49.667+0000] {dagbag.py:588} INFO - Filling up the DagBag from /home/airflow/.local/lib/python3.12/site-packages/airflow/example_dags/example_latest_only.py
[2025-09-19T07:14:49.679+0000] {processor.py:925} INFO - DAG(s) 'latest_only' retrieved from /home/airflow/.local/lib/python3.12/site-packages/airflow/example_dags/example_latest_only.py
[2025-09-19T07:14:49.712+0000] {logging_mixin.py:190} INFO - [2025-09-19T07:14:49.712+0000] {dag.py:3239} INFO - Sync 1 DAGs
[2025-09-19T07:14:49.755+0000] {logging_mixin.py:190} INFO - [2025-09-19T07:14:49.755+0000] {dag.py:4180} INFO - Setting next_dagrun for latest_only to 2025-09-19 00:00:00+00:00, run_after=2025-09-19 04:00:00+00:00
[2025-09-19T07:14:49.787+0000] {processor.py:208} INFO - Processing /home/airflow/.local/lib/python3.12/site-packages/airflow/example_dags/example_latest_only.py took 0.134 seconds
[2025-09-19T07:15:21.007+0000] {processor.py:186} INFO - Started process (PID=2937) to work on /home/airflow/.local/lib/python3.12/site-packages/airflow/example_dags/example_latest_only.py
[2025-09-19T07:15:21.008+0000] {processor.py:914} INFO - Processing file /home/airflow/.local/lib/python3.12/site-packages/airflow/example_dags/example_latest_only.py for tasks to queue
[2025-09-19T07:15:21.012+0000] {logging_mixin.py:190} INFO - [2025-09-19T07:15:21.011+0000] {dagbag.py:588} INFO - Filling up the DagBag from /home/airflow/.local/lib/python3.12/site-packages/airflow/example_dags/example_latest_only.py
[2025-09-19T07:15:21.022+0000] {processor.py:925} INFO - DAG(s) 'latest_only' retrieved from /home/airflow/.local/lib/python3.12/site-packages/airflow/example_dags/example_latest_only.py
[2025-09-19T07:15:21.054+0000] {logging_mixin.py:190} INFO - [2025-09-19T07:15:21.053+0000] {dag.py:3239} INFO - Sync 1 DAGs
[2025-09-19T07:15:21.095+0000] {logging_mixin.py:190} INFO - [2025-09-19T07:15:21.095+0000] {dag.py:4180} INFO - Setting next_dagrun for latest_only to 2025-09-19 00:00:00+00:00, run_after=2025-09-19 04:00:00+00:00
[2025-09-19T07:15:21.128+0000] {processor.py:208} INFO - Processing /home/airflow/.local/lib/python3.12/site-packages/airflow/example_dags/example_latest_only.py took 0.131 seconds
[2025-09-19T07:15:51.546+0000] {processor.py:186} INFO - Started process (PID=2999) to work on /home/airflow/.local/lib/python3.12/site-packages/airflow/example_dags/example_latest_only.py
[2025-09-19T07:15:51.547+0000] {processor.py:914} INFO - Processing file /home/airflow/.local/lib/python3.12/site-packages/airflow/example_dags/example_latest_only.py for tasks to queue
[2025-09-19T07:15:51.551+0000] {logging_mixin.py:190} INFO - [2025-09-19T07:15:51.551+0000] {dagbag.py:588} INFO - Filling up the DagBag from /home/airflow/.local/lib/python3.12/site-packages/airflow/example_dags/example_latest_only.py
[2025-09-19T07:15:51.563+0000] {processor.py:925} INFO - DAG(s) 'latest_only' retrieved from /home/airflow/.local/lib/python3.12/site-packages/airflow/example_dags/example_latest_only.py
[2025-09-19T07:15:51.596+0000] {logging_mixin.py:190} INFO - [2025-09-19T07:15:51.595+0000] {dag.py:3239} INFO - Sync 1 DAGs
[2025-09-19T07:15:51.641+0000] {logging_mixin.py:190} INFO - [2025-09-19T07:15:51.640+0000] {dag.py:4180} INFO - Setting next_dagrun for latest_only to 2025-09-19 00:00:00+00:00, run_after=2025-09-19 04:00:00+00:00
[2025-09-19T07:15:51.676+0000] {processor.py:208} INFO - Processing /home/airflow/.local/lib/python3.12/site-packages/airflow/example_dags/example_latest_only.py took 0.140 seconds
[2025-09-19T07:16:22.219+0000] {processor.py:186} INFO - Started process (PID=3061) to work on /home/airflow/.local/lib/python3.12/site-packages/airflow/example_dags/example_latest_only.py
[2025-09-19T07:16:22.220+0000] {processor.py:914} INFO - Processing file /home/airflow/.local/lib/python3.12/site-packages/airflow/example_dags/example_latest_only.py for tasks to queue
[2025-09-19T07:16:22.224+0000] {logging_mixin.py:190} INFO - [2025-09-19T07:16:22.224+0000] {dagbag.py:588} INFO - Filling up the DagBag from /home/airflow/.local/lib/python3.12/site-packages/airflow/example_dags/example_latest_only.py
[2025-09-19T07:16:22.235+0000] {processor.py:925} INFO - DAG(s) 'latest_only' retrieved from /home/airflow/.local/lib/python3.12/site-packages/airflow/example_dags/example_latest_only.py
[2025-09-19T07:16:22.268+0000] {logging_mixin.py:190} INFO - [2025-09-19T07:16:22.268+0000] {dag.py:3239} INFO - Sync 1 DAGs
[2025-09-19T07:16:22.311+0000] {logging_mixin.py:190} INFO - [2025-09-19T07:16:22.311+0000] {dag.py:4180} INFO - Setting next_dagrun for latest_only to 2025-09-19 00:00:00+00:00, run_after=2025-09-19 04:00:00+00:00
[2025-09-19T07:16:22.342+0000] {processor.py:208} INFO - Processing /home/airflow/.local/lib/python3.12/site-packages/airflow/example_dags/example_latest_only.py took 0.133 seconds
[2025-09-19T07:16:53.059+0000] {processor.py:186} INFO - Started process (PID=3123) to work on /home/airflow/.local/lib/python3.12/site-packages/airflow/example_dags/example_latest_only.py
[2025-09-19T07:16:53.060+0000] {processor.py:914} INFO - Processing file /home/airflow/.local/lib/python3.12/site-packages/airflow/example_dags/example_latest_only.py for tasks to queue
[2025-09-19T07:16:53.064+0000] {logging_mixin.py:190} INFO - [2025-09-19T07:16:53.064+0000] {dagbag.py:588} INFO - Filling up the DagBag from /home/airflow/.local/lib/python3.12/site-packages/airflow/example_dags/example_latest_only.py
[2025-09-19T07:16:53.076+0000] {processor.py:925} INFO - DAG(s) 'latest_only' retrieved from /home/airflow/.local/lib/python3.12/site-packages/airflow/example_dags/example_latest_only.py
[2025-09-19T07:16:53.109+0000] {logging_mixin.py:190} INFO - [2025-09-19T07:16:53.109+0000] {dag.py:3239} INFO - Sync 1 DAGs
[2025-09-19T07:16:53.151+0000] {logging_mixin.py:190} INFO - [2025-09-19T07:16:53.150+0000] {dag.py:4180} INFO - Setting next_dagrun for latest_only to 2025-09-19 00:00:00+00:00, run_after=2025-09-19 04:00:00+00:00
[2025-09-19T07:16:53.182+0000] {processor.py:208} INFO - Processing /home/airflow/.local/lib/python3.12/site-packages/airflow/example_dags/example_latest_only.py took 0.133 seconds
[2025-09-19T07:17:23.843+0000] {processor.py:186} INFO - Started process (PID=3185) to work on /home/airflow/.local/lib/python3.12/site-packages/airflow/example_dags/example_latest_only.py
[2025-09-19T07:17:23.845+0000] {processor.py:914} INFO - Processing file /home/airflow/.local/lib/python3.12/site-packages/airflow/example_dags/example_latest_only.py for tasks to queue
[2025-09-19T07:17:23.849+0000] {logging_mixin.py:190} INFO - [2025-09-19T07:17:23.848+0000] {dagbag.py:588} INFO - Filling up the DagBag from /home/airflow/.local/lib/python3.12/site-packages/airflow/example_dags/example_latest_only.py
[2025-09-19T07:17:23.860+0000] {processor.py:925} INFO - DAG(s) 'latest_only' retrieved from /home/airflow/.local/lib/python3.12/site-packages/airflow/example_dags/example_latest_only.py
[2025-09-19T07:17:23.892+0000] {logging_mixin.py:190} INFO - [2025-09-19T07:17:23.892+0000] {dag.py:3239} INFO - Sync 1 DAGs
[2025-09-19T07:17:23.935+0000] {logging_mixin.py:190} INFO - [2025-09-19T07:17:23.935+0000] {dag.py:4180} INFO - Setting next_dagrun for latest_only to 2025-09-19 00:00:00+00:00, run_after=2025-09-19 04:00:00+00:00
[2025-09-19T07:17:23.967+0000] {processor.py:208} INFO - Processing /home/airflow/.local/lib/python3.12/site-packages/airflow/example_dags/example_latest_only.py took 0.133 seconds
[2025-09-19T07:17:54.499+0000] {processor.py:186} INFO - Started process (PID=3247) to work on /home/airflow/.local/lib/python3.12/site-packages/airflow/example_dags/example_latest_only.py
[2025-09-19T07:17:54.500+0000] {processor.py:914} INFO - Processing file /home/airflow/.local/lib/python3.12/site-packages/airflow/example_dags/example_latest_only.py for tasks to queue
[2025-09-19T07:17:54.504+0000] {logging_mixin.py:190} INFO - [2025-09-19T07:17:54.504+0000] {dagbag.py:588} INFO - Filling up the DagBag from /home/airflow/.local/lib/python3.12/site-packages/airflow/example_dags/example_latest_only.py
[2025-09-19T07:17:54.515+0000] {processor.py:925} INFO - DAG(s) 'latest_only' retrieved from /home/airflow/.local/lib/python3.12/site-packages/airflow/example_dags/example_latest_only.py
[2025-09-19T07:17:54.551+0000] {logging_mixin.py:190} INFO - [2025-09-19T07:17:54.551+0000] {dag.py:3239} INFO - Sync 1 DAGs
[2025-09-19T07:17:54.594+0000] {logging_mixin.py:190} INFO - [2025-09-19T07:17:54.593+0000] {dag.py:4180} INFO - Setting next_dagrun for latest_only to 2025-09-19 00:00:00+00:00, run_after=2025-09-19 04:00:00+00:00
[2025-09-19T07:17:54.627+0000] {processor.py:208} INFO - Processing /home/airflow/.local/lib/python3.12/site-packages/airflow/example_dags/example_latest_only.py took 0.138 seconds
[2025-09-19T07:18:24.694+0000] {processor.py:186} INFO - Started process (PID=3309) to work on /home/airflow/.local/lib/python3.12/site-packages/airflow/example_dags/example_latest_only.py
[2025-09-19T07:18:24.695+0000] {processor.py:914} INFO - Processing file /home/airflow/.local/lib/python3.12/site-packages/airflow/example_dags/example_latest_only.py for tasks to queue
[2025-09-19T07:18:24.699+0000] {logging_mixin.py:190} INFO - [2025-09-19T07:18:24.699+0000] {dagbag.py:588} INFO - Filling up the DagBag from /home/airflow/.local/lib/python3.12/site-packages/airflow/example_dags/example_latest_only.py
[2025-09-19T07:18:24.710+0000] {processor.py:925} INFO - DAG(s) 'latest_only' retrieved from /home/airflow/.local/lib/python3.12/site-packages/airflow/example_dags/example_latest_only.py
[2025-09-19T07:18:24.742+0000] {logging_mixin.py:190} INFO - [2025-09-19T07:18:24.741+0000] {dag.py:3239} INFO - Sync 1 DAGs
[2025-09-19T07:18:24.784+0000] {logging_mixin.py:190} INFO - [2025-09-19T07:18:24.783+0000] {dag.py:4180} INFO - Setting next_dagrun for latest_only to 2025-09-19 00:00:00+00:00, run_after=2025-09-19 04:00:00+00:00
[2025-09-19T07:18:24.816+0000] {processor.py:208} INFO - Processing /home/airflow/.local/lib/python3.12/site-packages/airflow/example_dags/example_latest_only.py took 0.131 seconds
[2025-09-19T07:18:55.307+0000] {processor.py:186} INFO - Started process (PID=3371) to work on /home/airflow/.local/lib/python3.12/site-packages/airflow/example_dags/example_latest_only.py
[2025-09-19T07:18:55.309+0000] {processor.py:914} INFO - Processing file /home/airflow/.local/lib/python3.12/site-packages/airflow/example_dags/example_latest_only.py for tasks to queue
[2025-09-19T07:18:55.313+0000] {logging_mixin.py:190} INFO - [2025-09-19T07:18:55.313+0000] {dagbag.py:588} INFO - Filling up the DagBag from /home/airflow/.local/lib/python3.12/site-packages/airflow/example_dags/example_latest_only.py
[2025-09-19T07:18:55.324+0000] {processor.py:925} INFO - DAG(s) 'latest_only' retrieved from /home/airflow/.local/lib/python3.12/site-packages/airflow/example_dags/example_latest_only.py
[2025-09-19T07:18:55.357+0000] {logging_mixin.py:190} INFO - [2025-09-19T07:18:55.356+0000] {dag.py:3239} INFO - Sync 1 DAGs
[2025-09-19T07:18:55.400+0000] {logging_mixin.py:190} INFO - [2025-09-19T07:18:55.399+0000] {dag.py:4180} INFO - Setting next_dagrun for latest_only to 2025-09-19 00:00:00+00:00, run_after=2025-09-19 04:00:00+00:00
[2025-09-19T07:18:55.434+0000] {processor.py:208} INFO - Processing /home/airflow/.local/lib/python3.12/site-packages/airflow/example_dags/example_latest_only.py took 0.136 seconds
[2025-09-19T07:19:26.821+0000] {processor.py:186} INFO - Started process (PID=3439) to work on /home/airflow/.local/lib/python3.12/site-packages/airflow/example_dags/example_latest_only.py
[2025-09-19T07:19:26.823+0000] {processor.py:914} INFO - Processing file /home/airflow/.local/lib/python3.12/site-packages/airflow/example_dags/example_latest_only.py for tasks to queue
[2025-09-19T07:19:26.827+0000] {logging_mixin.py:190} INFO - [2025-09-19T07:19:26.826+0000] {dagbag.py:588} INFO - Filling up the DagBag from /home/airflow/.local/lib/python3.12/site-packages/airflow/example_dags/example_latest_only.py
[2025-09-19T07:19:26.838+0000] {processor.py:925} INFO - DAG(s) 'latest_only' retrieved from /home/airflow/.local/lib/python3.12/site-packages/airflow/example_dags/example_latest_only.py
[2025-09-19T07:19:26.871+0000] {logging_mixin.py:190} INFO - [2025-09-19T07:19:26.871+0000] {dag.py:3239} INFO - Sync 1 DAGs
[2025-09-19T07:19:26.914+0000] {logging_mixin.py:190} INFO - [2025-09-19T07:19:26.913+0000] {dag.py:4180} INFO - Setting next_dagrun for latest_only to 2025-09-19 00:00:00+00:00, run_after=2025-09-19 04:00:00+00:00
[2025-09-19T07:19:26.944+0000] {processor.py:208} INFO - Processing /home/airflow/.local/lib/python3.12/site-packages/airflow/example_dags/example_latest_only.py took 0.132 seconds
[2025-09-19T07:19:57.460+0000] {processor.py:186} INFO - Started process (PID=3501) to work on /home/airflow/.local/lib/python3.12/site-packages/airflow/example_dags/example_latest_only.py
[2025-09-19T07:19:57.462+0000] {processor.py:914} INFO - Processing file /home/airflow/.local/lib/python3.12/site-packages/airflow/example_dags/example_latest_only.py for tasks to queue
[2025-09-19T07:19:57.465+0000] {logging_mixin.py:190} INFO - [2025-09-19T07:19:57.465+0000] {dagbag.py:588} INFO - Filling up the DagBag from /home/airflow/.local/lib/python3.12/site-packages/airflow/example_dags/example_latest_only.py
[2025-09-19T07:19:57.477+0000] {processor.py:925} INFO - DAG(s) 'latest_only' retrieved from /home/airflow/.local/lib/python3.12/site-packages/airflow/example_dags/example_latest_only.py
[2025-09-19T07:19:57.510+0000] {logging_mixin.py:190} INFO - [2025-09-19T07:19:57.509+0000] {dag.py:3239} INFO - Sync 1 DAGs
[2025-09-19T07:19:57.553+0000] {logging_mixin.py:190} INFO - [2025-09-19T07:19:57.552+0000] {dag.py:4180} INFO - Setting next_dagrun for latest_only to 2025-09-19 00:00:00+00:00, run_after=2025-09-19 04:00:00+00:00
[2025-09-19T07:19:57.586+0000] {processor.py:208} INFO - Processing /home/airflow/.local/lib/python3.12/site-packages/airflow/example_dags/example_latest_only.py took 0.136 seconds
[2025-09-19T07:20:28.653+0000] {processor.py:186} INFO - Started process (PID=3563) to work on /home/airflow/.local/lib/python3.12/site-packages/airflow/example_dags/example_latest_only.py
[2025-09-19T07:20:28.655+0000] {processor.py:914} INFO - Processing file /home/airflow/.local/lib/python3.12/site-packages/airflow/example_dags/example_latest_only.py for tasks to queue
[2025-09-19T07:20:28.659+0000] {logging_mixin.py:190} INFO - [2025-09-19T07:20:28.658+0000] {dagbag.py:588} INFO - Filling up the DagBag from /home/airflow/.local/lib/python3.12/site-packages/airflow/example_dags/example_latest_only.py
[2025-09-19T07:20:28.670+0000] {processor.py:925} INFO - DAG(s) 'latest_only' retrieved from /home/airflow/.local/lib/python3.12/site-packages/airflow/example_dags/example_latest_only.py
[2025-09-19T07:20:28.703+0000] {logging_mixin.py:190} INFO - [2025-09-19T07:20:28.702+0000] {dag.py:3239} INFO - Sync 1 DAGs
[2025-09-19T07:20:28.745+0000] {logging_mixin.py:190} INFO - [2025-09-19T07:20:28.744+0000] {dag.py:4180} INFO - Setting next_dagrun for latest_only to 2025-09-19 00:00:00+00:00, run_after=2025-09-19 04:00:00+00:00
[2025-09-19T07:20:29.032+0000] {processor.py:208} INFO - Processing /home/airflow/.local/lib/python3.12/site-packages/airflow/example_dags/example_latest_only.py took 0.388 seconds
[2025-09-19T07:20:59.466+0000] {processor.py:186} INFO - Started process (PID=3625) to work on /home/airflow/.local/lib/python3.12/site-packages/airflow/example_dags/example_latest_only.py
[2025-09-19T07:20:59.467+0000] {processor.py:914} INFO - Processing file /home/airflow/.local/lib/python3.12/site-packages/airflow/example_dags/example_latest_only.py for tasks to queue
[2025-09-19T07:20:59.471+0000] {logging_mixin.py:190} INFO - [2025-09-19T07:20:59.471+0000] {dagbag.py:588} INFO - Filling up the DagBag from /home/airflow/.local/lib/python3.12/site-packages/airflow/example_dags/example_latest_only.py
[2025-09-19T07:20:59.483+0000] {processor.py:925} INFO - DAG(s) 'latest_only' retrieved from /home/airflow/.local/lib/python3.12/site-packages/airflow/example_dags/example_latest_only.py
[2025-09-19T07:20:59.514+0000] {logging_mixin.py:190} INFO - [2025-09-19T07:20:59.514+0000] {dag.py:3239} INFO - Sync 1 DAGs
[2025-09-19T07:20:59.554+0000] {logging_mixin.py:190} INFO - [2025-09-19T07:20:59.553+0000] {dag.py:4180} INFO - Setting next_dagrun for latest_only to 2025-09-19 00:00:00+00:00, run_after=2025-09-19 04:00:00+00:00
[2025-09-19T07:20:59.583+0000] {processor.py:208} INFO - Processing /home/airflow/.local/lib/python3.12/site-packages/airflow/example_dags/example_latest_only.py took 0.128 seconds
[2025-09-19T07:21:30.286+0000] {processor.py:186} INFO - Started process (PID=3687) to work on /home/airflow/.local/lib/python3.12/site-packages/airflow/example_dags/example_latest_only.py
[2025-09-19T07:21:30.288+0000] {processor.py:914} INFO - Processing file /home/airflow/.local/lib/python3.12/site-packages/airflow/example_dags/example_latest_only.py for tasks to queue
[2025-09-19T07:21:30.292+0000] {logging_mixin.py:190} INFO - [2025-09-19T07:21:30.291+0000] {dagbag.py:588} INFO - Filling up the DagBag from /home/airflow/.local/lib/python3.12/site-packages/airflow/example_dags/example_latest_only.py
[2025-09-19T07:21:30.303+0000] {processor.py:925} INFO - DAG(s) 'latest_only' retrieved from /home/airflow/.local/lib/python3.12/site-packages/airflow/example_dags/example_latest_only.py
[2025-09-19T07:21:30.335+0000] {logging_mixin.py:190} INFO - [2025-09-19T07:21:30.335+0000] {dag.py:3239} INFO - Sync 1 DAGs
[2025-09-19T07:21:30.378+0000] {logging_mixin.py:190} INFO - [2025-09-19T07:21:30.377+0000] {dag.py:4180} INFO - Setting next_dagrun for latest_only to 2025-09-19 00:00:00+00:00, run_after=2025-09-19 04:00:00+00:00
[2025-09-19T07:21:30.409+0000] {processor.py:208} INFO - Processing /home/airflow/.local/lib/python3.12/site-packages/airflow/example_dags/example_latest_only.py took 0.133 seconds
[2025-09-19T07:22:01.345+0000] {processor.py:186} INFO - Started process (PID=3749) to work on /home/airflow/.local/lib/python3.12/site-packages/airflow/example_dags/example_latest_only.py
[2025-09-19T07:22:01.346+0000] {processor.py:914} INFO - Processing file /home/airflow/.local/lib/python3.12/site-packages/airflow/example_dags/example_latest_only.py for tasks to queue
[2025-09-19T07:22:01.350+0000] {logging_mixin.py:190} INFO - [2025-09-19T07:22:01.349+0000] {dagbag.py:588} INFO - Filling up the DagBag from /home/airflow/.local/lib/python3.12/site-packages/airflow/example_dags/example_latest_only.py
[2025-09-19T07:22:01.362+0000] {processor.py:925} INFO - DAG(s) 'latest_only' retrieved from /home/airflow/.local/lib/python3.12/site-packages/airflow/example_dags/example_latest_only.py
[2025-09-19T07:22:01.396+0000] {logging_mixin.py:190} INFO - [2025-09-19T07:22:01.395+0000] {dag.py:3239} INFO - Sync 1 DAGs
[2025-09-19T07:22:01.439+0000] {logging_mixin.py:190} INFO - [2025-09-19T07:22:01.438+0000] {dag.py:4180} INFO - Setting next_dagrun for latest_only to 2025-09-19 00:00:00+00:00, run_after=2025-09-19 04:00:00+00:00
[2025-09-19T07:22:01.469+0000] {processor.py:208} INFO - Processing /home/airflow/.local/lib/python3.12/site-packages/airflow/example_dags/example_latest_only.py took 0.134 seconds
[2025-09-19T07:22:33.060+0000] {processor.py:186} INFO - Started process (PID=3811) to work on /home/airflow/.local/lib/python3.12/site-packages/airflow/example_dags/example_latest_only.py
[2025-09-19T07:22:33.062+0000] {processor.py:914} INFO - Processing file /home/airflow/.local/lib/python3.12/site-packages/airflow/example_dags/example_latest_only.py for tasks to queue
[2025-09-19T07:22:33.066+0000] {logging_mixin.py:190} INFO - [2025-09-19T07:22:33.065+0000] {dagbag.py:588} INFO - Filling up the DagBag from /home/airflow/.local/lib/python3.12/site-packages/airflow/example_dags/example_latest_only.py
[2025-09-19T07:22:33.078+0000] {processor.py:925} INFO - DAG(s) 'latest_only' retrieved from /home/airflow/.local/lib/python3.12/site-packages/airflow/example_dags/example_latest_only.py
[2025-09-19T07:22:33.366+0000] {logging_mixin.py:190} INFO - [2025-09-19T07:22:33.365+0000] {dag.py:3239} INFO - Sync 1 DAGs
[2025-09-19T07:22:33.406+0000] {logging_mixin.py:190} INFO - [2025-09-19T07:22:33.406+0000] {dag.py:4180} INFO - Setting next_dagrun for latest_only to 2025-09-19 00:00:00+00:00, run_after=2025-09-19 04:00:00+00:00
[2025-09-19T07:22:33.436+0000] {processor.py:208} INFO - Processing /home/airflow/.local/lib/python3.12/site-packages/airflow/example_dags/example_latest_only.py took 0.386 seconds
[2025-09-19T07:23:03.954+0000] {processor.py:186} INFO - Started process (PID=3874) to work on /home/airflow/.local/lib/python3.12/site-packages/airflow/example_dags/example_latest_only.py
[2025-09-19T07:23:03.957+0000] {processor.py:914} INFO - Processing file /home/airflow/.local/lib/python3.12/site-packages/airflow/example_dags/example_latest_only.py for tasks to queue
[2025-09-19T07:23:03.962+0000] {logging_mixin.py:190} INFO - [2025-09-19T07:23:03.961+0000] {dagbag.py:588} INFO - Filling up the DagBag from /home/airflow/.local/lib/python3.12/site-packages/airflow/example_dags/example_latest_only.py
[2025-09-19T07:23:03.973+0000] {processor.py:925} INFO - DAG(s) 'latest_only' retrieved from /home/airflow/.local/lib/python3.12/site-packages/airflow/example_dags/example_latest_only.py
[2025-09-19T07:23:04.009+0000] {logging_mixin.py:190} INFO - [2025-09-19T07:23:04.008+0000] {dag.py:3239} INFO - Sync 1 DAGs
[2025-09-19T07:23:04.304+0000] {logging_mixin.py:190} INFO - [2025-09-19T07:23:04.304+0000] {dag.py:4180} INFO - Setting next_dagrun for latest_only to 2025-09-19 00:00:00+00:00, run_after=2025-09-19 04:00:00+00:00
[2025-09-19T07:23:04.338+0000] {processor.py:208} INFO - Processing /home/airflow/.local/lib/python3.12/site-packages/airflow/example_dags/example_latest_only.py took 0.394 seconds
[2025-09-19T07:23:35.135+0000] {processor.py:186} INFO - Started process (PID=3941) to work on /home/airflow/.local/lib/python3.12/site-packages/airflow/example_dags/example_latest_only.py
[2025-09-19T07:23:35.137+0000] {processor.py:914} INFO - Processing file /home/airflow/.local/lib/python3.12/site-packages/airflow/example_dags/example_latest_only.py for tasks to queue
[2025-09-19T07:23:35.140+0000] {logging_mixin.py:190} INFO - [2025-09-19T07:23:35.140+0000] {dagbag.py:588} INFO - Filling up the DagBag from /home/airflow/.local/lib/python3.12/site-packages/airflow/example_dags/example_latest_only.py
[2025-09-19T07:23:35.151+0000] {processor.py:925} INFO - DAG(s) 'latest_only' retrieved from /home/airflow/.local/lib/python3.12/site-packages/airflow/example_dags/example_latest_only.py
[2025-09-19T07:23:35.186+0000] {logging_mixin.py:190} INFO - [2025-09-19T07:23:35.186+0000] {dag.py:3239} INFO - Sync 1 DAGs
[2025-09-19T07:23:35.233+0000] {logging_mixin.py:190} INFO - [2025-09-19T07:23:35.233+0000] {dag.py:4180} INFO - Setting next_dagrun for latest_only to 2025-09-19 00:00:00+00:00, run_after=2025-09-19 04:00:00+00:00
[2025-09-19T07:23:35.268+0000] {processor.py:208} INFO - Processing /home/airflow/.local/lib/python3.12/site-packages/airflow/example_dags/example_latest_only.py took 0.143 seconds
[2025-09-19T07:24:05.585+0000] {processor.py:186} INFO - Started process (PID=4003) to work on /home/airflow/.local/lib/python3.12/site-packages/airflow/example_dags/example_latest_only.py
[2025-09-19T07:24:05.587+0000] {processor.py:914} INFO - Processing file /home/airflow/.local/lib/python3.12/site-packages/airflow/example_dags/example_latest_only.py for tasks to queue
[2025-09-19T07:24:05.590+0000] {logging_mixin.py:190} INFO - [2025-09-19T07:24:05.590+0000] {dagbag.py:588} INFO - Filling up the DagBag from /home/airflow/.local/lib/python3.12/site-packages/airflow/example_dags/example_latest_only.py
[2025-09-19T07:24:05.601+0000] {processor.py:925} INFO - DAG(s) 'latest_only' retrieved from /home/airflow/.local/lib/python3.12/site-packages/airflow/example_dags/example_latest_only.py
[2025-09-19T07:24:05.633+0000] {logging_mixin.py:190} INFO - [2025-09-19T07:24:05.633+0000] {dag.py:3239} INFO - Sync 1 DAGs
[2025-09-19T07:24:05.676+0000] {logging_mixin.py:190} INFO - [2025-09-19T07:24:05.675+0000] {dag.py:4180} INFO - Setting next_dagrun for latest_only to 2025-09-19 00:00:00+00:00, run_after=2025-09-19 04:00:00+00:00
[2025-09-19T07:24:05.707+0000] {processor.py:208} INFO - Processing /home/airflow/.local/lib/python3.12/site-packages/airflow/example_dags/example_latest_only.py took 0.131 seconds
[2025-09-19T07:24:35.828+0000] {processor.py:186} INFO - Started process (PID=4065) to work on /home/airflow/.local/lib/python3.12/site-packages/airflow/example_dags/example_latest_only.py
[2025-09-19T07:24:35.830+0000] {processor.py:914} INFO - Processing file /home/airflow/.local/lib/python3.12/site-packages/airflow/example_dags/example_latest_only.py for tasks to queue
[2025-09-19T07:24:35.833+0000] {logging_mixin.py:190} INFO - [2025-09-19T07:24:35.833+0000] {dagbag.py:588} INFO - Filling up the DagBag from /home/airflow/.local/lib/python3.12/site-packages/airflow/example_dags/example_latest_only.py
[2025-09-19T07:24:35.845+0000] {processor.py:925} INFO - DAG(s) 'latest_only' retrieved from /home/airflow/.local/lib/python3.12/site-packages/airflow/example_dags/example_latest_only.py
[2025-09-19T07:24:35.878+0000] {logging_mixin.py:190} INFO - [2025-09-19T07:24:35.878+0000] {dag.py:3239} INFO - Sync 1 DAGs
[2025-09-19T07:24:35.920+0000] {logging_mixin.py:190} INFO - [2025-09-19T07:24:35.920+0000] {dag.py:4180} INFO - Setting next_dagrun for latest_only to 2025-09-19 00:00:00+00:00, run_after=2025-09-19 04:00:00+00:00
[2025-09-19T07:24:35.949+0000] {processor.py:208} INFO - Processing /home/airflow/.local/lib/python3.12/site-packages/airflow/example_dags/example_latest_only.py took 0.131 seconds
[2025-09-19T07:25:06.262+0000] {processor.py:186} INFO - Started process (PID=4127) to work on /home/airflow/.local/lib/python3.12/site-packages/airflow/example_dags/example_latest_only.py
[2025-09-19T07:25:06.264+0000] {processor.py:914} INFO - Processing file /home/airflow/.local/lib/python3.12/site-packages/airflow/example_dags/example_latest_only.py for tasks to queue
[2025-09-19T07:25:06.267+0000] {logging_mixin.py:190} INFO - [2025-09-19T07:25:06.267+0000] {dagbag.py:588} INFO - Filling up the DagBag from /home/airflow/.local/lib/python3.12/site-packages/airflow/example_dags/example_latest_only.py
[2025-09-19T07:25:06.279+0000] {processor.py:925} INFO - DAG(s) 'latest_only' retrieved from /home/airflow/.local/lib/python3.12/site-packages/airflow/example_dags/example_latest_only.py
[2025-09-19T07:25:06.312+0000] {logging_mixin.py:190} INFO - [2025-09-19T07:25:06.312+0000] {dag.py:3239} INFO - Sync 1 DAGs
[2025-09-19T07:25:06.354+0000] {logging_mixin.py:190} INFO - [2025-09-19T07:25:06.354+0000] {dag.py:4180} INFO - Setting next_dagrun for latest_only to 2025-09-19 00:00:00+00:00, run_after=2025-09-19 04:00:00+00:00
[2025-09-19T07:25:06.387+0000] {processor.py:208} INFO - Processing /home/airflow/.local/lib/python3.12/site-packages/airflow/example_dags/example_latest_only.py took 0.135 seconds
[2025-09-19T07:25:36.621+0000] {processor.py:186} INFO - Started process (PID=4189) to work on /home/airflow/.local/lib/python3.12/site-packages/airflow/example_dags/example_latest_only.py
[2025-09-19T07:25:36.622+0000] {processor.py:914} INFO - Processing file /home/airflow/.local/lib/python3.12/site-packages/airflow/example_dags/example_latest_only.py for tasks to queue
[2025-09-19T07:25:36.627+0000] {logging_mixin.py:190} INFO - [2025-09-19T07:25:36.627+0000] {dagbag.py:588} INFO - Filling up the DagBag from /home/airflow/.local/lib/python3.12/site-packages/airflow/example_dags/example_latest_only.py
[2025-09-19T07:25:36.638+0000] {processor.py:925} INFO - DAG(s) 'latest_only' retrieved from /home/airflow/.local/lib/python3.12/site-packages/airflow/example_dags/example_latest_only.py
[2025-09-19T07:25:36.671+0000] {logging_mixin.py:190} INFO - [2025-09-19T07:25:36.671+0000] {dag.py:3239} INFO - Sync 1 DAGs
[2025-09-19T07:25:36.714+0000] {logging_mixin.py:190} INFO - [2025-09-19T07:25:36.714+0000] {dag.py:4180} INFO - Setting next_dagrun for latest_only to 2025-09-19 00:00:00+00:00, run_after=2025-09-19 04:00:00+00:00
[2025-09-19T07:25:36.749+0000] {processor.py:208} INFO - Processing /home/airflow/.local/lib/python3.12/site-packages/airflow/example_dags/example_latest_only.py took 0.138 seconds
[2025-09-19T07:26:07.085+0000] {processor.py:186} INFO - Started process (PID=4251) to work on /home/airflow/.local/lib/python3.12/site-packages/airflow/example_dags/example_latest_only.py
[2025-09-19T07:26:07.087+0000] {processor.py:914} INFO - Processing file /home/airflow/.local/lib/python3.12/site-packages/airflow/example_dags/example_latest_only.py for tasks to queue
[2025-09-19T07:26:07.091+0000] {logging_mixin.py:190} INFO - [2025-09-19T07:26:07.091+0000] {dagbag.py:588} INFO - Filling up the DagBag from /home/airflow/.local/lib/python3.12/site-packages/airflow/example_dags/example_latest_only.py
[2025-09-19T07:26:07.102+0000] {processor.py:925} INFO - DAG(s) 'latest_only' retrieved from /home/airflow/.local/lib/python3.12/site-packages/airflow/example_dags/example_latest_only.py
[2025-09-19T07:26:07.136+0000] {logging_mixin.py:190} INFO - [2025-09-19T07:26:07.135+0000] {dag.py:3239} INFO - Sync 1 DAGs
[2025-09-19T07:26:07.181+0000] {logging_mixin.py:190} INFO - [2025-09-19T07:26:07.180+0000] {dag.py:4180} INFO - Setting next_dagrun for latest_only to 2025-09-19 00:00:00+00:00, run_after=2025-09-19 04:00:00+00:00
[2025-09-19T07:26:07.215+0000] {processor.py:208} INFO - Processing /home/airflow/.local/lib/python3.12/site-packages/airflow/example_dags/example_latest_only.py took 0.140 seconds
[2025-09-19T07:26:37.733+0000] {processor.py:186} INFO - Started process (PID=4313) to work on /home/airflow/.local/lib/python3.12/site-packages/airflow/example_dags/example_latest_only.py
[2025-09-19T07:26:37.734+0000] {processor.py:914} INFO - Processing file /home/airflow/.local/lib/python3.12/site-packages/airflow/example_dags/example_latest_only.py for tasks to queue
[2025-09-19T07:26:37.739+0000] {logging_mixin.py:190} INFO - [2025-09-19T07:26:37.738+0000] {dagbag.py:588} INFO - Filling up the DagBag from /home/airflow/.local/lib/python3.12/site-packages/airflow/example_dags/example_latest_only.py
[2025-09-19T07:26:37.749+0000] {processor.py:925} INFO - DAG(s) 'latest_only' retrieved from /home/airflow/.local/lib/python3.12/site-packages/airflow/example_dags/example_latest_only.py
[2025-09-19T07:26:37.782+0000] {logging_mixin.py:190} INFO - [2025-09-19T07:26:37.781+0000] {dag.py:3239} INFO - Sync 1 DAGs
[2025-09-19T07:26:37.825+0000] {logging_mixin.py:190} INFO - [2025-09-19T07:26:37.824+0000] {dag.py:4180} INFO - Setting next_dagrun for latest_only to 2025-09-19 00:00:00+00:00, run_after=2025-09-19 04:00:00+00:00
[2025-09-19T07:26:37.855+0000] {processor.py:208} INFO - Processing /home/airflow/.local/lib/python3.12/site-packages/airflow/example_dags/example_latest_only.py took 0.131 seconds
[2025-09-19T07:27:06.572+0000] {processor.py:186} INFO - Started process (PID=4375) to work on /home/airflow/.local/lib/python3.12/site-packages/airflow/example_dags/example_latest_only.py
[2025-09-19T07:27:06.574+0000] {processor.py:914} INFO - Processing file /home/airflow/.local/lib/python3.12/site-packages/airflow/example_dags/example_latest_only.py for tasks to queue
[2025-09-19T07:27:06.578+0000] {logging_mixin.py:190} INFO - [2025-09-19T07:27:06.578+0000] {dagbag.py:588} INFO - Filling up the DagBag from /home/airflow/.local/lib/python3.12/site-packages/airflow/example_dags/example_latest_only.py
[2025-09-19T07:27:06.589+0000] {processor.py:925} INFO - DAG(s) 'latest_only' retrieved from /home/airflow/.local/lib/python3.12/site-packages/airflow/example_dags/example_latest_only.py
[2025-09-19T07:27:06.624+0000] {logging_mixin.py:190} INFO - [2025-09-19T07:27:06.623+0000] {dag.py:3239} INFO - Sync 1 DAGs
[2025-09-19T07:27:06.665+0000] {logging_mixin.py:190} INFO - [2025-09-19T07:27:06.665+0000] {dag.py:4180} INFO - Setting next_dagrun for latest_only to 2025-09-19 00:00:00+00:00, run_after=2025-09-19 04:00:00+00:00
[2025-09-19T07:27:06.696+0000] {processor.py:208} INFO - Processing /home/airflow/.local/lib/python3.12/site-packages/airflow/example_dags/example_latest_only.py took 0.134 seconds
[2025-09-19T07:27:37.367+0000] {processor.py:186} INFO - Started process (PID=4433) to work on /home/airflow/.local/lib/python3.12/site-packages/airflow/example_dags/example_latest_only.py
[2025-09-19T07:27:37.369+0000] {processor.py:914} INFO - Processing file /home/airflow/.local/lib/python3.12/site-packages/airflow/example_dags/example_latest_only.py for tasks to queue
[2025-09-19T07:27:37.372+0000] {logging_mixin.py:190} INFO - [2025-09-19T07:27:37.372+0000] {dagbag.py:588} INFO - Filling up the DagBag from /home/airflow/.local/lib/python3.12/site-packages/airflow/example_dags/example_latest_only.py
[2025-09-19T07:27:37.383+0000] {processor.py:925} INFO - DAG(s) 'latest_only' retrieved from /home/airflow/.local/lib/python3.12/site-packages/airflow/example_dags/example_latest_only.py
[2025-09-19T07:27:37.416+0000] {logging_mixin.py:190} INFO - [2025-09-19T07:27:37.415+0000] {dag.py:3239} INFO - Sync 1 DAGs
[2025-09-19T07:27:37.458+0000] {logging_mixin.py:190} INFO - [2025-09-19T07:27:37.458+0000] {dag.py:4180} INFO - Setting next_dagrun for latest_only to 2025-09-19 00:00:00+00:00, run_after=2025-09-19 04:00:00+00:00
[2025-09-19T07:27:37.492+0000] {processor.py:208} INFO - Processing /home/airflow/.local/lib/python3.12/site-packages/airflow/example_dags/example_latest_only.py took 0.134 seconds
