[2025-09-19T06:52:13.638+0000] {processor.py:186} INFO - Started process (PID=118) to work on /home/airflow/.local/lib/python3.12/site-packages/airflow/example_dags/example_sla_dag.py
[2025-09-19T06:52:13.639+0000] {processor.py:914} INFO - Processing file /home/airflow/.local/lib/python3.12/site-packages/airflow/example_dags/example_sla_dag.py for tasks to queue
[2025-09-19T06:52:13.643+0000] {logging_mixin.py:190} INFO - [2025-09-19T06:52:13.642+0000] {dagbag.py:588} INFO - Filling up the DagBag from /home/airflow/.local/lib/python3.12/site-packages/airflow/example_dags/example_sla_dag.py
[2025-09-19T06:52:13.659+0000] {processor.py:925} INFO - DAG(s) 'example_sla_dag' retrieved from /home/airflow/.local/lib/python3.12/site-packages/airflow/example_dags/example_sla_dag.py
[2025-09-19T06:52:13.689+0000] {logging_mixin.py:190} INFO - [2025-09-19T06:52:13.689+0000] {dag.py:3239} INFO - Sync 1 DAGs
[2025-09-19T06:52:13.734+0000] {logging_mixin.py:190} INFO - [2025-09-19T06:52:13.734+0000] {dag.py:4180} INFO - Setting next_dagrun for example_sla_dag to 2025-09-19 06:50:00+00:00, run_after=2025-09-19 06:52:00+00:00
[2025-09-19T06:52:13.762+0000] {processor.py:208} INFO - Processing /home/airflow/.local/lib/python3.12/site-packages/airflow/example_dags/example_sla_dag.py took 0.132 seconds
[2025-09-19T06:52:44.878+0000] {processor.py:186} INFO - Started process (PID=179) to work on /home/airflow/.local/lib/python3.12/site-packages/airflow/example_dags/example_sla_dag.py
[2025-09-19T06:52:44.879+0000] {processor.py:914} INFO - Processing file /home/airflow/.local/lib/python3.12/site-packages/airflow/example_dags/example_sla_dag.py for tasks to queue
[2025-09-19T06:52:44.882+0000] {logging_mixin.py:190} INFO - [2025-09-19T06:52:44.882+0000] {dagbag.py:588} INFO - Filling up the DagBag from /home/airflow/.local/lib/python3.12/site-packages/airflow/example_dags/example_sla_dag.py
[2025-09-19T06:52:44.898+0000] {processor.py:925} INFO - DAG(s) 'example_sla_dag' retrieved from /home/airflow/.local/lib/python3.12/site-packages/airflow/example_dags/example_sla_dag.py
[2025-09-19T06:52:44.931+0000] {logging_mixin.py:190} INFO - [2025-09-19T06:52:44.930+0000] {dag.py:3239} INFO - Sync 1 DAGs
[2025-09-19T06:52:44.972+0000] {logging_mixin.py:190} INFO - [2025-09-19T06:52:44.972+0000] {dag.py:4180} INFO - Setting next_dagrun for example_sla_dag to 2025-09-19 06:50:00+00:00, run_after=2025-09-19 06:52:00+00:00
[2025-09-19T06:52:45.001+0000] {processor.py:208} INFO - Processing /home/airflow/.local/lib/python3.12/site-packages/airflow/example_dags/example_sla_dag.py took 0.133 seconds
[2025-09-19T06:53:15.991+0000] {processor.py:186} INFO - Started process (PID=242) to work on /home/airflow/.local/lib/python3.12/site-packages/airflow/example_dags/example_sla_dag.py
[2025-09-19T06:53:15.992+0000] {processor.py:914} INFO - Processing file /home/airflow/.local/lib/python3.12/site-packages/airflow/example_dags/example_sla_dag.py for tasks to queue
[2025-09-19T06:53:15.996+0000] {logging_mixin.py:190} INFO - [2025-09-19T06:53:15.996+0000] {dagbag.py:588} INFO - Filling up the DagBag from /home/airflow/.local/lib/python3.12/site-packages/airflow/example_dags/example_sla_dag.py
[2025-09-19T06:53:16.012+0000] {processor.py:925} INFO - DAG(s) 'example_sla_dag' retrieved from /home/airflow/.local/lib/python3.12/site-packages/airflow/example_dags/example_sla_dag.py
[2025-09-19T06:53:16.042+0000] {logging_mixin.py:190} INFO - [2025-09-19T06:53:16.041+0000] {dag.py:3239} INFO - Sync 1 DAGs
[2025-09-19T06:53:16.087+0000] {logging_mixin.py:190} INFO - [2025-09-19T06:53:16.087+0000] {dag.py:4180} INFO - Setting next_dagrun for example_sla_dag to 2025-09-19 06:50:00+00:00, run_after=2025-09-19 06:52:00+00:00
[2025-09-19T06:53:16.119+0000] {processor.py:208} INFO - Processing /home/airflow/.local/lib/python3.12/site-packages/airflow/example_dags/example_sla_dag.py took 0.138 seconds
[2025-09-19T06:53:46.978+0000] {processor.py:186} INFO - Started process (PID=304) to work on /home/airflow/.local/lib/python3.12/site-packages/airflow/example_dags/example_sla_dag.py
[2025-09-19T06:53:46.980+0000] {processor.py:914} INFO - Processing file /home/airflow/.local/lib/python3.12/site-packages/airflow/example_dags/example_sla_dag.py for tasks to queue
[2025-09-19T06:53:46.984+0000] {logging_mixin.py:190} INFO - [2025-09-19T06:53:46.983+0000] {dagbag.py:588} INFO - Filling up the DagBag from /home/airflow/.local/lib/python3.12/site-packages/airflow/example_dags/example_sla_dag.py
[2025-09-19T06:53:47.000+0000] {processor.py:925} INFO - DAG(s) 'example_sla_dag' retrieved from /home/airflow/.local/lib/python3.12/site-packages/airflow/example_dags/example_sla_dag.py
[2025-09-19T06:53:47.032+0000] {logging_mixin.py:190} INFO - [2025-09-19T06:53:47.031+0000] {dag.py:3239} INFO - Sync 1 DAGs
[2025-09-19T06:53:47.076+0000] {logging_mixin.py:190} INFO - [2025-09-19T06:53:47.075+0000] {dag.py:4180} INFO - Setting next_dagrun for example_sla_dag to 2025-09-19 06:50:00+00:00, run_after=2025-09-19 06:52:00+00:00
[2025-09-19T06:53:47.105+0000] {processor.py:208} INFO - Processing /home/airflow/.local/lib/python3.12/site-packages/airflow/example_dags/example_sla_dag.py took 0.136 seconds
[2025-09-19T06:54:17.222+0000] {processor.py:186} INFO - Started process (PID=367) to work on /home/airflow/.local/lib/python3.12/site-packages/airflow/example_dags/example_sla_dag.py
[2025-09-19T06:54:17.224+0000] {processor.py:914} INFO - Processing file /home/airflow/.local/lib/python3.12/site-packages/airflow/example_dags/example_sla_dag.py for tasks to queue
[2025-09-19T06:54:17.228+0000] {logging_mixin.py:190} INFO - [2025-09-19T06:54:17.227+0000] {dagbag.py:588} INFO - Filling up the DagBag from /home/airflow/.local/lib/python3.12/site-packages/airflow/example_dags/example_sla_dag.py
[2025-09-19T06:54:17.244+0000] {processor.py:925} INFO - DAG(s) 'example_sla_dag' retrieved from /home/airflow/.local/lib/python3.12/site-packages/airflow/example_dags/example_sla_dag.py
[2025-09-19T06:54:17.276+0000] {logging_mixin.py:190} INFO - [2025-09-19T06:54:17.275+0000] {dag.py:3239} INFO - Sync 1 DAGs
[2025-09-19T06:54:17.323+0000] {logging_mixin.py:190} INFO - [2025-09-19T06:54:17.322+0000] {dag.py:4180} INFO - Setting next_dagrun for example_sla_dag to 2025-09-19 06:52:00+00:00, run_after=2025-09-19 06:54:00+00:00
[2025-09-19T06:54:17.355+0000] {processor.py:208} INFO - Processing /home/airflow/.local/lib/python3.12/site-packages/airflow/example_dags/example_sla_dag.py took 0.141 seconds
[2025-09-19T06:54:47.975+0000] {processor.py:186} INFO - Started process (PID=429) to work on /home/airflow/.local/lib/python3.12/site-packages/airflow/example_dags/example_sla_dag.py
[2025-09-19T06:54:47.977+0000] {processor.py:914} INFO - Processing file /home/airflow/.local/lib/python3.12/site-packages/airflow/example_dags/example_sla_dag.py for tasks to queue
[2025-09-19T06:54:47.981+0000] {logging_mixin.py:190} INFO - [2025-09-19T06:54:47.980+0000] {dagbag.py:588} INFO - Filling up the DagBag from /home/airflow/.local/lib/python3.12/site-packages/airflow/example_dags/example_sla_dag.py
[2025-09-19T06:54:47.997+0000] {processor.py:925} INFO - DAG(s) 'example_sla_dag' retrieved from /home/airflow/.local/lib/python3.12/site-packages/airflow/example_dags/example_sla_dag.py
[2025-09-19T06:54:48.028+0000] {logging_mixin.py:190} INFO - [2025-09-19T06:54:48.027+0000] {dag.py:3239} INFO - Sync 1 DAGs
[2025-09-19T06:54:48.078+0000] {logging_mixin.py:190} INFO - [2025-09-19T06:54:48.077+0000] {dag.py:4180} INFO - Setting next_dagrun for example_sla_dag to 2025-09-19 06:52:00+00:00, run_after=2025-09-19 06:54:00+00:00
[2025-09-19T06:54:48.110+0000] {processor.py:208} INFO - Processing /home/airflow/.local/lib/python3.12/site-packages/airflow/example_dags/example_sla_dag.py took 0.144 seconds
[2025-09-19T06:55:18.770+0000] {processor.py:186} INFO - Started process (PID=493) to work on /home/airflow/.local/lib/python3.12/site-packages/airflow/example_dags/example_sla_dag.py
[2025-09-19T06:55:18.771+0000] {processor.py:914} INFO - Processing file /home/airflow/.local/lib/python3.12/site-packages/airflow/example_dags/example_sla_dag.py for tasks to queue
[2025-09-19T06:55:18.776+0000] {logging_mixin.py:190} INFO - [2025-09-19T06:55:18.775+0000] {dagbag.py:588} INFO - Filling up the DagBag from /home/airflow/.local/lib/python3.12/site-packages/airflow/example_dags/example_sla_dag.py
[2025-09-19T06:55:18.795+0000] {processor.py:925} INFO - DAG(s) 'example_sla_dag' retrieved from /home/airflow/.local/lib/python3.12/site-packages/airflow/example_dags/example_sla_dag.py
[2025-09-19T06:55:18.826+0000] {logging_mixin.py:190} INFO - [2025-09-19T06:55:18.826+0000] {dag.py:3239} INFO - Sync 1 DAGs
[2025-09-19T06:55:18.871+0000] {logging_mixin.py:190} INFO - [2025-09-19T06:55:18.870+0000] {dag.py:4180} INFO - Setting next_dagrun for example_sla_dag to 2025-09-19 06:52:00+00:00, run_after=2025-09-19 06:54:00+00:00
[2025-09-19T06:55:18.902+0000] {processor.py:208} INFO - Processing /home/airflow/.local/lib/python3.12/site-packages/airflow/example_dags/example_sla_dag.py took 0.142 seconds
[2025-09-19T06:55:50.217+0000] {processor.py:186} INFO - Started process (PID=561) to work on /home/airflow/.local/lib/python3.12/site-packages/airflow/example_dags/example_sla_dag.py
[2025-09-19T06:55:50.218+0000] {processor.py:914} INFO - Processing file /home/airflow/.local/lib/python3.12/site-packages/airflow/example_dags/example_sla_dag.py for tasks to queue
[2025-09-19T06:55:50.222+0000] {logging_mixin.py:190} INFO - [2025-09-19T06:55:50.221+0000] {dagbag.py:588} INFO - Filling up the DagBag from /home/airflow/.local/lib/python3.12/site-packages/airflow/example_dags/example_sla_dag.py
[2025-09-19T06:55:50.238+0000] {processor.py:925} INFO - DAG(s) 'example_sla_dag' retrieved from /home/airflow/.local/lib/python3.12/site-packages/airflow/example_dags/example_sla_dag.py
[2025-09-19T06:55:50.269+0000] {logging_mixin.py:190} INFO - [2025-09-19T06:55:50.268+0000] {dag.py:3239} INFO - Sync 1 DAGs
[2025-09-19T06:55:50.315+0000] {logging_mixin.py:190} INFO - [2025-09-19T06:55:50.314+0000] {dag.py:4180} INFO - Setting next_dagrun for example_sla_dag to 2025-09-19 06:52:00+00:00, run_after=2025-09-19 06:54:00+00:00
[2025-09-19T06:55:50.347+0000] {processor.py:208} INFO - Processing /home/airflow/.local/lib/python3.12/site-packages/airflow/example_dags/example_sla_dag.py took 0.140 seconds
[2025-09-19T06:56:20.871+0000] {processor.py:186} INFO - Started process (PID=623) to work on /home/airflow/.local/lib/python3.12/site-packages/airflow/example_dags/example_sla_dag.py
[2025-09-19T06:56:20.872+0000] {processor.py:914} INFO - Processing file /home/airflow/.local/lib/python3.12/site-packages/airflow/example_dags/example_sla_dag.py for tasks to queue
[2025-09-19T06:56:20.876+0000] {logging_mixin.py:190} INFO - [2025-09-19T06:56:20.876+0000] {dagbag.py:588} INFO - Filling up the DagBag from /home/airflow/.local/lib/python3.12/site-packages/airflow/example_dags/example_sla_dag.py
[2025-09-19T06:56:20.897+0000] {processor.py:925} INFO - DAG(s) 'example_sla_dag' retrieved from /home/airflow/.local/lib/python3.12/site-packages/airflow/example_dags/example_sla_dag.py
[2025-09-19T06:56:20.928+0000] {logging_mixin.py:190} INFO - [2025-09-19T06:56:20.928+0000] {dag.py:3239} INFO - Sync 1 DAGs
[2025-09-19T06:56:20.973+0000] {logging_mixin.py:190} INFO - [2025-09-19T06:56:20.973+0000] {dag.py:4180} INFO - Setting next_dagrun for example_sla_dag to 2025-09-19 06:54:00+00:00, run_after=2025-09-19 06:56:00+00:00
[2025-09-19T06:56:21.004+0000] {processor.py:208} INFO - Processing /home/airflow/.local/lib/python3.12/site-packages/airflow/example_dags/example_sla_dag.py took 0.142 seconds
[2025-09-19T06:56:51.675+0000] {processor.py:186} INFO - Started process (PID=686) to work on /home/airflow/.local/lib/python3.12/site-packages/airflow/example_dags/example_sla_dag.py
[2025-09-19T06:56:51.676+0000] {processor.py:914} INFO - Processing file /home/airflow/.local/lib/python3.12/site-packages/airflow/example_dags/example_sla_dag.py for tasks to queue
[2025-09-19T06:56:51.680+0000] {logging_mixin.py:190} INFO - [2025-09-19T06:56:51.679+0000] {dagbag.py:588} INFO - Filling up the DagBag from /home/airflow/.local/lib/python3.12/site-packages/airflow/example_dags/example_sla_dag.py
[2025-09-19T06:56:51.698+0000] {processor.py:925} INFO - DAG(s) 'example_sla_dag' retrieved from /home/airflow/.local/lib/python3.12/site-packages/airflow/example_dags/example_sla_dag.py
[2025-09-19T06:56:51.731+0000] {logging_mixin.py:190} INFO - [2025-09-19T06:56:51.730+0000] {dag.py:3239} INFO - Sync 1 DAGs
[2025-09-19T06:56:51.778+0000] {logging_mixin.py:190} INFO - [2025-09-19T06:56:51.778+0000] {dag.py:4180} INFO - Setting next_dagrun for example_sla_dag to 2025-09-19 06:54:00+00:00, run_after=2025-09-19 06:56:00+00:00
[2025-09-19T06:56:51.808+0000] {processor.py:208} INFO - Processing /home/airflow/.local/lib/python3.12/site-packages/airflow/example_dags/example_sla_dag.py took 0.143 seconds
[2025-09-19T06:57:22.209+0000] {processor.py:186} INFO - Started process (PID=748) to work on /home/airflow/.local/lib/python3.12/site-packages/airflow/example_dags/example_sla_dag.py
[2025-09-19T06:57:22.211+0000] {processor.py:914} INFO - Processing file /home/airflow/.local/lib/python3.12/site-packages/airflow/example_dags/example_sla_dag.py for tasks to queue
[2025-09-19T06:57:22.215+0000] {logging_mixin.py:190} INFO - [2025-09-19T06:57:22.214+0000] {dagbag.py:588} INFO - Filling up the DagBag from /home/airflow/.local/lib/python3.12/site-packages/airflow/example_dags/example_sla_dag.py
[2025-09-19T06:57:22.232+0000] {processor.py:925} INFO - DAG(s) 'example_sla_dag' retrieved from /home/airflow/.local/lib/python3.12/site-packages/airflow/example_dags/example_sla_dag.py
[2025-09-19T06:57:22.262+0000] {logging_mixin.py:190} INFO - [2025-09-19T06:57:22.262+0000] {dag.py:3239} INFO - Sync 1 DAGs
[2025-09-19T06:57:22.306+0000] {logging_mixin.py:190} INFO - [2025-09-19T06:57:22.306+0000] {dag.py:4180} INFO - Setting next_dagrun for example_sla_dag to 2025-09-19 06:54:00+00:00, run_after=2025-09-19 06:56:00+00:00
[2025-09-19T06:57:22.338+0000] {processor.py:208} INFO - Processing /home/airflow/.local/lib/python3.12/site-packages/airflow/example_dags/example_sla_dag.py took 0.139 seconds
[2025-09-19T06:57:52.657+0000] {processor.py:186} INFO - Started process (PID=810) to work on /home/airflow/.local/lib/python3.12/site-packages/airflow/example_dags/example_sla_dag.py
[2025-09-19T06:57:52.659+0000] {processor.py:914} INFO - Processing file /home/airflow/.local/lib/python3.12/site-packages/airflow/example_dags/example_sla_dag.py for tasks to queue
[2025-09-19T06:57:52.663+0000] {logging_mixin.py:190} INFO - [2025-09-19T06:57:52.662+0000] {dagbag.py:588} INFO - Filling up the DagBag from /home/airflow/.local/lib/python3.12/site-packages/airflow/example_dags/example_sla_dag.py
[2025-09-19T06:57:52.679+0000] {processor.py:925} INFO - DAG(s) 'example_sla_dag' retrieved from /home/airflow/.local/lib/python3.12/site-packages/airflow/example_dags/example_sla_dag.py
[2025-09-19T06:57:52.710+0000] {logging_mixin.py:190} INFO - [2025-09-19T06:57:52.710+0000] {dag.py:3239} INFO - Sync 1 DAGs
[2025-09-19T06:57:52.756+0000] {logging_mixin.py:190} INFO - [2025-09-19T06:57:52.756+0000] {dag.py:4180} INFO - Setting next_dagrun for example_sla_dag to 2025-09-19 06:54:00+00:00, run_after=2025-09-19 06:56:00+00:00
[2025-09-19T06:57:52.786+0000] {processor.py:208} INFO - Processing /home/airflow/.local/lib/python3.12/site-packages/airflow/example_dags/example_sla_dag.py took 0.139 seconds
[2025-09-19T06:58:23.204+0000] {processor.py:186} INFO - Started process (PID=872) to work on /home/airflow/.local/lib/python3.12/site-packages/airflow/example_dags/example_sla_dag.py
[2025-09-19T06:58:23.206+0000] {processor.py:914} INFO - Processing file /home/airflow/.local/lib/python3.12/site-packages/airflow/example_dags/example_sla_dag.py for tasks to queue
[2025-09-19T06:58:23.210+0000] {logging_mixin.py:190} INFO - [2025-09-19T06:58:23.209+0000] {dagbag.py:588} INFO - Filling up the DagBag from /home/airflow/.local/lib/python3.12/site-packages/airflow/example_dags/example_sla_dag.py
[2025-09-19T06:58:23.226+0000] {processor.py:925} INFO - DAG(s) 'example_sla_dag' retrieved from /home/airflow/.local/lib/python3.12/site-packages/airflow/example_dags/example_sla_dag.py
[2025-09-19T06:58:23.263+0000] {logging_mixin.py:190} INFO - [2025-09-19T06:58:23.263+0000] {dag.py:3239} INFO - Sync 1 DAGs
[2025-09-19T06:58:23.311+0000] {logging_mixin.py:190} INFO - [2025-09-19T06:58:23.311+0000] {dag.py:4180} INFO - Setting next_dagrun for example_sla_dag to 2025-09-19 06:56:00+00:00, run_after=2025-09-19 06:58:00+00:00
[2025-09-19T06:58:23.342+0000] {processor.py:208} INFO - Processing /home/airflow/.local/lib/python3.12/site-packages/airflow/example_dags/example_sla_dag.py took 0.147 seconds
[2025-09-19T06:58:54.325+0000] {processor.py:186} INFO - Started process (PID=934) to work on /home/airflow/.local/lib/python3.12/site-packages/airflow/example_dags/example_sla_dag.py
[2025-09-19T06:58:54.327+0000] {processor.py:914} INFO - Processing file /home/airflow/.local/lib/python3.12/site-packages/airflow/example_dags/example_sla_dag.py for tasks to queue
[2025-09-19T06:58:54.330+0000] {logging_mixin.py:190} INFO - [2025-09-19T06:58:54.330+0000] {dagbag.py:588} INFO - Filling up the DagBag from /home/airflow/.local/lib/python3.12/site-packages/airflow/example_dags/example_sla_dag.py
[2025-09-19T06:58:54.347+0000] {processor.py:925} INFO - DAG(s) 'example_sla_dag' retrieved from /home/airflow/.local/lib/python3.12/site-packages/airflow/example_dags/example_sla_dag.py
[2025-09-19T06:58:54.377+0000] {logging_mixin.py:190} INFO - [2025-09-19T06:58:54.377+0000] {dag.py:3239} INFO - Sync 1 DAGs
[2025-09-19T06:58:54.423+0000] {logging_mixin.py:190} INFO - [2025-09-19T06:58:54.423+0000] {dag.py:4180} INFO - Setting next_dagrun for example_sla_dag to 2025-09-19 06:56:00+00:00, run_after=2025-09-19 06:58:00+00:00
[2025-09-19T06:58:54.451+0000] {processor.py:208} INFO - Processing /home/airflow/.local/lib/python3.12/site-packages/airflow/example_dags/example_sla_dag.py took 0.136 seconds
[2025-09-19T06:59:25.412+0000] {processor.py:186} INFO - Started process (PID=996) to work on /home/airflow/.local/lib/python3.12/site-packages/airflow/example_dags/example_sla_dag.py
[2025-09-19T06:59:25.414+0000] {processor.py:914} INFO - Processing file /home/airflow/.local/lib/python3.12/site-packages/airflow/example_dags/example_sla_dag.py for tasks to queue
[2025-09-19T06:59:25.418+0000] {logging_mixin.py:190} INFO - [2025-09-19T06:59:25.417+0000] {dagbag.py:588} INFO - Filling up the DagBag from /home/airflow/.local/lib/python3.12/site-packages/airflow/example_dags/example_sla_dag.py
[2025-09-19T06:59:25.444+0000] {processor.py:925} INFO - DAG(s) 'example_sla_dag' retrieved from /home/airflow/.local/lib/python3.12/site-packages/airflow/example_dags/example_sla_dag.py
[2025-09-19T06:59:25.478+0000] {logging_mixin.py:190} INFO - [2025-09-19T06:59:25.477+0000] {dag.py:3239} INFO - Sync 1 DAGs
[2025-09-19T06:59:25.522+0000] {logging_mixin.py:190} INFO - [2025-09-19T06:59:25.522+0000] {dag.py:4180} INFO - Setting next_dagrun for example_sla_dag to 2025-09-19 06:56:00+00:00, run_after=2025-09-19 06:58:00+00:00
[2025-09-19T06:59:25.554+0000] {processor.py:208} INFO - Processing /home/airflow/.local/lib/python3.12/site-packages/airflow/example_dags/example_sla_dag.py took 0.152 seconds
[2025-09-19T06:59:56.285+0000] {processor.py:186} INFO - Started process (PID=1058) to work on /home/airflow/.local/lib/python3.12/site-packages/airflow/example_dags/example_sla_dag.py
[2025-09-19T06:59:56.287+0000] {processor.py:914} INFO - Processing file /home/airflow/.local/lib/python3.12/site-packages/airflow/example_dags/example_sla_dag.py for tasks to queue
[2025-09-19T06:59:56.291+0000] {logging_mixin.py:190} INFO - [2025-09-19T06:59:56.290+0000] {dagbag.py:588} INFO - Filling up the DagBag from /home/airflow/.local/lib/python3.12/site-packages/airflow/example_dags/example_sla_dag.py
[2025-09-19T06:59:56.309+0000] {processor.py:925} INFO - DAG(s) 'example_sla_dag' retrieved from /home/airflow/.local/lib/python3.12/site-packages/airflow/example_dags/example_sla_dag.py
[2025-09-19T06:59:56.341+0000] {logging_mixin.py:190} INFO - [2025-09-19T06:59:56.340+0000] {dag.py:3239} INFO - Sync 1 DAGs
[2025-09-19T06:59:56.387+0000] {logging_mixin.py:190} INFO - [2025-09-19T06:59:56.387+0000] {dag.py:4180} INFO - Setting next_dagrun for example_sla_dag to 2025-09-19 06:56:00+00:00, run_after=2025-09-19 06:58:00+00:00
[2025-09-19T06:59:56.417+0000] {processor.py:208} INFO - Processing /home/airflow/.local/lib/python3.12/site-packages/airflow/example_dags/example_sla_dag.py took 0.141 seconds
[2025-09-19T07:00:27.200+0000] {processor.py:186} INFO - Started process (PID=1126) to work on /home/airflow/.local/lib/python3.12/site-packages/airflow/example_dags/example_sla_dag.py
[2025-09-19T07:00:27.201+0000] {processor.py:914} INFO - Processing file /home/airflow/.local/lib/python3.12/site-packages/airflow/example_dags/example_sla_dag.py for tasks to queue
[2025-09-19T07:00:27.205+0000] {logging_mixin.py:190} INFO - [2025-09-19T07:00:27.205+0000] {dagbag.py:588} INFO - Filling up the DagBag from /home/airflow/.local/lib/python3.12/site-packages/airflow/example_dags/example_sla_dag.py
[2025-09-19T07:00:27.222+0000] {processor.py:925} INFO - DAG(s) 'example_sla_dag' retrieved from /home/airflow/.local/lib/python3.12/site-packages/airflow/example_dags/example_sla_dag.py
[2025-09-19T07:00:27.253+0000] {logging_mixin.py:190} INFO - [2025-09-19T07:00:27.252+0000] {dag.py:3239} INFO - Sync 1 DAGs
[2025-09-19T07:00:27.300+0000] {logging_mixin.py:190} INFO - [2025-09-19T07:00:27.299+0000] {dag.py:4180} INFO - Setting next_dagrun for example_sla_dag to 2025-09-19 06:58:00+00:00, run_after=2025-09-19 07:00:00+00:00
[2025-09-19T07:00:27.330+0000] {processor.py:208} INFO - Processing /home/airflow/.local/lib/python3.12/site-packages/airflow/example_dags/example_sla_dag.py took 0.141 seconds
[2025-09-19T07:00:57.638+0000] {processor.py:186} INFO - Started process (PID=1188) to work on /home/airflow/.local/lib/python3.12/site-packages/airflow/example_dags/example_sla_dag.py
[2025-09-19T07:00:57.640+0000] {processor.py:914} INFO - Processing file /home/airflow/.local/lib/python3.12/site-packages/airflow/example_dags/example_sla_dag.py for tasks to queue
[2025-09-19T07:00:57.644+0000] {logging_mixin.py:190} INFO - [2025-09-19T07:00:57.643+0000] {dagbag.py:588} INFO - Filling up the DagBag from /home/airflow/.local/lib/python3.12/site-packages/airflow/example_dags/example_sla_dag.py
[2025-09-19T07:00:57.661+0000] {processor.py:925} INFO - DAG(s) 'example_sla_dag' retrieved from /home/airflow/.local/lib/python3.12/site-packages/airflow/example_dags/example_sla_dag.py
[2025-09-19T07:00:57.694+0000] {logging_mixin.py:190} INFO - [2025-09-19T07:00:57.693+0000] {dag.py:3239} INFO - Sync 1 DAGs
[2025-09-19T07:00:57.740+0000] {logging_mixin.py:190} INFO - [2025-09-19T07:00:57.740+0000] {dag.py:4180} INFO - Setting next_dagrun for example_sla_dag to 2025-09-19 06:58:00+00:00, run_after=2025-09-19 07:00:00+00:00
[2025-09-19T07:00:57.771+0000] {processor.py:208} INFO - Processing /home/airflow/.local/lib/python3.12/site-packages/airflow/example_dags/example_sla_dag.py took 0.143 seconds
[2025-09-19T07:01:28.314+0000] {processor.py:186} INFO - Started process (PID=1250) to work on /home/airflow/.local/lib/python3.12/site-packages/airflow/example_dags/example_sla_dag.py
[2025-09-19T07:01:28.316+0000] {processor.py:914} INFO - Processing file /home/airflow/.local/lib/python3.12/site-packages/airflow/example_dags/example_sla_dag.py for tasks to queue
[2025-09-19T07:01:28.320+0000] {logging_mixin.py:190} INFO - [2025-09-19T07:01:28.319+0000] {dagbag.py:588} INFO - Filling up the DagBag from /home/airflow/.local/lib/python3.12/site-packages/airflow/example_dags/example_sla_dag.py
[2025-09-19T07:01:28.337+0000] {processor.py:925} INFO - DAG(s) 'example_sla_dag' retrieved from /home/airflow/.local/lib/python3.12/site-packages/airflow/example_dags/example_sla_dag.py
[2025-09-19T07:01:28.369+0000] {logging_mixin.py:190} INFO - [2025-09-19T07:01:28.369+0000] {dag.py:3239} INFO - Sync 1 DAGs
[2025-09-19T07:01:28.417+0000] {logging_mixin.py:190} INFO - [2025-09-19T07:01:28.417+0000] {dag.py:4180} INFO - Setting next_dagrun for example_sla_dag to 2025-09-19 06:58:00+00:00, run_after=2025-09-19 07:00:00+00:00
[2025-09-19T07:01:28.450+0000] {processor.py:208} INFO - Processing /home/airflow/.local/lib/python3.12/site-packages/airflow/example_dags/example_sla_dag.py took 0.145 seconds
[2025-09-19T07:01:59.174+0000] {processor.py:186} INFO - Started process (PID=1312) to work on /home/airflow/.local/lib/python3.12/site-packages/airflow/example_dags/example_sla_dag.py
[2025-09-19T07:01:59.176+0000] {processor.py:914} INFO - Processing file /home/airflow/.local/lib/python3.12/site-packages/airflow/example_dags/example_sla_dag.py for tasks to queue
[2025-09-19T07:01:59.180+0000] {logging_mixin.py:190} INFO - [2025-09-19T07:01:59.179+0000] {dagbag.py:588} INFO - Filling up the DagBag from /home/airflow/.local/lib/python3.12/site-packages/airflow/example_dags/example_sla_dag.py
[2025-09-19T07:01:59.197+0000] {processor.py:925} INFO - DAG(s) 'example_sla_dag' retrieved from /home/airflow/.local/lib/python3.12/site-packages/airflow/example_dags/example_sla_dag.py
[2025-09-19T07:01:59.228+0000] {logging_mixin.py:190} INFO - [2025-09-19T07:01:59.228+0000] {dag.py:3239} INFO - Sync 1 DAGs
[2025-09-19T07:01:59.272+0000] {logging_mixin.py:190} INFO - [2025-09-19T07:01:59.272+0000] {dag.py:4180} INFO - Setting next_dagrun for example_sla_dag to 2025-09-19 06:58:00+00:00, run_after=2025-09-19 07:00:00+00:00
[2025-09-19T07:01:59.305+0000] {processor.py:208} INFO - Processing /home/airflow/.local/lib/python3.12/site-packages/airflow/example_dags/example_sla_dag.py took 0.141 seconds
[2025-09-19T07:02:29.762+0000] {processor.py:186} INFO - Started process (PID=1374) to work on /home/airflow/.local/lib/python3.12/site-packages/airflow/example_dags/example_sla_dag.py
[2025-09-19T07:02:29.764+0000] {processor.py:914} INFO - Processing file /home/airflow/.local/lib/python3.12/site-packages/airflow/example_dags/example_sla_dag.py for tasks to queue
[2025-09-19T07:02:29.768+0000] {logging_mixin.py:190} INFO - [2025-09-19T07:02:29.767+0000] {dagbag.py:588} INFO - Filling up the DagBag from /home/airflow/.local/lib/python3.12/site-packages/airflow/example_dags/example_sla_dag.py
[2025-09-19T07:02:29.785+0000] {processor.py:925} INFO - DAG(s) 'example_sla_dag' retrieved from /home/airflow/.local/lib/python3.12/site-packages/airflow/example_dags/example_sla_dag.py
[2025-09-19T07:02:29.819+0000] {logging_mixin.py:190} INFO - [2025-09-19T07:02:29.818+0000] {dag.py:3239} INFO - Sync 1 DAGs
[2025-09-19T07:02:29.865+0000] {logging_mixin.py:190} INFO - [2025-09-19T07:02:29.864+0000] {dag.py:4180} INFO - Setting next_dagrun for example_sla_dag to 2025-09-19 07:00:00+00:00, run_after=2025-09-19 07:02:00+00:00
[2025-09-19T07:02:29.897+0000] {processor.py:208} INFO - Processing /home/airflow/.local/lib/python3.12/site-packages/airflow/example_dags/example_sla_dag.py took 0.144 seconds
[2025-09-19T07:03:00.495+0000] {processor.py:186} INFO - Started process (PID=1436) to work on /home/airflow/.local/lib/python3.12/site-packages/airflow/example_dags/example_sla_dag.py
[2025-09-19T07:03:00.497+0000] {processor.py:914} INFO - Processing file /home/airflow/.local/lib/python3.12/site-packages/airflow/example_dags/example_sla_dag.py for tasks to queue
[2025-09-19T07:03:00.501+0000] {logging_mixin.py:190} INFO - [2025-09-19T07:03:00.500+0000] {dagbag.py:588} INFO - Filling up the DagBag from /home/airflow/.local/lib/python3.12/site-packages/airflow/example_dags/example_sla_dag.py
[2025-09-19T07:03:00.518+0000] {processor.py:925} INFO - DAG(s) 'example_sla_dag' retrieved from /home/airflow/.local/lib/python3.12/site-packages/airflow/example_dags/example_sla_dag.py
[2025-09-19T07:03:00.548+0000] {logging_mixin.py:190} INFO - [2025-09-19T07:03:00.548+0000] {dag.py:3239} INFO - Sync 1 DAGs
[2025-09-19T07:03:00.595+0000] {logging_mixin.py:190} INFO - [2025-09-19T07:03:00.595+0000] {dag.py:4180} INFO - Setting next_dagrun for example_sla_dag to 2025-09-19 07:00:00+00:00, run_after=2025-09-19 07:02:00+00:00
[2025-09-19T07:03:00.627+0000] {processor.py:208} INFO - Processing /home/airflow/.local/lib/python3.12/site-packages/airflow/example_dags/example_sla_dag.py took 0.141 seconds
[2025-09-19T07:03:31.224+0000] {processor.py:186} INFO - Started process (PID=1498) to work on /home/airflow/.local/lib/python3.12/site-packages/airflow/example_dags/example_sla_dag.py
[2025-09-19T07:03:31.225+0000] {processor.py:914} INFO - Processing file /home/airflow/.local/lib/python3.12/site-packages/airflow/example_dags/example_sla_dag.py for tasks to queue
[2025-09-19T07:03:31.230+0000] {logging_mixin.py:190} INFO - [2025-09-19T07:03:31.229+0000] {dagbag.py:588} INFO - Filling up the DagBag from /home/airflow/.local/lib/python3.12/site-packages/airflow/example_dags/example_sla_dag.py
[2025-09-19T07:03:31.247+0000] {processor.py:925} INFO - DAG(s) 'example_sla_dag' retrieved from /home/airflow/.local/lib/python3.12/site-packages/airflow/example_dags/example_sla_dag.py
[2025-09-19T07:03:31.278+0000] {logging_mixin.py:190} INFO - [2025-09-19T07:03:31.277+0000] {dag.py:3239} INFO - Sync 1 DAGs
[2025-09-19T07:03:31.324+0000] {logging_mixin.py:190} INFO - [2025-09-19T07:03:31.323+0000] {dag.py:4180} INFO - Setting next_dagrun for example_sla_dag to 2025-09-19 07:00:00+00:00, run_after=2025-09-19 07:02:00+00:00
[2025-09-19T07:03:31.355+0000] {processor.py:208} INFO - Processing /home/airflow/.local/lib/python3.12/site-packages/airflow/example_dags/example_sla_dag.py took 0.141 seconds
[2025-09-19T07:04:02.057+0000] {processor.py:186} INFO - Started process (PID=1560) to work on /home/airflow/.local/lib/python3.12/site-packages/airflow/example_dags/example_sla_dag.py
[2025-09-19T07:04:02.059+0000] {processor.py:914} INFO - Processing file /home/airflow/.local/lib/python3.12/site-packages/airflow/example_dags/example_sla_dag.py for tasks to queue
[2025-09-19T07:04:02.064+0000] {logging_mixin.py:190} INFO - [2025-09-19T07:04:02.063+0000] {dagbag.py:588} INFO - Filling up the DagBag from /home/airflow/.local/lib/python3.12/site-packages/airflow/example_dags/example_sla_dag.py
[2025-09-19T07:04:02.083+0000] {processor.py:925} INFO - DAG(s) 'example_sla_dag' retrieved from /home/airflow/.local/lib/python3.12/site-packages/airflow/example_dags/example_sla_dag.py
[2025-09-19T07:04:02.115+0000] {logging_mixin.py:190} INFO - [2025-09-19T07:04:02.114+0000] {dag.py:3239} INFO - Sync 1 DAGs
[2025-09-19T07:04:02.162+0000] {logging_mixin.py:190} INFO - [2025-09-19T07:04:02.162+0000] {dag.py:4180} INFO - Setting next_dagrun for example_sla_dag to 2025-09-19 07:02:00+00:00, run_after=2025-09-19 07:04:00+00:00
[2025-09-19T07:04:02.195+0000] {processor.py:208} INFO - Processing /home/airflow/.local/lib/python3.12/site-packages/airflow/example_dags/example_sla_dag.py took 0.147 seconds
[2025-09-19T07:04:32.387+0000] {processor.py:186} INFO - Started process (PID=1622) to work on /home/airflow/.local/lib/python3.12/site-packages/airflow/example_dags/example_sla_dag.py
[2025-09-19T07:04:32.389+0000] {processor.py:914} INFO - Processing file /home/airflow/.local/lib/python3.12/site-packages/airflow/example_dags/example_sla_dag.py for tasks to queue
[2025-09-19T07:04:32.392+0000] {logging_mixin.py:190} INFO - [2025-09-19T07:04:32.392+0000] {dagbag.py:588} INFO - Filling up the DagBag from /home/airflow/.local/lib/python3.12/site-packages/airflow/example_dags/example_sla_dag.py
[2025-09-19T07:04:32.409+0000] {processor.py:925} INFO - DAG(s) 'example_sla_dag' retrieved from /home/airflow/.local/lib/python3.12/site-packages/airflow/example_dags/example_sla_dag.py
[2025-09-19T07:04:32.442+0000] {logging_mixin.py:190} INFO - [2025-09-19T07:04:32.442+0000] {dag.py:3239} INFO - Sync 1 DAGs
[2025-09-19T07:04:32.486+0000] {logging_mixin.py:190} INFO - [2025-09-19T07:04:32.486+0000] {dag.py:4180} INFO - Setting next_dagrun for example_sla_dag to 2025-09-19 07:02:00+00:00, run_after=2025-09-19 07:04:00+00:00
[2025-09-19T07:04:32.516+0000] {processor.py:208} INFO - Processing /home/airflow/.local/lib/python3.12/site-packages/airflow/example_dags/example_sla_dag.py took 0.139 seconds
[2025-09-19T07:05:03.244+0000] {processor.py:186} INFO - Started process (PID=1684) to work on /home/airflow/.local/lib/python3.12/site-packages/airflow/example_dags/example_sla_dag.py
[2025-09-19T07:05:03.246+0000] {processor.py:914} INFO - Processing file /home/airflow/.local/lib/python3.12/site-packages/airflow/example_dags/example_sla_dag.py for tasks to queue
[2025-09-19T07:05:03.249+0000] {logging_mixin.py:190} INFO - [2025-09-19T07:05:03.249+0000] {dagbag.py:588} INFO - Filling up the DagBag from /home/airflow/.local/lib/python3.12/site-packages/airflow/example_dags/example_sla_dag.py
[2025-09-19T07:05:03.266+0000] {processor.py:925} INFO - DAG(s) 'example_sla_dag' retrieved from /home/airflow/.local/lib/python3.12/site-packages/airflow/example_dags/example_sla_dag.py
[2025-09-19T07:05:03.298+0000] {logging_mixin.py:190} INFO - [2025-09-19T07:05:03.298+0000] {dag.py:3239} INFO - Sync 1 DAGs
[2025-09-19T07:05:03.342+0000] {logging_mixin.py:190} INFO - [2025-09-19T07:05:03.342+0000] {dag.py:4180} INFO - Setting next_dagrun for example_sla_dag to 2025-09-19 07:02:00+00:00, run_after=2025-09-19 07:04:00+00:00
[2025-09-19T07:05:03.373+0000] {processor.py:208} INFO - Processing /home/airflow/.local/lib/python3.12/site-packages/airflow/example_dags/example_sla_dag.py took 0.138 seconds
[2025-09-19T07:05:33.990+0000] {processor.py:186} INFO - Started process (PID=1752) to work on /home/airflow/.local/lib/python3.12/site-packages/airflow/example_dags/example_sla_dag.py
[2025-09-19T07:05:33.991+0000] {processor.py:914} INFO - Processing file /home/airflow/.local/lib/python3.12/site-packages/airflow/example_dags/example_sla_dag.py for tasks to queue
[2025-09-19T07:05:33.995+0000] {logging_mixin.py:190} INFO - [2025-09-19T07:05:33.995+0000] {dagbag.py:588} INFO - Filling up the DagBag from /home/airflow/.local/lib/python3.12/site-packages/airflow/example_dags/example_sla_dag.py
[2025-09-19T07:05:34.013+0000] {processor.py:925} INFO - DAG(s) 'example_sla_dag' retrieved from /home/airflow/.local/lib/python3.12/site-packages/airflow/example_dags/example_sla_dag.py
[2025-09-19T07:05:34.045+0000] {logging_mixin.py:190} INFO - [2025-09-19T07:05:34.045+0000] {dag.py:3239} INFO - Sync 1 DAGs
[2025-09-19T07:05:34.096+0000] {logging_mixin.py:190} INFO - [2025-09-19T07:05:34.096+0000] {dag.py:4180} INFO - Setting next_dagrun for example_sla_dag to 2025-09-19 07:02:00+00:00, run_after=2025-09-19 07:04:00+00:00
[2025-09-19T07:05:34.131+0000] {processor.py:208} INFO - Processing /home/airflow/.local/lib/python3.12/site-packages/airflow/example_dags/example_sla_dag.py took 0.150 seconds
[2025-09-19T07:06:04.427+0000] {processor.py:186} INFO - Started process (PID=1814) to work on /home/airflow/.local/lib/python3.12/site-packages/airflow/example_dags/example_sla_dag.py
[2025-09-19T07:06:04.429+0000] {processor.py:914} INFO - Processing file /home/airflow/.local/lib/python3.12/site-packages/airflow/example_dags/example_sla_dag.py for tasks to queue
[2025-09-19T07:06:04.433+0000] {logging_mixin.py:190} INFO - [2025-09-19T07:06:04.433+0000] {dagbag.py:588} INFO - Filling up the DagBag from /home/airflow/.local/lib/python3.12/site-packages/airflow/example_dags/example_sla_dag.py
[2025-09-19T07:06:04.453+0000] {processor.py:925} INFO - DAG(s) 'example_sla_dag' retrieved from /home/airflow/.local/lib/python3.12/site-packages/airflow/example_dags/example_sla_dag.py
[2025-09-19T07:06:04.494+0000] {logging_mixin.py:190} INFO - [2025-09-19T07:06:04.493+0000] {dag.py:3239} INFO - Sync 1 DAGs
[2025-09-19T07:06:04.545+0000] {logging_mixin.py:190} INFO - [2025-09-19T07:06:04.544+0000] {dag.py:4180} INFO - Setting next_dagrun for example_sla_dag to 2025-09-19 07:04:00+00:00, run_after=2025-09-19 07:06:00+00:00
[2025-09-19T07:06:04.574+0000] {processor.py:208} INFO - Processing /home/airflow/.local/lib/python3.12/site-packages/airflow/example_dags/example_sla_dag.py took 0.158 seconds
[2025-09-19T07:06:34.781+0000] {processor.py:186} INFO - Started process (PID=1876) to work on /home/airflow/.local/lib/python3.12/site-packages/airflow/example_dags/example_sla_dag.py
[2025-09-19T07:06:34.783+0000] {processor.py:914} INFO - Processing file /home/airflow/.local/lib/python3.12/site-packages/airflow/example_dags/example_sla_dag.py for tasks to queue
[2025-09-19T07:06:34.787+0000] {logging_mixin.py:190} INFO - [2025-09-19T07:06:34.786+0000] {dagbag.py:588} INFO - Filling up the DagBag from /home/airflow/.local/lib/python3.12/site-packages/airflow/example_dags/example_sla_dag.py
[2025-09-19T07:06:34.804+0000] {processor.py:925} INFO - DAG(s) 'example_sla_dag' retrieved from /home/airflow/.local/lib/python3.12/site-packages/airflow/example_dags/example_sla_dag.py
[2025-09-19T07:06:34.834+0000] {logging_mixin.py:190} INFO - [2025-09-19T07:06:34.834+0000] {dag.py:3239} INFO - Sync 1 DAGs
[2025-09-19T07:06:34.878+0000] {logging_mixin.py:190} INFO - [2025-09-19T07:06:34.878+0000] {dag.py:4180} INFO - Setting next_dagrun for example_sla_dag to 2025-09-19 07:04:00+00:00, run_after=2025-09-19 07:06:00+00:00
[2025-09-19T07:06:34.909+0000] {processor.py:208} INFO - Processing /home/airflow/.local/lib/python3.12/site-packages/airflow/example_dags/example_sla_dag.py took 0.137 seconds
[2025-09-19T07:07:05.344+0000] {processor.py:186} INFO - Started process (PID=1938) to work on /home/airflow/.local/lib/python3.12/site-packages/airflow/example_dags/example_sla_dag.py
[2025-09-19T07:07:05.346+0000] {processor.py:914} INFO - Processing file /home/airflow/.local/lib/python3.12/site-packages/airflow/example_dags/example_sla_dag.py for tasks to queue
[2025-09-19T07:07:05.350+0000] {logging_mixin.py:190} INFO - [2025-09-19T07:07:05.349+0000] {dagbag.py:588} INFO - Filling up the DagBag from /home/airflow/.local/lib/python3.12/site-packages/airflow/example_dags/example_sla_dag.py
[2025-09-19T07:07:05.367+0000] {processor.py:925} INFO - DAG(s) 'example_sla_dag' retrieved from /home/airflow/.local/lib/python3.12/site-packages/airflow/example_dags/example_sla_dag.py
[2025-09-19T07:07:05.399+0000] {logging_mixin.py:190} INFO - [2025-09-19T07:07:05.398+0000] {dag.py:3239} INFO - Sync 1 DAGs
[2025-09-19T07:07:05.444+0000] {logging_mixin.py:190} INFO - [2025-09-19T07:07:05.444+0000] {dag.py:4180} INFO - Setting next_dagrun for example_sla_dag to 2025-09-19 07:04:00+00:00, run_after=2025-09-19 07:06:00+00:00
[2025-09-19T07:07:05.476+0000] {processor.py:208} INFO - Processing /home/airflow/.local/lib/python3.12/site-packages/airflow/example_dags/example_sla_dag.py took 0.141 seconds
[2025-09-19T07:07:36.074+0000] {processor.py:186} INFO - Started process (PID=2000) to work on /home/airflow/.local/lib/python3.12/site-packages/airflow/example_dags/example_sla_dag.py
[2025-09-19T07:07:36.075+0000] {processor.py:914} INFO - Processing file /home/airflow/.local/lib/python3.12/site-packages/airflow/example_dags/example_sla_dag.py for tasks to queue
[2025-09-19T07:07:36.079+0000] {logging_mixin.py:190} INFO - [2025-09-19T07:07:36.079+0000] {dagbag.py:588} INFO - Filling up the DagBag from /home/airflow/.local/lib/python3.12/site-packages/airflow/example_dags/example_sla_dag.py
[2025-09-19T07:07:36.096+0000] {processor.py:925} INFO - DAG(s) 'example_sla_dag' retrieved from /home/airflow/.local/lib/python3.12/site-packages/airflow/example_dags/example_sla_dag.py
[2025-09-19T07:07:36.130+0000] {logging_mixin.py:190} INFO - [2025-09-19T07:07:36.129+0000] {dag.py:3239} INFO - Sync 1 DAGs
[2025-09-19T07:07:36.178+0000] {logging_mixin.py:190} INFO - [2025-09-19T07:07:36.178+0000] {dag.py:4180} INFO - Setting next_dagrun for example_sla_dag to 2025-09-19 07:04:00+00:00, run_after=2025-09-19 07:06:00+00:00
[2025-09-19T07:07:36.211+0000] {processor.py:208} INFO - Processing /home/airflow/.local/lib/python3.12/site-packages/airflow/example_dags/example_sla_dag.py took 0.147 seconds
[2025-09-19T07:08:07.378+0000] {processor.py:186} INFO - Started process (PID=2062) to work on /home/airflow/.local/lib/python3.12/site-packages/airflow/example_dags/example_sla_dag.py
[2025-09-19T07:08:07.379+0000] {processor.py:914} INFO - Processing file /home/airflow/.local/lib/python3.12/site-packages/airflow/example_dags/example_sla_dag.py for tasks to queue
[2025-09-19T07:08:07.383+0000] {logging_mixin.py:190} INFO - [2025-09-19T07:08:07.382+0000] {dagbag.py:588} INFO - Filling up the DagBag from /home/airflow/.local/lib/python3.12/site-packages/airflow/example_dags/example_sla_dag.py
[2025-09-19T07:08:07.399+0000] {processor.py:925} INFO - DAG(s) 'example_sla_dag' retrieved from /home/airflow/.local/lib/python3.12/site-packages/airflow/example_dags/example_sla_dag.py
[2025-09-19T07:08:07.434+0000] {logging_mixin.py:190} INFO - [2025-09-19T07:08:07.434+0000] {dag.py:3239} INFO - Sync 1 DAGs
[2025-09-19T07:08:07.479+0000] {logging_mixin.py:190} INFO - [2025-09-19T07:08:07.478+0000] {dag.py:4180} INFO - Setting next_dagrun for example_sla_dag to 2025-09-19 07:06:00+00:00, run_after=2025-09-19 07:08:00+00:00
[2025-09-19T07:08:07.509+0000] {processor.py:208} INFO - Processing /home/airflow/.local/lib/python3.12/site-packages/airflow/example_dags/example_sla_dag.py took 0.141 seconds
[2025-09-19T07:08:38.880+0000] {processor.py:186} INFO - Started process (PID=2124) to work on /home/airflow/.local/lib/python3.12/site-packages/airflow/example_dags/example_sla_dag.py
[2025-09-19T07:08:38.881+0000] {processor.py:914} INFO - Processing file /home/airflow/.local/lib/python3.12/site-packages/airflow/example_dags/example_sla_dag.py for tasks to queue
[2025-09-19T07:08:38.885+0000] {logging_mixin.py:190} INFO - [2025-09-19T07:08:38.884+0000] {dagbag.py:588} INFO - Filling up the DagBag from /home/airflow/.local/lib/python3.12/site-packages/airflow/example_dags/example_sla_dag.py
[2025-09-19T07:08:38.903+0000] {processor.py:925} INFO - DAG(s) 'example_sla_dag' retrieved from /home/airflow/.local/lib/python3.12/site-packages/airflow/example_dags/example_sla_dag.py
[2025-09-19T07:08:38.934+0000] {logging_mixin.py:190} INFO - [2025-09-19T07:08:38.933+0000] {dag.py:3239} INFO - Sync 1 DAGs
[2025-09-19T07:08:38.980+0000] {logging_mixin.py:190} INFO - [2025-09-19T07:08:38.979+0000] {dag.py:4180} INFO - Setting next_dagrun for example_sla_dag to 2025-09-19 07:06:00+00:00, run_after=2025-09-19 07:08:00+00:00
[2025-09-19T07:08:39.015+0000] {processor.py:208} INFO - Processing /home/airflow/.local/lib/python3.12/site-packages/airflow/example_dags/example_sla_dag.py took 0.145 seconds
[2025-09-19T07:09:09.168+0000] {processor.py:186} INFO - Started process (PID=2184) to work on /home/airflow/.local/lib/python3.12/site-packages/airflow/example_dags/example_sla_dag.py
[2025-09-19T07:09:09.169+0000] {processor.py:914} INFO - Processing file /home/airflow/.local/lib/python3.12/site-packages/airflow/example_dags/example_sla_dag.py for tasks to queue
[2025-09-19T07:09:09.173+0000] {logging_mixin.py:190} INFO - [2025-09-19T07:09:09.173+0000] {dagbag.py:588} INFO - Filling up the DagBag from /home/airflow/.local/lib/python3.12/site-packages/airflow/example_dags/example_sla_dag.py
[2025-09-19T07:09:09.189+0000] {processor.py:925} INFO - DAG(s) 'example_sla_dag' retrieved from /home/airflow/.local/lib/python3.12/site-packages/airflow/example_dags/example_sla_dag.py
[2025-09-19T07:09:09.222+0000] {logging_mixin.py:190} INFO - [2025-09-19T07:09:09.221+0000] {dag.py:3239} INFO - Sync 1 DAGs
[2025-09-19T07:09:09.266+0000] {logging_mixin.py:190} INFO - [2025-09-19T07:09:09.266+0000] {dag.py:4180} INFO - Setting next_dagrun for example_sla_dag to 2025-09-19 07:06:00+00:00, run_after=2025-09-19 07:08:00+00:00
[2025-09-19T07:09:09.297+0000] {processor.py:208} INFO - Processing /home/airflow/.local/lib/python3.12/site-packages/airflow/example_dags/example_sla_dag.py took 0.138 seconds
[2025-09-19T07:09:40.709+0000] {processor.py:186} INFO - Started process (PID=2246) to work on /home/airflow/.local/lib/python3.12/site-packages/airflow/example_dags/example_sla_dag.py
[2025-09-19T07:09:40.710+0000] {processor.py:914} INFO - Processing file /home/airflow/.local/lib/python3.12/site-packages/airflow/example_dags/example_sla_dag.py for tasks to queue
[2025-09-19T07:09:40.714+0000] {logging_mixin.py:190} INFO - [2025-09-19T07:09:40.714+0000] {dagbag.py:588} INFO - Filling up the DagBag from /home/airflow/.local/lib/python3.12/site-packages/airflow/example_dags/example_sla_dag.py
[2025-09-19T07:09:40.731+0000] {processor.py:925} INFO - DAG(s) 'example_sla_dag' retrieved from /home/airflow/.local/lib/python3.12/site-packages/airflow/example_dags/example_sla_dag.py
[2025-09-19T07:09:40.762+0000] {logging_mixin.py:190} INFO - [2025-09-19T07:09:40.761+0000] {dag.py:3239} INFO - Sync 1 DAGs
[2025-09-19T07:09:40.807+0000] {logging_mixin.py:190} INFO - [2025-09-19T07:09:40.807+0000] {dag.py:4180} INFO - Setting next_dagrun for example_sla_dag to 2025-09-19 07:06:00+00:00, run_after=2025-09-19 07:08:00+00:00
[2025-09-19T07:09:40.839+0000] {processor.py:208} INFO - Processing /home/airflow/.local/lib/python3.12/site-packages/airflow/example_dags/example_sla_dag.py took 0.139 seconds
[2025-09-19T07:10:12.303+0000] {processor.py:186} INFO - Started process (PID=2314) to work on /home/airflow/.local/lib/python3.12/site-packages/airflow/example_dags/example_sla_dag.py
[2025-09-19T07:10:12.305+0000] {processor.py:914} INFO - Processing file /home/airflow/.local/lib/python3.12/site-packages/airflow/example_dags/example_sla_dag.py for tasks to queue
[2025-09-19T07:10:12.309+0000] {logging_mixin.py:190} INFO - [2025-09-19T07:10:12.308+0000] {dagbag.py:588} INFO - Filling up the DagBag from /home/airflow/.local/lib/python3.12/site-packages/airflow/example_dags/example_sla_dag.py
[2025-09-19T07:10:12.325+0000] {processor.py:925} INFO - DAG(s) 'example_sla_dag' retrieved from /home/airflow/.local/lib/python3.12/site-packages/airflow/example_dags/example_sla_dag.py
[2025-09-19T07:10:12.358+0000] {logging_mixin.py:190} INFO - [2025-09-19T07:10:12.357+0000] {dag.py:3239} INFO - Sync 1 DAGs
[2025-09-19T07:10:12.406+0000] {logging_mixin.py:190} INFO - [2025-09-19T07:10:12.405+0000] {dag.py:4180} INFO - Setting next_dagrun for example_sla_dag to 2025-09-19 07:08:00+00:00, run_after=2025-09-19 07:10:00+00:00
[2025-09-19T07:10:12.440+0000] {processor.py:208} INFO - Processing /home/airflow/.local/lib/python3.12/site-packages/airflow/example_dags/example_sla_dag.py took 0.146 seconds
[2025-09-19T07:10:42.592+0000] {processor.py:186} INFO - Started process (PID=2376) to work on /home/airflow/.local/lib/python3.12/site-packages/airflow/example_dags/example_sla_dag.py
[2025-09-19T07:10:42.594+0000] {processor.py:914} INFO - Processing file /home/airflow/.local/lib/python3.12/site-packages/airflow/example_dags/example_sla_dag.py for tasks to queue
[2025-09-19T07:10:42.598+0000] {logging_mixin.py:190} INFO - [2025-09-19T07:10:42.597+0000] {dagbag.py:588} INFO - Filling up the DagBag from /home/airflow/.local/lib/python3.12/site-packages/airflow/example_dags/example_sla_dag.py
[2025-09-19T07:10:42.614+0000] {processor.py:925} INFO - DAG(s) 'example_sla_dag' retrieved from /home/airflow/.local/lib/python3.12/site-packages/airflow/example_dags/example_sla_dag.py
[2025-09-19T07:10:42.645+0000] {logging_mixin.py:190} INFO - [2025-09-19T07:10:42.645+0000] {dag.py:3239} INFO - Sync 1 DAGs
[2025-09-19T07:10:42.691+0000] {logging_mixin.py:190} INFO - [2025-09-19T07:10:42.690+0000] {dag.py:4180} INFO - Setting next_dagrun for example_sla_dag to 2025-09-19 07:08:00+00:00, run_after=2025-09-19 07:10:00+00:00
[2025-09-19T07:10:42.724+0000] {processor.py:208} INFO - Processing /home/airflow/.local/lib/python3.12/site-packages/airflow/example_dags/example_sla_dag.py took 0.141 seconds
[2025-09-19T07:11:13.377+0000] {processor.py:186} INFO - Started process (PID=2438) to work on /home/airflow/.local/lib/python3.12/site-packages/airflow/example_dags/example_sla_dag.py
[2025-09-19T07:11:13.379+0000] {processor.py:914} INFO - Processing file /home/airflow/.local/lib/python3.12/site-packages/airflow/example_dags/example_sla_dag.py for tasks to queue
[2025-09-19T07:11:13.383+0000] {logging_mixin.py:190} INFO - [2025-09-19T07:11:13.382+0000] {dagbag.py:588} INFO - Filling up the DagBag from /home/airflow/.local/lib/python3.12/site-packages/airflow/example_dags/example_sla_dag.py
[2025-09-19T07:11:13.400+0000] {processor.py:925} INFO - DAG(s) 'example_sla_dag' retrieved from /home/airflow/.local/lib/python3.12/site-packages/airflow/example_dags/example_sla_dag.py
[2025-09-19T07:11:13.433+0000] {logging_mixin.py:190} INFO - [2025-09-19T07:11:13.433+0000] {dag.py:3239} INFO - Sync 1 DAGs
[2025-09-19T07:11:13.479+0000] {logging_mixin.py:190} INFO - [2025-09-19T07:11:13.479+0000] {dag.py:4180} INFO - Setting next_dagrun for example_sla_dag to 2025-09-19 07:08:00+00:00, run_after=2025-09-19 07:10:00+00:00
[2025-09-19T07:11:13.509+0000] {processor.py:208} INFO - Processing /home/airflow/.local/lib/python3.12/site-packages/airflow/example_dags/example_sla_dag.py took 0.141 seconds
[2025-09-19T07:11:44.676+0000] {processor.py:186} INFO - Started process (PID=2500) to work on /home/airflow/.local/lib/python3.12/site-packages/airflow/example_dags/example_sla_dag.py
[2025-09-19T07:11:44.677+0000] {processor.py:914} INFO - Processing file /home/airflow/.local/lib/python3.12/site-packages/airflow/example_dags/example_sla_dag.py for tasks to queue
[2025-09-19T07:11:44.681+0000] {logging_mixin.py:190} INFO - [2025-09-19T07:11:44.680+0000] {dagbag.py:588} INFO - Filling up the DagBag from /home/airflow/.local/lib/python3.12/site-packages/airflow/example_dags/example_sla_dag.py
[2025-09-19T07:11:44.698+0000] {processor.py:925} INFO - DAG(s) 'example_sla_dag' retrieved from /home/airflow/.local/lib/python3.12/site-packages/airflow/example_dags/example_sla_dag.py
[2025-09-19T07:11:44.730+0000] {logging_mixin.py:190} INFO - [2025-09-19T07:11:44.729+0000] {dag.py:3239} INFO - Sync 1 DAGs
[2025-09-19T07:11:44.776+0000] {logging_mixin.py:190} INFO - [2025-09-19T07:11:44.775+0000] {dag.py:4180} INFO - Setting next_dagrun for example_sla_dag to 2025-09-19 07:08:00+00:00, run_after=2025-09-19 07:10:00+00:00
[2025-09-19T07:11:44.809+0000] {processor.py:208} INFO - Processing /home/airflow/.local/lib/python3.12/site-packages/airflow/example_dags/example_sla_dag.py took 0.143 seconds
[2025-09-19T07:12:15.858+0000] {processor.py:186} INFO - Started process (PID=2562) to work on /home/airflow/.local/lib/python3.12/site-packages/airflow/example_dags/example_sla_dag.py
[2025-09-19T07:12:15.859+0000] {processor.py:914} INFO - Processing file /home/airflow/.local/lib/python3.12/site-packages/airflow/example_dags/example_sla_dag.py for tasks to queue
[2025-09-19T07:12:15.863+0000] {logging_mixin.py:190} INFO - [2025-09-19T07:12:15.862+0000] {dagbag.py:588} INFO - Filling up the DagBag from /home/airflow/.local/lib/python3.12/site-packages/airflow/example_dags/example_sla_dag.py
[2025-09-19T07:12:15.878+0000] {processor.py:925} INFO - DAG(s) 'example_sla_dag' retrieved from /home/airflow/.local/lib/python3.12/site-packages/airflow/example_dags/example_sla_dag.py
[2025-09-19T07:12:15.912+0000] {logging_mixin.py:190} INFO - [2025-09-19T07:12:15.911+0000] {dag.py:3239} INFO - Sync 1 DAGs
[2025-09-19T07:12:15.963+0000] {logging_mixin.py:190} INFO - [2025-09-19T07:12:15.963+0000] {dag.py:4180} INFO - Setting next_dagrun for example_sla_dag to 2025-09-19 07:10:00+00:00, run_after=2025-09-19 07:12:00+00:00
[2025-09-19T07:12:15.997+0000] {processor.py:208} INFO - Processing /home/airflow/.local/lib/python3.12/site-packages/airflow/example_dags/example_sla_dag.py took 0.148 seconds
[2025-09-19T07:12:47.839+0000] {processor.py:186} INFO - Started process (PID=2624) to work on /home/airflow/.local/lib/python3.12/site-packages/airflow/example_dags/example_sla_dag.py
[2025-09-19T07:12:47.841+0000] {processor.py:914} INFO - Processing file /home/airflow/.local/lib/python3.12/site-packages/airflow/example_dags/example_sla_dag.py for tasks to queue
[2025-09-19T07:12:47.844+0000] {logging_mixin.py:190} INFO - [2025-09-19T07:12:47.844+0000] {dagbag.py:588} INFO - Filling up the DagBag from /home/airflow/.local/lib/python3.12/site-packages/airflow/example_dags/example_sla_dag.py
[2025-09-19T07:12:47.861+0000] {processor.py:925} INFO - DAG(s) 'example_sla_dag' retrieved from /home/airflow/.local/lib/python3.12/site-packages/airflow/example_dags/example_sla_dag.py
[2025-09-19T07:12:47.895+0000] {logging_mixin.py:190} INFO - [2025-09-19T07:12:47.894+0000] {dag.py:3239} INFO - Sync 1 DAGs
[2025-09-19T07:12:47.950+0000] {logging_mixin.py:190} INFO - [2025-09-19T07:12:47.949+0000] {dag.py:4180} INFO - Setting next_dagrun for example_sla_dag to 2025-09-19 07:10:00+00:00, run_after=2025-09-19 07:12:00+00:00
[2025-09-19T07:12:47.980+0000] {processor.py:208} INFO - Processing /home/airflow/.local/lib/python3.12/site-packages/airflow/example_dags/example_sla_dag.py took 0.150 seconds
[2025-09-19T07:13:18.158+0000] {processor.py:186} INFO - Started process (PID=2686) to work on /home/airflow/.local/lib/python3.12/site-packages/airflow/example_dags/example_sla_dag.py
[2025-09-19T07:13:18.160+0000] {processor.py:914} INFO - Processing file /home/airflow/.local/lib/python3.12/site-packages/airflow/example_dags/example_sla_dag.py for tasks to queue
[2025-09-19T07:13:18.163+0000] {logging_mixin.py:190} INFO - [2025-09-19T07:13:18.163+0000] {dagbag.py:588} INFO - Filling up the DagBag from /home/airflow/.local/lib/python3.12/site-packages/airflow/example_dags/example_sla_dag.py
[2025-09-19T07:13:18.181+0000] {processor.py:925} INFO - DAG(s) 'example_sla_dag' retrieved from /home/airflow/.local/lib/python3.12/site-packages/airflow/example_dags/example_sla_dag.py
[2025-09-19T07:13:18.212+0000] {logging_mixin.py:190} INFO - [2025-09-19T07:13:18.211+0000] {dag.py:3239} INFO - Sync 1 DAGs
[2025-09-19T07:13:18.256+0000] {logging_mixin.py:190} INFO - [2025-09-19T07:13:18.256+0000] {dag.py:4180} INFO - Setting next_dagrun for example_sla_dag to 2025-09-19 07:10:00+00:00, run_after=2025-09-19 07:12:00+00:00
[2025-09-19T07:13:18.287+0000] {processor.py:208} INFO - Processing /home/airflow/.local/lib/python3.12/site-packages/airflow/example_dags/example_sla_dag.py took 0.139 seconds
[2025-09-19T07:13:48.735+0000] {processor.py:186} INFO - Started process (PID=2748) to work on /home/airflow/.local/lib/python3.12/site-packages/airflow/example_dags/example_sla_dag.py
[2025-09-19T07:13:48.737+0000] {processor.py:914} INFO - Processing file /home/airflow/.local/lib/python3.12/site-packages/airflow/example_dags/example_sla_dag.py for tasks to queue
[2025-09-19T07:13:48.741+0000] {logging_mixin.py:190} INFO - [2025-09-19T07:13:48.740+0000] {dagbag.py:588} INFO - Filling up the DagBag from /home/airflow/.local/lib/python3.12/site-packages/airflow/example_dags/example_sla_dag.py
[2025-09-19T07:13:48.758+0000] {processor.py:925} INFO - DAG(s) 'example_sla_dag' retrieved from /home/airflow/.local/lib/python3.12/site-packages/airflow/example_dags/example_sla_dag.py
[2025-09-19T07:13:48.789+0000] {logging_mixin.py:190} INFO - [2025-09-19T07:13:48.788+0000] {dag.py:3239} INFO - Sync 1 DAGs
[2025-09-19T07:13:48.836+0000] {logging_mixin.py:190} INFO - [2025-09-19T07:13:48.835+0000] {dag.py:4180} INFO - Setting next_dagrun for example_sla_dag to 2025-09-19 07:10:00+00:00, run_after=2025-09-19 07:12:00+00:00
[2025-09-19T07:13:48.867+0000] {processor.py:208} INFO - Processing /home/airflow/.local/lib/python3.12/site-packages/airflow/example_dags/example_sla_dag.py took 0.142 seconds
[2025-09-19T07:14:19.711+0000] {processor.py:186} INFO - Started process (PID=2816) to work on /home/airflow/.local/lib/python3.12/site-packages/airflow/example_dags/example_sla_dag.py
[2025-09-19T07:14:19.713+0000] {processor.py:914} INFO - Processing file /home/airflow/.local/lib/python3.12/site-packages/airflow/example_dags/example_sla_dag.py for tasks to queue
[2025-09-19T07:14:19.717+0000] {logging_mixin.py:190} INFO - [2025-09-19T07:14:19.716+0000] {dagbag.py:588} INFO - Filling up the DagBag from /home/airflow/.local/lib/python3.12/site-packages/airflow/example_dags/example_sla_dag.py
[2025-09-19T07:14:19.734+0000] {processor.py:925} INFO - DAG(s) 'example_sla_dag' retrieved from /home/airflow/.local/lib/python3.12/site-packages/airflow/example_dags/example_sla_dag.py
[2025-09-19T07:14:19.766+0000] {logging_mixin.py:190} INFO - [2025-09-19T07:14:19.765+0000] {dag.py:3239} INFO - Sync 1 DAGs
[2025-09-19T07:14:19.813+0000] {logging_mixin.py:190} INFO - [2025-09-19T07:14:19.812+0000] {dag.py:4180} INFO - Setting next_dagrun for example_sla_dag to 2025-09-19 07:12:00+00:00, run_after=2025-09-19 07:14:00+00:00
[2025-09-19T07:14:19.844+0000] {processor.py:208} INFO - Processing /home/airflow/.local/lib/python3.12/site-packages/airflow/example_dags/example_sla_dag.py took 0.143 seconds
[2025-09-19T07:14:50.002+0000] {processor.py:186} INFO - Started process (PID=2878) to work on /home/airflow/.local/lib/python3.12/site-packages/airflow/example_dags/example_sla_dag.py
[2025-09-19T07:14:50.004+0000] {processor.py:914} INFO - Processing file /home/airflow/.local/lib/python3.12/site-packages/airflow/example_dags/example_sla_dag.py for tasks to queue
[2025-09-19T07:14:50.007+0000] {logging_mixin.py:190} INFO - [2025-09-19T07:14:50.007+0000] {dagbag.py:588} INFO - Filling up the DagBag from /home/airflow/.local/lib/python3.12/site-packages/airflow/example_dags/example_sla_dag.py
[2025-09-19T07:14:50.024+0000] {processor.py:925} INFO - DAG(s) 'example_sla_dag' retrieved from /home/airflow/.local/lib/python3.12/site-packages/airflow/example_dags/example_sla_dag.py
[2025-09-19T07:14:50.055+0000] {logging_mixin.py:190} INFO - [2025-09-19T07:14:50.055+0000] {dag.py:3239} INFO - Sync 1 DAGs
[2025-09-19T07:14:50.100+0000] {logging_mixin.py:190} INFO - [2025-09-19T07:14:50.100+0000] {dag.py:4180} INFO - Setting next_dagrun for example_sla_dag to 2025-09-19 07:12:00+00:00, run_after=2025-09-19 07:14:00+00:00
[2025-09-19T07:14:50.132+0000] {processor.py:208} INFO - Processing /home/airflow/.local/lib/python3.12/site-packages/airflow/example_dags/example_sla_dag.py took 0.139 seconds
[2025-09-19T07:15:21.600+0000] {processor.py:186} INFO - Started process (PID=2940) to work on /home/airflow/.local/lib/python3.12/site-packages/airflow/example_dags/example_sla_dag.py
[2025-09-19T07:15:21.601+0000] {processor.py:914} INFO - Processing file /home/airflow/.local/lib/python3.12/site-packages/airflow/example_dags/example_sla_dag.py for tasks to queue
[2025-09-19T07:15:21.605+0000] {logging_mixin.py:190} INFO - [2025-09-19T07:15:21.605+0000] {dagbag.py:588} INFO - Filling up the DagBag from /home/airflow/.local/lib/python3.12/site-packages/airflow/example_dags/example_sla_dag.py
[2025-09-19T07:15:21.622+0000] {processor.py:925} INFO - DAG(s) 'example_sla_dag' retrieved from /home/airflow/.local/lib/python3.12/site-packages/airflow/example_dags/example_sla_dag.py
[2025-09-19T07:15:21.655+0000] {logging_mixin.py:190} INFO - [2025-09-19T07:15:21.655+0000] {dag.py:3239} INFO - Sync 1 DAGs
[2025-09-19T07:15:21.703+0000] {logging_mixin.py:190} INFO - [2025-09-19T07:15:21.702+0000] {dag.py:4180} INFO - Setting next_dagrun for example_sla_dag to 2025-09-19 07:12:00+00:00, run_after=2025-09-19 07:14:00+00:00
[2025-09-19T07:15:21.734+0000] {processor.py:208} INFO - Processing /home/airflow/.local/lib/python3.12/site-packages/airflow/example_dags/example_sla_dag.py took 0.143 seconds
[2025-09-19T07:15:51.901+0000] {processor.py:186} INFO - Started process (PID=3002) to work on /home/airflow/.local/lib/python3.12/site-packages/airflow/example_dags/example_sla_dag.py
[2025-09-19T07:15:51.903+0000] {processor.py:914} INFO - Processing file /home/airflow/.local/lib/python3.12/site-packages/airflow/example_dags/example_sla_dag.py for tasks to queue
[2025-09-19T07:15:51.906+0000] {logging_mixin.py:190} INFO - [2025-09-19T07:15:51.906+0000] {dagbag.py:588} INFO - Filling up the DagBag from /home/airflow/.local/lib/python3.12/site-packages/airflow/example_dags/example_sla_dag.py
[2025-09-19T07:15:51.924+0000] {processor.py:925} INFO - DAG(s) 'example_sla_dag' retrieved from /home/airflow/.local/lib/python3.12/site-packages/airflow/example_dags/example_sla_dag.py
[2025-09-19T07:15:51.955+0000] {logging_mixin.py:190} INFO - [2025-09-19T07:15:51.954+0000] {dag.py:3239} INFO - Sync 1 DAGs
[2025-09-19T07:15:52.002+0000] {logging_mixin.py:190} INFO - [2025-09-19T07:15:52.001+0000] {dag.py:4180} INFO - Setting next_dagrun for example_sla_dag to 2025-09-19 07:12:00+00:00, run_after=2025-09-19 07:14:00+00:00
[2025-09-19T07:15:52.035+0000] {processor.py:208} INFO - Processing /home/airflow/.local/lib/python3.12/site-packages/airflow/example_dags/example_sla_dag.py took 0.144 seconds
[2025-09-19T07:16:22.532+0000] {processor.py:186} INFO - Started process (PID=3064) to work on /home/airflow/.local/lib/python3.12/site-packages/airflow/example_dags/example_sla_dag.py
[2025-09-19T07:16:22.533+0000] {processor.py:914} INFO - Processing file /home/airflow/.local/lib/python3.12/site-packages/airflow/example_dags/example_sla_dag.py for tasks to queue
[2025-09-19T07:16:22.537+0000] {logging_mixin.py:190} INFO - [2025-09-19T07:16:22.536+0000] {dagbag.py:588} INFO - Filling up the DagBag from /home/airflow/.local/lib/python3.12/site-packages/airflow/example_dags/example_sla_dag.py
[2025-09-19T07:16:22.554+0000] {processor.py:925} INFO - DAG(s) 'example_sla_dag' retrieved from /home/airflow/.local/lib/python3.12/site-packages/airflow/example_dags/example_sla_dag.py
[2025-09-19T07:16:22.586+0000] {logging_mixin.py:190} INFO - [2025-09-19T07:16:22.586+0000] {dag.py:3239} INFO - Sync 1 DAGs
[2025-09-19T07:16:22.632+0000] {logging_mixin.py:190} INFO - [2025-09-19T07:16:22.631+0000] {dag.py:4180} INFO - Setting next_dagrun for example_sla_dag to 2025-09-19 07:14:00+00:00, run_after=2025-09-19 07:16:00+00:00
[2025-09-19T07:16:22.664+0000] {processor.py:208} INFO - Processing /home/airflow/.local/lib/python3.12/site-packages/airflow/example_dags/example_sla_dag.py took 0.142 seconds
[2025-09-19T07:16:53.454+0000] {processor.py:186} INFO - Started process (PID=3126) to work on /home/airflow/.local/lib/python3.12/site-packages/airflow/example_dags/example_sla_dag.py
[2025-09-19T07:16:53.456+0000] {processor.py:914} INFO - Processing file /home/airflow/.local/lib/python3.12/site-packages/airflow/example_dags/example_sla_dag.py for tasks to queue
[2025-09-19T07:16:53.460+0000] {logging_mixin.py:190} INFO - [2025-09-19T07:16:53.459+0000] {dagbag.py:588} INFO - Filling up the DagBag from /home/airflow/.local/lib/python3.12/site-packages/airflow/example_dags/example_sla_dag.py
[2025-09-19T07:16:53.477+0000] {processor.py:925} INFO - DAG(s) 'example_sla_dag' retrieved from /home/airflow/.local/lib/python3.12/site-packages/airflow/example_dags/example_sla_dag.py
[2025-09-19T07:16:53.509+0000] {logging_mixin.py:190} INFO - [2025-09-19T07:16:53.509+0000] {dag.py:3239} INFO - Sync 1 DAGs
[2025-09-19T07:16:53.555+0000] {logging_mixin.py:190} INFO - [2025-09-19T07:16:53.555+0000] {dag.py:4180} INFO - Setting next_dagrun for example_sla_dag to 2025-09-19 07:14:00+00:00, run_after=2025-09-19 07:16:00+00:00
[2025-09-19T07:16:53.587+0000] {processor.py:208} INFO - Processing /home/airflow/.local/lib/python3.12/site-packages/airflow/example_dags/example_sla_dag.py took 0.142 seconds
[2025-09-19T07:17:24.222+0000] {processor.py:186} INFO - Started process (PID=3188) to work on /home/airflow/.local/lib/python3.12/site-packages/airflow/example_dags/example_sla_dag.py
[2025-09-19T07:17:24.224+0000] {processor.py:914} INFO - Processing file /home/airflow/.local/lib/python3.12/site-packages/airflow/example_dags/example_sla_dag.py for tasks to queue
[2025-09-19T07:17:24.227+0000] {logging_mixin.py:190} INFO - [2025-09-19T07:17:24.227+0000] {dagbag.py:588} INFO - Filling up the DagBag from /home/airflow/.local/lib/python3.12/site-packages/airflow/example_dags/example_sla_dag.py
[2025-09-19T07:17:24.243+0000] {processor.py:925} INFO - DAG(s) 'example_sla_dag' retrieved from /home/airflow/.local/lib/python3.12/site-packages/airflow/example_dags/example_sla_dag.py
[2025-09-19T07:17:24.275+0000] {logging_mixin.py:190} INFO - [2025-09-19T07:17:24.274+0000] {dag.py:3239} INFO - Sync 1 DAGs
[2025-09-19T07:17:24.320+0000] {logging_mixin.py:190} INFO - [2025-09-19T07:17:24.319+0000] {dag.py:4180} INFO - Setting next_dagrun for example_sla_dag to 2025-09-19 07:14:00+00:00, run_after=2025-09-19 07:16:00+00:00
[2025-09-19T07:17:24.350+0000] {processor.py:208} INFO - Processing /home/airflow/.local/lib/python3.12/site-packages/airflow/example_dags/example_sla_dag.py took 0.137 seconds
[2025-09-19T07:17:54.921+0000] {processor.py:186} INFO - Started process (PID=3250) to work on /home/airflow/.local/lib/python3.12/site-packages/airflow/example_dags/example_sla_dag.py
[2025-09-19T07:17:54.922+0000] {processor.py:914} INFO - Processing file /home/airflow/.local/lib/python3.12/site-packages/airflow/example_dags/example_sla_dag.py for tasks to queue
[2025-09-19T07:17:54.926+0000] {logging_mixin.py:190} INFO - [2025-09-19T07:17:54.926+0000] {dagbag.py:588} INFO - Filling up the DagBag from /home/airflow/.local/lib/python3.12/site-packages/airflow/example_dags/example_sla_dag.py
[2025-09-19T07:17:54.943+0000] {processor.py:925} INFO - DAG(s) 'example_sla_dag' retrieved from /home/airflow/.local/lib/python3.12/site-packages/airflow/example_dags/example_sla_dag.py
[2025-09-19T07:17:54.976+0000] {logging_mixin.py:190} INFO - [2025-09-19T07:17:54.975+0000] {dag.py:3239} INFO - Sync 1 DAGs
[2025-09-19T07:17:55.023+0000] {logging_mixin.py:190} INFO - [2025-09-19T07:17:55.022+0000] {dag.py:4180} INFO - Setting next_dagrun for example_sla_dag to 2025-09-19 07:14:00+00:00, run_after=2025-09-19 07:16:00+00:00
[2025-09-19T07:17:55.056+0000] {processor.py:208} INFO - Processing /home/airflow/.local/lib/python3.12/site-packages/airflow/example_dags/example_sla_dag.py took 0.146 seconds
[2025-09-19T07:18:26.100+0000] {processor.py:186} INFO - Started process (PID=3312) to work on /home/airflow/.local/lib/python3.12/site-packages/airflow/example_dags/example_sla_dag.py
[2025-09-19T07:18:26.101+0000] {processor.py:914} INFO - Processing file /home/airflow/.local/lib/python3.12/site-packages/airflow/example_dags/example_sla_dag.py for tasks to queue
[2025-09-19T07:18:26.105+0000] {logging_mixin.py:190} INFO - [2025-09-19T07:18:26.105+0000] {dagbag.py:588} INFO - Filling up the DagBag from /home/airflow/.local/lib/python3.12/site-packages/airflow/example_dags/example_sla_dag.py
[2025-09-19T07:18:26.122+0000] {processor.py:925} INFO - DAG(s) 'example_sla_dag' retrieved from /home/airflow/.local/lib/python3.12/site-packages/airflow/example_dags/example_sla_dag.py
[2025-09-19T07:18:26.156+0000] {logging_mixin.py:190} INFO - [2025-09-19T07:18:26.156+0000] {dag.py:3239} INFO - Sync 1 DAGs
[2025-09-19T07:18:26.203+0000] {logging_mixin.py:190} INFO - [2025-09-19T07:18:26.202+0000] {dag.py:4180} INFO - Setting next_dagrun for example_sla_dag to 2025-09-19 07:16:00+00:00, run_after=2025-09-19 07:18:00+00:00
[2025-09-19T07:18:26.234+0000] {processor.py:208} INFO - Processing /home/airflow/.local/lib/python3.12/site-packages/airflow/example_dags/example_sla_dag.py took 0.144 seconds
[2025-09-19T07:18:56.650+0000] {processor.py:186} INFO - Started process (PID=3374) to work on /home/airflow/.local/lib/python3.12/site-packages/airflow/example_dags/example_sla_dag.py
[2025-09-19T07:18:56.652+0000] {processor.py:914} INFO - Processing file /home/airflow/.local/lib/python3.12/site-packages/airflow/example_dags/example_sla_dag.py for tasks to queue
[2025-09-19T07:18:56.655+0000] {logging_mixin.py:190} INFO - [2025-09-19T07:18:56.655+0000] {dagbag.py:588} INFO - Filling up the DagBag from /home/airflow/.local/lib/python3.12/site-packages/airflow/example_dags/example_sla_dag.py
[2025-09-19T07:18:56.671+0000] {processor.py:925} INFO - DAG(s) 'example_sla_dag' retrieved from /home/airflow/.local/lib/python3.12/site-packages/airflow/example_dags/example_sla_dag.py
[2025-09-19T07:18:56.705+0000] {logging_mixin.py:190} INFO - [2025-09-19T07:18:56.705+0000] {dag.py:3239} INFO - Sync 1 DAGs
[2025-09-19T07:18:56.755+0000] {logging_mixin.py:190} INFO - [2025-09-19T07:18:56.755+0000] {dag.py:4180} INFO - Setting next_dagrun for example_sla_dag to 2025-09-19 07:16:00+00:00, run_after=2025-09-19 07:18:00+00:00
[2025-09-19T07:18:56.787+0000] {processor.py:208} INFO - Processing /home/airflow/.local/lib/python3.12/site-packages/airflow/example_dags/example_sla_dag.py took 0.146 seconds
[2025-09-19T07:19:27.205+0000] {processor.py:186} INFO - Started process (PID=3442) to work on /home/airflow/.local/lib/python3.12/site-packages/airflow/example_dags/example_sla_dag.py
[2025-09-19T07:19:27.207+0000] {processor.py:914} INFO - Processing file /home/airflow/.local/lib/python3.12/site-packages/airflow/example_dags/example_sla_dag.py for tasks to queue
[2025-09-19T07:19:27.210+0000] {logging_mixin.py:190} INFO - [2025-09-19T07:19:27.210+0000] {dagbag.py:588} INFO - Filling up the DagBag from /home/airflow/.local/lib/python3.12/site-packages/airflow/example_dags/example_sla_dag.py
[2025-09-19T07:19:27.227+0000] {processor.py:925} INFO - DAG(s) 'example_sla_dag' retrieved from /home/airflow/.local/lib/python3.12/site-packages/airflow/example_dags/example_sla_dag.py
[2025-09-19T07:19:27.258+0000] {logging_mixin.py:190} INFO - [2025-09-19T07:19:27.258+0000] {dag.py:3239} INFO - Sync 1 DAGs
[2025-09-19T07:19:27.303+0000] {logging_mixin.py:190} INFO - [2025-09-19T07:19:27.303+0000] {dag.py:4180} INFO - Setting next_dagrun for example_sla_dag to 2025-09-19 07:16:00+00:00, run_after=2025-09-19 07:18:00+00:00
[2025-09-19T07:19:27.333+0000] {processor.py:208} INFO - Processing /home/airflow/.local/lib/python3.12/site-packages/airflow/example_dags/example_sla_dag.py took 0.138 seconds
[2025-09-19T07:19:57.718+0000] {processor.py:186} INFO - Started process (PID=3504) to work on /home/airflow/.local/lib/python3.12/site-packages/airflow/example_dags/example_sla_dag.py
[2025-09-19T07:19:57.720+0000] {processor.py:914} INFO - Processing file /home/airflow/.local/lib/python3.12/site-packages/airflow/example_dags/example_sla_dag.py for tasks to queue
[2025-09-19T07:19:57.724+0000] {logging_mixin.py:190} INFO - [2025-09-19T07:19:57.723+0000] {dagbag.py:588} INFO - Filling up the DagBag from /home/airflow/.local/lib/python3.12/site-packages/airflow/example_dags/example_sla_dag.py
[2025-09-19T07:19:57.741+0000] {processor.py:925} INFO - DAG(s) 'example_sla_dag' retrieved from /home/airflow/.local/lib/python3.12/site-packages/airflow/example_dags/example_sla_dag.py
[2025-09-19T07:19:57.774+0000] {logging_mixin.py:190} INFO - [2025-09-19T07:19:57.774+0000] {dag.py:3239} INFO - Sync 1 DAGs
[2025-09-19T07:19:57.821+0000] {logging_mixin.py:190} INFO - [2025-09-19T07:19:57.821+0000] {dag.py:4180} INFO - Setting next_dagrun for example_sla_dag to 2025-09-19 07:16:00+00:00, run_after=2025-09-19 07:18:00+00:00
[2025-09-19T07:19:57.851+0000] {processor.py:208} INFO - Processing /home/airflow/.local/lib/python3.12/site-packages/airflow/example_dags/example_sla_dag.py took 0.142 seconds
[2025-09-19T07:20:29.200+0000] {processor.py:186} INFO - Started process (PID=3566) to work on /home/airflow/.local/lib/python3.12/site-packages/airflow/example_dags/example_sla_dag.py
[2025-09-19T07:20:29.202+0000] {processor.py:914} INFO - Processing file /home/airflow/.local/lib/python3.12/site-packages/airflow/example_dags/example_sla_dag.py for tasks to queue
[2025-09-19T07:20:29.206+0000] {logging_mixin.py:190} INFO - [2025-09-19T07:20:29.206+0000] {dagbag.py:588} INFO - Filling up the DagBag from /home/airflow/.local/lib/python3.12/site-packages/airflow/example_dags/example_sla_dag.py
[2025-09-19T07:20:29.225+0000] {processor.py:925} INFO - DAG(s) 'example_sla_dag' retrieved from /home/airflow/.local/lib/python3.12/site-packages/airflow/example_dags/example_sla_dag.py
[2025-09-19T07:20:29.260+0000] {logging_mixin.py:190} INFO - [2025-09-19T07:20:29.259+0000] {dag.py:3239} INFO - Sync 1 DAGs
[2025-09-19T07:20:29.537+0000] {logging_mixin.py:190} INFO - [2025-09-19T07:20:29.537+0000] {dag.py:4180} INFO - Setting next_dagrun for example_sla_dag to 2025-09-19 07:18:00+00:00, run_after=2025-09-19 07:20:00+00:00
[2025-09-19T07:20:29.567+0000] {processor.py:208} INFO - Processing /home/airflow/.local/lib/python3.12/site-packages/airflow/example_dags/example_sla_dag.py took 0.376 seconds
[2025-09-19T07:20:59.848+0000] {processor.py:186} INFO - Started process (PID=3628) to work on /home/airflow/.local/lib/python3.12/site-packages/airflow/example_dags/example_sla_dag.py
[2025-09-19T07:20:59.849+0000] {processor.py:914} INFO - Processing file /home/airflow/.local/lib/python3.12/site-packages/airflow/example_dags/example_sla_dag.py for tasks to queue
[2025-09-19T07:20:59.853+0000] {logging_mixin.py:190} INFO - [2025-09-19T07:20:59.853+0000] {dagbag.py:588} INFO - Filling up the DagBag from /home/airflow/.local/lib/python3.12/site-packages/airflow/example_dags/example_sla_dag.py
[2025-09-19T07:20:59.870+0000] {processor.py:925} INFO - DAG(s) 'example_sla_dag' retrieved from /home/airflow/.local/lib/python3.12/site-packages/airflow/example_dags/example_sla_dag.py
[2025-09-19T07:20:59.906+0000] {logging_mixin.py:190} INFO - [2025-09-19T07:20:59.906+0000] {dag.py:3239} INFO - Sync 1 DAGs
[2025-09-19T07:20:59.956+0000] {logging_mixin.py:190} INFO - [2025-09-19T07:20:59.956+0000] {dag.py:4180} INFO - Setting next_dagrun for example_sla_dag to 2025-09-19 07:18:00+00:00, run_after=2025-09-19 07:20:00+00:00
[2025-09-19T07:20:59.993+0000] {processor.py:208} INFO - Processing /home/airflow/.local/lib/python3.12/site-packages/airflow/example_dags/example_sla_dag.py took 0.155 seconds
[2025-09-19T07:21:30.543+0000] {processor.py:186} INFO - Started process (PID=3690) to work on /home/airflow/.local/lib/python3.12/site-packages/airflow/example_dags/example_sla_dag.py
[2025-09-19T07:21:30.545+0000] {processor.py:914} INFO - Processing file /home/airflow/.local/lib/python3.12/site-packages/airflow/example_dags/example_sla_dag.py for tasks to queue
[2025-09-19T07:21:30.549+0000] {logging_mixin.py:190} INFO - [2025-09-19T07:21:30.548+0000] {dagbag.py:588} INFO - Filling up the DagBag from /home/airflow/.local/lib/python3.12/site-packages/airflow/example_dags/example_sla_dag.py
[2025-09-19T07:21:30.565+0000] {processor.py:925} INFO - DAG(s) 'example_sla_dag' retrieved from /home/airflow/.local/lib/python3.12/site-packages/airflow/example_dags/example_sla_dag.py
[2025-09-19T07:21:30.598+0000] {logging_mixin.py:190} INFO - [2025-09-19T07:21:30.597+0000] {dag.py:3239} INFO - Sync 1 DAGs
[2025-09-19T07:21:30.649+0000] {logging_mixin.py:190} INFO - [2025-09-19T07:21:30.648+0000] {dag.py:4180} INFO - Setting next_dagrun for example_sla_dag to 2025-09-19 07:18:00+00:00, run_after=2025-09-19 07:20:00+00:00
[2025-09-19T07:21:30.679+0000] {processor.py:208} INFO - Processing /home/airflow/.local/lib/python3.12/site-packages/airflow/example_dags/example_sla_dag.py took 0.145 seconds
[2025-09-19T07:22:01.659+0000] {processor.py:186} INFO - Started process (PID=3752) to work on /home/airflow/.local/lib/python3.12/site-packages/airflow/example_dags/example_sla_dag.py
[2025-09-19T07:22:01.661+0000] {processor.py:914} INFO - Processing file /home/airflow/.local/lib/python3.12/site-packages/airflow/example_dags/example_sla_dag.py for tasks to queue
[2025-09-19T07:22:01.665+0000] {logging_mixin.py:190} INFO - [2025-09-19T07:22:01.664+0000] {dagbag.py:588} INFO - Filling up the DagBag from /home/airflow/.local/lib/python3.12/site-packages/airflow/example_dags/example_sla_dag.py
[2025-09-19T07:22:01.682+0000] {processor.py:925} INFO - DAG(s) 'example_sla_dag' retrieved from /home/airflow/.local/lib/python3.12/site-packages/airflow/example_dags/example_sla_dag.py
[2025-09-19T07:22:01.713+0000] {logging_mixin.py:190} INFO - [2025-09-19T07:22:01.713+0000] {dag.py:3239} INFO - Sync 1 DAGs
[2025-09-19T07:22:01.760+0000] {logging_mixin.py:190} INFO - [2025-09-19T07:22:01.760+0000] {dag.py:4180} INFO - Setting next_dagrun for example_sla_dag to 2025-09-19 07:20:00+00:00, run_after=2025-09-19 07:22:00+00:00
[2025-09-19T07:22:01.792+0000] {processor.py:208} INFO - Processing /home/airflow/.local/lib/python3.12/site-packages/airflow/example_dags/example_sla_dag.py took 0.142 seconds
[2025-09-19T07:22:33.511+0000] {processor.py:186} INFO - Started process (PID=3814) to work on /home/airflow/.local/lib/python3.12/site-packages/airflow/example_dags/example_sla_dag.py
[2025-09-19T07:22:33.512+0000] {processor.py:914} INFO - Processing file /home/airflow/.local/lib/python3.12/site-packages/airflow/example_dags/example_sla_dag.py for tasks to queue
[2025-09-19T07:22:33.516+0000] {logging_mixin.py:190} INFO - [2025-09-19T07:22:33.515+0000] {dagbag.py:588} INFO - Filling up the DagBag from /home/airflow/.local/lib/python3.12/site-packages/airflow/example_dags/example_sla_dag.py
[2025-09-19T07:22:33.535+0000] {processor.py:925} INFO - DAG(s) 'example_sla_dag' retrieved from /home/airflow/.local/lib/python3.12/site-packages/airflow/example_dags/example_sla_dag.py
[2025-09-19T07:22:33.568+0000] {logging_mixin.py:190} INFO - [2025-09-19T07:22:33.568+0000] {dag.py:3239} INFO - Sync 1 DAGs
[2025-09-19T07:22:33.616+0000] {logging_mixin.py:190} INFO - [2025-09-19T07:22:33.616+0000] {dag.py:4180} INFO - Setting next_dagrun for example_sla_dag to 2025-09-19 07:20:00+00:00, run_after=2025-09-19 07:22:00+00:00
[2025-09-19T07:22:33.649+0000] {processor.py:208} INFO - Processing /home/airflow/.local/lib/python3.12/site-packages/airflow/example_dags/example_sla_dag.py took 0.148 seconds
[2025-09-19T07:23:04.408+0000] {processor.py:186} INFO - Started process (PID=3876) to work on /home/airflow/.local/lib/python3.12/site-packages/airflow/example_dags/example_sla_dag.py
[2025-09-19T07:23:04.411+0000] {processor.py:914} INFO - Processing file /home/airflow/.local/lib/python3.12/site-packages/airflow/example_dags/example_sla_dag.py for tasks to queue
[2025-09-19T07:23:04.416+0000] {logging_mixin.py:190} INFO - [2025-09-19T07:23:04.415+0000] {dagbag.py:588} INFO - Filling up the DagBag from /home/airflow/.local/lib/python3.12/site-packages/airflow/example_dags/example_sla_dag.py
[2025-09-19T07:23:04.433+0000] {processor.py:925} INFO - DAG(s) 'example_sla_dag' retrieved from /home/airflow/.local/lib/python3.12/site-packages/airflow/example_dags/example_sla_dag.py
[2025-09-19T07:23:04.466+0000] {logging_mixin.py:190} INFO - [2025-09-19T07:23:04.466+0000] {dag.py:3239} INFO - Sync 1 DAGs
[2025-09-19T07:23:04.764+0000] {logging_mixin.py:190} INFO - [2025-09-19T07:23:04.764+0000] {dag.py:4180} INFO - Setting next_dagrun for example_sla_dag to 2025-09-19 07:20:00+00:00, run_after=2025-09-19 07:22:00+00:00
[2025-09-19T07:23:04.803+0000] {processor.py:208} INFO - Processing /home/airflow/.local/lib/python3.12/site-packages/airflow/example_dags/example_sla_dag.py took 0.404 seconds
[2025-09-19T07:23:35.353+0000] {processor.py:186} INFO - Started process (PID=3944) to work on /home/airflow/.local/lib/python3.12/site-packages/airflow/example_dags/example_sla_dag.py
[2025-09-19T07:23:35.355+0000] {processor.py:914} INFO - Processing file /home/airflow/.local/lib/python3.12/site-packages/airflow/example_dags/example_sla_dag.py for tasks to queue
[2025-09-19T07:23:35.359+0000] {logging_mixin.py:190} INFO - [2025-09-19T07:23:35.358+0000] {dagbag.py:588} INFO - Filling up the DagBag from /home/airflow/.local/lib/python3.12/site-packages/airflow/example_dags/example_sla_dag.py
[2025-09-19T07:23:35.375+0000] {processor.py:925} INFO - DAG(s) 'example_sla_dag' retrieved from /home/airflow/.local/lib/python3.12/site-packages/airflow/example_dags/example_sla_dag.py
[2025-09-19T07:23:35.407+0000] {logging_mixin.py:190} INFO - [2025-09-19T07:23:35.406+0000] {dag.py:3239} INFO - Sync 1 DAGs
[2025-09-19T07:23:35.455+0000] {logging_mixin.py:190} INFO - [2025-09-19T07:23:35.454+0000] {dag.py:4180} INFO - Setting next_dagrun for example_sla_dag to 2025-09-19 07:20:00+00:00, run_after=2025-09-19 07:22:00+00:00
[2025-09-19T07:23:35.489+0000] {processor.py:208} INFO - Processing /home/airflow/.local/lib/python3.12/site-packages/airflow/example_dags/example_sla_dag.py took 0.145 seconds
[2025-09-19T07:24:05.803+0000] {processor.py:186} INFO - Started process (PID=4006) to work on /home/airflow/.local/lib/python3.12/site-packages/airflow/example_dags/example_sla_dag.py
[2025-09-19T07:24:05.805+0000] {processor.py:914} INFO - Processing file /home/airflow/.local/lib/python3.12/site-packages/airflow/example_dags/example_sla_dag.py for tasks to queue
[2025-09-19T07:24:05.809+0000] {logging_mixin.py:190} INFO - [2025-09-19T07:24:05.808+0000] {dagbag.py:588} INFO - Filling up the DagBag from /home/airflow/.local/lib/python3.12/site-packages/airflow/example_dags/example_sla_dag.py
[2025-09-19T07:24:05.825+0000] {processor.py:925} INFO - DAG(s) 'example_sla_dag' retrieved from /home/airflow/.local/lib/python3.12/site-packages/airflow/example_dags/example_sla_dag.py
[2025-09-19T07:24:05.856+0000] {logging_mixin.py:190} INFO - [2025-09-19T07:24:05.856+0000] {dag.py:3239} INFO - Sync 1 DAGs
[2025-09-19T07:24:05.902+0000] {logging_mixin.py:190} INFO - [2025-09-19T07:24:05.902+0000] {dag.py:4180} INFO - Setting next_dagrun for example_sla_dag to 2025-09-19 07:22:00+00:00, run_after=2025-09-19 07:24:00+00:00
[2025-09-19T07:24:05.936+0000] {processor.py:208} INFO - Processing /home/airflow/.local/lib/python3.12/site-packages/airflow/example_dags/example_sla_dag.py took 0.142 seconds
[2025-09-19T07:24:36.049+0000] {processor.py:186} INFO - Started process (PID=4068) to work on /home/airflow/.local/lib/python3.12/site-packages/airflow/example_dags/example_sla_dag.py
[2025-09-19T07:24:36.051+0000] {processor.py:914} INFO - Processing file /home/airflow/.local/lib/python3.12/site-packages/airflow/example_dags/example_sla_dag.py for tasks to queue
[2025-09-19T07:24:36.055+0000] {logging_mixin.py:190} INFO - [2025-09-19T07:24:36.054+0000] {dagbag.py:588} INFO - Filling up the DagBag from /home/airflow/.local/lib/python3.12/site-packages/airflow/example_dags/example_sla_dag.py
[2025-09-19T07:24:36.071+0000] {processor.py:925} INFO - DAG(s) 'example_sla_dag' retrieved from /home/airflow/.local/lib/python3.12/site-packages/airflow/example_dags/example_sla_dag.py
[2025-09-19T07:24:36.103+0000] {logging_mixin.py:190} INFO - [2025-09-19T07:24:36.102+0000] {dag.py:3239} INFO - Sync 1 DAGs
[2025-09-19T07:24:36.149+0000] {logging_mixin.py:190} INFO - [2025-09-19T07:24:36.149+0000] {dag.py:4180} INFO - Setting next_dagrun for example_sla_dag to 2025-09-19 07:22:00+00:00, run_after=2025-09-19 07:24:00+00:00
[2025-09-19T07:24:36.181+0000] {processor.py:208} INFO - Processing /home/airflow/.local/lib/python3.12/site-packages/airflow/example_dags/example_sla_dag.py took 0.142 seconds
[2025-09-19T07:25:06.544+0000] {processor.py:186} INFO - Started process (PID=4130) to work on /home/airflow/.local/lib/python3.12/site-packages/airflow/example_dags/example_sla_dag.py
[2025-09-19T07:25:06.545+0000] {processor.py:914} INFO - Processing file /home/airflow/.local/lib/python3.12/site-packages/airflow/example_dags/example_sla_dag.py for tasks to queue
[2025-09-19T07:25:06.549+0000] {logging_mixin.py:190} INFO - [2025-09-19T07:25:06.549+0000] {dagbag.py:588} INFO - Filling up the DagBag from /home/airflow/.local/lib/python3.12/site-packages/airflow/example_dags/example_sla_dag.py
[2025-09-19T07:25:06.567+0000] {processor.py:925} INFO - DAG(s) 'example_sla_dag' retrieved from /home/airflow/.local/lib/python3.12/site-packages/airflow/example_dags/example_sla_dag.py
[2025-09-19T07:25:06.599+0000] {logging_mixin.py:190} INFO - [2025-09-19T07:25:06.599+0000] {dag.py:3239} INFO - Sync 1 DAGs
[2025-09-19T07:25:06.647+0000] {logging_mixin.py:190} INFO - [2025-09-19T07:25:06.646+0000] {dag.py:4180} INFO - Setting next_dagrun for example_sla_dag to 2025-09-19 07:22:00+00:00, run_after=2025-09-19 07:24:00+00:00
[2025-09-19T07:25:06.676+0000] {processor.py:208} INFO - Processing /home/airflow/.local/lib/python3.12/site-packages/airflow/example_dags/example_sla_dag.py took 0.142 seconds
[2025-09-19T07:25:37.022+0000] {processor.py:186} INFO - Started process (PID=4192) to work on /home/airflow/.local/lib/python3.12/site-packages/airflow/example_dags/example_sla_dag.py
[2025-09-19T07:25:37.023+0000] {processor.py:914} INFO - Processing file /home/airflow/.local/lib/python3.12/site-packages/airflow/example_dags/example_sla_dag.py for tasks to queue
[2025-09-19T07:25:37.027+0000] {logging_mixin.py:190} INFO - [2025-09-19T07:25:37.026+0000] {dagbag.py:588} INFO - Filling up the DagBag from /home/airflow/.local/lib/python3.12/site-packages/airflow/example_dags/example_sla_dag.py
[2025-09-19T07:25:37.043+0000] {processor.py:925} INFO - DAG(s) 'example_sla_dag' retrieved from /home/airflow/.local/lib/python3.12/site-packages/airflow/example_dags/example_sla_dag.py
[2025-09-19T07:25:37.074+0000] {logging_mixin.py:190} INFO - [2025-09-19T07:25:37.073+0000] {dag.py:3239} INFO - Sync 1 DAGs
[2025-09-19T07:25:37.119+0000] {logging_mixin.py:190} INFO - [2025-09-19T07:25:37.119+0000] {dag.py:4180} INFO - Setting next_dagrun for example_sla_dag to 2025-09-19 07:22:00+00:00, run_after=2025-09-19 07:24:00+00:00
[2025-09-19T07:25:37.150+0000] {processor.py:208} INFO - Processing /home/airflow/.local/lib/python3.12/site-packages/airflow/example_dags/example_sla_dag.py took 0.138 seconds
[2025-09-19T07:26:07.495+0000] {processor.py:186} INFO - Started process (PID=4254) to work on /home/airflow/.local/lib/python3.12/site-packages/airflow/example_dags/example_sla_dag.py
[2025-09-19T07:26:07.497+0000] {processor.py:914} INFO - Processing file /home/airflow/.local/lib/python3.12/site-packages/airflow/example_dags/example_sla_dag.py for tasks to queue
[2025-09-19T07:26:07.501+0000] {logging_mixin.py:190} INFO - [2025-09-19T07:26:07.500+0000] {dagbag.py:588} INFO - Filling up the DagBag from /home/airflow/.local/lib/python3.12/site-packages/airflow/example_dags/example_sla_dag.py
[2025-09-19T07:26:07.518+0000] {processor.py:925} INFO - DAG(s) 'example_sla_dag' retrieved from /home/airflow/.local/lib/python3.12/site-packages/airflow/example_dags/example_sla_dag.py
[2025-09-19T07:26:07.554+0000] {logging_mixin.py:190} INFO - [2025-09-19T07:26:07.553+0000] {dag.py:3239} INFO - Sync 1 DAGs
[2025-09-19T07:26:07.600+0000] {logging_mixin.py:190} INFO - [2025-09-19T07:26:07.599+0000] {dag.py:4180} INFO - Setting next_dagrun for example_sla_dag to 2025-09-19 07:24:00+00:00, run_after=2025-09-19 07:26:00+00:00
[2025-09-19T07:26:07.634+0000] {processor.py:208} INFO - Processing /home/airflow/.local/lib/python3.12/site-packages/airflow/example_dags/example_sla_dag.py took 0.148 seconds
[2025-09-19T07:26:38.220+0000] {processor.py:186} INFO - Started process (PID=4316) to work on /home/airflow/.local/lib/python3.12/site-packages/airflow/example_dags/example_sla_dag.py
[2025-09-19T07:26:38.222+0000] {processor.py:914} INFO - Processing file /home/airflow/.local/lib/python3.12/site-packages/airflow/example_dags/example_sla_dag.py for tasks to queue
[2025-09-19T07:26:38.226+0000] {logging_mixin.py:190} INFO - [2025-09-19T07:26:38.225+0000] {dagbag.py:588} INFO - Filling up the DagBag from /home/airflow/.local/lib/python3.12/site-packages/airflow/example_dags/example_sla_dag.py
[2025-09-19T07:26:38.243+0000] {processor.py:925} INFO - DAG(s) 'example_sla_dag' retrieved from /home/airflow/.local/lib/python3.12/site-packages/airflow/example_dags/example_sla_dag.py
[2025-09-19T07:26:38.276+0000] {logging_mixin.py:190} INFO - [2025-09-19T07:26:38.276+0000] {dag.py:3239} INFO - Sync 1 DAGs
[2025-09-19T07:26:38.323+0000] {logging_mixin.py:190} INFO - [2025-09-19T07:26:38.322+0000] {dag.py:4180} INFO - Setting next_dagrun for example_sla_dag to 2025-09-19 07:24:00+00:00, run_after=2025-09-19 07:26:00+00:00
[2025-09-19T07:26:38.353+0000] {processor.py:208} INFO - Processing /home/airflow/.local/lib/python3.12/site-packages/airflow/example_dags/example_sla_dag.py took 0.143 seconds
[2025-09-19T07:27:08.819+0000] {processor.py:186} INFO - Started process (PID=4378) to work on /home/airflow/.local/lib/python3.12/site-packages/airflow/example_dags/example_sla_dag.py
[2025-09-19T07:27:08.820+0000] {processor.py:914} INFO - Processing file /home/airflow/.local/lib/python3.12/site-packages/airflow/example_dags/example_sla_dag.py for tasks to queue
[2025-09-19T07:27:08.824+0000] {logging_mixin.py:190} INFO - [2025-09-19T07:27:08.824+0000] {dagbag.py:588} INFO - Filling up the DagBag from /home/airflow/.local/lib/python3.12/site-packages/airflow/example_dags/example_sla_dag.py
[2025-09-19T07:27:08.841+0000] {processor.py:925} INFO - DAG(s) 'example_sla_dag' retrieved from /home/airflow/.local/lib/python3.12/site-packages/airflow/example_dags/example_sla_dag.py
[2025-09-19T07:27:08.872+0000] {logging_mixin.py:190} INFO - [2025-09-19T07:27:08.871+0000] {dag.py:3239} INFO - Sync 1 DAGs
[2025-09-19T07:27:08.920+0000] {logging_mixin.py:190} INFO - [2025-09-19T07:27:08.920+0000] {dag.py:4180} INFO - Setting next_dagrun for example_sla_dag to 2025-09-19 07:24:00+00:00, run_after=2025-09-19 07:26:00+00:00
[2025-09-19T07:27:08.951+0000] {processor.py:208} INFO - Processing /home/airflow/.local/lib/python3.12/site-packages/airflow/example_dags/example_sla_dag.py took 0.142 seconds
[2025-09-19T07:27:39.172+0000] {processor.py:186} INFO - Started process (PID=4440) to work on /home/airflow/.local/lib/python3.12/site-packages/airflow/example_dags/example_sla_dag.py
[2025-09-19T07:27:39.173+0000] {processor.py:914} INFO - Processing file /home/airflow/.local/lib/python3.12/site-packages/airflow/example_dags/example_sla_dag.py for tasks to queue
[2025-09-19T07:27:39.177+0000] {logging_mixin.py:190} INFO - [2025-09-19T07:27:39.176+0000] {dagbag.py:588} INFO - Filling up the DagBag from /home/airflow/.local/lib/python3.12/site-packages/airflow/example_dags/example_sla_dag.py
[2025-09-19T07:27:39.194+0000] {processor.py:925} INFO - DAG(s) 'example_sla_dag' retrieved from /home/airflow/.local/lib/python3.12/site-packages/airflow/example_dags/example_sla_dag.py
[2025-09-19T07:27:39.226+0000] {logging_mixin.py:190} INFO - [2025-09-19T07:27:39.226+0000] {dag.py:3239} INFO - Sync 1 DAGs
[2025-09-19T07:27:39.278+0000] {logging_mixin.py:190} INFO - [2025-09-19T07:27:39.277+0000] {dag.py:4180} INFO - Setting next_dagrun for example_sla_dag to 2025-09-19 07:24:00+00:00, run_after=2025-09-19 07:26:00+00:00
[2025-09-19T07:27:39.309+0000] {processor.py:208} INFO - Processing /home/airflow/.local/lib/python3.12/site-packages/airflow/example_dags/example_sla_dag.py took 0.146 seconds
