[2025-09-19T06:52:11.370+0000] {processor.py:186} INFO - Started process (PID=97) to work on /home/airflow/.local/lib/python3.12/site-packages/airflow/example_dags/example_branch_operator.py
[2025-09-19T06:52:11.371+0000] {processor.py:914} INFO - Processing file /home/airflow/.local/lib/python3.12/site-packages/airflow/example_dags/example_branch_operator.py for tasks to queue
[2025-09-19T06:52:11.375+0000] {logging_mixin.py:190} INFO - [2025-09-19T06:52:11.374+0000] {dagbag.py:588} INFO - Filling up the DagBag from /home/airflow/.local/lib/python3.12/site-packages/airflow/example_dags/example_branch_operator.py
[2025-09-19T06:52:11.404+0000] {processor.py:925} INFO - DAG(s) 'example_branch_operator' retrieved from /home/airflow/.local/lib/python3.12/site-packages/airflow/example_dags/example_branch_operator.py
[2025-09-19T06:52:11.636+0000] {logging_mixin.py:190} INFO - [2025-09-19T06:52:11.636+0000] {dag.py:3239} INFO - Sync 1 DAGs
[2025-09-19T06:52:11.683+0000] {logging_mixin.py:190} INFO - [2025-09-19T06:52:11.683+0000] {dag.py:4180} INFO - Setting next_dagrun for example_branch_operator to 2025-09-18 00:00:00+00:00, run_after=2025-09-19 00:00:00+00:00
[2025-09-19T06:52:11.721+0000] {processor.py:208} INFO - Processing /home/airflow/.local/lib/python3.12/site-packages/airflow/example_dags/example_branch_operator.py took 0.360 seconds
[2025-09-19T06:52:42.742+0000] {processor.py:186} INFO - Started process (PID=159) to work on /home/airflow/.local/lib/python3.12/site-packages/airflow/example_dags/example_branch_operator.py
[2025-09-19T06:52:42.743+0000] {processor.py:914} INFO - Processing file /home/airflow/.local/lib/python3.12/site-packages/airflow/example_dags/example_branch_operator.py for tasks to queue
[2025-09-19T06:52:42.747+0000] {logging_mixin.py:190} INFO - [2025-09-19T06:52:42.747+0000] {dagbag.py:588} INFO - Filling up the DagBag from /home/airflow/.local/lib/python3.12/site-packages/airflow/example_dags/example_branch_operator.py
[2025-09-19T06:52:42.779+0000] {processor.py:925} INFO - DAG(s) 'example_branch_operator' retrieved from /home/airflow/.local/lib/python3.12/site-packages/airflow/example_dags/example_branch_operator.py
[2025-09-19T06:52:42.836+0000] {logging_mixin.py:190} INFO - [2025-09-19T06:52:42.835+0000] {dag.py:3239} INFO - Sync 1 DAGs
[2025-09-19T06:52:42.886+0000] {logging_mixin.py:190} INFO - [2025-09-19T06:52:42.886+0000] {dag.py:4180} INFO - Setting next_dagrun for example_branch_operator to 2025-09-18 00:00:00+00:00, run_after=2025-09-19 00:00:00+00:00
[2025-09-19T06:52:42.923+0000] {processor.py:208} INFO - Processing /home/airflow/.local/lib/python3.12/site-packages/airflow/example_dags/example_branch_operator.py took 0.190 seconds
[2025-09-19T06:53:13.686+0000] {processor.py:186} INFO - Started process (PID=221) to work on /home/airflow/.local/lib/python3.12/site-packages/airflow/example_dags/example_branch_operator.py
[2025-09-19T06:53:13.687+0000] {processor.py:914} INFO - Processing file /home/airflow/.local/lib/python3.12/site-packages/airflow/example_dags/example_branch_operator.py for tasks to queue
[2025-09-19T06:53:13.691+0000] {logging_mixin.py:190} INFO - [2025-09-19T06:53:13.690+0000] {dagbag.py:588} INFO - Filling up the DagBag from /home/airflow/.local/lib/python3.12/site-packages/airflow/example_dags/example_branch_operator.py
[2025-09-19T06:53:13.721+0000] {processor.py:925} INFO - DAG(s) 'example_branch_operator' retrieved from /home/airflow/.local/lib/python3.12/site-packages/airflow/example_dags/example_branch_operator.py
[2025-09-19T06:53:13.774+0000] {logging_mixin.py:190} INFO - [2025-09-19T06:53:13.773+0000] {dag.py:3239} INFO - Sync 1 DAGs
[2025-09-19T06:53:13.820+0000] {logging_mixin.py:190} INFO - [2025-09-19T06:53:13.820+0000] {dag.py:4180} INFO - Setting next_dagrun for example_branch_operator to 2025-09-18 00:00:00+00:00, run_after=2025-09-19 00:00:00+00:00
[2025-09-19T06:53:13.854+0000] {processor.py:208} INFO - Processing /home/airflow/.local/lib/python3.12/site-packages/airflow/example_dags/example_branch_operator.py took 0.178 seconds
[2025-09-19T06:53:44.279+0000] {processor.py:186} INFO - Started process (PID=283) to work on /home/airflow/.local/lib/python3.12/site-packages/airflow/example_dags/example_branch_operator.py
[2025-09-19T06:53:44.281+0000] {processor.py:914} INFO - Processing file /home/airflow/.local/lib/python3.12/site-packages/airflow/example_dags/example_branch_operator.py for tasks to queue
[2025-09-19T06:53:44.285+0000] {logging_mixin.py:190} INFO - [2025-09-19T06:53:44.284+0000] {dagbag.py:588} INFO - Filling up the DagBag from /home/airflow/.local/lib/python3.12/site-packages/airflow/example_dags/example_branch_operator.py
[2025-09-19T06:53:44.315+0000] {processor.py:925} INFO - DAG(s) 'example_branch_operator' retrieved from /home/airflow/.local/lib/python3.12/site-packages/airflow/example_dags/example_branch_operator.py
[2025-09-19T06:53:44.367+0000] {logging_mixin.py:190} INFO - [2025-09-19T06:53:44.367+0000] {dag.py:3239} INFO - Sync 1 DAGs
[2025-09-19T06:53:44.410+0000] {logging_mixin.py:190} INFO - [2025-09-19T06:53:44.409+0000] {dag.py:4180} INFO - Setting next_dagrun for example_branch_operator to 2025-09-18 00:00:00+00:00, run_after=2025-09-19 00:00:00+00:00
[2025-09-19T06:53:44.440+0000] {processor.py:208} INFO - Processing /home/airflow/.local/lib/python3.12/site-packages/airflow/example_dags/example_branch_operator.py took 0.170 seconds
[2025-09-19T06:54:14.836+0000] {processor.py:186} INFO - Started process (PID=346) to work on /home/airflow/.local/lib/python3.12/site-packages/airflow/example_dags/example_branch_operator.py
[2025-09-19T06:54:14.838+0000] {processor.py:914} INFO - Processing file /home/airflow/.local/lib/python3.12/site-packages/airflow/example_dags/example_branch_operator.py for tasks to queue
[2025-09-19T06:54:14.843+0000] {logging_mixin.py:190} INFO - [2025-09-19T06:54:14.843+0000] {dagbag.py:588} INFO - Filling up the DagBag from /home/airflow/.local/lib/python3.12/site-packages/airflow/example_dags/example_branch_operator.py
[2025-09-19T06:54:14.881+0000] {processor.py:925} INFO - DAG(s) 'example_branch_operator' retrieved from /home/airflow/.local/lib/python3.12/site-packages/airflow/example_dags/example_branch_operator.py
[2025-09-19T06:54:14.938+0000] {logging_mixin.py:190} INFO - [2025-09-19T06:54:14.937+0000] {dag.py:3239} INFO - Sync 1 DAGs
[2025-09-19T06:54:14.986+0000] {logging_mixin.py:190} INFO - [2025-09-19T06:54:14.986+0000] {dag.py:4180} INFO - Setting next_dagrun for example_branch_operator to 2025-09-18 00:00:00+00:00, run_after=2025-09-19 00:00:00+00:00
[2025-09-19T06:54:15.021+0000] {processor.py:208} INFO - Processing /home/airflow/.local/lib/python3.12/site-packages/airflow/example_dags/example_branch_operator.py took 0.204 seconds
[2025-09-19T06:54:45.457+0000] {processor.py:186} INFO - Started process (PID=408) to work on /home/airflow/.local/lib/python3.12/site-packages/airflow/example_dags/example_branch_operator.py
[2025-09-19T06:54:45.459+0000] {processor.py:914} INFO - Processing file /home/airflow/.local/lib/python3.12/site-packages/airflow/example_dags/example_branch_operator.py for tasks to queue
[2025-09-19T06:54:45.463+0000] {logging_mixin.py:190} INFO - [2025-09-19T06:54:45.462+0000] {dagbag.py:588} INFO - Filling up the DagBag from /home/airflow/.local/lib/python3.12/site-packages/airflow/example_dags/example_branch_operator.py
[2025-09-19T06:54:45.493+0000] {processor.py:925} INFO - DAG(s) 'example_branch_operator' retrieved from /home/airflow/.local/lib/python3.12/site-packages/airflow/example_dags/example_branch_operator.py
[2025-09-19T06:54:45.559+0000] {logging_mixin.py:190} INFO - [2025-09-19T06:54:45.559+0000] {dag.py:3239} INFO - Sync 1 DAGs
[2025-09-19T06:54:45.616+0000] {logging_mixin.py:190} INFO - [2025-09-19T06:54:45.616+0000] {dag.py:4180} INFO - Setting next_dagrun for example_branch_operator to 2025-09-18 00:00:00+00:00, run_after=2025-09-19 00:00:00+00:00
[2025-09-19T06:54:45.660+0000] {processor.py:208} INFO - Processing /home/airflow/.local/lib/python3.12/site-packages/airflow/example_dags/example_branch_operator.py took 0.213 seconds
[2025-09-19T06:55:16.262+0000] {processor.py:186} INFO - Started process (PID=470) to work on /home/airflow/.local/lib/python3.12/site-packages/airflow/example_dags/example_branch_operator.py
[2025-09-19T06:55:16.263+0000] {processor.py:914} INFO - Processing file /home/airflow/.local/lib/python3.12/site-packages/airflow/example_dags/example_branch_operator.py for tasks to queue
[2025-09-19T06:55:16.267+0000] {logging_mixin.py:190} INFO - [2025-09-19T06:55:16.266+0000] {dagbag.py:588} INFO - Filling up the DagBag from /home/airflow/.local/lib/python3.12/site-packages/airflow/example_dags/example_branch_operator.py
[2025-09-19T06:55:16.297+0000] {processor.py:925} INFO - DAG(s) 'example_branch_operator' retrieved from /home/airflow/.local/lib/python3.12/site-packages/airflow/example_dags/example_branch_operator.py
[2025-09-19T06:55:16.351+0000] {logging_mixin.py:190} INFO - [2025-09-19T06:55:16.351+0000] {dag.py:3239} INFO - Sync 1 DAGs
[2025-09-19T06:55:16.394+0000] {logging_mixin.py:190} INFO - [2025-09-19T06:55:16.394+0000] {dag.py:4180} INFO - Setting next_dagrun for example_branch_operator to 2025-09-18 00:00:00+00:00, run_after=2025-09-19 00:00:00+00:00
[2025-09-19T06:55:16.425+0000] {processor.py:208} INFO - Processing /home/airflow/.local/lib/python3.12/site-packages/airflow/example_dags/example_branch_operator.py took 0.172 seconds
[2025-09-19T06:55:47.367+0000] {processor.py:186} INFO - Started process (PID=532) to work on /home/airflow/.local/lib/python3.12/site-packages/airflow/example_dags/example_branch_operator.py
[2025-09-19T06:55:47.369+0000] {processor.py:914} INFO - Processing file /home/airflow/.local/lib/python3.12/site-packages/airflow/example_dags/example_branch_operator.py for tasks to queue
[2025-09-19T06:55:47.373+0000] {logging_mixin.py:190} INFO - [2025-09-19T06:55:47.372+0000] {dagbag.py:588} INFO - Filling up the DagBag from /home/airflow/.local/lib/python3.12/site-packages/airflow/example_dags/example_branch_operator.py
[2025-09-19T06:55:47.403+0000] {processor.py:925} INFO - DAG(s) 'example_branch_operator' retrieved from /home/airflow/.local/lib/python3.12/site-packages/airflow/example_dags/example_branch_operator.py
[2025-09-19T06:55:47.455+0000] {logging_mixin.py:190} INFO - [2025-09-19T06:55:47.454+0000] {dag.py:3239} INFO - Sync 1 DAGs
[2025-09-19T06:55:47.498+0000] {logging_mixin.py:190} INFO - [2025-09-19T06:55:47.497+0000] {dag.py:4180} INFO - Setting next_dagrun for example_branch_operator to 2025-09-18 00:00:00+00:00, run_after=2025-09-19 00:00:00+00:00
[2025-09-19T06:55:47.530+0000] {processor.py:208} INFO - Processing /home/airflow/.local/lib/python3.12/site-packages/airflow/example_dags/example_branch_operator.py took 0.172 seconds
[2025-09-19T06:56:18.339+0000] {processor.py:186} INFO - Started process (PID=600) to work on /home/airflow/.local/lib/python3.12/site-packages/airflow/example_dags/example_branch_operator.py
[2025-09-19T06:56:18.340+0000] {processor.py:914} INFO - Processing file /home/airflow/.local/lib/python3.12/site-packages/airflow/example_dags/example_branch_operator.py for tasks to queue
[2025-09-19T06:56:18.344+0000] {logging_mixin.py:190} INFO - [2025-09-19T06:56:18.343+0000] {dagbag.py:588} INFO - Filling up the DagBag from /home/airflow/.local/lib/python3.12/site-packages/airflow/example_dags/example_branch_operator.py
[2025-09-19T06:56:18.374+0000] {processor.py:925} INFO - DAG(s) 'example_branch_operator' retrieved from /home/airflow/.local/lib/python3.12/site-packages/airflow/example_dags/example_branch_operator.py
[2025-09-19T06:56:18.426+0000] {logging_mixin.py:190} INFO - [2025-09-19T06:56:18.426+0000] {dag.py:3239} INFO - Sync 1 DAGs
[2025-09-19T06:56:18.469+0000] {logging_mixin.py:190} INFO - [2025-09-19T06:56:18.469+0000] {dag.py:4180} INFO - Setting next_dagrun for example_branch_operator to 2025-09-18 00:00:00+00:00, run_after=2025-09-19 00:00:00+00:00
[2025-09-19T06:56:18.500+0000] {processor.py:208} INFO - Processing /home/airflow/.local/lib/python3.12/site-packages/airflow/example_dags/example_branch_operator.py took 0.171 seconds
[2025-09-19T06:56:48.992+0000] {processor.py:186} INFO - Started process (PID=663) to work on /home/airflow/.local/lib/python3.12/site-packages/airflow/example_dags/example_branch_operator.py
[2025-09-19T06:56:48.994+0000] {processor.py:914} INFO - Processing file /home/airflow/.local/lib/python3.12/site-packages/airflow/example_dags/example_branch_operator.py for tasks to queue
[2025-09-19T06:56:48.997+0000] {logging_mixin.py:190} INFO - [2025-09-19T06:56:48.997+0000] {dagbag.py:588} INFO - Filling up the DagBag from /home/airflow/.local/lib/python3.12/site-packages/airflow/example_dags/example_branch_operator.py
[2025-09-19T06:56:49.027+0000] {processor.py:925} INFO - DAG(s) 'example_branch_operator' retrieved from /home/airflow/.local/lib/python3.12/site-packages/airflow/example_dags/example_branch_operator.py
[2025-09-19T06:56:49.080+0000] {logging_mixin.py:190} INFO - [2025-09-19T06:56:49.079+0000] {dag.py:3239} INFO - Sync 1 DAGs
[2025-09-19T06:56:49.125+0000] {logging_mixin.py:190} INFO - [2025-09-19T06:56:49.125+0000] {dag.py:4180} INFO - Setting next_dagrun for example_branch_operator to 2025-09-18 00:00:00+00:00, run_after=2025-09-19 00:00:00+00:00
[2025-09-19T06:56:49.159+0000] {processor.py:208} INFO - Processing /home/airflow/.local/lib/python3.12/site-packages/airflow/example_dags/example_branch_operator.py took 0.176 seconds
[2025-09-19T06:57:19.348+0000] {processor.py:186} INFO - Started process (PID=725) to work on /home/airflow/.local/lib/python3.12/site-packages/airflow/example_dags/example_branch_operator.py
[2025-09-19T06:57:19.350+0000] {processor.py:914} INFO - Processing file /home/airflow/.local/lib/python3.12/site-packages/airflow/example_dags/example_branch_operator.py for tasks to queue
[2025-09-19T06:57:19.353+0000] {logging_mixin.py:190} INFO - [2025-09-19T06:57:19.353+0000] {dagbag.py:588} INFO - Filling up the DagBag from /home/airflow/.local/lib/python3.12/site-packages/airflow/example_dags/example_branch_operator.py
[2025-09-19T06:57:19.385+0000] {processor.py:925} INFO - DAG(s) 'example_branch_operator' retrieved from /home/airflow/.local/lib/python3.12/site-packages/airflow/example_dags/example_branch_operator.py
[2025-09-19T06:57:19.434+0000] {logging_mixin.py:190} INFO - [2025-09-19T06:57:19.434+0000] {dag.py:3239} INFO - Sync 1 DAGs
[2025-09-19T06:57:19.477+0000] {logging_mixin.py:190} INFO - [2025-09-19T06:57:19.476+0000] {dag.py:4180} INFO - Setting next_dagrun for example_branch_operator to 2025-09-18 00:00:00+00:00, run_after=2025-09-19 00:00:00+00:00
[2025-09-19T06:57:19.512+0000] {processor.py:208} INFO - Processing /home/airflow/.local/lib/python3.12/site-packages/airflow/example_dags/example_branch_operator.py took 0.173 seconds
[2025-09-19T06:57:49.810+0000] {processor.py:186} INFO - Started process (PID=787) to work on /home/airflow/.local/lib/python3.12/site-packages/airflow/example_dags/example_branch_operator.py
[2025-09-19T06:57:49.811+0000] {processor.py:914} INFO - Processing file /home/airflow/.local/lib/python3.12/site-packages/airflow/example_dags/example_branch_operator.py for tasks to queue
[2025-09-19T06:57:49.815+0000] {logging_mixin.py:190} INFO - [2025-09-19T06:57:49.815+0000] {dagbag.py:588} INFO - Filling up the DagBag from /home/airflow/.local/lib/python3.12/site-packages/airflow/example_dags/example_branch_operator.py
[2025-09-19T06:57:49.845+0000] {processor.py:925} INFO - DAG(s) 'example_branch_operator' retrieved from /home/airflow/.local/lib/python3.12/site-packages/airflow/example_dags/example_branch_operator.py
[2025-09-19T06:57:49.898+0000] {logging_mixin.py:190} INFO - [2025-09-19T06:57:49.897+0000] {dag.py:3239} INFO - Sync 1 DAGs
[2025-09-19T06:57:49.940+0000] {logging_mixin.py:190} INFO - [2025-09-19T06:57:49.939+0000] {dag.py:4180} INFO - Setting next_dagrun for example_branch_operator to 2025-09-18 00:00:00+00:00, run_after=2025-09-19 00:00:00+00:00
[2025-09-19T06:57:49.973+0000] {processor.py:208} INFO - Processing /home/airflow/.local/lib/python3.12/site-packages/airflow/example_dags/example_branch_operator.py took 0.173 seconds
[2025-09-19T06:58:20.449+0000] {processor.py:186} INFO - Started process (PID=849) to work on /home/airflow/.local/lib/python3.12/site-packages/airflow/example_dags/example_branch_operator.py
[2025-09-19T06:58:20.451+0000] {processor.py:914} INFO - Processing file /home/airflow/.local/lib/python3.12/site-packages/airflow/example_dags/example_branch_operator.py for tasks to queue
[2025-09-19T06:58:20.455+0000] {logging_mixin.py:190} INFO - [2025-09-19T06:58:20.454+0000] {dagbag.py:588} INFO - Filling up the DagBag from /home/airflow/.local/lib/python3.12/site-packages/airflow/example_dags/example_branch_operator.py
[2025-09-19T06:58:20.486+0000] {processor.py:925} INFO - DAG(s) 'example_branch_operator' retrieved from /home/airflow/.local/lib/python3.12/site-packages/airflow/example_dags/example_branch_operator.py
[2025-09-19T06:58:20.540+0000] {logging_mixin.py:190} INFO - [2025-09-19T06:58:20.539+0000] {dag.py:3239} INFO - Sync 1 DAGs
[2025-09-19T06:58:20.582+0000] {logging_mixin.py:190} INFO - [2025-09-19T06:58:20.581+0000] {dag.py:4180} INFO - Setting next_dagrun for example_branch_operator to 2025-09-18 00:00:00+00:00, run_after=2025-09-19 00:00:00+00:00
[2025-09-19T06:58:20.617+0000] {processor.py:208} INFO - Processing /home/airflow/.local/lib/python3.12/site-packages/airflow/example_dags/example_branch_operator.py took 0.177 seconds
[2025-09-19T06:58:51.465+0000] {processor.py:186} INFO - Started process (PID=911) to work on /home/airflow/.local/lib/python3.12/site-packages/airflow/example_dags/example_branch_operator.py
[2025-09-19T06:58:51.467+0000] {processor.py:914} INFO - Processing file /home/airflow/.local/lib/python3.12/site-packages/airflow/example_dags/example_branch_operator.py for tasks to queue
[2025-09-19T06:58:51.470+0000] {logging_mixin.py:190} INFO - [2025-09-19T06:58:51.470+0000] {dagbag.py:588} INFO - Filling up the DagBag from /home/airflow/.local/lib/python3.12/site-packages/airflow/example_dags/example_branch_operator.py
[2025-09-19T06:58:51.500+0000] {processor.py:925} INFO - DAG(s) 'example_branch_operator' retrieved from /home/airflow/.local/lib/python3.12/site-packages/airflow/example_dags/example_branch_operator.py
[2025-09-19T06:58:51.553+0000] {logging_mixin.py:190} INFO - [2025-09-19T06:58:51.552+0000] {dag.py:3239} INFO - Sync 1 DAGs
[2025-09-19T06:58:51.598+0000] {logging_mixin.py:190} INFO - [2025-09-19T06:58:51.597+0000] {dag.py:4180} INFO - Setting next_dagrun for example_branch_operator to 2025-09-18 00:00:00+00:00, run_after=2025-09-19 00:00:00+00:00
[2025-09-19T06:58:51.630+0000] {processor.py:208} INFO - Processing /home/airflow/.local/lib/python3.12/site-packages/airflow/example_dags/example_branch_operator.py took 0.174 seconds
[2025-09-19T06:59:22.467+0000] {processor.py:186} INFO - Started process (PID=973) to work on /home/airflow/.local/lib/python3.12/site-packages/airflow/example_dags/example_branch_operator.py
[2025-09-19T06:59:22.468+0000] {processor.py:914} INFO - Processing file /home/airflow/.local/lib/python3.12/site-packages/airflow/example_dags/example_branch_operator.py for tasks to queue
[2025-09-19T06:59:22.472+0000] {logging_mixin.py:190} INFO - [2025-09-19T06:59:22.471+0000] {dagbag.py:588} INFO - Filling up the DagBag from /home/airflow/.local/lib/python3.12/site-packages/airflow/example_dags/example_branch_operator.py
[2025-09-19T06:59:22.502+0000] {processor.py:925} INFO - DAG(s) 'example_branch_operator' retrieved from /home/airflow/.local/lib/python3.12/site-packages/airflow/example_dags/example_branch_operator.py
[2025-09-19T06:59:22.552+0000] {logging_mixin.py:190} INFO - [2025-09-19T06:59:22.552+0000] {dag.py:3239} INFO - Sync 1 DAGs
[2025-09-19T06:59:22.595+0000] {logging_mixin.py:190} INFO - [2025-09-19T06:59:22.594+0000] {dag.py:4180} INFO - Setting next_dagrun for example_branch_operator to 2025-09-18 00:00:00+00:00, run_after=2025-09-19 00:00:00+00:00
[2025-09-19T06:59:22.625+0000] {processor.py:208} INFO - Processing /home/airflow/.local/lib/python3.12/site-packages/airflow/example_dags/example_branch_operator.py took 0.168 seconds
[2025-09-19T06:59:53.299+0000] {processor.py:186} INFO - Started process (PID=1035) to work on /home/airflow/.local/lib/python3.12/site-packages/airflow/example_dags/example_branch_operator.py
[2025-09-19T06:59:53.300+0000] {processor.py:914} INFO - Processing file /home/airflow/.local/lib/python3.12/site-packages/airflow/example_dags/example_branch_operator.py for tasks to queue
[2025-09-19T06:59:53.304+0000] {logging_mixin.py:190} INFO - [2025-09-19T06:59:53.304+0000] {dagbag.py:588} INFO - Filling up the DagBag from /home/airflow/.local/lib/python3.12/site-packages/airflow/example_dags/example_branch_operator.py
[2025-09-19T06:59:53.336+0000] {processor.py:925} INFO - DAG(s) 'example_branch_operator' retrieved from /home/airflow/.local/lib/python3.12/site-packages/airflow/example_dags/example_branch_operator.py
[2025-09-19T06:59:53.392+0000] {logging_mixin.py:190} INFO - [2025-09-19T06:59:53.391+0000] {dag.py:3239} INFO - Sync 1 DAGs
[2025-09-19T06:59:53.436+0000] {logging_mixin.py:190} INFO - [2025-09-19T06:59:53.435+0000] {dag.py:4180} INFO - Setting next_dagrun for example_branch_operator to 2025-09-18 00:00:00+00:00, run_after=2025-09-19 00:00:00+00:00
[2025-09-19T06:59:53.465+0000] {processor.py:208} INFO - Processing /home/airflow/.local/lib/python3.12/site-packages/airflow/example_dags/example_branch_operator.py took 0.176 seconds
[2025-09-19T07:00:24.069+0000] {processor.py:186} INFO - Started process (PID=1101) to work on /home/airflow/.local/lib/python3.12/site-packages/airflow/example_dags/example_branch_operator.py
[2025-09-19T07:00:24.071+0000] {processor.py:914} INFO - Processing file /home/airflow/.local/lib/python3.12/site-packages/airflow/example_dags/example_branch_operator.py for tasks to queue
[2025-09-19T07:00:24.075+0000] {logging_mixin.py:190} INFO - [2025-09-19T07:00:24.074+0000] {dagbag.py:588} INFO - Filling up the DagBag from /home/airflow/.local/lib/python3.12/site-packages/airflow/example_dags/example_branch_operator.py
[2025-09-19T07:00:24.105+0000] {processor.py:925} INFO - DAG(s) 'example_branch_operator' retrieved from /home/airflow/.local/lib/python3.12/site-packages/airflow/example_dags/example_branch_operator.py
[2025-09-19T07:00:24.162+0000] {logging_mixin.py:190} INFO - [2025-09-19T07:00:24.161+0000] {dag.py:3239} INFO - Sync 1 DAGs
[2025-09-19T07:00:24.206+0000] {logging_mixin.py:190} INFO - [2025-09-19T07:00:24.206+0000] {dag.py:4180} INFO - Setting next_dagrun for example_branch_operator to 2025-09-18 00:00:00+00:00, run_after=2025-09-19 00:00:00+00:00
[2025-09-19T07:00:24.239+0000] {processor.py:208} INFO - Processing /home/airflow/.local/lib/python3.12/site-packages/airflow/example_dags/example_branch_operator.py took 0.179 seconds
[2025-09-19T07:00:54.432+0000] {processor.py:186} INFO - Started process (PID=1169) to work on /home/airflow/.local/lib/python3.12/site-packages/airflow/example_dags/example_branch_operator.py
[2025-09-19T07:00:54.434+0000] {processor.py:914} INFO - Processing file /home/airflow/.local/lib/python3.12/site-packages/airflow/example_dags/example_branch_operator.py for tasks to queue
[2025-09-19T07:00:54.438+0000] {logging_mixin.py:190} INFO - [2025-09-19T07:00:54.437+0000] {dagbag.py:588} INFO - Filling up the DagBag from /home/airflow/.local/lib/python3.12/site-packages/airflow/example_dags/example_branch_operator.py
[2025-09-19T07:00:54.468+0000] {processor.py:925} INFO - DAG(s) 'example_branch_operator' retrieved from /home/airflow/.local/lib/python3.12/site-packages/airflow/example_dags/example_branch_operator.py
[2025-09-19T07:00:54.521+0000] {logging_mixin.py:190} INFO - [2025-09-19T07:00:54.521+0000] {dag.py:3239} INFO - Sync 1 DAGs
[2025-09-19T07:00:54.565+0000] {logging_mixin.py:190} INFO - [2025-09-19T07:00:54.565+0000] {dag.py:4180} INFO - Setting next_dagrun for example_branch_operator to 2025-09-18 00:00:00+00:00, run_after=2025-09-19 00:00:00+00:00
[2025-09-19T07:00:54.597+0000] {processor.py:208} INFO - Processing /home/airflow/.local/lib/python3.12/site-packages/airflow/example_dags/example_branch_operator.py took 0.174 seconds
[2025-09-19T07:01:25.313+0000] {processor.py:186} INFO - Started process (PID=1231) to work on /home/airflow/.local/lib/python3.12/site-packages/airflow/example_dags/example_branch_operator.py
[2025-09-19T07:01:25.315+0000] {processor.py:914} INFO - Processing file /home/airflow/.local/lib/python3.12/site-packages/airflow/example_dags/example_branch_operator.py for tasks to queue
[2025-09-19T07:01:25.318+0000] {logging_mixin.py:190} INFO - [2025-09-19T07:01:25.318+0000] {dagbag.py:588} INFO - Filling up the DagBag from /home/airflow/.local/lib/python3.12/site-packages/airflow/example_dags/example_branch_operator.py
[2025-09-19T07:01:25.354+0000] {processor.py:925} INFO - DAG(s) 'example_branch_operator' retrieved from /home/airflow/.local/lib/python3.12/site-packages/airflow/example_dags/example_branch_operator.py
[2025-09-19T07:01:25.407+0000] {logging_mixin.py:190} INFO - [2025-09-19T07:01:25.407+0000] {dag.py:3239} INFO - Sync 1 DAGs
[2025-09-19T07:01:25.451+0000] {logging_mixin.py:190} INFO - [2025-09-19T07:01:25.451+0000] {dag.py:4180} INFO - Setting next_dagrun for example_branch_operator to 2025-09-18 00:00:00+00:00, run_after=2025-09-19 00:00:00+00:00
[2025-09-19T07:01:25.485+0000] {processor.py:208} INFO - Processing /home/airflow/.local/lib/python3.12/site-packages/airflow/example_dags/example_branch_operator.py took 0.181 seconds
[2025-09-19T07:01:56.040+0000] {processor.py:186} INFO - Started process (PID=1293) to work on /home/airflow/.local/lib/python3.12/site-packages/airflow/example_dags/example_branch_operator.py
[2025-09-19T07:01:56.042+0000] {processor.py:914} INFO - Processing file /home/airflow/.local/lib/python3.12/site-packages/airflow/example_dags/example_branch_operator.py for tasks to queue
[2025-09-19T07:01:56.045+0000] {logging_mixin.py:190} INFO - [2025-09-19T07:01:56.045+0000] {dagbag.py:588} INFO - Filling up the DagBag from /home/airflow/.local/lib/python3.12/site-packages/airflow/example_dags/example_branch_operator.py
[2025-09-19T07:01:56.076+0000] {processor.py:925} INFO - DAG(s) 'example_branch_operator' retrieved from /home/airflow/.local/lib/python3.12/site-packages/airflow/example_dags/example_branch_operator.py
[2025-09-19T07:01:56.131+0000] {logging_mixin.py:190} INFO - [2025-09-19T07:01:56.131+0000] {dag.py:3239} INFO - Sync 1 DAGs
[2025-09-19T07:01:56.178+0000] {logging_mixin.py:190} INFO - [2025-09-19T07:01:56.178+0000] {dag.py:4180} INFO - Setting next_dagrun for example_branch_operator to 2025-09-18 00:00:00+00:00, run_after=2025-09-19 00:00:00+00:00
[2025-09-19T07:01:56.215+0000] {processor.py:208} INFO - Processing /home/airflow/.local/lib/python3.12/site-packages/airflow/example_dags/example_branch_operator.py took 0.184 seconds
[2025-09-19T07:02:26.787+0000] {processor.py:186} INFO - Started process (PID=1355) to work on /home/airflow/.local/lib/python3.12/site-packages/airflow/example_dags/example_branch_operator.py
[2025-09-19T07:02:26.788+0000] {processor.py:914} INFO - Processing file /home/airflow/.local/lib/python3.12/site-packages/airflow/example_dags/example_branch_operator.py for tasks to queue
[2025-09-19T07:02:26.792+0000] {logging_mixin.py:190} INFO - [2025-09-19T07:02:26.792+0000] {dagbag.py:588} INFO - Filling up the DagBag from /home/airflow/.local/lib/python3.12/site-packages/airflow/example_dags/example_branch_operator.py
[2025-09-19T07:02:26.822+0000] {processor.py:925} INFO - DAG(s) 'example_branch_operator' retrieved from /home/airflow/.local/lib/python3.12/site-packages/airflow/example_dags/example_branch_operator.py
[2025-09-19T07:02:26.874+0000] {logging_mixin.py:190} INFO - [2025-09-19T07:02:26.873+0000] {dag.py:3239} INFO - Sync 1 DAGs
[2025-09-19T07:02:26.917+0000] {logging_mixin.py:190} INFO - [2025-09-19T07:02:26.917+0000] {dag.py:4180} INFO - Setting next_dagrun for example_branch_operator to 2025-09-18 00:00:00+00:00, run_after=2025-09-19 00:00:00+00:00
[2025-09-19T07:02:26.949+0000] {processor.py:208} INFO - Processing /home/airflow/.local/lib/python3.12/site-packages/airflow/example_dags/example_branch_operator.py took 0.172 seconds
[2025-09-19T07:02:57.313+0000] {processor.py:186} INFO - Started process (PID=1417) to work on /home/airflow/.local/lib/python3.12/site-packages/airflow/example_dags/example_branch_operator.py
[2025-09-19T07:02:57.315+0000] {processor.py:914} INFO - Processing file /home/airflow/.local/lib/python3.12/site-packages/airflow/example_dags/example_branch_operator.py for tasks to queue
[2025-09-19T07:02:57.319+0000] {logging_mixin.py:190} INFO - [2025-09-19T07:02:57.318+0000] {dagbag.py:588} INFO - Filling up the DagBag from /home/airflow/.local/lib/python3.12/site-packages/airflow/example_dags/example_branch_operator.py
[2025-09-19T07:02:57.354+0000] {processor.py:925} INFO - DAG(s) 'example_branch_operator' retrieved from /home/airflow/.local/lib/python3.12/site-packages/airflow/example_dags/example_branch_operator.py
[2025-09-19T07:02:57.406+0000] {logging_mixin.py:190} INFO - [2025-09-19T07:02:57.405+0000] {dag.py:3239} INFO - Sync 1 DAGs
[2025-09-19T07:02:57.448+0000] {logging_mixin.py:190} INFO - [2025-09-19T07:02:57.448+0000] {dag.py:4180} INFO - Setting next_dagrun for example_branch_operator to 2025-09-18 00:00:00+00:00, run_after=2025-09-19 00:00:00+00:00
[2025-09-19T07:02:57.481+0000] {processor.py:208} INFO - Processing /home/airflow/.local/lib/python3.12/site-packages/airflow/example_dags/example_branch_operator.py took 0.177 seconds
[2025-09-19T07:03:28.099+0000] {processor.py:186} INFO - Started process (PID=1479) to work on /home/airflow/.local/lib/python3.12/site-packages/airflow/example_dags/example_branch_operator.py
[2025-09-19T07:03:28.101+0000] {processor.py:914} INFO - Processing file /home/airflow/.local/lib/python3.12/site-packages/airflow/example_dags/example_branch_operator.py for tasks to queue
[2025-09-19T07:03:28.104+0000] {logging_mixin.py:190} INFO - [2025-09-19T07:03:28.103+0000] {dagbag.py:588} INFO - Filling up the DagBag from /home/airflow/.local/lib/python3.12/site-packages/airflow/example_dags/example_branch_operator.py
[2025-09-19T07:03:28.134+0000] {processor.py:925} INFO - DAG(s) 'example_branch_operator' retrieved from /home/airflow/.local/lib/python3.12/site-packages/airflow/example_dags/example_branch_operator.py
[2025-09-19T07:03:28.186+0000] {logging_mixin.py:190} INFO - [2025-09-19T07:03:28.186+0000] {dag.py:3239} INFO - Sync 1 DAGs
[2025-09-19T07:03:28.230+0000] {logging_mixin.py:190} INFO - [2025-09-19T07:03:28.230+0000] {dag.py:4180} INFO - Setting next_dagrun for example_branch_operator to 2025-09-18 00:00:00+00:00, run_after=2025-09-19 00:00:00+00:00
[2025-09-19T07:03:28.265+0000] {processor.py:208} INFO - Processing /home/airflow/.local/lib/python3.12/site-packages/airflow/example_dags/example_branch_operator.py took 0.175 seconds
[2025-09-19T07:03:58.964+0000] {processor.py:186} INFO - Started process (PID=1541) to work on /home/airflow/.local/lib/python3.12/site-packages/airflow/example_dags/example_branch_operator.py
[2025-09-19T07:03:58.966+0000] {processor.py:914} INFO - Processing file /home/airflow/.local/lib/python3.12/site-packages/airflow/example_dags/example_branch_operator.py for tasks to queue
[2025-09-19T07:03:58.970+0000] {logging_mixin.py:190} INFO - [2025-09-19T07:03:58.969+0000] {dagbag.py:588} INFO - Filling up the DagBag from /home/airflow/.local/lib/python3.12/site-packages/airflow/example_dags/example_branch_operator.py
[2025-09-19T07:03:59.000+0000] {processor.py:925} INFO - DAG(s) 'example_branch_operator' retrieved from /home/airflow/.local/lib/python3.12/site-packages/airflow/example_dags/example_branch_operator.py
[2025-09-19T07:03:59.051+0000] {logging_mixin.py:190} INFO - [2025-09-19T07:03:59.051+0000] {dag.py:3239} INFO - Sync 1 DAGs
[2025-09-19T07:03:59.093+0000] {logging_mixin.py:190} INFO - [2025-09-19T07:03:59.093+0000] {dag.py:4180} INFO - Setting next_dagrun for example_branch_operator to 2025-09-18 00:00:00+00:00, run_after=2025-09-19 00:00:00+00:00
[2025-09-19T07:03:59.126+0000] {processor.py:208} INFO - Processing /home/airflow/.local/lib/python3.12/site-packages/airflow/example_dags/example_branch_operator.py took 0.171 seconds
[2025-09-19T07:04:29.562+0000] {processor.py:186} INFO - Started process (PID=1603) to work on /home/airflow/.local/lib/python3.12/site-packages/airflow/example_dags/example_branch_operator.py
[2025-09-19T07:04:29.563+0000] {processor.py:914} INFO - Processing file /home/airflow/.local/lib/python3.12/site-packages/airflow/example_dags/example_branch_operator.py for tasks to queue
[2025-09-19T07:04:29.567+0000] {logging_mixin.py:190} INFO - [2025-09-19T07:04:29.566+0000] {dagbag.py:588} INFO - Filling up the DagBag from /home/airflow/.local/lib/python3.12/site-packages/airflow/example_dags/example_branch_operator.py
[2025-09-19T07:04:29.598+0000] {processor.py:925} INFO - DAG(s) 'example_branch_operator' retrieved from /home/airflow/.local/lib/python3.12/site-packages/airflow/example_dags/example_branch_operator.py
[2025-09-19T07:04:29.653+0000] {logging_mixin.py:190} INFO - [2025-09-19T07:04:29.652+0000] {dag.py:3239} INFO - Sync 1 DAGs
[2025-09-19T07:04:29.702+0000] {logging_mixin.py:190} INFO - [2025-09-19T07:04:29.701+0000] {dag.py:4180} INFO - Setting next_dagrun for example_branch_operator to 2025-09-18 00:00:00+00:00, run_after=2025-09-19 00:00:00+00:00
[2025-09-19T07:04:29.738+0000] {processor.py:208} INFO - Processing /home/airflow/.local/lib/python3.12/site-packages/airflow/example_dags/example_branch_operator.py took 0.186 seconds
[2025-09-19T07:05:00.254+0000] {processor.py:186} INFO - Started process (PID=1665) to work on /home/airflow/.local/lib/python3.12/site-packages/airflow/example_dags/example_branch_operator.py
[2025-09-19T07:05:00.255+0000] {processor.py:914} INFO - Processing file /home/airflow/.local/lib/python3.12/site-packages/airflow/example_dags/example_branch_operator.py for tasks to queue
[2025-09-19T07:05:00.259+0000] {logging_mixin.py:190} INFO - [2025-09-19T07:05:00.258+0000] {dagbag.py:588} INFO - Filling up the DagBag from /home/airflow/.local/lib/python3.12/site-packages/airflow/example_dags/example_branch_operator.py
[2025-09-19T07:05:00.289+0000] {processor.py:925} INFO - DAG(s) 'example_branch_operator' retrieved from /home/airflow/.local/lib/python3.12/site-packages/airflow/example_dags/example_branch_operator.py
[2025-09-19T07:05:00.341+0000] {logging_mixin.py:190} INFO - [2025-09-19T07:05:00.340+0000] {dag.py:3239} INFO - Sync 1 DAGs
[2025-09-19T07:05:00.386+0000] {logging_mixin.py:190} INFO - [2025-09-19T07:05:00.385+0000] {dag.py:4180} INFO - Setting next_dagrun for example_branch_operator to 2025-09-18 00:00:00+00:00, run_after=2025-09-19 00:00:00+00:00
[2025-09-19T07:05:00.418+0000] {processor.py:208} INFO - Processing /home/airflow/.local/lib/python3.12/site-packages/airflow/example_dags/example_branch_operator.py took 0.174 seconds
[2025-09-19T07:05:30.796+0000] {processor.py:186} INFO - Started process (PID=1727) to work on /home/airflow/.local/lib/python3.12/site-packages/airflow/example_dags/example_branch_operator.py
[2025-09-19T07:05:30.798+0000] {processor.py:914} INFO - Processing file /home/airflow/.local/lib/python3.12/site-packages/airflow/example_dags/example_branch_operator.py for tasks to queue
[2025-09-19T07:05:30.802+0000] {logging_mixin.py:190} INFO - [2025-09-19T07:05:30.801+0000] {dagbag.py:588} INFO - Filling up the DagBag from /home/airflow/.local/lib/python3.12/site-packages/airflow/example_dags/example_branch_operator.py
[2025-09-19T07:05:30.833+0000] {processor.py:925} INFO - DAG(s) 'example_branch_operator' retrieved from /home/airflow/.local/lib/python3.12/site-packages/airflow/example_dags/example_branch_operator.py
[2025-09-19T07:05:30.887+0000] {logging_mixin.py:190} INFO - [2025-09-19T07:05:30.887+0000] {dag.py:3239} INFO - Sync 1 DAGs
[2025-09-19T07:05:30.932+0000] {logging_mixin.py:190} INFO - [2025-09-19T07:05:30.931+0000] {dag.py:4180} INFO - Setting next_dagrun for example_branch_operator to 2025-09-18 00:00:00+00:00, run_after=2025-09-19 00:00:00+00:00
[2025-09-19T07:05:30.963+0000] {processor.py:208} INFO - Processing /home/airflow/.local/lib/python3.12/site-packages/airflow/example_dags/example_branch_operator.py took 0.176 seconds
[2025-09-19T07:06:01.368+0000] {processor.py:186} INFO - Started process (PID=1795) to work on /home/airflow/.local/lib/python3.12/site-packages/airflow/example_dags/example_branch_operator.py
[2025-09-19T07:06:01.370+0000] {processor.py:914} INFO - Processing file /home/airflow/.local/lib/python3.12/site-packages/airflow/example_dags/example_branch_operator.py for tasks to queue
[2025-09-19T07:06:01.373+0000] {logging_mixin.py:190} INFO - [2025-09-19T07:06:01.373+0000] {dagbag.py:588} INFO - Filling up the DagBag from /home/airflow/.local/lib/python3.12/site-packages/airflow/example_dags/example_branch_operator.py
[2025-09-19T07:06:01.404+0000] {processor.py:925} INFO - DAG(s) 'example_branch_operator' retrieved from /home/airflow/.local/lib/python3.12/site-packages/airflow/example_dags/example_branch_operator.py
[2025-09-19T07:06:01.459+0000] {logging_mixin.py:190} INFO - [2025-09-19T07:06:01.459+0000] {dag.py:3239} INFO - Sync 1 DAGs
[2025-09-19T07:06:01.505+0000] {logging_mixin.py:190} INFO - [2025-09-19T07:06:01.504+0000] {dag.py:4180} INFO - Setting next_dagrun for example_branch_operator to 2025-09-18 00:00:00+00:00, run_after=2025-09-19 00:00:00+00:00
[2025-09-19T07:06:01.536+0000] {processor.py:208} INFO - Processing /home/airflow/.local/lib/python3.12/site-packages/airflow/example_dags/example_branch_operator.py took 0.178 seconds
[2025-09-19T07:06:32.497+0000] {processor.py:186} INFO - Started process (PID=1857) to work on /home/airflow/.local/lib/python3.12/site-packages/airflow/example_dags/example_branch_operator.py
[2025-09-19T07:06:32.499+0000] {processor.py:914} INFO - Processing file /home/airflow/.local/lib/python3.12/site-packages/airflow/example_dags/example_branch_operator.py for tasks to queue
[2025-09-19T07:06:32.502+0000] {logging_mixin.py:190} INFO - [2025-09-19T07:06:32.502+0000] {dagbag.py:588} INFO - Filling up the DagBag from /home/airflow/.local/lib/python3.12/site-packages/airflow/example_dags/example_branch_operator.py
[2025-09-19T07:06:32.532+0000] {processor.py:925} INFO - DAG(s) 'example_branch_operator' retrieved from /home/airflow/.local/lib/python3.12/site-packages/airflow/example_dags/example_branch_operator.py
[2025-09-19T07:06:32.585+0000] {logging_mixin.py:190} INFO - [2025-09-19T07:06:32.584+0000] {dag.py:3239} INFO - Sync 1 DAGs
[2025-09-19T07:06:32.627+0000] {logging_mixin.py:190} INFO - [2025-09-19T07:06:32.626+0000] {dag.py:4180} INFO - Setting next_dagrun for example_branch_operator to 2025-09-18 00:00:00+00:00, run_after=2025-09-19 00:00:00+00:00
[2025-09-19T07:06:32.659+0000] {processor.py:208} INFO - Processing /home/airflow/.local/lib/python3.12/site-packages/airflow/example_dags/example_branch_operator.py took 0.172 seconds
[2025-09-19T07:07:02.815+0000] {processor.py:186} INFO - Started process (PID=1919) to work on /home/airflow/.local/lib/python3.12/site-packages/airflow/example_dags/example_branch_operator.py
[2025-09-19T07:07:02.816+0000] {processor.py:914} INFO - Processing file /home/airflow/.local/lib/python3.12/site-packages/airflow/example_dags/example_branch_operator.py for tasks to queue
[2025-09-19T07:07:02.820+0000] {logging_mixin.py:190} INFO - [2025-09-19T07:07:02.819+0000] {dagbag.py:588} INFO - Filling up the DagBag from /home/airflow/.local/lib/python3.12/site-packages/airflow/example_dags/example_branch_operator.py
[2025-09-19T07:07:02.850+0000] {processor.py:925} INFO - DAG(s) 'example_branch_operator' retrieved from /home/airflow/.local/lib/python3.12/site-packages/airflow/example_dags/example_branch_operator.py
[2025-09-19T07:07:02.902+0000] {logging_mixin.py:190} INFO - [2025-09-19T07:07:02.901+0000] {dag.py:3239} INFO - Sync 1 DAGs
[2025-09-19T07:07:02.945+0000] {logging_mixin.py:190} INFO - [2025-09-19T07:07:02.944+0000] {dag.py:4180} INFO - Setting next_dagrun for example_branch_operator to 2025-09-18 00:00:00+00:00, run_after=2025-09-19 00:00:00+00:00
[2025-09-19T07:07:02.977+0000] {processor.py:208} INFO - Processing /home/airflow/.local/lib/python3.12/site-packages/airflow/example_dags/example_branch_operator.py took 0.171 seconds
[2025-09-19T07:07:34.043+0000] {processor.py:186} INFO - Started process (PID=1981) to work on /home/airflow/.local/lib/python3.12/site-packages/airflow/example_dags/example_branch_operator.py
[2025-09-19T07:07:34.045+0000] {processor.py:914} INFO - Processing file /home/airflow/.local/lib/python3.12/site-packages/airflow/example_dags/example_branch_operator.py for tasks to queue
[2025-09-19T07:07:34.048+0000] {logging_mixin.py:190} INFO - [2025-09-19T07:07:34.048+0000] {dagbag.py:588} INFO - Filling up the DagBag from /home/airflow/.local/lib/python3.12/site-packages/airflow/example_dags/example_branch_operator.py
[2025-09-19T07:07:34.080+0000] {processor.py:925} INFO - DAG(s) 'example_branch_operator' retrieved from /home/airflow/.local/lib/python3.12/site-packages/airflow/example_dags/example_branch_operator.py
[2025-09-19T07:07:34.131+0000] {logging_mixin.py:190} INFO - [2025-09-19T07:07:34.131+0000] {dag.py:3239} INFO - Sync 1 DAGs
[2025-09-19T07:07:34.176+0000] {logging_mixin.py:190} INFO - [2025-09-19T07:07:34.176+0000] {dag.py:4180} INFO - Setting next_dagrun for example_branch_operator to 2025-09-18 00:00:00+00:00, run_after=2025-09-19 00:00:00+00:00
[2025-09-19T07:07:34.209+0000] {processor.py:208} INFO - Processing /home/airflow/.local/lib/python3.12/site-packages/airflow/example_dags/example_branch_operator.py took 0.175 seconds
[2025-09-19T07:08:05.032+0000] {processor.py:186} INFO - Started process (PID=2039) to work on /home/airflow/.local/lib/python3.12/site-packages/airflow/example_dags/example_branch_operator.py
[2025-09-19T07:08:05.033+0000] {processor.py:914} INFO - Processing file /home/airflow/.local/lib/python3.12/site-packages/airflow/example_dags/example_branch_operator.py for tasks to queue
[2025-09-19T07:08:05.037+0000] {logging_mixin.py:190} INFO - [2025-09-19T07:08:05.037+0000] {dagbag.py:588} INFO - Filling up the DagBag from /home/airflow/.local/lib/python3.12/site-packages/airflow/example_dags/example_branch_operator.py
[2025-09-19T07:08:05.068+0000] {processor.py:925} INFO - DAG(s) 'example_branch_operator' retrieved from /home/airflow/.local/lib/python3.12/site-packages/airflow/example_dags/example_branch_operator.py
[2025-09-19T07:08:05.122+0000] {logging_mixin.py:190} INFO - [2025-09-19T07:08:05.121+0000] {dag.py:3239} INFO - Sync 1 DAGs
[2025-09-19T07:08:05.168+0000] {logging_mixin.py:190} INFO - [2025-09-19T07:08:05.168+0000] {dag.py:4180} INFO - Setting next_dagrun for example_branch_operator to 2025-09-18 00:00:00+00:00, run_after=2025-09-19 00:00:00+00:00
[2025-09-19T07:08:05.200+0000] {processor.py:208} INFO - Processing /home/airflow/.local/lib/python3.12/site-packages/airflow/example_dags/example_branch_operator.py took 0.178 seconds
[2025-09-19T07:08:36.580+0000] {processor.py:186} INFO - Started process (PID=2101) to work on /home/airflow/.local/lib/python3.12/site-packages/airflow/example_dags/example_branch_operator.py
[2025-09-19T07:08:36.582+0000] {processor.py:914} INFO - Processing file /home/airflow/.local/lib/python3.12/site-packages/airflow/example_dags/example_branch_operator.py for tasks to queue
[2025-09-19T07:08:36.585+0000] {logging_mixin.py:190} INFO - [2025-09-19T07:08:36.585+0000] {dagbag.py:588} INFO - Filling up the DagBag from /home/airflow/.local/lib/python3.12/site-packages/airflow/example_dags/example_branch_operator.py
[2025-09-19T07:08:36.616+0000] {processor.py:925} INFO - DAG(s) 'example_branch_operator' retrieved from /home/airflow/.local/lib/python3.12/site-packages/airflow/example_dags/example_branch_operator.py
[2025-09-19T07:08:36.674+0000] {logging_mixin.py:190} INFO - [2025-09-19T07:08:36.673+0000] {dag.py:3239} INFO - Sync 1 DAGs
[2025-09-19T07:08:36.717+0000] {logging_mixin.py:190} INFO - [2025-09-19T07:08:36.716+0000] {dag.py:4180} INFO - Setting next_dagrun for example_branch_operator to 2025-09-18 00:00:00+00:00, run_after=2025-09-19 00:00:00+00:00
[2025-09-19T07:08:36.749+0000] {processor.py:208} INFO - Processing /home/airflow/.local/lib/python3.12/site-packages/airflow/example_dags/example_branch_operator.py took 0.178 seconds
[2025-09-19T07:09:07.320+0000] {processor.py:186} INFO - Started process (PID=2163) to work on /home/airflow/.local/lib/python3.12/site-packages/airflow/example_dags/example_branch_operator.py
[2025-09-19T07:09:07.322+0000] {processor.py:914} INFO - Processing file /home/airflow/.local/lib/python3.12/site-packages/airflow/example_dags/example_branch_operator.py for tasks to queue
[2025-09-19T07:09:07.325+0000] {logging_mixin.py:190} INFO - [2025-09-19T07:09:07.325+0000] {dagbag.py:588} INFO - Filling up the DagBag from /home/airflow/.local/lib/python3.12/site-packages/airflow/example_dags/example_branch_operator.py
[2025-09-19T07:09:07.356+0000] {processor.py:925} INFO - DAG(s) 'example_branch_operator' retrieved from /home/airflow/.local/lib/python3.12/site-packages/airflow/example_dags/example_branch_operator.py
[2025-09-19T07:09:07.409+0000] {logging_mixin.py:190} INFO - [2025-09-19T07:09:07.409+0000] {dag.py:3239} INFO - Sync 1 DAGs
[2025-09-19T07:09:07.453+0000] {logging_mixin.py:190} INFO - [2025-09-19T07:09:07.453+0000] {dag.py:4180} INFO - Setting next_dagrun for example_branch_operator to 2025-09-18 00:00:00+00:00, run_after=2025-09-19 00:00:00+00:00
[2025-09-19T07:09:07.483+0000] {processor.py:208} INFO - Processing /home/airflow/.local/lib/python3.12/site-packages/airflow/example_dags/example_branch_operator.py took 0.173 seconds
[2025-09-19T07:09:38.906+0000] {processor.py:186} INFO - Started process (PID=2228) to work on /home/airflow/.local/lib/python3.12/site-packages/airflow/example_dags/example_branch_operator.py
[2025-09-19T07:09:38.908+0000] {processor.py:914} INFO - Processing file /home/airflow/.local/lib/python3.12/site-packages/airflow/example_dags/example_branch_operator.py for tasks to queue
[2025-09-19T07:09:38.911+0000] {logging_mixin.py:190} INFO - [2025-09-19T07:09:38.911+0000] {dagbag.py:588} INFO - Filling up the DagBag from /home/airflow/.local/lib/python3.12/site-packages/airflow/example_dags/example_branch_operator.py
[2025-09-19T07:09:38.942+0000] {processor.py:925} INFO - DAG(s) 'example_branch_operator' retrieved from /home/airflow/.local/lib/python3.12/site-packages/airflow/example_dags/example_branch_operator.py
[2025-09-19T07:09:38.994+0000] {logging_mixin.py:190} INFO - [2025-09-19T07:09:38.993+0000] {dag.py:3239} INFO - Sync 1 DAGs
[2025-09-19T07:09:39.036+0000] {logging_mixin.py:190} INFO - [2025-09-19T07:09:39.036+0000] {dag.py:4180} INFO - Setting next_dagrun for example_branch_operator to 2025-09-18 00:00:00+00:00, run_after=2025-09-19 00:00:00+00:00
[2025-09-19T07:09:39.067+0000] {processor.py:208} INFO - Processing /home/airflow/.local/lib/python3.12/site-packages/airflow/example_dags/example_branch_operator.py took 0.170 seconds
[2025-09-19T07:10:10.060+0000] {processor.py:186} INFO - Started process (PID=2296) to work on /home/airflow/.local/lib/python3.12/site-packages/airflow/example_dags/example_branch_operator.py
[2025-09-19T07:10:10.062+0000] {processor.py:914} INFO - Processing file /home/airflow/.local/lib/python3.12/site-packages/airflow/example_dags/example_branch_operator.py for tasks to queue
[2025-09-19T07:10:10.066+0000] {logging_mixin.py:190} INFO - [2025-09-19T07:10:10.065+0000] {dagbag.py:588} INFO - Filling up the DagBag from /home/airflow/.local/lib/python3.12/site-packages/airflow/example_dags/example_branch_operator.py
[2025-09-19T07:10:10.098+0000] {processor.py:925} INFO - DAG(s) 'example_branch_operator' retrieved from /home/airflow/.local/lib/python3.12/site-packages/airflow/example_dags/example_branch_operator.py
[2025-09-19T07:10:10.155+0000] {logging_mixin.py:190} INFO - [2025-09-19T07:10:10.154+0000] {dag.py:3239} INFO - Sync 1 DAGs
[2025-09-19T07:10:10.202+0000] {logging_mixin.py:190} INFO - [2025-09-19T07:10:10.202+0000] {dag.py:4180} INFO - Setting next_dagrun for example_branch_operator to 2025-09-18 00:00:00+00:00, run_after=2025-09-19 00:00:00+00:00
[2025-09-19T07:10:10.233+0000] {processor.py:208} INFO - Processing /home/airflow/.local/lib/python3.12/site-packages/airflow/example_dags/example_branch_operator.py took 0.182 seconds
[2025-09-19T07:10:40.367+0000] {processor.py:186} INFO - Started process (PID=2358) to work on /home/airflow/.local/lib/python3.12/site-packages/airflow/example_dags/example_branch_operator.py
[2025-09-19T07:10:40.368+0000] {processor.py:914} INFO - Processing file /home/airflow/.local/lib/python3.12/site-packages/airflow/example_dags/example_branch_operator.py for tasks to queue
[2025-09-19T07:10:40.372+0000] {logging_mixin.py:190} INFO - [2025-09-19T07:10:40.372+0000] {dagbag.py:588} INFO - Filling up the DagBag from /home/airflow/.local/lib/python3.12/site-packages/airflow/example_dags/example_branch_operator.py
[2025-09-19T07:10:40.403+0000] {processor.py:925} INFO - DAG(s) 'example_branch_operator' retrieved from /home/airflow/.local/lib/python3.12/site-packages/airflow/example_dags/example_branch_operator.py
[2025-09-19T07:10:40.453+0000] {logging_mixin.py:190} INFO - [2025-09-19T07:10:40.453+0000] {dag.py:3239} INFO - Sync 1 DAGs
[2025-09-19T07:10:40.498+0000] {logging_mixin.py:190} INFO - [2025-09-19T07:10:40.498+0000] {dag.py:4180} INFO - Setting next_dagrun for example_branch_operator to 2025-09-18 00:00:00+00:00, run_after=2025-09-19 00:00:00+00:00
[2025-09-19T07:10:40.534+0000] {processor.py:208} INFO - Processing /home/airflow/.local/lib/python3.12/site-packages/airflow/example_dags/example_branch_operator.py took 0.177 seconds
[2025-09-19T07:11:11.387+0000] {processor.py:186} INFO - Started process (PID=2420) to work on /home/airflow/.local/lib/python3.12/site-packages/airflow/example_dags/example_branch_operator.py
[2025-09-19T07:11:11.389+0000] {processor.py:914} INFO - Processing file /home/airflow/.local/lib/python3.12/site-packages/airflow/example_dags/example_branch_operator.py for tasks to queue
[2025-09-19T07:11:11.392+0000] {logging_mixin.py:190} INFO - [2025-09-19T07:11:11.392+0000] {dagbag.py:588} INFO - Filling up the DagBag from /home/airflow/.local/lib/python3.12/site-packages/airflow/example_dags/example_branch_operator.py
[2025-09-19T07:11:11.424+0000] {processor.py:925} INFO - DAG(s) 'example_branch_operator' retrieved from /home/airflow/.local/lib/python3.12/site-packages/airflow/example_dags/example_branch_operator.py
[2025-09-19T07:11:11.476+0000] {logging_mixin.py:190} INFO - [2025-09-19T07:11:11.476+0000] {dag.py:3239} INFO - Sync 1 DAGs
[2025-09-19T07:11:11.522+0000] {logging_mixin.py:190} INFO - [2025-09-19T07:11:11.521+0000] {dag.py:4180} INFO - Setting next_dagrun for example_branch_operator to 2025-09-18 00:00:00+00:00, run_after=2025-09-19 00:00:00+00:00
[2025-09-19T07:11:11.553+0000] {processor.py:208} INFO - Processing /home/airflow/.local/lib/python3.12/site-packages/airflow/example_dags/example_branch_operator.py took 0.175 seconds
[2025-09-19T07:11:42.904+0000] {processor.py:186} INFO - Started process (PID=2482) to work on /home/airflow/.local/lib/python3.12/site-packages/airflow/example_dags/example_branch_operator.py
[2025-09-19T07:11:42.905+0000] {processor.py:914} INFO - Processing file /home/airflow/.local/lib/python3.12/site-packages/airflow/example_dags/example_branch_operator.py for tasks to queue
[2025-09-19T07:11:42.908+0000] {logging_mixin.py:190} INFO - [2025-09-19T07:11:42.908+0000] {dagbag.py:588} INFO - Filling up the DagBag from /home/airflow/.local/lib/python3.12/site-packages/airflow/example_dags/example_branch_operator.py
[2025-09-19T07:11:42.939+0000] {processor.py:925} INFO - DAG(s) 'example_branch_operator' retrieved from /home/airflow/.local/lib/python3.12/site-packages/airflow/example_dags/example_branch_operator.py
[2025-09-19T07:11:42.993+0000] {logging_mixin.py:190} INFO - [2025-09-19T07:11:42.993+0000] {dag.py:3239} INFO - Sync 1 DAGs
[2025-09-19T07:11:43.037+0000] {logging_mixin.py:190} INFO - [2025-09-19T07:11:43.037+0000] {dag.py:4180} INFO - Setting next_dagrun for example_branch_operator to 2025-09-18 00:00:00+00:00, run_after=2025-09-19 00:00:00+00:00
[2025-09-19T07:11:43.068+0000] {processor.py:208} INFO - Processing /home/airflow/.local/lib/python3.12/site-packages/airflow/example_dags/example_branch_operator.py took 0.173 seconds
[2025-09-19T07:12:13.677+0000] {processor.py:186} INFO - Started process (PID=2544) to work on /home/airflow/.local/lib/python3.12/site-packages/airflow/example_dags/example_branch_operator.py
[2025-09-19T07:12:13.679+0000] {processor.py:914} INFO - Processing file /home/airflow/.local/lib/python3.12/site-packages/airflow/example_dags/example_branch_operator.py for tasks to queue
[2025-09-19T07:12:13.682+0000] {logging_mixin.py:190} INFO - [2025-09-19T07:12:13.682+0000] {dagbag.py:588} INFO - Filling up the DagBag from /home/airflow/.local/lib/python3.12/site-packages/airflow/example_dags/example_branch_operator.py
[2025-09-19T07:12:13.713+0000] {processor.py:925} INFO - DAG(s) 'example_branch_operator' retrieved from /home/airflow/.local/lib/python3.12/site-packages/airflow/example_dags/example_branch_operator.py
[2025-09-19T07:12:13.767+0000] {logging_mixin.py:190} INFO - [2025-09-19T07:12:13.766+0000] {dag.py:3239} INFO - Sync 1 DAGs
[2025-09-19T07:12:13.810+0000] {logging_mixin.py:190} INFO - [2025-09-19T07:12:13.810+0000] {dag.py:4180} INFO - Setting next_dagrun for example_branch_operator to 2025-09-18 00:00:00+00:00, run_after=2025-09-19 00:00:00+00:00
[2025-09-19T07:12:13.843+0000] {processor.py:208} INFO - Processing /home/airflow/.local/lib/python3.12/site-packages/airflow/example_dags/example_branch_operator.py took 0.175 seconds
[2025-09-19T07:12:45.394+0000] {processor.py:186} INFO - Started process (PID=2603) to work on /home/airflow/.local/lib/python3.12/site-packages/airflow/example_dags/example_branch_operator.py
[2025-09-19T07:12:45.396+0000] {processor.py:914} INFO - Processing file /home/airflow/.local/lib/python3.12/site-packages/airflow/example_dags/example_branch_operator.py for tasks to queue
[2025-09-19T07:12:45.400+0000] {logging_mixin.py:190} INFO - [2025-09-19T07:12:45.399+0000] {dagbag.py:588} INFO - Filling up the DagBag from /home/airflow/.local/lib/python3.12/site-packages/airflow/example_dags/example_branch_operator.py
[2025-09-19T07:12:45.430+0000] {processor.py:925} INFO - DAG(s) 'example_branch_operator' retrieved from /home/airflow/.local/lib/python3.12/site-packages/airflow/example_dags/example_branch_operator.py
[2025-09-19T07:12:45.483+0000] {logging_mixin.py:190} INFO - [2025-09-19T07:12:45.483+0000] {dag.py:3239} INFO - Sync 1 DAGs
[2025-09-19T07:12:45.532+0000] {logging_mixin.py:190} INFO - [2025-09-19T07:12:45.532+0000] {dag.py:4180} INFO - Setting next_dagrun for example_branch_operator to 2025-09-18 00:00:00+00:00, run_after=2025-09-19 00:00:00+00:00
[2025-09-19T07:12:45.565+0000] {processor.py:208} INFO - Processing /home/airflow/.local/lib/python3.12/site-packages/airflow/example_dags/example_branch_operator.py took 0.180 seconds
[2025-09-19T07:13:16.075+0000] {processor.py:186} INFO - Started process (PID=2665) to work on /home/airflow/.local/lib/python3.12/site-packages/airflow/example_dags/example_branch_operator.py
[2025-09-19T07:13:16.077+0000] {processor.py:914} INFO - Processing file /home/airflow/.local/lib/python3.12/site-packages/airflow/example_dags/example_branch_operator.py for tasks to queue
[2025-09-19T07:13:16.081+0000] {logging_mixin.py:190} INFO - [2025-09-19T07:13:16.080+0000] {dagbag.py:588} INFO - Filling up the DagBag from /home/airflow/.local/lib/python3.12/site-packages/airflow/example_dags/example_branch_operator.py
[2025-09-19T07:13:16.125+0000] {processor.py:925} INFO - DAG(s) 'example_branch_operator' retrieved from /home/airflow/.local/lib/python3.12/site-packages/airflow/example_dags/example_branch_operator.py
[2025-09-19T07:13:16.177+0000] {logging_mixin.py:190} INFO - [2025-09-19T07:13:16.177+0000] {dag.py:3239} INFO - Sync 1 DAGs
[2025-09-19T07:13:16.219+0000] {logging_mixin.py:190} INFO - [2025-09-19T07:13:16.219+0000] {dag.py:4180} INFO - Setting next_dagrun for example_branch_operator to 2025-09-18 00:00:00+00:00, run_after=2025-09-19 00:00:00+00:00
[2025-09-19T07:13:16.249+0000] {processor.py:208} INFO - Processing /home/airflow/.local/lib/python3.12/site-packages/airflow/example_dags/example_branch_operator.py took 0.185 seconds
[2025-09-19T07:13:46.824+0000] {processor.py:186} INFO - Started process (PID=2729) to work on /home/airflow/.local/lib/python3.12/site-packages/airflow/example_dags/example_branch_operator.py
[2025-09-19T07:13:46.826+0000] {processor.py:914} INFO - Processing file /home/airflow/.local/lib/python3.12/site-packages/airflow/example_dags/example_branch_operator.py for tasks to queue
[2025-09-19T07:13:46.830+0000] {logging_mixin.py:190} INFO - [2025-09-19T07:13:46.829+0000] {dagbag.py:588} INFO - Filling up the DagBag from /home/airflow/.local/lib/python3.12/site-packages/airflow/example_dags/example_branch_operator.py
[2025-09-19T07:13:46.862+0000] {processor.py:925} INFO - DAG(s) 'example_branch_operator' retrieved from /home/airflow/.local/lib/python3.12/site-packages/airflow/example_dags/example_branch_operator.py
[2025-09-19T07:13:46.913+0000] {logging_mixin.py:190} INFO - [2025-09-19T07:13:46.913+0000] {dag.py:3239} INFO - Sync 1 DAGs
[2025-09-19T07:13:46.956+0000] {logging_mixin.py:190} INFO - [2025-09-19T07:13:46.956+0000] {dag.py:4180} INFO - Setting next_dagrun for example_branch_operator to 2025-09-18 00:00:00+00:00, run_after=2025-09-19 00:00:00+00:00
[2025-09-19T07:13:46.989+0000] {processor.py:208} INFO - Processing /home/airflow/.local/lib/python3.12/site-packages/airflow/example_dags/example_branch_operator.py took 0.176 seconds
[2025-09-19T07:14:17.214+0000] {processor.py:186} INFO - Started process (PID=2791) to work on /home/airflow/.local/lib/python3.12/site-packages/airflow/example_dags/example_branch_operator.py
[2025-09-19T07:14:17.216+0000] {processor.py:914} INFO - Processing file /home/airflow/.local/lib/python3.12/site-packages/airflow/example_dags/example_branch_operator.py for tasks to queue
[2025-09-19T07:14:17.220+0000] {logging_mixin.py:190} INFO - [2025-09-19T07:14:17.219+0000] {dagbag.py:588} INFO - Filling up the DagBag from /home/airflow/.local/lib/python3.12/site-packages/airflow/example_dags/example_branch_operator.py
[2025-09-19T07:14:17.251+0000] {processor.py:925} INFO - DAG(s) 'example_branch_operator' retrieved from /home/airflow/.local/lib/python3.12/site-packages/airflow/example_dags/example_branch_operator.py
[2025-09-19T07:14:17.304+0000] {logging_mixin.py:190} INFO - [2025-09-19T07:14:17.303+0000] {dag.py:3239} INFO - Sync 1 DAGs
[2025-09-19T07:14:17.350+0000] {logging_mixin.py:190} INFO - [2025-09-19T07:14:17.349+0000] {dag.py:4180} INFO - Setting next_dagrun for example_branch_operator to 2025-09-18 00:00:00+00:00, run_after=2025-09-19 00:00:00+00:00
[2025-09-19T07:14:17.383+0000] {processor.py:208} INFO - Processing /home/airflow/.local/lib/python3.12/site-packages/airflow/example_dags/example_branch_operator.py took 0.178 seconds
[2025-09-19T07:14:47.576+0000] {processor.py:186} INFO - Started process (PID=2858) to work on /home/airflow/.local/lib/python3.12/site-packages/airflow/example_dags/example_branch_operator.py
[2025-09-19T07:14:47.577+0000] {processor.py:914} INFO - Processing file /home/airflow/.local/lib/python3.12/site-packages/airflow/example_dags/example_branch_operator.py for tasks to queue
[2025-09-19T07:14:47.581+0000] {logging_mixin.py:190} INFO - [2025-09-19T07:14:47.581+0000] {dagbag.py:588} INFO - Filling up the DagBag from /home/airflow/.local/lib/python3.12/site-packages/airflow/example_dags/example_branch_operator.py
[2025-09-19T07:14:47.613+0000] {processor.py:925} INFO - DAG(s) 'example_branch_operator' retrieved from /home/airflow/.local/lib/python3.12/site-packages/airflow/example_dags/example_branch_operator.py
[2025-09-19T07:14:47.663+0000] {logging_mixin.py:190} INFO - [2025-09-19T07:14:47.662+0000] {dag.py:3239} INFO - Sync 1 DAGs
[2025-09-19T07:14:47.707+0000] {logging_mixin.py:190} INFO - [2025-09-19T07:14:47.706+0000] {dag.py:4180} INFO - Setting next_dagrun for example_branch_operator to 2025-09-18 00:00:00+00:00, run_after=2025-09-19 00:00:00+00:00
[2025-09-19T07:14:47.736+0000] {processor.py:208} INFO - Processing /home/airflow/.local/lib/python3.12/site-packages/airflow/example_dags/example_branch_operator.py took 0.170 seconds
[2025-09-19T07:15:18.084+0000] {processor.py:186} INFO - Started process (PID=2920) to work on /home/airflow/.local/lib/python3.12/site-packages/airflow/example_dags/example_branch_operator.py
[2025-09-19T07:15:18.086+0000] {processor.py:914} INFO - Processing file /home/airflow/.local/lib/python3.12/site-packages/airflow/example_dags/example_branch_operator.py for tasks to queue
[2025-09-19T07:15:18.091+0000] {logging_mixin.py:190} INFO - [2025-09-19T07:15:18.090+0000] {dagbag.py:588} INFO - Filling up the DagBag from /home/airflow/.local/lib/python3.12/site-packages/airflow/example_dags/example_branch_operator.py
[2025-09-19T07:15:18.126+0000] {processor.py:925} INFO - DAG(s) 'example_branch_operator' retrieved from /home/airflow/.local/lib/python3.12/site-packages/airflow/example_dags/example_branch_operator.py
[2025-09-19T07:15:18.180+0000] {logging_mixin.py:190} INFO - [2025-09-19T07:15:18.180+0000] {dag.py:3239} INFO - Sync 1 DAGs
[2025-09-19T07:15:18.226+0000] {logging_mixin.py:190} INFO - [2025-09-19T07:15:18.225+0000] {dag.py:4180} INFO - Setting next_dagrun for example_branch_operator to 2025-09-18 00:00:00+00:00, run_after=2025-09-19 00:00:00+00:00
[2025-09-19T07:15:18.258+0000] {processor.py:208} INFO - Processing /home/airflow/.local/lib/python3.12/site-packages/airflow/example_dags/example_branch_operator.py took 0.184 seconds
[2025-09-19T07:15:49.288+0000] {processor.py:186} INFO - Started process (PID=2982) to work on /home/airflow/.local/lib/python3.12/site-packages/airflow/example_dags/example_branch_operator.py
[2025-09-19T07:15:49.290+0000] {processor.py:914} INFO - Processing file /home/airflow/.local/lib/python3.12/site-packages/airflow/example_dags/example_branch_operator.py for tasks to queue
[2025-09-19T07:15:49.294+0000] {logging_mixin.py:190} INFO - [2025-09-19T07:15:49.293+0000] {dagbag.py:588} INFO - Filling up the DagBag from /home/airflow/.local/lib/python3.12/site-packages/airflow/example_dags/example_branch_operator.py
[2025-09-19T07:15:49.324+0000] {processor.py:925} INFO - DAG(s) 'example_branch_operator' retrieved from /home/airflow/.local/lib/python3.12/site-packages/airflow/example_dags/example_branch_operator.py
[2025-09-19T07:15:49.374+0000] {logging_mixin.py:190} INFO - [2025-09-19T07:15:49.374+0000] {dag.py:3239} INFO - Sync 1 DAGs
[2025-09-19T07:15:49.417+0000] {logging_mixin.py:190} INFO - [2025-09-19T07:15:49.416+0000] {dag.py:4180} INFO - Setting next_dagrun for example_branch_operator to 2025-09-18 00:00:00+00:00, run_after=2025-09-19 00:00:00+00:00
[2025-09-19T07:15:49.449+0000] {processor.py:208} INFO - Processing /home/airflow/.local/lib/python3.12/site-packages/airflow/example_dags/example_branch_operator.py took 0.170 seconds
[2025-09-19T07:16:20.129+0000] {processor.py:186} INFO - Started process (PID=3044) to work on /home/airflow/.local/lib/python3.12/site-packages/airflow/example_dags/example_branch_operator.py
[2025-09-19T07:16:20.131+0000] {processor.py:914} INFO - Processing file /home/airflow/.local/lib/python3.12/site-packages/airflow/example_dags/example_branch_operator.py for tasks to queue
[2025-09-19T07:16:20.135+0000] {logging_mixin.py:190} INFO - [2025-09-19T07:16:20.134+0000] {dagbag.py:588} INFO - Filling up the DagBag from /home/airflow/.local/lib/python3.12/site-packages/airflow/example_dags/example_branch_operator.py
[2025-09-19T07:16:20.167+0000] {processor.py:925} INFO - DAG(s) 'example_branch_operator' retrieved from /home/airflow/.local/lib/python3.12/site-packages/airflow/example_dags/example_branch_operator.py
[2025-09-19T07:16:20.220+0000] {logging_mixin.py:190} INFO - [2025-09-19T07:16:20.220+0000] {dag.py:3239} INFO - Sync 1 DAGs
[2025-09-19T07:16:20.264+0000] {logging_mixin.py:190} INFO - [2025-09-19T07:16:20.264+0000] {dag.py:4180} INFO - Setting next_dagrun for example_branch_operator to 2025-09-18 00:00:00+00:00, run_after=2025-09-19 00:00:00+00:00
[2025-09-19T07:16:20.297+0000] {processor.py:208} INFO - Processing /home/airflow/.local/lib/python3.12/site-packages/airflow/example_dags/example_branch_operator.py took 0.178 seconds
[2025-09-19T07:16:50.829+0000] {processor.py:186} INFO - Started process (PID=3106) to work on /home/airflow/.local/lib/python3.12/site-packages/airflow/example_dags/example_branch_operator.py
[2025-09-19T07:16:50.830+0000] {processor.py:914} INFO - Processing file /home/airflow/.local/lib/python3.12/site-packages/airflow/example_dags/example_branch_operator.py for tasks to queue
[2025-09-19T07:16:50.834+0000] {logging_mixin.py:190} INFO - [2025-09-19T07:16:50.834+0000] {dagbag.py:588} INFO - Filling up the DagBag from /home/airflow/.local/lib/python3.12/site-packages/airflow/example_dags/example_branch_operator.py
[2025-09-19T07:16:50.871+0000] {processor.py:925} INFO - DAG(s) 'example_branch_operator' retrieved from /home/airflow/.local/lib/python3.12/site-packages/airflow/example_dags/example_branch_operator.py
[2025-09-19T07:16:50.926+0000] {logging_mixin.py:190} INFO - [2025-09-19T07:16:50.925+0000] {dag.py:3239} INFO - Sync 1 DAGs
[2025-09-19T07:16:50.974+0000] {logging_mixin.py:190} INFO - [2025-09-19T07:16:50.974+0000] {dag.py:4180} INFO - Setting next_dagrun for example_branch_operator to 2025-09-18 00:00:00+00:00, run_after=2025-09-19 00:00:00+00:00
[2025-09-19T07:16:51.009+0000] {processor.py:208} INFO - Processing /home/airflow/.local/lib/python3.12/site-packages/airflow/example_dags/example_branch_operator.py took 0.190 seconds
[2025-09-19T07:17:21.154+0000] {processor.py:186} INFO - Started process (PID=3167) to work on /home/airflow/.local/lib/python3.12/site-packages/airflow/example_dags/example_branch_operator.py
[2025-09-19T07:17:21.156+0000] {processor.py:914} INFO - Processing file /home/airflow/.local/lib/python3.12/site-packages/airflow/example_dags/example_branch_operator.py for tasks to queue
[2025-09-19T07:17:21.160+0000] {logging_mixin.py:190} INFO - [2025-09-19T07:17:21.159+0000] {dagbag.py:588} INFO - Filling up the DagBag from /home/airflow/.local/lib/python3.12/site-packages/airflow/example_dags/example_branch_operator.py
[2025-09-19T07:17:21.190+0000] {processor.py:925} INFO - DAG(s) 'example_branch_operator' retrieved from /home/airflow/.local/lib/python3.12/site-packages/airflow/example_dags/example_branch_operator.py
[2025-09-19T07:17:21.245+0000] {logging_mixin.py:190} INFO - [2025-09-19T07:17:21.244+0000] {dag.py:3239} INFO - Sync 1 DAGs
[2025-09-19T07:17:21.287+0000] {logging_mixin.py:190} INFO - [2025-09-19T07:17:21.287+0000] {dag.py:4180} INFO - Setting next_dagrun for example_branch_operator to 2025-09-18 00:00:00+00:00, run_after=2025-09-19 00:00:00+00:00
[2025-09-19T07:17:21.319+0000] {processor.py:208} INFO - Processing /home/airflow/.local/lib/python3.12/site-packages/airflow/example_dags/example_branch_operator.py took 0.174 seconds
[2025-09-19T07:17:51.799+0000] {processor.py:186} INFO - Started process (PID=3229) to work on /home/airflow/.local/lib/python3.12/site-packages/airflow/example_dags/example_branch_operator.py
[2025-09-19T07:17:51.801+0000] {processor.py:914} INFO - Processing file /home/airflow/.local/lib/python3.12/site-packages/airflow/example_dags/example_branch_operator.py for tasks to queue
[2025-09-19T07:17:51.805+0000] {logging_mixin.py:190} INFO - [2025-09-19T07:17:51.805+0000] {dagbag.py:588} INFO - Filling up the DagBag from /home/airflow/.local/lib/python3.12/site-packages/airflow/example_dags/example_branch_operator.py
[2025-09-19T07:17:51.838+0000] {processor.py:925} INFO - DAG(s) 'example_branch_operator' retrieved from /home/airflow/.local/lib/python3.12/site-packages/airflow/example_dags/example_branch_operator.py
[2025-09-19T07:17:51.894+0000] {logging_mixin.py:190} INFO - [2025-09-19T07:17:51.894+0000] {dag.py:3239} INFO - Sync 1 DAGs
[2025-09-19T07:17:51.940+0000] {logging_mixin.py:190} INFO - [2025-09-19T07:17:51.940+0000] {dag.py:4180} INFO - Setting next_dagrun for example_branch_operator to 2025-09-18 00:00:00+00:00, run_after=2025-09-19 00:00:00+00:00
[2025-09-19T07:17:51.972+0000] {processor.py:208} INFO - Processing /home/airflow/.local/lib/python3.12/site-packages/airflow/example_dags/example_branch_operator.py took 0.185 seconds
[2025-09-19T07:18:22.092+0000] {processor.py:186} INFO - Started process (PID=3291) to work on /home/airflow/.local/lib/python3.12/site-packages/airflow/example_dags/example_branch_operator.py
[2025-09-19T07:18:22.094+0000] {processor.py:914} INFO - Processing file /home/airflow/.local/lib/python3.12/site-packages/airflow/example_dags/example_branch_operator.py for tasks to queue
[2025-09-19T07:18:22.098+0000] {logging_mixin.py:190} INFO - [2025-09-19T07:18:22.097+0000] {dagbag.py:588} INFO - Filling up the DagBag from /home/airflow/.local/lib/python3.12/site-packages/airflow/example_dags/example_branch_operator.py
[2025-09-19T07:18:22.131+0000] {processor.py:925} INFO - DAG(s) 'example_branch_operator' retrieved from /home/airflow/.local/lib/python3.12/site-packages/airflow/example_dags/example_branch_operator.py
[2025-09-19T07:18:22.183+0000] {logging_mixin.py:190} INFO - [2025-09-19T07:18:22.182+0000] {dag.py:3239} INFO - Sync 1 DAGs
[2025-09-19T07:18:22.233+0000] {logging_mixin.py:190} INFO - [2025-09-19T07:18:22.233+0000] {dag.py:4180} INFO - Setting next_dagrun for example_branch_operator to 2025-09-18 00:00:00+00:00, run_after=2025-09-19 00:00:00+00:00
[2025-09-19T07:18:22.266+0000] {processor.py:208} INFO - Processing /home/airflow/.local/lib/python3.12/site-packages/airflow/example_dags/example_branch_operator.py took 0.184 seconds
[2025-09-19T07:18:52.854+0000] {processor.py:186} INFO - Started process (PID=3353) to work on /home/airflow/.local/lib/python3.12/site-packages/airflow/example_dags/example_branch_operator.py
[2025-09-19T07:18:52.856+0000] {processor.py:914} INFO - Processing file /home/airflow/.local/lib/python3.12/site-packages/airflow/example_dags/example_branch_operator.py for tasks to queue
[2025-09-19T07:18:52.859+0000] {logging_mixin.py:190} INFO - [2025-09-19T07:18:52.859+0000] {dagbag.py:588} INFO - Filling up the DagBag from /home/airflow/.local/lib/python3.12/site-packages/airflow/example_dags/example_branch_operator.py
[2025-09-19T07:18:52.890+0000] {processor.py:925} INFO - DAG(s) 'example_branch_operator' retrieved from /home/airflow/.local/lib/python3.12/site-packages/airflow/example_dags/example_branch_operator.py
[2025-09-19T07:18:52.942+0000] {logging_mixin.py:190} INFO - [2025-09-19T07:18:52.941+0000] {dag.py:3239} INFO - Sync 1 DAGs
[2025-09-19T07:18:52.984+0000] {logging_mixin.py:190} INFO - [2025-09-19T07:18:52.984+0000] {dag.py:4180} INFO - Setting next_dagrun for example_branch_operator to 2025-09-18 00:00:00+00:00, run_after=2025-09-19 00:00:00+00:00
[2025-09-19T07:18:53.017+0000] {processor.py:208} INFO - Processing /home/airflow/.local/lib/python3.12/site-packages/airflow/example_dags/example_branch_operator.py took 0.173 seconds
[2025-09-19T07:19:23.109+0000] {processor.py:186} INFO - Started process (PID=3415) to work on /home/airflow/.local/lib/python3.12/site-packages/airflow/example_dags/example_branch_operator.py
[2025-09-19T07:19:23.110+0000] {processor.py:914} INFO - Processing file /home/airflow/.local/lib/python3.12/site-packages/airflow/example_dags/example_branch_operator.py for tasks to queue
[2025-09-19T07:19:23.114+0000] {logging_mixin.py:190} INFO - [2025-09-19T07:19:23.113+0000] {dagbag.py:588} INFO - Filling up the DagBag from /home/airflow/.local/lib/python3.12/site-packages/airflow/example_dags/example_branch_operator.py
[2025-09-19T07:19:23.144+0000] {processor.py:925} INFO - DAG(s) 'example_branch_operator' retrieved from /home/airflow/.local/lib/python3.12/site-packages/airflow/example_dags/example_branch_operator.py
[2025-09-19T07:19:23.198+0000] {logging_mixin.py:190} INFO - [2025-09-19T07:19:23.198+0000] {dag.py:3239} INFO - Sync 1 DAGs
[2025-09-19T07:19:23.242+0000] {logging_mixin.py:190} INFO - [2025-09-19T07:19:23.241+0000] {dag.py:4180} INFO - Setting next_dagrun for example_branch_operator to 2025-09-18 00:00:00+00:00, run_after=2025-09-19 00:00:00+00:00
[2025-09-19T07:19:23.272+0000] {processor.py:208} INFO - Processing /home/airflow/.local/lib/python3.12/site-packages/airflow/example_dags/example_branch_operator.py took 0.172 seconds
[2025-09-19T07:19:53.508+0000] {processor.py:186} INFO - Started process (PID=3483) to work on /home/airflow/.local/lib/python3.12/site-packages/airflow/example_dags/example_branch_operator.py
[2025-09-19T07:19:53.510+0000] {processor.py:914} INFO - Processing file /home/airflow/.local/lib/python3.12/site-packages/airflow/example_dags/example_branch_operator.py for tasks to queue
[2025-09-19T07:19:53.513+0000] {logging_mixin.py:190} INFO - [2025-09-19T07:19:53.513+0000] {dagbag.py:588} INFO - Filling up the DagBag from /home/airflow/.local/lib/python3.12/site-packages/airflow/example_dags/example_branch_operator.py
[2025-09-19T07:19:53.544+0000] {processor.py:925} INFO - DAG(s) 'example_branch_operator' retrieved from /home/airflow/.local/lib/python3.12/site-packages/airflow/example_dags/example_branch_operator.py
[2025-09-19T07:19:53.596+0000] {logging_mixin.py:190} INFO - [2025-09-19T07:19:53.596+0000] {dag.py:3239} INFO - Sync 1 DAGs
[2025-09-19T07:19:53.641+0000] {logging_mixin.py:190} INFO - [2025-09-19T07:19:53.641+0000] {dag.py:4180} INFO - Setting next_dagrun for example_branch_operator to 2025-09-18 00:00:00+00:00, run_after=2025-09-19 00:00:00+00:00
[2025-09-19T07:19:53.671+0000] {processor.py:208} INFO - Processing /home/airflow/.local/lib/python3.12/site-packages/airflow/example_dags/example_branch_operator.py took 0.172 seconds
[2025-09-19T07:20:24.098+0000] {processor.py:186} INFO - Started process (PID=3545) to work on /home/airflow/.local/lib/python3.12/site-packages/airflow/example_dags/example_branch_operator.py
[2025-09-19T07:20:24.100+0000] {processor.py:914} INFO - Processing file /home/airflow/.local/lib/python3.12/site-packages/airflow/example_dags/example_branch_operator.py for tasks to queue
[2025-09-19T07:20:24.104+0000] {logging_mixin.py:190} INFO - [2025-09-19T07:20:24.103+0000] {dagbag.py:588} INFO - Filling up the DagBag from /home/airflow/.local/lib/python3.12/site-packages/airflow/example_dags/example_branch_operator.py
[2025-09-19T07:20:24.134+0000] {processor.py:925} INFO - DAG(s) 'example_branch_operator' retrieved from /home/airflow/.local/lib/python3.12/site-packages/airflow/example_dags/example_branch_operator.py
[2025-09-19T07:20:24.185+0000] {logging_mixin.py:190} INFO - [2025-09-19T07:20:24.184+0000] {dag.py:3239} INFO - Sync 1 DAGs
[2025-09-19T07:20:24.488+0000] {logging_mixin.py:190} INFO - [2025-09-19T07:20:24.488+0000] {dag.py:4180} INFO - Setting next_dagrun for example_branch_operator to 2025-09-18 00:00:00+00:00, run_after=2025-09-19 00:00:00+00:00
[2025-09-19T07:20:24.525+0000] {processor.py:208} INFO - Processing /home/airflow/.local/lib/python3.12/site-packages/airflow/example_dags/example_branch_operator.py took 0.436 seconds
[2025-09-19T07:20:55.079+0000] {processor.py:186} INFO - Started process (PID=3607) to work on /home/airflow/.local/lib/python3.12/site-packages/airflow/example_dags/example_branch_operator.py
[2025-09-19T07:20:55.080+0000] {processor.py:914} INFO - Processing file /home/airflow/.local/lib/python3.12/site-packages/airflow/example_dags/example_branch_operator.py for tasks to queue
[2025-09-19T07:20:55.084+0000] {logging_mixin.py:190} INFO - [2025-09-19T07:20:55.083+0000] {dagbag.py:588} INFO - Filling up the DagBag from /home/airflow/.local/lib/python3.12/site-packages/airflow/example_dags/example_branch_operator.py
[2025-09-19T07:20:55.115+0000] {processor.py:925} INFO - DAG(s) 'example_branch_operator' retrieved from /home/airflow/.local/lib/python3.12/site-packages/airflow/example_dags/example_branch_operator.py
[2025-09-19T07:20:55.165+0000] {logging_mixin.py:190} INFO - [2025-09-19T07:20:55.164+0000] {dag.py:3239} INFO - Sync 1 DAGs
[2025-09-19T07:20:55.210+0000] {logging_mixin.py:190} INFO - [2025-09-19T07:20:55.210+0000] {dag.py:4180} INFO - Setting next_dagrun for example_branch_operator to 2025-09-18 00:00:00+00:00, run_after=2025-09-19 00:00:00+00:00
[2025-09-19T07:20:55.240+0000] {processor.py:208} INFO - Processing /home/airflow/.local/lib/python3.12/site-packages/airflow/example_dags/example_branch_operator.py took 0.171 seconds
[2025-09-19T07:21:25.501+0000] {processor.py:186} INFO - Started process (PID=3667) to work on /home/airflow/.local/lib/python3.12/site-packages/airflow/example_dags/example_branch_operator.py
[2025-09-19T07:21:25.503+0000] {processor.py:914} INFO - Processing file /home/airflow/.local/lib/python3.12/site-packages/airflow/example_dags/example_branch_operator.py for tasks to queue
[2025-09-19T07:21:25.507+0000] {logging_mixin.py:190} INFO - [2025-09-19T07:21:25.506+0000] {dagbag.py:588} INFO - Filling up the DagBag from /home/airflow/.local/lib/python3.12/site-packages/airflow/example_dags/example_branch_operator.py
[2025-09-19T07:21:25.538+0000] {processor.py:925} INFO - DAG(s) 'example_branch_operator' retrieved from /home/airflow/.local/lib/python3.12/site-packages/airflow/example_dags/example_branch_operator.py
[2025-09-19T07:21:25.596+0000] {logging_mixin.py:190} INFO - [2025-09-19T07:21:25.596+0000] {dag.py:3239} INFO - Sync 1 DAGs
[2025-09-19T07:21:25.656+0000] {logging_mixin.py:190} INFO - [2025-09-19T07:21:25.655+0000] {dag.py:4180} INFO - Setting next_dagrun for example_branch_operator to 2025-09-18 00:00:00+00:00, run_after=2025-09-19 00:00:00+00:00
[2025-09-19T07:21:25.692+0000] {processor.py:208} INFO - Processing /home/airflow/.local/lib/python3.12/site-packages/airflow/example_dags/example_branch_operator.py took 0.201 seconds
[2025-09-19T07:21:56.915+0000] {processor.py:186} INFO - Started process (PID=3729) to work on /home/airflow/.local/lib/python3.12/site-packages/airflow/example_dags/example_branch_operator.py
[2025-09-19T07:21:56.916+0000] {processor.py:914} INFO - Processing file /home/airflow/.local/lib/python3.12/site-packages/airflow/example_dags/example_branch_operator.py for tasks to queue
[2025-09-19T07:21:56.920+0000] {logging_mixin.py:190} INFO - [2025-09-19T07:21:56.920+0000] {dagbag.py:588} INFO - Filling up the DagBag from /home/airflow/.local/lib/python3.12/site-packages/airflow/example_dags/example_branch_operator.py
[2025-09-19T07:21:56.955+0000] {processor.py:925} INFO - DAG(s) 'example_branch_operator' retrieved from /home/airflow/.local/lib/python3.12/site-packages/airflow/example_dags/example_branch_operator.py
[2025-09-19T07:21:57.305+0000] {logging_mixin.py:190} INFO - [2025-09-19T07:21:57.305+0000] {dag.py:3239} INFO - Sync 1 DAGs
[2025-09-19T07:21:57.346+0000] {logging_mixin.py:190} INFO - [2025-09-19T07:21:57.345+0000] {dag.py:4180} INFO - Setting next_dagrun for example_branch_operator to 2025-09-18 00:00:00+00:00, run_after=2025-09-19 00:00:00+00:00
[2025-09-19T07:21:57.379+0000] {processor.py:208} INFO - Processing /home/airflow/.local/lib/python3.12/site-packages/airflow/example_dags/example_branch_operator.py took 0.473 seconds
[2025-09-19T07:22:28.268+0000] {processor.py:186} INFO - Started process (PID=3791) to work on /home/airflow/.local/lib/python3.12/site-packages/airflow/example_dags/example_branch_operator.py
[2025-09-19T07:22:28.270+0000] {processor.py:914} INFO - Processing file /home/airflow/.local/lib/python3.12/site-packages/airflow/example_dags/example_branch_operator.py for tasks to queue
[2025-09-19T07:22:28.273+0000] {logging_mixin.py:190} INFO - [2025-09-19T07:22:28.273+0000] {dagbag.py:588} INFO - Filling up the DagBag from /home/airflow/.local/lib/python3.12/site-packages/airflow/example_dags/example_branch_operator.py
[2025-09-19T07:22:28.305+0000] {processor.py:925} INFO - DAG(s) 'example_branch_operator' retrieved from /home/airflow/.local/lib/python3.12/site-packages/airflow/example_dags/example_branch_operator.py
[2025-09-19T07:22:28.360+0000] {logging_mixin.py:190} INFO - [2025-09-19T07:22:28.359+0000] {dag.py:3239} INFO - Sync 1 DAGs
[2025-09-19T07:22:28.658+0000] {logging_mixin.py:190} INFO - [2025-09-19T07:22:28.657+0000] {dag.py:4180} INFO - Setting next_dagrun for example_branch_operator to 2025-09-18 00:00:00+00:00, run_after=2025-09-19 00:00:00+00:00
[2025-09-19T07:22:28.692+0000] {processor.py:208} INFO - Processing /home/airflow/.local/lib/python3.12/site-packages/airflow/example_dags/example_branch_operator.py took 0.435 seconds
[2025-09-19T07:22:59.071+0000] {processor.py:186} INFO - Started process (PID=3853) to work on /home/airflow/.local/lib/python3.12/site-packages/airflow/example_dags/example_branch_operator.py
[2025-09-19T07:22:59.073+0000] {processor.py:914} INFO - Processing file /home/airflow/.local/lib/python3.12/site-packages/airflow/example_dags/example_branch_operator.py for tasks to queue
[2025-09-19T07:22:59.077+0000] {logging_mixin.py:190} INFO - [2025-09-19T07:22:59.076+0000] {dagbag.py:588} INFO - Filling up the DagBag from /home/airflow/.local/lib/python3.12/site-packages/airflow/example_dags/example_branch_operator.py
[2025-09-19T07:22:59.108+0000] {processor.py:925} INFO - DAG(s) 'example_branch_operator' retrieved from /home/airflow/.local/lib/python3.12/site-packages/airflow/example_dags/example_branch_operator.py
[2025-09-19T07:22:59.163+0000] {logging_mixin.py:190} INFO - [2025-09-19T07:22:59.162+0000] {dag.py:3239} INFO - Sync 1 DAGs
[2025-09-19T07:22:59.471+0000] {logging_mixin.py:190} INFO - [2025-09-19T07:22:59.470+0000] {dag.py:4180} INFO - Setting next_dagrun for example_branch_operator to 2025-09-18 00:00:00+00:00, run_after=2025-09-19 00:00:00+00:00
[2025-09-19T07:22:59.505+0000] {processor.py:208} INFO - Processing /home/airflow/.local/lib/python3.12/site-packages/airflow/example_dags/example_branch_operator.py took 0.444 seconds
[2025-09-19T07:23:30.387+0000] {processor.py:186} INFO - Started process (PID=3915) to work on /home/airflow/.local/lib/python3.12/site-packages/airflow/example_dags/example_branch_operator.py
[2025-09-19T07:23:30.389+0000] {processor.py:914} INFO - Processing file /home/airflow/.local/lib/python3.12/site-packages/airflow/example_dags/example_branch_operator.py for tasks to queue
[2025-09-19T07:23:30.394+0000] {logging_mixin.py:190} INFO - [2025-09-19T07:23:30.393+0000] {dagbag.py:588} INFO - Filling up the DagBag from /home/airflow/.local/lib/python3.12/site-packages/airflow/example_dags/example_branch_operator.py
[2025-09-19T07:23:30.432+0000] {processor.py:925} INFO - DAG(s) 'example_branch_operator' retrieved from /home/airflow/.local/lib/python3.12/site-packages/airflow/example_dags/example_branch_operator.py
[2025-09-19T07:23:30.492+0000] {logging_mixin.py:190} INFO - [2025-09-19T07:23:30.491+0000] {dag.py:3239} INFO - Sync 1 DAGs
[2025-09-19T07:23:30.542+0000] {logging_mixin.py:190} INFO - [2025-09-19T07:23:30.542+0000] {dag.py:4180} INFO - Setting next_dagrun for example_branch_operator to 2025-09-18 00:00:00+00:00, run_after=2025-09-19 00:00:00+00:00
[2025-09-19T07:23:30.580+0000] {processor.py:208} INFO - Processing /home/airflow/.local/lib/python3.12/site-packages/airflow/example_dags/example_branch_operator.py took 0.203 seconds
[2025-09-19T07:24:00.845+0000] {processor.py:186} INFO - Started process (PID=3977) to work on /home/airflow/.local/lib/python3.12/site-packages/airflow/example_dags/example_branch_operator.py
[2025-09-19T07:24:00.847+0000] {processor.py:914} INFO - Processing file /home/airflow/.local/lib/python3.12/site-packages/airflow/example_dags/example_branch_operator.py for tasks to queue
[2025-09-19T07:24:00.851+0000] {logging_mixin.py:190} INFO - [2025-09-19T07:24:00.850+0000] {dagbag.py:588} INFO - Filling up the DagBag from /home/airflow/.local/lib/python3.12/site-packages/airflow/example_dags/example_branch_operator.py
[2025-09-19T07:24:00.886+0000] {processor.py:925} INFO - DAG(s) 'example_branch_operator' retrieved from /home/airflow/.local/lib/python3.12/site-packages/airflow/example_dags/example_branch_operator.py
[2025-09-19T07:24:00.946+0000] {logging_mixin.py:190} INFO - [2025-09-19T07:24:00.945+0000] {dag.py:3239} INFO - Sync 1 DAGs
[2025-09-19T07:24:00.996+0000] {logging_mixin.py:190} INFO - [2025-09-19T07:24:00.995+0000] {dag.py:4180} INFO - Setting next_dagrun for example_branch_operator to 2025-09-18 00:00:00+00:00, run_after=2025-09-19 00:00:00+00:00
[2025-09-19T07:24:01.032+0000] {processor.py:208} INFO - Processing /home/airflow/.local/lib/python3.12/site-packages/airflow/example_dags/example_branch_operator.py took 0.197 seconds
[2025-09-19T07:24:32.057+0000] {processor.py:186} INFO - Started process (PID=4045) to work on /home/airflow/.local/lib/python3.12/site-packages/airflow/example_dags/example_branch_operator.py
[2025-09-19T07:24:32.059+0000] {processor.py:914} INFO - Processing file /home/airflow/.local/lib/python3.12/site-packages/airflow/example_dags/example_branch_operator.py for tasks to queue
[2025-09-19T07:24:32.064+0000] {logging_mixin.py:190} INFO - [2025-09-19T07:24:32.063+0000] {dagbag.py:588} INFO - Filling up the DagBag from /home/airflow/.local/lib/python3.12/site-packages/airflow/example_dags/example_branch_operator.py
[2025-09-19T07:24:32.102+0000] {processor.py:925} INFO - DAG(s) 'example_branch_operator' retrieved from /home/airflow/.local/lib/python3.12/site-packages/airflow/example_dags/example_branch_operator.py
[2025-09-19T07:24:32.159+0000] {logging_mixin.py:190} INFO - [2025-09-19T07:24:32.158+0000] {dag.py:3239} INFO - Sync 1 DAGs
[2025-09-19T07:24:32.201+0000] {logging_mixin.py:190} INFO - [2025-09-19T07:24:32.201+0000] {dag.py:4180} INFO - Setting next_dagrun for example_branch_operator to 2025-09-18 00:00:00+00:00, run_after=2025-09-19 00:00:00+00:00
[2025-09-19T07:24:32.236+0000] {processor.py:208} INFO - Processing /home/airflow/.local/lib/python3.12/site-packages/airflow/example_dags/example_branch_operator.py took 0.190 seconds
[2025-09-19T07:25:02.351+0000] {processor.py:186} INFO - Started process (PID=4107) to work on /home/airflow/.local/lib/python3.12/site-packages/airflow/example_dags/example_branch_operator.py
[2025-09-19T07:25:02.353+0000] {processor.py:914} INFO - Processing file /home/airflow/.local/lib/python3.12/site-packages/airflow/example_dags/example_branch_operator.py for tasks to queue
[2025-09-19T07:25:02.357+0000] {logging_mixin.py:190} INFO - [2025-09-19T07:25:02.357+0000] {dagbag.py:588} INFO - Filling up the DagBag from /home/airflow/.local/lib/python3.12/site-packages/airflow/example_dags/example_branch_operator.py
[2025-09-19T07:25:02.387+0000] {processor.py:925} INFO - DAG(s) 'example_branch_operator' retrieved from /home/airflow/.local/lib/python3.12/site-packages/airflow/example_dags/example_branch_operator.py
[2025-09-19T07:25:02.441+0000] {logging_mixin.py:190} INFO - [2025-09-19T07:25:02.440+0000] {dag.py:3239} INFO - Sync 1 DAGs
[2025-09-19T07:25:02.484+0000] {logging_mixin.py:190} INFO - [2025-09-19T07:25:02.484+0000] {dag.py:4180} INFO - Setting next_dagrun for example_branch_operator to 2025-09-18 00:00:00+00:00, run_after=2025-09-19 00:00:00+00:00
[2025-09-19T07:25:02.517+0000] {processor.py:208} INFO - Processing /home/airflow/.local/lib/python3.12/site-packages/airflow/example_dags/example_branch_operator.py took 0.175 seconds
[2025-09-19T07:25:32.707+0000] {processor.py:186} INFO - Started process (PID=4169) to work on /home/airflow/.local/lib/python3.12/site-packages/airflow/example_dags/example_branch_operator.py
[2025-09-19T07:25:32.709+0000] {processor.py:914} INFO - Processing file /home/airflow/.local/lib/python3.12/site-packages/airflow/example_dags/example_branch_operator.py for tasks to queue
[2025-09-19T07:25:32.713+0000] {logging_mixin.py:190} INFO - [2025-09-19T07:25:32.712+0000] {dagbag.py:588} INFO - Filling up the DagBag from /home/airflow/.local/lib/python3.12/site-packages/airflow/example_dags/example_branch_operator.py
[2025-09-19T07:25:32.743+0000] {processor.py:925} INFO - DAG(s) 'example_branch_operator' retrieved from /home/airflow/.local/lib/python3.12/site-packages/airflow/example_dags/example_branch_operator.py
[2025-09-19T07:25:32.799+0000] {logging_mixin.py:190} INFO - [2025-09-19T07:25:32.798+0000] {dag.py:3239} INFO - Sync 1 DAGs
[2025-09-19T07:25:32.842+0000] {logging_mixin.py:190} INFO - [2025-09-19T07:25:32.842+0000] {dag.py:4180} INFO - Setting next_dagrun for example_branch_operator to 2025-09-18 00:00:00+00:00, run_after=2025-09-19 00:00:00+00:00
[2025-09-19T07:25:32.876+0000] {processor.py:208} INFO - Processing /home/airflow/.local/lib/python3.12/site-packages/airflow/example_dags/example_branch_operator.py took 0.178 seconds
[2025-09-19T07:26:03.214+0000] {processor.py:186} INFO - Started process (PID=4231) to work on /home/airflow/.local/lib/python3.12/site-packages/airflow/example_dags/example_branch_operator.py
[2025-09-19T07:26:03.216+0000] {processor.py:914} INFO - Processing file /home/airflow/.local/lib/python3.12/site-packages/airflow/example_dags/example_branch_operator.py for tasks to queue
[2025-09-19T07:26:03.219+0000] {logging_mixin.py:190} INFO - [2025-09-19T07:26:03.219+0000] {dagbag.py:588} INFO - Filling up the DagBag from /home/airflow/.local/lib/python3.12/site-packages/airflow/example_dags/example_branch_operator.py
[2025-09-19T07:26:03.250+0000] {processor.py:925} INFO - DAG(s) 'example_branch_operator' retrieved from /home/airflow/.local/lib/python3.12/site-packages/airflow/example_dags/example_branch_operator.py
[2025-09-19T07:26:03.303+0000] {logging_mixin.py:190} INFO - [2025-09-19T07:26:03.303+0000] {dag.py:3239} INFO - Sync 1 DAGs
[2025-09-19T07:26:03.346+0000] {logging_mixin.py:190} INFO - [2025-09-19T07:26:03.346+0000] {dag.py:4180} INFO - Setting next_dagrun for example_branch_operator to 2025-09-18 00:00:00+00:00, run_after=2025-09-19 00:00:00+00:00
[2025-09-19T07:26:03.381+0000] {processor.py:208} INFO - Processing /home/airflow/.local/lib/python3.12/site-packages/airflow/example_dags/example_branch_operator.py took 0.177 seconds
[2025-09-19T07:26:33.688+0000] {processor.py:186} INFO - Started process (PID=4293) to work on /home/airflow/.local/lib/python3.12/site-packages/airflow/example_dags/example_branch_operator.py
[2025-09-19T07:26:33.690+0000] {processor.py:914} INFO - Processing file /home/airflow/.local/lib/python3.12/site-packages/airflow/example_dags/example_branch_operator.py for tasks to queue
[2025-09-19T07:26:33.694+0000] {logging_mixin.py:190} INFO - [2025-09-19T07:26:33.693+0000] {dagbag.py:588} INFO - Filling up the DagBag from /home/airflow/.local/lib/python3.12/site-packages/airflow/example_dags/example_branch_operator.py
[2025-09-19T07:26:33.724+0000] {processor.py:925} INFO - DAG(s) 'example_branch_operator' retrieved from /home/airflow/.local/lib/python3.12/site-packages/airflow/example_dags/example_branch_operator.py
[2025-09-19T07:26:33.776+0000] {logging_mixin.py:190} INFO - [2025-09-19T07:26:33.776+0000] {dag.py:3239} INFO - Sync 1 DAGs
[2025-09-19T07:26:33.821+0000] {logging_mixin.py:190} INFO - [2025-09-19T07:26:33.821+0000] {dag.py:4180} INFO - Setting next_dagrun for example_branch_operator to 2025-09-18 00:00:00+00:00, run_after=2025-09-19 00:00:00+00:00
[2025-09-19T07:26:33.854+0000] {processor.py:208} INFO - Processing /home/airflow/.local/lib/python3.12/site-packages/airflow/example_dags/example_branch_operator.py took 0.176 seconds
[2025-09-19T07:27:04.186+0000] {processor.py:186} INFO - Started process (PID=4355) to work on /home/airflow/.local/lib/python3.12/site-packages/airflow/example_dags/example_branch_operator.py
[2025-09-19T07:27:04.188+0000] {processor.py:914} INFO - Processing file /home/airflow/.local/lib/python3.12/site-packages/airflow/example_dags/example_branch_operator.py for tasks to queue
[2025-09-19T07:27:04.193+0000] {logging_mixin.py:190} INFO - [2025-09-19T07:27:04.192+0000] {dagbag.py:588} INFO - Filling up the DagBag from /home/airflow/.local/lib/python3.12/site-packages/airflow/example_dags/example_branch_operator.py
[2025-09-19T07:27:04.226+0000] {processor.py:925} INFO - DAG(s) 'example_branch_operator' retrieved from /home/airflow/.local/lib/python3.12/site-packages/airflow/example_dags/example_branch_operator.py
[2025-09-19T07:27:04.283+0000] {logging_mixin.py:190} INFO - [2025-09-19T07:27:04.282+0000] {dag.py:3239} INFO - Sync 1 DAGs
[2025-09-19T07:27:04.329+0000] {logging_mixin.py:190} INFO - [2025-09-19T07:27:04.329+0000] {dag.py:4180} INFO - Setting next_dagrun for example_branch_operator to 2025-09-18 00:00:00+00:00, run_after=2025-09-19 00:00:00+00:00
[2025-09-19T07:27:04.364+0000] {processor.py:208} INFO - Processing /home/airflow/.local/lib/python3.12/site-packages/airflow/example_dags/example_branch_operator.py took 0.187 seconds
[2025-09-19T07:27:34.506+0000] {processor.py:186} INFO - Started process (PID=4417) to work on /home/airflow/.local/lib/python3.12/site-packages/airflow/example_dags/example_branch_operator.py
[2025-09-19T07:27:34.508+0000] {processor.py:914} INFO - Processing file /home/airflow/.local/lib/python3.12/site-packages/airflow/example_dags/example_branch_operator.py for tasks to queue
[2025-09-19T07:27:34.512+0000] {logging_mixin.py:190} INFO - [2025-09-19T07:27:34.511+0000] {dagbag.py:588} INFO - Filling up the DagBag from /home/airflow/.local/lib/python3.12/site-packages/airflow/example_dags/example_branch_operator.py
[2025-09-19T07:27:34.543+0000] {processor.py:925} INFO - DAG(s) 'example_branch_operator' retrieved from /home/airflow/.local/lib/python3.12/site-packages/airflow/example_dags/example_branch_operator.py
[2025-09-19T07:27:34.596+0000] {logging_mixin.py:190} INFO - [2025-09-19T07:27:34.595+0000] {dag.py:3239} INFO - Sync 1 DAGs
[2025-09-19T07:27:34.642+0000] {logging_mixin.py:190} INFO - [2025-09-19T07:27:34.641+0000] {dag.py:4180} INFO - Setting next_dagrun for example_branch_operator to 2025-09-18 00:00:00+00:00, run_after=2025-09-19 00:00:00+00:00
[2025-09-19T07:27:34.675+0000] {processor.py:208} INFO - Processing /home/airflow/.local/lib/python3.12/site-packages/airflow/example_dags/example_branch_operator.py took 0.179 seconds
