[2025-09-19T06:52:10.945+0000] {processor.py:186} INFO - Started process (PID=92) to work on /home/airflow/.local/lib/python3.12/site-packages/airflow/example_dags/tutorial.py
[2025-09-19T06:52:10.947+0000] {processor.py:914} INFO - Processing file /home/airflow/.local/lib/python3.12/site-packages/airflow/example_dags/tutorial.py for tasks to queue
[2025-09-19T06:52:10.950+0000] {logging_mixin.py:190} INFO - [2025-09-19T06:52:10.949+0000] {dagbag.py:588} INFO - Filling up the DagBag from /home/airflow/.local/lib/python3.12/site-packages/airflow/example_dags/tutorial.py
[2025-09-19T06:52:10.966+0000] {processor.py:925} INFO - DAG(s) 'tutorial' retrieved from /home/airflow/.local/lib/python3.12/site-packages/airflow/example_dags/tutorial.py
[2025-09-19T06:52:11.005+0000] {logging_mixin.py:190} INFO - [2025-09-19T06:52:11.004+0000] {dag.py:3239} INFO - Sync 1 DAGs
[2025-09-19T06:52:11.043+0000] {logging_mixin.py:190} INFO - [2025-09-19T06:52:11.043+0000] {dag.py:4180} INFO - Setting next_dagrun for tutorial to 2025-09-18 00:00:00+00:00, run_after=2025-09-19 00:00:00+00:00
[2025-09-19T06:52:11.074+0000] {processor.py:208} INFO - Processing /home/airflow/.local/lib/python3.12/site-packages/airflow/example_dags/tutorial.py took 0.138 seconds
[2025-09-19T06:52:41.266+0000] {processor.py:186} INFO - Started process (PID=154) to work on /home/airflow/.local/lib/python3.12/site-packages/airflow/example_dags/tutorial.py
[2025-09-19T06:52:41.268+0000] {processor.py:914} INFO - Processing file /home/airflow/.local/lib/python3.12/site-packages/airflow/example_dags/tutorial.py for tasks to queue
[2025-09-19T06:52:41.271+0000] {logging_mixin.py:190} INFO - [2025-09-19T06:52:41.270+0000] {dagbag.py:588} INFO - Filling up the DagBag from /home/airflow/.local/lib/python3.12/site-packages/airflow/example_dags/tutorial.py
[2025-09-19T06:52:41.283+0000] {processor.py:925} INFO - DAG(s) 'tutorial' retrieved from /home/airflow/.local/lib/python3.12/site-packages/airflow/example_dags/tutorial.py
[2025-09-19T06:52:41.313+0000] {logging_mixin.py:190} INFO - [2025-09-19T06:52:41.313+0000] {dag.py:3239} INFO - Sync 1 DAGs
[2025-09-19T06:52:41.353+0000] {logging_mixin.py:190} INFO - [2025-09-19T06:52:41.353+0000] {dag.py:4180} INFO - Setting next_dagrun for tutorial to 2025-09-18 00:00:00+00:00, run_after=2025-09-19 00:00:00+00:00
[2025-09-19T06:52:41.383+0000] {processor.py:208} INFO - Processing /home/airflow/.local/lib/python3.12/site-packages/airflow/example_dags/tutorial.py took 0.126 seconds
[2025-09-19T06:53:12.140+0000] {processor.py:186} INFO - Started process (PID=216) to work on /home/airflow/.local/lib/python3.12/site-packages/airflow/example_dags/tutorial.py
[2025-09-19T06:53:12.142+0000] {processor.py:914} INFO - Processing file /home/airflow/.local/lib/python3.12/site-packages/airflow/example_dags/tutorial.py for tasks to queue
[2025-09-19T06:53:12.146+0000] {logging_mixin.py:190} INFO - [2025-09-19T06:53:12.145+0000] {dagbag.py:588} INFO - Filling up the DagBag from /home/airflow/.local/lib/python3.12/site-packages/airflow/example_dags/tutorial.py
[2025-09-19T06:53:12.158+0000] {processor.py:925} INFO - DAG(s) 'tutorial' retrieved from /home/airflow/.local/lib/python3.12/site-packages/airflow/example_dags/tutorial.py
[2025-09-19T06:53:12.190+0000] {logging_mixin.py:190} INFO - [2025-09-19T06:53:12.190+0000] {dag.py:3239} INFO - Sync 1 DAGs
[2025-09-19T06:53:12.232+0000] {logging_mixin.py:190} INFO - [2025-09-19T06:53:12.231+0000] {dag.py:4180} INFO - Setting next_dagrun for tutorial to 2025-09-18 00:00:00+00:00, run_after=2025-09-19 00:00:00+00:00
[2025-09-19T06:53:12.265+0000] {processor.py:208} INFO - Processing /home/airflow/.local/lib/python3.12/site-packages/airflow/example_dags/tutorial.py took 0.134 seconds
[2025-09-19T06:53:42.858+0000] {processor.py:186} INFO - Started process (PID=278) to work on /home/airflow/.local/lib/python3.12/site-packages/airflow/example_dags/tutorial.py
[2025-09-19T06:53:42.859+0000] {processor.py:914} INFO - Processing file /home/airflow/.local/lib/python3.12/site-packages/airflow/example_dags/tutorial.py for tasks to queue
[2025-09-19T06:53:42.864+0000] {logging_mixin.py:190} INFO - [2025-09-19T06:53:42.863+0000] {dagbag.py:588} INFO - Filling up the DagBag from /home/airflow/.local/lib/python3.12/site-packages/airflow/example_dags/tutorial.py
[2025-09-19T06:53:42.877+0000] {processor.py:925} INFO - DAG(s) 'tutorial' retrieved from /home/airflow/.local/lib/python3.12/site-packages/airflow/example_dags/tutorial.py
[2025-09-19T06:53:42.913+0000] {logging_mixin.py:190} INFO - [2025-09-19T06:53:42.913+0000] {dag.py:3239} INFO - Sync 1 DAGs
[2025-09-19T06:53:42.956+0000] {logging_mixin.py:190} INFO - [2025-09-19T06:53:42.955+0000] {dag.py:4180} INFO - Setting next_dagrun for tutorial to 2025-09-18 00:00:00+00:00, run_after=2025-09-19 00:00:00+00:00
[2025-09-19T06:53:42.988+0000] {processor.py:208} INFO - Processing /home/airflow/.local/lib/python3.12/site-packages/airflow/example_dags/tutorial.py took 0.140 seconds
[2025-09-19T06:54:13.367+0000] {processor.py:186} INFO - Started process (PID=341) to work on /home/airflow/.local/lib/python3.12/site-packages/airflow/example_dags/tutorial.py
[2025-09-19T06:54:13.369+0000] {processor.py:914} INFO - Processing file /home/airflow/.local/lib/python3.12/site-packages/airflow/example_dags/tutorial.py for tasks to queue
[2025-09-19T06:54:13.373+0000] {logging_mixin.py:190} INFO - [2025-09-19T06:54:13.373+0000] {dagbag.py:588} INFO - Filling up the DagBag from /home/airflow/.local/lib/python3.12/site-packages/airflow/example_dags/tutorial.py
[2025-09-19T06:54:13.385+0000] {processor.py:925} INFO - DAG(s) 'tutorial' retrieved from /home/airflow/.local/lib/python3.12/site-packages/airflow/example_dags/tutorial.py
[2025-09-19T06:54:13.417+0000] {logging_mixin.py:190} INFO - [2025-09-19T06:54:13.417+0000] {dag.py:3239} INFO - Sync 1 DAGs
[2025-09-19T06:54:13.459+0000] {logging_mixin.py:190} INFO - [2025-09-19T06:54:13.459+0000] {dag.py:4180} INFO - Setting next_dagrun for tutorial to 2025-09-18 00:00:00+00:00, run_after=2025-09-19 00:00:00+00:00
[2025-09-19T06:54:13.491+0000] {processor.py:208} INFO - Processing /home/airflow/.local/lib/python3.12/site-packages/airflow/example_dags/tutorial.py took 0.133 seconds
[2025-09-19T06:54:43.821+0000] {processor.py:186} INFO - Started process (PID=403) to work on /home/airflow/.local/lib/python3.12/site-packages/airflow/example_dags/tutorial.py
[2025-09-19T06:54:43.822+0000] {processor.py:914} INFO - Processing file /home/airflow/.local/lib/python3.12/site-packages/airflow/example_dags/tutorial.py for tasks to queue
[2025-09-19T06:54:43.827+0000] {logging_mixin.py:190} INFO - [2025-09-19T06:54:43.826+0000] {dagbag.py:588} INFO - Filling up the DagBag from /home/airflow/.local/lib/python3.12/site-packages/airflow/example_dags/tutorial.py
[2025-09-19T06:54:43.839+0000] {processor.py:925} INFO - DAG(s) 'tutorial' retrieved from /home/airflow/.local/lib/python3.12/site-packages/airflow/example_dags/tutorial.py
[2025-09-19T06:54:43.872+0000] {logging_mixin.py:190} INFO - [2025-09-19T06:54:43.872+0000] {dag.py:3239} INFO - Sync 1 DAGs
[2025-09-19T06:54:43.913+0000] {logging_mixin.py:190} INFO - [2025-09-19T06:54:43.912+0000] {dag.py:4180} INFO - Setting next_dagrun for tutorial to 2025-09-18 00:00:00+00:00, run_after=2025-09-19 00:00:00+00:00
[2025-09-19T06:54:43.945+0000] {processor.py:208} INFO - Processing /home/airflow/.local/lib/python3.12/site-packages/airflow/example_dags/tutorial.py took 0.134 seconds
[2025-09-19T06:55:15.012+0000] {processor.py:186} INFO - Started process (PID=465) to work on /home/airflow/.local/lib/python3.12/site-packages/airflow/example_dags/tutorial.py
[2025-09-19T06:55:15.013+0000] {processor.py:914} INFO - Processing file /home/airflow/.local/lib/python3.12/site-packages/airflow/example_dags/tutorial.py for tasks to queue
[2025-09-19T06:55:15.018+0000] {logging_mixin.py:190} INFO - [2025-09-19T06:55:15.017+0000] {dagbag.py:588} INFO - Filling up the DagBag from /home/airflow/.local/lib/python3.12/site-packages/airflow/example_dags/tutorial.py
[2025-09-19T06:55:15.031+0000] {processor.py:925} INFO - DAG(s) 'tutorial' retrieved from /home/airflow/.local/lib/python3.12/site-packages/airflow/example_dags/tutorial.py
[2025-09-19T06:55:15.065+0000] {logging_mixin.py:190} INFO - [2025-09-19T06:55:15.064+0000] {dag.py:3239} INFO - Sync 1 DAGs
[2025-09-19T06:55:15.112+0000] {logging_mixin.py:190} INFO - [2025-09-19T06:55:15.112+0000] {dag.py:4180} INFO - Setting next_dagrun for tutorial to 2025-09-18 00:00:00+00:00, run_after=2025-09-19 00:00:00+00:00
[2025-09-19T06:55:15.148+0000] {processor.py:208} INFO - Processing /home/airflow/.local/lib/python3.12/site-packages/airflow/example_dags/tutorial.py took 0.147 seconds
[2025-09-19T06:55:45.937+0000] {processor.py:186} INFO - Started process (PID=527) to work on /home/airflow/.local/lib/python3.12/site-packages/airflow/example_dags/tutorial.py
[2025-09-19T06:55:45.939+0000] {processor.py:914} INFO - Processing file /home/airflow/.local/lib/python3.12/site-packages/airflow/example_dags/tutorial.py for tasks to queue
[2025-09-19T06:55:45.943+0000] {logging_mixin.py:190} INFO - [2025-09-19T06:55:45.942+0000] {dagbag.py:588} INFO - Filling up the DagBag from /home/airflow/.local/lib/python3.12/site-packages/airflow/example_dags/tutorial.py
[2025-09-19T06:55:45.957+0000] {processor.py:925} INFO - DAG(s) 'tutorial' retrieved from /home/airflow/.local/lib/python3.12/site-packages/airflow/example_dags/tutorial.py
[2025-09-19T06:55:45.992+0000] {logging_mixin.py:190} INFO - [2025-09-19T06:55:45.991+0000] {dag.py:3239} INFO - Sync 1 DAGs
[2025-09-19T06:55:46.037+0000] {logging_mixin.py:190} INFO - [2025-09-19T06:55:46.037+0000] {dag.py:4180} INFO - Setting next_dagrun for tutorial to 2025-09-18 00:00:00+00:00, run_after=2025-09-19 00:00:00+00:00
[2025-09-19T06:55:46.073+0000] {processor.py:208} INFO - Processing /home/airflow/.local/lib/python3.12/site-packages/airflow/example_dags/tutorial.py took 0.145 seconds
[2025-09-19T06:56:16.825+0000] {processor.py:186} INFO - Started process (PID=595) to work on /home/airflow/.local/lib/python3.12/site-packages/airflow/example_dags/tutorial.py
[2025-09-19T06:56:16.827+0000] {processor.py:914} INFO - Processing file /home/airflow/.local/lib/python3.12/site-packages/airflow/example_dags/tutorial.py for tasks to queue
[2025-09-19T06:56:16.831+0000] {logging_mixin.py:190} INFO - [2025-09-19T06:56:16.831+0000] {dagbag.py:588} INFO - Filling up the DagBag from /home/airflow/.local/lib/python3.12/site-packages/airflow/example_dags/tutorial.py
[2025-09-19T06:56:16.843+0000] {processor.py:925} INFO - DAG(s) 'tutorial' retrieved from /home/airflow/.local/lib/python3.12/site-packages/airflow/example_dags/tutorial.py
[2025-09-19T06:56:16.876+0000] {logging_mixin.py:190} INFO - [2025-09-19T06:56:16.875+0000] {dag.py:3239} INFO - Sync 1 DAGs
[2025-09-19T06:56:16.919+0000] {logging_mixin.py:190} INFO - [2025-09-19T06:56:16.919+0000] {dag.py:4180} INFO - Setting next_dagrun for tutorial to 2025-09-18 00:00:00+00:00, run_after=2025-09-19 00:00:00+00:00
[2025-09-19T06:56:16.949+0000] {processor.py:208} INFO - Processing /home/airflow/.local/lib/python3.12/site-packages/airflow/example_dags/tutorial.py took 0.134 seconds
[2025-09-19T06:56:47.403+0000] {processor.py:186} INFO - Started process (PID=658) to work on /home/airflow/.local/lib/python3.12/site-packages/airflow/example_dags/tutorial.py
[2025-09-19T06:56:47.405+0000] {processor.py:914} INFO - Processing file /home/airflow/.local/lib/python3.12/site-packages/airflow/example_dags/tutorial.py for tasks to queue
[2025-09-19T06:56:47.409+0000] {logging_mixin.py:190} INFO - [2025-09-19T06:56:47.409+0000] {dagbag.py:588} INFO - Filling up the DagBag from /home/airflow/.local/lib/python3.12/site-packages/airflow/example_dags/tutorial.py
[2025-09-19T06:56:47.421+0000] {processor.py:925} INFO - DAG(s) 'tutorial' retrieved from /home/airflow/.local/lib/python3.12/site-packages/airflow/example_dags/tutorial.py
[2025-09-19T06:56:47.453+0000] {logging_mixin.py:190} INFO - [2025-09-19T06:56:47.453+0000] {dag.py:3239} INFO - Sync 1 DAGs
[2025-09-19T06:56:47.492+0000] {logging_mixin.py:190} INFO - [2025-09-19T06:56:47.491+0000] {dag.py:4180} INFO - Setting next_dagrun for tutorial to 2025-09-18 00:00:00+00:00, run_after=2025-09-19 00:00:00+00:00
[2025-09-19T06:56:47.524+0000] {processor.py:208} INFO - Processing /home/airflow/.local/lib/python3.12/site-packages/airflow/example_dags/tutorial.py took 0.130 seconds
[2025-09-19T06:57:17.872+0000] {processor.py:186} INFO - Started process (PID=720) to work on /home/airflow/.local/lib/python3.12/site-packages/airflow/example_dags/tutorial.py
[2025-09-19T06:57:17.873+0000] {processor.py:914} INFO - Processing file /home/airflow/.local/lib/python3.12/site-packages/airflow/example_dags/tutorial.py for tasks to queue
[2025-09-19T06:57:17.877+0000] {logging_mixin.py:190} INFO - [2025-09-19T06:57:17.876+0000] {dagbag.py:588} INFO - Filling up the DagBag from /home/airflow/.local/lib/python3.12/site-packages/airflow/example_dags/tutorial.py
[2025-09-19T06:57:17.890+0000] {processor.py:925} INFO - DAG(s) 'tutorial' retrieved from /home/airflow/.local/lib/python3.12/site-packages/airflow/example_dags/tutorial.py
[2025-09-19T06:57:17.921+0000] {logging_mixin.py:190} INFO - [2025-09-19T06:57:17.921+0000] {dag.py:3239} INFO - Sync 1 DAGs
[2025-09-19T06:57:17.963+0000] {logging_mixin.py:190} INFO - [2025-09-19T06:57:17.962+0000] {dag.py:4180} INFO - Setting next_dagrun for tutorial to 2025-09-18 00:00:00+00:00, run_after=2025-09-19 00:00:00+00:00
[2025-09-19T06:57:17.992+0000] {processor.py:208} INFO - Processing /home/airflow/.local/lib/python3.12/site-packages/airflow/example_dags/tutorial.py took 0.130 seconds
[2025-09-19T06:57:48.132+0000] {processor.py:186} INFO - Started process (PID=782) to work on /home/airflow/.local/lib/python3.12/site-packages/airflow/example_dags/tutorial.py
[2025-09-19T06:57:48.133+0000] {processor.py:914} INFO - Processing file /home/airflow/.local/lib/python3.12/site-packages/airflow/example_dags/tutorial.py for tasks to queue
[2025-09-19T06:57:48.137+0000] {logging_mixin.py:190} INFO - [2025-09-19T06:57:48.137+0000] {dagbag.py:588} INFO - Filling up the DagBag from /home/airflow/.local/lib/python3.12/site-packages/airflow/example_dags/tutorial.py
[2025-09-19T06:57:48.149+0000] {processor.py:925} INFO - DAG(s) 'tutorial' retrieved from /home/airflow/.local/lib/python3.12/site-packages/airflow/example_dags/tutorial.py
[2025-09-19T06:57:48.183+0000] {logging_mixin.py:190} INFO - [2025-09-19T06:57:48.182+0000] {dag.py:3239} INFO - Sync 1 DAGs
[2025-09-19T06:57:48.223+0000] {logging_mixin.py:190} INFO - [2025-09-19T06:57:48.222+0000] {dag.py:4180} INFO - Setting next_dagrun for tutorial to 2025-09-18 00:00:00+00:00, run_after=2025-09-19 00:00:00+00:00
[2025-09-19T06:57:48.253+0000] {processor.py:208} INFO - Processing /home/airflow/.local/lib/python3.12/site-packages/airflow/example_dags/tutorial.py took 0.130 seconds
[2025-09-19T06:58:18.703+0000] {processor.py:186} INFO - Started process (PID=843) to work on /home/airflow/.local/lib/python3.12/site-packages/airflow/example_dags/tutorial.py
[2025-09-19T06:58:18.704+0000] {processor.py:914} INFO - Processing file /home/airflow/.local/lib/python3.12/site-packages/airflow/example_dags/tutorial.py for tasks to queue
[2025-09-19T06:58:18.708+0000] {logging_mixin.py:190} INFO - [2025-09-19T06:58:18.708+0000] {dagbag.py:588} INFO - Filling up the DagBag from /home/airflow/.local/lib/python3.12/site-packages/airflow/example_dags/tutorial.py
[2025-09-19T06:58:18.720+0000] {processor.py:925} INFO - DAG(s) 'tutorial' retrieved from /home/airflow/.local/lib/python3.12/site-packages/airflow/example_dags/tutorial.py
[2025-09-19T06:58:18.753+0000] {logging_mixin.py:190} INFO - [2025-09-19T06:58:18.753+0000] {dag.py:3239} INFO - Sync 1 DAGs
[2025-09-19T06:58:18.795+0000] {logging_mixin.py:190} INFO - [2025-09-19T06:58:18.794+0000] {dag.py:4180} INFO - Setting next_dagrun for tutorial to 2025-09-18 00:00:00+00:00, run_after=2025-09-19 00:00:00+00:00
[2025-09-19T06:58:18.827+0000] {processor.py:208} INFO - Processing /home/airflow/.local/lib/python3.12/site-packages/airflow/example_dags/tutorial.py took 0.134 seconds
[2025-09-19T06:58:49.933+0000] {processor.py:186} INFO - Started process (PID=906) to work on /home/airflow/.local/lib/python3.12/site-packages/airflow/example_dags/tutorial.py
[2025-09-19T06:58:49.935+0000] {processor.py:914} INFO - Processing file /home/airflow/.local/lib/python3.12/site-packages/airflow/example_dags/tutorial.py for tasks to queue
[2025-09-19T06:58:49.941+0000] {logging_mixin.py:190} INFO - [2025-09-19T06:58:49.941+0000] {dagbag.py:588} INFO - Filling up the DagBag from /home/airflow/.local/lib/python3.12/site-packages/airflow/example_dags/tutorial.py
[2025-09-19T06:58:49.957+0000] {processor.py:925} INFO - DAG(s) 'tutorial' retrieved from /home/airflow/.local/lib/python3.12/site-packages/airflow/example_dags/tutorial.py
[2025-09-19T06:58:49.993+0000] {logging_mixin.py:190} INFO - [2025-09-19T06:58:49.993+0000] {dag.py:3239} INFO - Sync 1 DAGs
[2025-09-19T06:58:50.039+0000] {logging_mixin.py:190} INFO - [2025-09-19T06:58:50.039+0000] {dag.py:4180} INFO - Setting next_dagrun for tutorial to 2025-09-18 00:00:00+00:00, run_after=2025-09-19 00:00:00+00:00
[2025-09-19T06:58:50.074+0000] {processor.py:208} INFO - Processing /home/airflow/.local/lib/python3.12/site-packages/airflow/example_dags/tutorial.py took 0.150 seconds
[2025-09-19T06:59:20.889+0000] {processor.py:186} INFO - Started process (PID=968) to work on /home/airflow/.local/lib/python3.12/site-packages/airflow/example_dags/tutorial.py
[2025-09-19T06:59:20.890+0000] {processor.py:914} INFO - Processing file /home/airflow/.local/lib/python3.12/site-packages/airflow/example_dags/tutorial.py for tasks to queue
[2025-09-19T06:59:20.895+0000] {logging_mixin.py:190} INFO - [2025-09-19T06:59:20.894+0000] {dagbag.py:588} INFO - Filling up the DagBag from /home/airflow/.local/lib/python3.12/site-packages/airflow/example_dags/tutorial.py
[2025-09-19T06:59:20.907+0000] {processor.py:925} INFO - DAG(s) 'tutorial' retrieved from /home/airflow/.local/lib/python3.12/site-packages/airflow/example_dags/tutorial.py
[2025-09-19T06:59:20.942+0000] {logging_mixin.py:190} INFO - [2025-09-19T06:59:20.941+0000] {dag.py:3239} INFO - Sync 1 DAGs
[2025-09-19T06:59:20.984+0000] {logging_mixin.py:190} INFO - [2025-09-19T06:59:20.983+0000] {dag.py:4180} INFO - Setting next_dagrun for tutorial to 2025-09-18 00:00:00+00:00, run_after=2025-09-19 00:00:00+00:00
[2025-09-19T06:59:21.015+0000] {processor.py:208} INFO - Processing /home/airflow/.local/lib/python3.12/site-packages/airflow/example_dags/tutorial.py took 0.135 seconds
[2025-09-19T06:59:51.841+0000] {processor.py:186} INFO - Started process (PID=1030) to work on /home/airflow/.local/lib/python3.12/site-packages/airflow/example_dags/tutorial.py
[2025-09-19T06:59:51.843+0000] {processor.py:914} INFO - Processing file /home/airflow/.local/lib/python3.12/site-packages/airflow/example_dags/tutorial.py for tasks to queue
[2025-09-19T06:59:51.846+0000] {logging_mixin.py:190} INFO - [2025-09-19T06:59:51.846+0000] {dagbag.py:588} INFO - Filling up the DagBag from /home/airflow/.local/lib/python3.12/site-packages/airflow/example_dags/tutorial.py
[2025-09-19T06:59:51.860+0000] {processor.py:925} INFO - DAG(s) 'tutorial' retrieved from /home/airflow/.local/lib/python3.12/site-packages/airflow/example_dags/tutorial.py
[2025-09-19T06:59:51.894+0000] {logging_mixin.py:190} INFO - [2025-09-19T06:59:51.893+0000] {dag.py:3239} INFO - Sync 1 DAGs
[2025-09-19T06:59:51.941+0000] {logging_mixin.py:190} INFO - [2025-09-19T06:59:51.941+0000] {dag.py:4180} INFO - Setting next_dagrun for tutorial to 2025-09-18 00:00:00+00:00, run_after=2025-09-19 00:00:00+00:00
[2025-09-19T06:59:51.976+0000] {processor.py:208} INFO - Processing /home/airflow/.local/lib/python3.12/site-packages/airflow/example_dags/tutorial.py took 0.145 seconds
[2025-09-19T07:00:22.570+0000] {processor.py:186} INFO - Started process (PID=1096) to work on /home/airflow/.local/lib/python3.12/site-packages/airflow/example_dags/tutorial.py
[2025-09-19T07:00:22.571+0000] {processor.py:914} INFO - Processing file /home/airflow/.local/lib/python3.12/site-packages/airflow/example_dags/tutorial.py for tasks to queue
[2025-09-19T07:00:22.576+0000] {logging_mixin.py:190} INFO - [2025-09-19T07:00:22.575+0000] {dagbag.py:588} INFO - Filling up the DagBag from /home/airflow/.local/lib/python3.12/site-packages/airflow/example_dags/tutorial.py
[2025-09-19T07:00:22.588+0000] {processor.py:925} INFO - DAG(s) 'tutorial' retrieved from /home/airflow/.local/lib/python3.12/site-packages/airflow/example_dags/tutorial.py
[2025-09-19T07:00:22.622+0000] {logging_mixin.py:190} INFO - [2025-09-19T07:00:22.621+0000] {dag.py:3239} INFO - Sync 1 DAGs
[2025-09-19T07:00:22.665+0000] {logging_mixin.py:190} INFO - [2025-09-19T07:00:22.665+0000] {dag.py:4180} INFO - Setting next_dagrun for tutorial to 2025-09-18 00:00:00+00:00, run_after=2025-09-19 00:00:00+00:00
[2025-09-19T07:00:22.696+0000] {processor.py:208} INFO - Processing /home/airflow/.local/lib/python3.12/site-packages/airflow/example_dags/tutorial.py took 0.136 seconds
[2025-09-19T07:00:52.991+0000] {processor.py:186} INFO - Started process (PID=1158) to work on /home/airflow/.local/lib/python3.12/site-packages/airflow/example_dags/tutorial.py
[2025-09-19T07:00:52.993+0000] {processor.py:914} INFO - Processing file /home/airflow/.local/lib/python3.12/site-packages/airflow/example_dags/tutorial.py for tasks to queue
[2025-09-19T07:00:52.997+0000] {logging_mixin.py:190} INFO - [2025-09-19T07:00:52.997+0000] {dagbag.py:588} INFO - Filling up the DagBag from /home/airflow/.local/lib/python3.12/site-packages/airflow/example_dags/tutorial.py
[2025-09-19T07:00:53.010+0000] {processor.py:925} INFO - DAG(s) 'tutorial' retrieved from /home/airflow/.local/lib/python3.12/site-packages/airflow/example_dags/tutorial.py
[2025-09-19T07:00:53.042+0000] {logging_mixin.py:190} INFO - [2025-09-19T07:00:53.042+0000] {dag.py:3239} INFO - Sync 1 DAGs
[2025-09-19T07:00:53.083+0000] {logging_mixin.py:190} INFO - [2025-09-19T07:00:53.082+0000] {dag.py:4180} INFO - Setting next_dagrun for tutorial to 2025-09-18 00:00:00+00:00, run_after=2025-09-19 00:00:00+00:00
[2025-09-19T07:00:53.114+0000] {processor.py:208} INFO - Processing /home/airflow/.local/lib/python3.12/site-packages/airflow/example_dags/tutorial.py took 0.131 seconds
[2025-09-19T07:01:23.849+0000] {processor.py:186} INFO - Started process (PID=1226) to work on /home/airflow/.local/lib/python3.12/site-packages/airflow/example_dags/tutorial.py
[2025-09-19T07:01:23.851+0000] {processor.py:914} INFO - Processing file /home/airflow/.local/lib/python3.12/site-packages/airflow/example_dags/tutorial.py for tasks to queue
[2025-09-19T07:01:23.856+0000] {logging_mixin.py:190} INFO - [2025-09-19T07:01:23.855+0000] {dagbag.py:588} INFO - Filling up the DagBag from /home/airflow/.local/lib/python3.12/site-packages/airflow/example_dags/tutorial.py
[2025-09-19T07:01:23.870+0000] {processor.py:925} INFO - DAG(s) 'tutorial' retrieved from /home/airflow/.local/lib/python3.12/site-packages/airflow/example_dags/tutorial.py
[2025-09-19T07:01:23.911+0000] {logging_mixin.py:190} INFO - [2025-09-19T07:01:23.910+0000] {dag.py:3239} INFO - Sync 1 DAGs
[2025-09-19T07:01:23.961+0000] {logging_mixin.py:190} INFO - [2025-09-19T07:01:23.961+0000] {dag.py:4180} INFO - Setting next_dagrun for tutorial to 2025-09-18 00:00:00+00:00, run_after=2025-09-19 00:00:00+00:00
[2025-09-19T07:01:24.001+0000] {processor.py:208} INFO - Processing /home/airflow/.local/lib/python3.12/site-packages/airflow/example_dags/tutorial.py took 0.161 seconds
[2025-09-19T07:01:54.288+0000] {processor.py:186} INFO - Started process (PID=1287) to work on /home/airflow/.local/lib/python3.12/site-packages/airflow/example_dags/tutorial.py
[2025-09-19T07:01:54.290+0000] {processor.py:914} INFO - Processing file /home/airflow/.local/lib/python3.12/site-packages/airflow/example_dags/tutorial.py for tasks to queue
[2025-09-19T07:01:54.293+0000] {logging_mixin.py:190} INFO - [2025-09-19T07:01:54.293+0000] {dagbag.py:588} INFO - Filling up the DagBag from /home/airflow/.local/lib/python3.12/site-packages/airflow/example_dags/tutorial.py
[2025-09-19T07:01:54.305+0000] {processor.py:925} INFO - DAG(s) 'tutorial' retrieved from /home/airflow/.local/lib/python3.12/site-packages/airflow/example_dags/tutorial.py
[2025-09-19T07:01:54.338+0000] {logging_mixin.py:190} INFO - [2025-09-19T07:01:54.338+0000] {dag.py:3239} INFO - Sync 1 DAGs
[2025-09-19T07:01:54.380+0000] {logging_mixin.py:190} INFO - [2025-09-19T07:01:54.380+0000] {dag.py:4180} INFO - Setting next_dagrun for tutorial to 2025-09-18 00:00:00+00:00, run_after=2025-09-19 00:00:00+00:00
[2025-09-19T07:01:54.415+0000] {processor.py:208} INFO - Processing /home/airflow/.local/lib/python3.12/site-packages/airflow/example_dags/tutorial.py took 0.135 seconds
[2025-09-19T07:02:25.036+0000] {processor.py:186} INFO - Started process (PID=1349) to work on /home/airflow/.local/lib/python3.12/site-packages/airflow/example_dags/tutorial.py
[2025-09-19T07:02:25.037+0000] {processor.py:914} INFO - Processing file /home/airflow/.local/lib/python3.12/site-packages/airflow/example_dags/tutorial.py for tasks to queue
[2025-09-19T07:02:25.041+0000] {logging_mixin.py:190} INFO - [2025-09-19T07:02:25.040+0000] {dagbag.py:588} INFO - Filling up the DagBag from /home/airflow/.local/lib/python3.12/site-packages/airflow/example_dags/tutorial.py
[2025-09-19T07:02:25.054+0000] {processor.py:925} INFO - DAG(s) 'tutorial' retrieved from /home/airflow/.local/lib/python3.12/site-packages/airflow/example_dags/tutorial.py
[2025-09-19T07:02:25.088+0000] {logging_mixin.py:190} INFO - [2025-09-19T07:02:25.088+0000] {dag.py:3239} INFO - Sync 1 DAGs
[2025-09-19T07:02:25.131+0000] {logging_mixin.py:190} INFO - [2025-09-19T07:02:25.130+0000] {dag.py:4180} INFO - Setting next_dagrun for tutorial to 2025-09-18 00:00:00+00:00, run_after=2025-09-19 00:00:00+00:00
[2025-09-19T07:02:25.162+0000] {processor.py:208} INFO - Processing /home/airflow/.local/lib/python3.12/site-packages/airflow/example_dags/tutorial.py took 0.135 seconds
[2025-09-19T07:02:55.509+0000] {processor.py:186} INFO - Started process (PID=1410) to work on /home/airflow/.local/lib/python3.12/site-packages/airflow/example_dags/tutorial.py
[2025-09-19T07:02:55.510+0000] {processor.py:914} INFO - Processing file /home/airflow/.local/lib/python3.12/site-packages/airflow/example_dags/tutorial.py for tasks to queue
[2025-09-19T07:02:55.514+0000] {logging_mixin.py:190} INFO - [2025-09-19T07:02:55.514+0000] {dagbag.py:588} INFO - Filling up the DagBag from /home/airflow/.local/lib/python3.12/site-packages/airflow/example_dags/tutorial.py
[2025-09-19T07:02:55.526+0000] {processor.py:925} INFO - DAG(s) 'tutorial' retrieved from /home/airflow/.local/lib/python3.12/site-packages/airflow/example_dags/tutorial.py
[2025-09-19T07:02:55.561+0000] {logging_mixin.py:190} INFO - [2025-09-19T07:02:55.560+0000] {dag.py:3239} INFO - Sync 1 DAGs
[2025-09-19T07:02:55.603+0000] {logging_mixin.py:190} INFO - [2025-09-19T07:02:55.602+0000] {dag.py:4180} INFO - Setting next_dagrun for tutorial to 2025-09-18 00:00:00+00:00, run_after=2025-09-19 00:00:00+00:00
[2025-09-19T07:02:55.633+0000] {processor.py:208} INFO - Processing /home/airflow/.local/lib/python3.12/site-packages/airflow/example_dags/tutorial.py took 0.134 seconds
[2025-09-19T07:03:26.149+0000] {processor.py:186} INFO - Started process (PID=1472) to work on /home/airflow/.local/lib/python3.12/site-packages/airflow/example_dags/tutorial.py
[2025-09-19T07:03:26.150+0000] {processor.py:914} INFO - Processing file /home/airflow/.local/lib/python3.12/site-packages/airflow/example_dags/tutorial.py for tasks to queue
[2025-09-19T07:03:26.155+0000] {logging_mixin.py:190} INFO - [2025-09-19T07:03:26.154+0000] {dagbag.py:588} INFO - Filling up the DagBag from /home/airflow/.local/lib/python3.12/site-packages/airflow/example_dags/tutorial.py
[2025-09-19T07:03:26.166+0000] {processor.py:925} INFO - DAG(s) 'tutorial' retrieved from /home/airflow/.local/lib/python3.12/site-packages/airflow/example_dags/tutorial.py
[2025-09-19T07:03:26.201+0000] {logging_mixin.py:190} INFO - [2025-09-19T07:03:26.200+0000] {dag.py:3239} INFO - Sync 1 DAGs
[2025-09-19T07:03:26.244+0000] {logging_mixin.py:190} INFO - [2025-09-19T07:03:26.244+0000] {dag.py:4180} INFO - Setting next_dagrun for tutorial to 2025-09-18 00:00:00+00:00, run_after=2025-09-19 00:00:00+00:00
[2025-09-19T07:03:26.279+0000] {processor.py:208} INFO - Processing /home/airflow/.local/lib/python3.12/site-packages/airflow/example_dags/tutorial.py took 0.139 seconds
[2025-09-19T07:03:57.207+0000] {processor.py:186} INFO - Started process (PID=1535) to work on /home/airflow/.local/lib/python3.12/site-packages/airflow/example_dags/tutorial.py
[2025-09-19T07:03:57.209+0000] {processor.py:914} INFO - Processing file /home/airflow/.local/lib/python3.12/site-packages/airflow/example_dags/tutorial.py for tasks to queue
[2025-09-19T07:03:57.213+0000] {logging_mixin.py:190} INFO - [2025-09-19T07:03:57.213+0000] {dagbag.py:588} INFO - Filling up the DagBag from /home/airflow/.local/lib/python3.12/site-packages/airflow/example_dags/tutorial.py
[2025-09-19T07:03:57.226+0000] {processor.py:925} INFO - DAG(s) 'tutorial' retrieved from /home/airflow/.local/lib/python3.12/site-packages/airflow/example_dags/tutorial.py
[2025-09-19T07:03:57.259+0000] {logging_mixin.py:190} INFO - [2025-09-19T07:03:57.258+0000] {dag.py:3239} INFO - Sync 1 DAGs
[2025-09-19T07:03:57.300+0000] {logging_mixin.py:190} INFO - [2025-09-19T07:03:57.300+0000] {dag.py:4180} INFO - Setting next_dagrun for tutorial to 2025-09-18 00:00:00+00:00, run_after=2025-09-19 00:00:00+00:00
[2025-09-19T07:03:57.331+0000] {processor.py:208} INFO - Processing /home/airflow/.local/lib/python3.12/site-packages/airflow/example_dags/tutorial.py took 0.133 seconds
[2025-09-19T07:04:27.795+0000] {processor.py:186} INFO - Started process (PID=1597) to work on /home/airflow/.local/lib/python3.12/site-packages/airflow/example_dags/tutorial.py
[2025-09-19T07:04:27.796+0000] {processor.py:914} INFO - Processing file /home/airflow/.local/lib/python3.12/site-packages/airflow/example_dags/tutorial.py for tasks to queue
[2025-09-19T07:04:27.800+0000] {logging_mixin.py:190} INFO - [2025-09-19T07:04:27.800+0000] {dagbag.py:588} INFO - Filling up the DagBag from /home/airflow/.local/lib/python3.12/site-packages/airflow/example_dags/tutorial.py
[2025-09-19T07:04:27.814+0000] {processor.py:925} INFO - DAG(s) 'tutorial' retrieved from /home/airflow/.local/lib/python3.12/site-packages/airflow/example_dags/tutorial.py
[2025-09-19T07:04:27.848+0000] {logging_mixin.py:190} INFO - [2025-09-19T07:04:27.847+0000] {dag.py:3239} INFO - Sync 1 DAGs
[2025-09-19T07:04:27.889+0000] {logging_mixin.py:190} INFO - [2025-09-19T07:04:27.888+0000] {dag.py:4180} INFO - Setting next_dagrun for tutorial to 2025-09-18 00:00:00+00:00, run_after=2025-09-19 00:00:00+00:00
[2025-09-19T07:04:27.923+0000] {processor.py:208} INFO - Processing /home/airflow/.local/lib/python3.12/site-packages/airflow/example_dags/tutorial.py took 0.137 seconds
[2025-09-19T07:04:58.483+0000] {processor.py:186} INFO - Started process (PID=1659) to work on /home/airflow/.local/lib/python3.12/site-packages/airflow/example_dags/tutorial.py
[2025-09-19T07:04:58.484+0000] {processor.py:914} INFO - Processing file /home/airflow/.local/lib/python3.12/site-packages/airflow/example_dags/tutorial.py for tasks to queue
[2025-09-19T07:04:58.488+0000] {logging_mixin.py:190} INFO - [2025-09-19T07:04:58.488+0000] {dagbag.py:588} INFO - Filling up the DagBag from /home/airflow/.local/lib/python3.12/site-packages/airflow/example_dags/tutorial.py
[2025-09-19T07:04:58.500+0000] {processor.py:925} INFO - DAG(s) 'tutorial' retrieved from /home/airflow/.local/lib/python3.12/site-packages/airflow/example_dags/tutorial.py
[2025-09-19T07:04:58.534+0000] {logging_mixin.py:190} INFO - [2025-09-19T07:04:58.533+0000] {dag.py:3239} INFO - Sync 1 DAGs
[2025-09-19T07:04:58.573+0000] {logging_mixin.py:190} INFO - [2025-09-19T07:04:58.573+0000] {dag.py:4180} INFO - Setting next_dagrun for tutorial to 2025-09-18 00:00:00+00:00, run_after=2025-09-19 00:00:00+00:00
[2025-09-19T07:04:58.604+0000] {processor.py:208} INFO - Processing /home/airflow/.local/lib/python3.12/site-packages/airflow/example_dags/tutorial.py took 0.130 seconds
[2025-09-19T07:05:28.999+0000] {processor.py:186} INFO - Started process (PID=1721) to work on /home/airflow/.local/lib/python3.12/site-packages/airflow/example_dags/tutorial.py
[2025-09-19T07:05:29.001+0000] {processor.py:914} INFO - Processing file /home/airflow/.local/lib/python3.12/site-packages/airflow/example_dags/tutorial.py for tasks to queue
[2025-09-19T07:05:29.005+0000] {logging_mixin.py:190} INFO - [2025-09-19T07:05:29.005+0000] {dagbag.py:588} INFO - Filling up the DagBag from /home/airflow/.local/lib/python3.12/site-packages/airflow/example_dags/tutorial.py
[2025-09-19T07:05:29.018+0000] {processor.py:925} INFO - DAG(s) 'tutorial' retrieved from /home/airflow/.local/lib/python3.12/site-packages/airflow/example_dags/tutorial.py
[2025-09-19T07:05:29.051+0000] {logging_mixin.py:190} INFO - [2025-09-19T07:05:29.050+0000] {dag.py:3239} INFO - Sync 1 DAGs
[2025-09-19T07:05:29.097+0000] {logging_mixin.py:190} INFO - [2025-09-19T07:05:29.097+0000] {dag.py:4180} INFO - Setting next_dagrun for tutorial to 2025-09-18 00:00:00+00:00, run_after=2025-09-19 00:00:00+00:00
[2025-09-19T07:05:29.130+0000] {processor.py:208} INFO - Processing /home/airflow/.local/lib/python3.12/site-packages/airflow/example_dags/tutorial.py took 0.140 seconds
[2025-09-19T07:05:59.327+0000] {processor.py:186} INFO - Started process (PID=1780) to work on /home/airflow/.local/lib/python3.12/site-packages/airflow/example_dags/tutorial.py
[2025-09-19T07:05:59.329+0000] {processor.py:914} INFO - Processing file /home/airflow/.local/lib/python3.12/site-packages/airflow/example_dags/tutorial.py for tasks to queue
[2025-09-19T07:05:59.333+0000] {logging_mixin.py:190} INFO - [2025-09-19T07:05:59.332+0000] {dagbag.py:588} INFO - Filling up the DagBag from /home/airflow/.local/lib/python3.12/site-packages/airflow/example_dags/tutorial.py
[2025-09-19T07:05:59.345+0000] {processor.py:925} INFO - DAG(s) 'tutorial' retrieved from /home/airflow/.local/lib/python3.12/site-packages/airflow/example_dags/tutorial.py
[2025-09-19T07:05:59.383+0000] {logging_mixin.py:190} INFO - [2025-09-19T07:05:59.383+0000] {dag.py:3239} INFO - Sync 1 DAGs
[2025-09-19T07:05:59.425+0000] {logging_mixin.py:190} INFO - [2025-09-19T07:05:59.425+0000] {dag.py:4180} INFO - Setting next_dagrun for tutorial to 2025-09-18 00:00:00+00:00, run_after=2025-09-19 00:00:00+00:00
[2025-09-19T07:05:59.457+0000] {processor.py:208} INFO - Processing /home/airflow/.local/lib/python3.12/site-packages/airflow/example_dags/tutorial.py took 0.139 seconds
[2025-09-19T07:06:30.185+0000] {processor.py:186} INFO - Started process (PID=1847) to work on /home/airflow/.local/lib/python3.12/site-packages/airflow/example_dags/tutorial.py
[2025-09-19T07:06:30.187+0000] {processor.py:914} INFO - Processing file /home/airflow/.local/lib/python3.12/site-packages/airflow/example_dags/tutorial.py for tasks to queue
[2025-09-19T07:06:30.190+0000] {logging_mixin.py:190} INFO - [2025-09-19T07:06:30.190+0000] {dagbag.py:588} INFO - Filling up the DagBag from /home/airflow/.local/lib/python3.12/site-packages/airflow/example_dags/tutorial.py
[2025-09-19T07:06:30.203+0000] {processor.py:925} INFO - DAG(s) 'tutorial' retrieved from /home/airflow/.local/lib/python3.12/site-packages/airflow/example_dags/tutorial.py
[2025-09-19T07:06:30.235+0000] {logging_mixin.py:190} INFO - [2025-09-19T07:06:30.235+0000] {dag.py:3239} INFO - Sync 1 DAGs
[2025-09-19T07:06:30.274+0000] {logging_mixin.py:190} INFO - [2025-09-19T07:06:30.273+0000] {dag.py:4180} INFO - Setting next_dagrun for tutorial to 2025-09-18 00:00:00+00:00, run_after=2025-09-19 00:00:00+00:00
[2025-09-19T07:06:30.305+0000] {processor.py:208} INFO - Processing /home/airflow/.local/lib/python3.12/site-packages/airflow/example_dags/tutorial.py took 0.129 seconds
[2025-09-19T07:07:01.774+0000] {processor.py:186} INFO - Started process (PID=1909) to work on /home/airflow/.local/lib/python3.12/site-packages/airflow/example_dags/tutorial.py
[2025-09-19T07:07:01.775+0000] {processor.py:914} INFO - Processing file /home/airflow/.local/lib/python3.12/site-packages/airflow/example_dags/tutorial.py for tasks to queue
[2025-09-19T07:07:01.779+0000] {logging_mixin.py:190} INFO - [2025-09-19T07:07:01.779+0000] {dagbag.py:588} INFO - Filling up the DagBag from /home/airflow/.local/lib/python3.12/site-packages/airflow/example_dags/tutorial.py
[2025-09-19T07:07:01.792+0000] {processor.py:925} INFO - DAG(s) 'tutorial' retrieved from /home/airflow/.local/lib/python3.12/site-packages/airflow/example_dags/tutorial.py
[2025-09-19T07:07:01.824+0000] {logging_mixin.py:190} INFO - [2025-09-19T07:07:01.823+0000] {dag.py:3239} INFO - Sync 1 DAGs
[2025-09-19T07:07:01.866+0000] {logging_mixin.py:190} INFO - [2025-09-19T07:07:01.866+0000] {dag.py:4180} INFO - Setting next_dagrun for tutorial to 2025-09-18 00:00:00+00:00, run_after=2025-09-19 00:00:00+00:00
[2025-09-19T07:07:01.897+0000] {processor.py:208} INFO - Processing /home/airflow/.local/lib/python3.12/site-packages/airflow/example_dags/tutorial.py took 0.133 seconds
[2025-09-19T07:07:33.141+0000] {processor.py:186} INFO - Started process (PID=1972) to work on /home/airflow/.local/lib/python3.12/site-packages/airflow/example_dags/tutorial.py
[2025-09-19T07:07:33.142+0000] {processor.py:914} INFO - Processing file /home/airflow/.local/lib/python3.12/site-packages/airflow/example_dags/tutorial.py for tasks to queue
[2025-09-19T07:07:33.146+0000] {logging_mixin.py:190} INFO - [2025-09-19T07:07:33.146+0000] {dagbag.py:588} INFO - Filling up the DagBag from /home/airflow/.local/lib/python3.12/site-packages/airflow/example_dags/tutorial.py
[2025-09-19T07:07:33.159+0000] {processor.py:925} INFO - DAG(s) 'tutorial' retrieved from /home/airflow/.local/lib/python3.12/site-packages/airflow/example_dags/tutorial.py
[2025-09-19T07:07:33.192+0000] {logging_mixin.py:190} INFO - [2025-09-19T07:07:33.192+0000] {dag.py:3239} INFO - Sync 1 DAGs
[2025-09-19T07:07:33.236+0000] {logging_mixin.py:190} INFO - [2025-09-19T07:07:33.236+0000] {dag.py:4180} INFO - Setting next_dagrun for tutorial to 2025-09-18 00:00:00+00:00, run_after=2025-09-19 00:00:00+00:00
[2025-09-19T07:07:33.272+0000] {processor.py:208} INFO - Processing /home/airflow/.local/lib/python3.12/site-packages/airflow/example_dags/tutorial.py took 0.140 seconds
[2025-09-19T07:08:04.480+0000] {processor.py:186} INFO - Started process (PID=2034) to work on /home/airflow/.local/lib/python3.12/site-packages/airflow/example_dags/tutorial.py
[2025-09-19T07:08:04.481+0000] {processor.py:914} INFO - Processing file /home/airflow/.local/lib/python3.12/site-packages/airflow/example_dags/tutorial.py for tasks to queue
[2025-09-19T07:08:04.485+0000] {logging_mixin.py:190} INFO - [2025-09-19T07:08:04.484+0000] {dagbag.py:588} INFO - Filling up the DagBag from /home/airflow/.local/lib/python3.12/site-packages/airflow/example_dags/tutorial.py
[2025-09-19T07:08:04.497+0000] {processor.py:925} INFO - DAG(s) 'tutorial' retrieved from /home/airflow/.local/lib/python3.12/site-packages/airflow/example_dags/tutorial.py
[2025-09-19T07:08:04.530+0000] {logging_mixin.py:190} INFO - [2025-09-19T07:08:04.529+0000] {dag.py:3239} INFO - Sync 1 DAGs
[2025-09-19T07:08:04.570+0000] {logging_mixin.py:190} INFO - [2025-09-19T07:08:04.570+0000] {dag.py:4180} INFO - Setting next_dagrun for tutorial to 2025-09-18 00:00:00+00:00, run_after=2025-09-19 00:00:00+00:00
[2025-09-19T07:08:04.603+0000] {processor.py:208} INFO - Processing /home/airflow/.local/lib/python3.12/site-packages/airflow/example_dags/tutorial.py took 0.133 seconds
[2025-09-19T07:08:35.865+0000] {processor.py:186} INFO - Started process (PID=2095) to work on /home/airflow/.local/lib/python3.12/site-packages/airflow/example_dags/tutorial.py
[2025-09-19T07:08:35.866+0000] {processor.py:914} INFO - Processing file /home/airflow/.local/lib/python3.12/site-packages/airflow/example_dags/tutorial.py for tasks to queue
[2025-09-19T07:08:35.870+0000] {logging_mixin.py:190} INFO - [2025-09-19T07:08:35.869+0000] {dagbag.py:588} INFO - Filling up the DagBag from /home/airflow/.local/lib/python3.12/site-packages/airflow/example_dags/tutorial.py
[2025-09-19T07:08:35.883+0000] {processor.py:925} INFO - DAG(s) 'tutorial' retrieved from /home/airflow/.local/lib/python3.12/site-packages/airflow/example_dags/tutorial.py
[2025-09-19T07:08:35.916+0000] {logging_mixin.py:190} INFO - [2025-09-19T07:08:35.916+0000] {dag.py:3239} INFO - Sync 1 DAGs
[2025-09-19T07:08:35.956+0000] {logging_mixin.py:190} INFO - [2025-09-19T07:08:35.956+0000] {dag.py:4180} INFO - Setting next_dagrun for tutorial to 2025-09-18 00:00:00+00:00, run_after=2025-09-19 00:00:00+00:00
[2025-09-19T07:08:35.988+0000] {processor.py:208} INFO - Processing /home/airflow/.local/lib/python3.12/site-packages/airflow/example_dags/tutorial.py took 0.133 seconds
[2025-09-19T07:09:06.627+0000] {processor.py:186} INFO - Started process (PID=2157) to work on /home/airflow/.local/lib/python3.12/site-packages/airflow/example_dags/tutorial.py
[2025-09-19T07:09:06.628+0000] {processor.py:914} INFO - Processing file /home/airflow/.local/lib/python3.12/site-packages/airflow/example_dags/tutorial.py for tasks to queue
[2025-09-19T07:09:06.632+0000] {logging_mixin.py:190} INFO - [2025-09-19T07:09:06.631+0000] {dagbag.py:588} INFO - Filling up the DagBag from /home/airflow/.local/lib/python3.12/site-packages/airflow/example_dags/tutorial.py
[2025-09-19T07:09:06.645+0000] {processor.py:925} INFO - DAG(s) 'tutorial' retrieved from /home/airflow/.local/lib/python3.12/site-packages/airflow/example_dags/tutorial.py
[2025-09-19T07:09:06.677+0000] {logging_mixin.py:190} INFO - [2025-09-19T07:09:06.677+0000] {dag.py:3239} INFO - Sync 1 DAGs
[2025-09-19T07:09:06.721+0000] {logging_mixin.py:190} INFO - [2025-09-19T07:09:06.721+0000] {dag.py:4180} INFO - Setting next_dagrun for tutorial to 2025-09-18 00:00:00+00:00, run_after=2025-09-19 00:00:00+00:00
[2025-09-19T07:09:06.752+0000] {processor.py:208} INFO - Processing /home/airflow/.local/lib/python3.12/site-packages/airflow/example_dags/tutorial.py took 0.135 seconds
[2025-09-19T07:09:38.358+0000] {processor.py:186} INFO - Started process (PID=2223) to work on /home/airflow/.local/lib/python3.12/site-packages/airflow/example_dags/tutorial.py
[2025-09-19T07:09:38.360+0000] {processor.py:914} INFO - Processing file /home/airflow/.local/lib/python3.12/site-packages/airflow/example_dags/tutorial.py for tasks to queue
[2025-09-19T07:09:38.365+0000] {logging_mixin.py:190} INFO - [2025-09-19T07:09:38.364+0000] {dagbag.py:588} INFO - Filling up the DagBag from /home/airflow/.local/lib/python3.12/site-packages/airflow/example_dags/tutorial.py
[2025-09-19T07:09:38.378+0000] {processor.py:925} INFO - DAG(s) 'tutorial' retrieved from /home/airflow/.local/lib/python3.12/site-packages/airflow/example_dags/tutorial.py
[2025-09-19T07:09:38.413+0000] {logging_mixin.py:190} INFO - [2025-09-19T07:09:38.413+0000] {dag.py:3239} INFO - Sync 1 DAGs
[2025-09-19T07:09:38.455+0000] {logging_mixin.py:190} INFO - [2025-09-19T07:09:38.454+0000] {dag.py:4180} INFO - Setting next_dagrun for tutorial to 2025-09-18 00:00:00+00:00, run_after=2025-09-19 00:00:00+00:00
[2025-09-19T07:09:38.486+0000] {processor.py:208} INFO - Processing /home/airflow/.local/lib/python3.12/site-packages/airflow/example_dags/tutorial.py took 0.138 seconds
[2025-09-19T07:10:09.315+0000] {processor.py:186} INFO - Started process (PID=2285) to work on /home/airflow/.local/lib/python3.12/site-packages/airflow/example_dags/tutorial.py
[2025-09-19T07:10:09.317+0000] {processor.py:914} INFO - Processing file /home/airflow/.local/lib/python3.12/site-packages/airflow/example_dags/tutorial.py for tasks to queue
[2025-09-19T07:10:09.321+0000] {logging_mixin.py:190} INFO - [2025-09-19T07:10:09.320+0000] {dagbag.py:588} INFO - Filling up the DagBag from /home/airflow/.local/lib/python3.12/site-packages/airflow/example_dags/tutorial.py
[2025-09-19T07:10:09.333+0000] {processor.py:925} INFO - DAG(s) 'tutorial' retrieved from /home/airflow/.local/lib/python3.12/site-packages/airflow/example_dags/tutorial.py
[2025-09-19T07:10:09.366+0000] {logging_mixin.py:190} INFO - [2025-09-19T07:10:09.366+0000] {dag.py:3239} INFO - Sync 1 DAGs
[2025-09-19T07:10:09.409+0000] {logging_mixin.py:190} INFO - [2025-09-19T07:10:09.409+0000] {dag.py:4180} INFO - Setting next_dagrun for tutorial to 2025-09-18 00:00:00+00:00, run_after=2025-09-19 00:00:00+00:00
[2025-09-19T07:10:09.441+0000] {processor.py:208} INFO - Processing /home/airflow/.local/lib/python3.12/site-packages/airflow/example_dags/tutorial.py took 0.136 seconds
[2025-09-19T07:10:39.856+0000] {processor.py:186} INFO - Started process (PID=2353) to work on /home/airflow/.local/lib/python3.12/site-packages/airflow/example_dags/tutorial.py
[2025-09-19T07:10:39.858+0000] {processor.py:914} INFO - Processing file /home/airflow/.local/lib/python3.12/site-packages/airflow/example_dags/tutorial.py for tasks to queue
[2025-09-19T07:10:39.861+0000] {logging_mixin.py:190} INFO - [2025-09-19T07:10:39.861+0000] {dagbag.py:588} INFO - Filling up the DagBag from /home/airflow/.local/lib/python3.12/site-packages/airflow/example_dags/tutorial.py
[2025-09-19T07:10:39.875+0000] {processor.py:925} INFO - DAG(s) 'tutorial' retrieved from /home/airflow/.local/lib/python3.12/site-packages/airflow/example_dags/tutorial.py
[2025-09-19T07:10:39.908+0000] {logging_mixin.py:190} INFO - [2025-09-19T07:10:39.907+0000] {dag.py:3239} INFO - Sync 1 DAGs
[2025-09-19T07:10:39.951+0000] {logging_mixin.py:190} INFO - [2025-09-19T07:10:39.951+0000] {dag.py:4180} INFO - Setting next_dagrun for tutorial to 2025-09-18 00:00:00+00:00, run_after=2025-09-19 00:00:00+00:00
[2025-09-19T07:10:39.985+0000] {processor.py:208} INFO - Processing /home/airflow/.local/lib/python3.12/site-packages/airflow/example_dags/tutorial.py took 0.138 seconds
[2025-09-19T07:11:10.785+0000] {processor.py:186} INFO - Started process (PID=2415) to work on /home/airflow/.local/lib/python3.12/site-packages/airflow/example_dags/tutorial.py
[2025-09-19T07:11:10.787+0000] {processor.py:914} INFO - Processing file /home/airflow/.local/lib/python3.12/site-packages/airflow/example_dags/tutorial.py for tasks to queue
[2025-09-19T07:11:10.791+0000] {logging_mixin.py:190} INFO - [2025-09-19T07:11:10.791+0000] {dagbag.py:588} INFO - Filling up the DagBag from /home/airflow/.local/lib/python3.12/site-packages/airflow/example_dags/tutorial.py
[2025-09-19T07:11:10.804+0000] {processor.py:925} INFO - DAG(s) 'tutorial' retrieved from /home/airflow/.local/lib/python3.12/site-packages/airflow/example_dags/tutorial.py
[2025-09-19T07:11:10.838+0000] {logging_mixin.py:190} INFO - [2025-09-19T07:11:10.838+0000] {dag.py:3239} INFO - Sync 1 DAGs
[2025-09-19T07:11:10.887+0000] {logging_mixin.py:190} INFO - [2025-09-19T07:11:10.886+0000] {dag.py:4180} INFO - Setting next_dagrun for tutorial to 2025-09-18 00:00:00+00:00, run_after=2025-09-19 00:00:00+00:00
[2025-09-19T07:11:10.919+0000] {processor.py:208} INFO - Processing /home/airflow/.local/lib/python3.12/site-packages/airflow/example_dags/tutorial.py took 0.145 seconds
[2025-09-19T07:11:42.045+0000] {processor.py:186} INFO - Started process (PID=2475) to work on /home/airflow/.local/lib/python3.12/site-packages/airflow/example_dags/tutorial.py
[2025-09-19T07:11:42.048+0000] {processor.py:914} INFO - Processing file /home/airflow/.local/lib/python3.12/site-packages/airflow/example_dags/tutorial.py for tasks to queue
[2025-09-19T07:11:42.052+0000] {logging_mixin.py:190} INFO - [2025-09-19T07:11:42.051+0000] {dagbag.py:588} INFO - Filling up the DagBag from /home/airflow/.local/lib/python3.12/site-packages/airflow/example_dags/tutorial.py
[2025-09-19T07:11:42.073+0000] {processor.py:925} INFO - DAG(s) 'tutorial' retrieved from /home/airflow/.local/lib/python3.12/site-packages/airflow/example_dags/tutorial.py
[2025-09-19T07:11:42.118+0000] {logging_mixin.py:190} INFO - [2025-09-19T07:11:42.118+0000] {dag.py:3239} INFO - Sync 1 DAGs
[2025-09-19T07:11:42.190+0000] {logging_mixin.py:190} INFO - [2025-09-19T07:11:42.189+0000] {dag.py:4180} INFO - Setting next_dagrun for tutorial to 2025-09-18 00:00:00+00:00, run_after=2025-09-19 00:00:00+00:00
[2025-09-19T07:11:42.235+0000] {processor.py:208} INFO - Processing /home/airflow/.local/lib/python3.12/site-packages/airflow/example_dags/tutorial.py took 0.201 seconds
[2025-09-19T07:12:12.584+0000] {processor.py:186} INFO - Started process (PID=2535) to work on /home/airflow/.local/lib/python3.12/site-packages/airflow/example_dags/tutorial.py
[2025-09-19T07:12:12.586+0000] {processor.py:914} INFO - Processing file /home/airflow/.local/lib/python3.12/site-packages/airflow/example_dags/tutorial.py for tasks to queue
[2025-09-19T07:12:12.590+0000] {logging_mixin.py:190} INFO - [2025-09-19T07:12:12.590+0000] {dagbag.py:588} INFO - Filling up the DagBag from /home/airflow/.local/lib/python3.12/site-packages/airflow/example_dags/tutorial.py
[2025-09-19T07:12:12.603+0000] {processor.py:925} INFO - DAG(s) 'tutorial' retrieved from /home/airflow/.local/lib/python3.12/site-packages/airflow/example_dags/tutorial.py
[2025-09-19T07:12:12.634+0000] {logging_mixin.py:190} INFO - [2025-09-19T07:12:12.634+0000] {dag.py:3239} INFO - Sync 1 DAGs
[2025-09-19T07:12:12.677+0000] {logging_mixin.py:190} INFO - [2025-09-19T07:12:12.676+0000] {dag.py:4180} INFO - Setting next_dagrun for tutorial to 2025-09-18 00:00:00+00:00, run_after=2025-09-19 00:00:00+00:00
[2025-09-19T07:12:12.709+0000] {processor.py:208} INFO - Processing /home/airflow/.local/lib/python3.12/site-packages/airflow/example_dags/tutorial.py took 0.134 seconds
[2025-09-19T07:12:44.126+0000] {processor.py:186} INFO - Started process (PID=2597) to work on /home/airflow/.local/lib/python3.12/site-packages/airflow/example_dags/tutorial.py
[2025-09-19T07:12:44.128+0000] {processor.py:914} INFO - Processing file /home/airflow/.local/lib/python3.12/site-packages/airflow/example_dags/tutorial.py for tasks to queue
[2025-09-19T07:12:44.131+0000] {logging_mixin.py:190} INFO - [2025-09-19T07:12:44.131+0000] {dagbag.py:588} INFO - Filling up the DagBag from /home/airflow/.local/lib/python3.12/site-packages/airflow/example_dags/tutorial.py
[2025-09-19T07:12:44.144+0000] {processor.py:925} INFO - DAG(s) 'tutorial' retrieved from /home/airflow/.local/lib/python3.12/site-packages/airflow/example_dags/tutorial.py
[2025-09-19T07:12:44.179+0000] {logging_mixin.py:190} INFO - [2025-09-19T07:12:44.178+0000] {dag.py:3239} INFO - Sync 1 DAGs
[2025-09-19T07:12:44.222+0000] {logging_mixin.py:190} INFO - [2025-09-19T07:12:44.222+0000] {dag.py:4180} INFO - Setting next_dagrun for tutorial to 2025-09-18 00:00:00+00:00, run_after=2025-09-19 00:00:00+00:00
[2025-09-19T07:12:44.254+0000] {processor.py:208} INFO - Processing /home/airflow/.local/lib/python3.12/site-packages/airflow/example_dags/tutorial.py took 0.138 seconds
[2025-09-19T07:13:15.414+0000] {processor.py:186} INFO - Started process (PID=2660) to work on /home/airflow/.local/lib/python3.12/site-packages/airflow/example_dags/tutorial.py
[2025-09-19T07:13:15.416+0000] {processor.py:914} INFO - Processing file /home/airflow/.local/lib/python3.12/site-packages/airflow/example_dags/tutorial.py for tasks to queue
[2025-09-19T07:13:15.419+0000] {logging_mixin.py:190} INFO - [2025-09-19T07:13:15.419+0000] {dagbag.py:588} INFO - Filling up the DagBag from /home/airflow/.local/lib/python3.12/site-packages/airflow/example_dags/tutorial.py
[2025-09-19T07:13:15.432+0000] {processor.py:925} INFO - DAG(s) 'tutorial' retrieved from /home/airflow/.local/lib/python3.12/site-packages/airflow/example_dags/tutorial.py
[2025-09-19T07:13:15.465+0000] {logging_mixin.py:190} INFO - [2025-09-19T07:13:15.465+0000] {dag.py:3239} INFO - Sync 1 DAGs
[2025-09-19T07:13:15.506+0000] {logging_mixin.py:190} INFO - [2025-09-19T07:13:15.506+0000] {dag.py:4180} INFO - Setting next_dagrun for tutorial to 2025-09-18 00:00:00+00:00, run_after=2025-09-19 00:00:00+00:00
[2025-09-19T07:13:15.539+0000] {processor.py:208} INFO - Processing /home/airflow/.local/lib/python3.12/site-packages/airflow/example_dags/tutorial.py took 0.134 seconds
[2025-09-19T07:13:45.988+0000] {processor.py:186} INFO - Started process (PID=2723) to work on /home/airflow/.local/lib/python3.12/site-packages/airflow/example_dags/tutorial.py
[2025-09-19T07:13:45.990+0000] {processor.py:914} INFO - Processing file /home/airflow/.local/lib/python3.12/site-packages/airflow/example_dags/tutorial.py for tasks to queue
[2025-09-19T07:13:45.994+0000] {logging_mixin.py:190} INFO - [2025-09-19T07:13:45.993+0000] {dagbag.py:588} INFO - Filling up the DagBag from /home/airflow/.local/lib/python3.12/site-packages/airflow/example_dags/tutorial.py
[2025-09-19T07:13:46.007+0000] {processor.py:925} INFO - DAG(s) 'tutorial' retrieved from /home/airflow/.local/lib/python3.12/site-packages/airflow/example_dags/tutorial.py
[2025-09-19T07:13:46.043+0000] {logging_mixin.py:190} INFO - [2025-09-19T07:13:46.042+0000] {dag.py:3239} INFO - Sync 1 DAGs
[2025-09-19T07:13:46.085+0000] {logging_mixin.py:190} INFO - [2025-09-19T07:13:46.084+0000] {dag.py:4180} INFO - Setting next_dagrun for tutorial to 2025-09-18 00:00:00+00:00, run_after=2025-09-19 00:00:00+00:00
[2025-09-19T07:13:46.114+0000] {processor.py:208} INFO - Processing /home/airflow/.local/lib/python3.12/site-packages/airflow/example_dags/tutorial.py took 0.135 seconds
[2025-09-19T07:14:16.599+0000] {processor.py:186} INFO - Started process (PID=2785) to work on /home/airflow/.local/lib/python3.12/site-packages/airflow/example_dags/tutorial.py
[2025-09-19T07:14:16.601+0000] {processor.py:914} INFO - Processing file /home/airflow/.local/lib/python3.12/site-packages/airflow/example_dags/tutorial.py for tasks to queue
[2025-09-19T07:14:16.605+0000] {logging_mixin.py:190} INFO - [2025-09-19T07:14:16.604+0000] {dagbag.py:588} INFO - Filling up the DagBag from /home/airflow/.local/lib/python3.12/site-packages/airflow/example_dags/tutorial.py
[2025-09-19T07:14:16.618+0000] {processor.py:925} INFO - DAG(s) 'tutorial' retrieved from /home/airflow/.local/lib/python3.12/site-packages/airflow/example_dags/tutorial.py
[2025-09-19T07:14:16.650+0000] {logging_mixin.py:190} INFO - [2025-09-19T07:14:16.650+0000] {dag.py:3239} INFO - Sync 1 DAGs
[2025-09-19T07:14:16.692+0000] {logging_mixin.py:190} INFO - [2025-09-19T07:14:16.692+0000] {dag.py:4180} INFO - Setting next_dagrun for tutorial to 2025-09-18 00:00:00+00:00, run_after=2025-09-19 00:00:00+00:00
[2025-09-19T07:14:16.724+0000] {processor.py:208} INFO - Processing /home/airflow/.local/lib/python3.12/site-packages/airflow/example_dags/tutorial.py took 0.135 seconds
[2025-09-19T07:14:46.882+0000] {processor.py:186} INFO - Started process (PID=2847) to work on /home/airflow/.local/lib/python3.12/site-packages/airflow/example_dags/tutorial.py
[2025-09-19T07:14:46.884+0000] {processor.py:914} INFO - Processing file /home/airflow/.local/lib/python3.12/site-packages/airflow/example_dags/tutorial.py for tasks to queue
[2025-09-19T07:14:46.887+0000] {logging_mixin.py:190} INFO - [2025-09-19T07:14:46.887+0000] {dagbag.py:588} INFO - Filling up the DagBag from /home/airflow/.local/lib/python3.12/site-packages/airflow/example_dags/tutorial.py
[2025-09-19T07:14:46.901+0000] {processor.py:925} INFO - DAG(s) 'tutorial' retrieved from /home/airflow/.local/lib/python3.12/site-packages/airflow/example_dags/tutorial.py
[2025-09-19T07:14:46.935+0000] {logging_mixin.py:190} INFO - [2025-09-19T07:14:46.935+0000] {dag.py:3239} INFO - Sync 1 DAGs
[2025-09-19T07:14:46.979+0000] {logging_mixin.py:190} INFO - [2025-09-19T07:14:46.978+0000] {dag.py:4180} INFO - Setting next_dagrun for tutorial to 2025-09-18 00:00:00+00:00, run_after=2025-09-19 00:00:00+00:00
[2025-09-19T07:14:47.022+0000] {processor.py:208} INFO - Processing /home/airflow/.local/lib/python3.12/site-packages/airflow/example_dags/tutorial.py took 0.150 seconds
[2025-09-19T07:15:17.133+0000] {processor.py:186} INFO - Started process (PID=2914) to work on /home/airflow/.local/lib/python3.12/site-packages/airflow/example_dags/tutorial.py
[2025-09-19T07:15:17.135+0000] {processor.py:914} INFO - Processing file /home/airflow/.local/lib/python3.12/site-packages/airflow/example_dags/tutorial.py for tasks to queue
[2025-09-19T07:15:17.138+0000] {logging_mixin.py:190} INFO - [2025-09-19T07:15:17.138+0000] {dagbag.py:588} INFO - Filling up the DagBag from /home/airflow/.local/lib/python3.12/site-packages/airflow/example_dags/tutorial.py
[2025-09-19T07:15:17.151+0000] {processor.py:925} INFO - DAG(s) 'tutorial' retrieved from /home/airflow/.local/lib/python3.12/site-packages/airflow/example_dags/tutorial.py
[2025-09-19T07:15:17.183+0000] {logging_mixin.py:190} INFO - [2025-09-19T07:15:17.183+0000] {dag.py:3239} INFO - Sync 1 DAGs
[2025-09-19T07:15:17.226+0000] {logging_mixin.py:190} INFO - [2025-09-19T07:15:17.226+0000] {dag.py:4180} INFO - Setting next_dagrun for tutorial to 2025-09-18 00:00:00+00:00, run_after=2025-09-19 00:00:00+00:00
[2025-09-19T07:15:17.256+0000] {processor.py:208} INFO - Processing /home/airflow/.local/lib/python3.12/site-packages/airflow/example_dags/tutorial.py took 0.133 seconds
[2025-09-19T07:15:48.004+0000] {processor.py:186} INFO - Started process (PID=2976) to work on /home/airflow/.local/lib/python3.12/site-packages/airflow/example_dags/tutorial.py
[2025-09-19T07:15:48.006+0000] {processor.py:914} INFO - Processing file /home/airflow/.local/lib/python3.12/site-packages/airflow/example_dags/tutorial.py for tasks to queue
[2025-09-19T07:15:48.009+0000] {logging_mixin.py:190} INFO - [2025-09-19T07:15:48.009+0000] {dagbag.py:588} INFO - Filling up the DagBag from /home/airflow/.local/lib/python3.12/site-packages/airflow/example_dags/tutorial.py
[2025-09-19T07:15:48.022+0000] {processor.py:925} INFO - DAG(s) 'tutorial' retrieved from /home/airflow/.local/lib/python3.12/site-packages/airflow/example_dags/tutorial.py
[2025-09-19T07:15:48.055+0000] {logging_mixin.py:190} INFO - [2025-09-19T07:15:48.055+0000] {dag.py:3239} INFO - Sync 1 DAGs
[2025-09-19T07:15:48.097+0000] {logging_mixin.py:190} INFO - [2025-09-19T07:15:48.096+0000] {dag.py:4180} INFO - Setting next_dagrun for tutorial to 2025-09-18 00:00:00+00:00, run_after=2025-09-19 00:00:00+00:00
[2025-09-19T07:15:48.131+0000] {processor.py:208} INFO - Processing /home/airflow/.local/lib/python3.12/site-packages/airflow/example_dags/tutorial.py took 0.136 seconds
[2025-09-19T07:16:18.543+0000] {processor.py:186} INFO - Started process (PID=3037) to work on /home/airflow/.local/lib/python3.12/site-packages/airflow/example_dags/tutorial.py
[2025-09-19T07:16:18.544+0000] {processor.py:914} INFO - Processing file /home/airflow/.local/lib/python3.12/site-packages/airflow/example_dags/tutorial.py for tasks to queue
[2025-09-19T07:16:18.548+0000] {logging_mixin.py:190} INFO - [2025-09-19T07:16:18.547+0000] {dagbag.py:588} INFO - Filling up the DagBag from /home/airflow/.local/lib/python3.12/site-packages/airflow/example_dags/tutorial.py
[2025-09-19T07:16:18.561+0000] {processor.py:925} INFO - DAG(s) 'tutorial' retrieved from /home/airflow/.local/lib/python3.12/site-packages/airflow/example_dags/tutorial.py
[2025-09-19T07:16:18.595+0000] {logging_mixin.py:190} INFO - [2025-09-19T07:16:18.594+0000] {dag.py:3239} INFO - Sync 1 DAGs
[2025-09-19T07:16:18.636+0000] {logging_mixin.py:190} INFO - [2025-09-19T07:16:18.635+0000] {dag.py:4180} INFO - Setting next_dagrun for tutorial to 2025-09-18 00:00:00+00:00, run_after=2025-09-19 00:00:00+00:00
[2025-09-19T07:16:18.668+0000] {processor.py:208} INFO - Processing /home/airflow/.local/lib/python3.12/site-packages/airflow/example_dags/tutorial.py took 0.135 seconds
[2025-09-19T07:16:49.057+0000] {processor.py:186} INFO - Started process (PID=3099) to work on /home/airflow/.local/lib/python3.12/site-packages/airflow/example_dags/tutorial.py
[2025-09-19T07:16:49.059+0000] {processor.py:914} INFO - Processing file /home/airflow/.local/lib/python3.12/site-packages/airflow/example_dags/tutorial.py for tasks to queue
[2025-09-19T07:16:49.062+0000] {logging_mixin.py:190} INFO - [2025-09-19T07:16:49.061+0000] {dagbag.py:588} INFO - Filling up the DagBag from /home/airflow/.local/lib/python3.12/site-packages/airflow/example_dags/tutorial.py
[2025-09-19T07:16:49.075+0000] {processor.py:925} INFO - DAG(s) 'tutorial' retrieved from /home/airflow/.local/lib/python3.12/site-packages/airflow/example_dags/tutorial.py
[2025-09-19T07:16:49.108+0000] {logging_mixin.py:190} INFO - [2025-09-19T07:16:49.108+0000] {dag.py:3239} INFO - Sync 1 DAGs
[2025-09-19T07:16:49.150+0000] {logging_mixin.py:190} INFO - [2025-09-19T07:16:49.149+0000] {dag.py:4180} INFO - Setting next_dagrun for tutorial to 2025-09-18 00:00:00+00:00, run_after=2025-09-19 00:00:00+00:00
[2025-09-19T07:16:49.182+0000] {processor.py:208} INFO - Processing /home/airflow/.local/lib/python3.12/site-packages/airflow/example_dags/tutorial.py took 0.134 seconds
[2025-09-19T07:17:20.152+0000] {processor.py:186} INFO - Started process (PID=3161) to work on /home/airflow/.local/lib/python3.12/site-packages/airflow/example_dags/tutorial.py
[2025-09-19T07:17:20.154+0000] {processor.py:914} INFO - Processing file /home/airflow/.local/lib/python3.12/site-packages/airflow/example_dags/tutorial.py for tasks to queue
[2025-09-19T07:17:20.157+0000] {logging_mixin.py:190} INFO - [2025-09-19T07:17:20.157+0000] {dagbag.py:588} INFO - Filling up the DagBag from /home/airflow/.local/lib/python3.12/site-packages/airflow/example_dags/tutorial.py
[2025-09-19T07:17:20.169+0000] {processor.py:925} INFO - DAG(s) 'tutorial' retrieved from /home/airflow/.local/lib/python3.12/site-packages/airflow/example_dags/tutorial.py
[2025-09-19T07:17:20.203+0000] {logging_mixin.py:190} INFO - [2025-09-19T07:17:20.203+0000] {dag.py:3239} INFO - Sync 1 DAGs
[2025-09-19T07:17:20.245+0000] {logging_mixin.py:190} INFO - [2025-09-19T07:17:20.245+0000] {dag.py:4180} INFO - Setting next_dagrun for tutorial to 2025-09-18 00:00:00+00:00, run_after=2025-09-19 00:00:00+00:00
[2025-09-19T07:17:20.275+0000] {processor.py:208} INFO - Processing /home/airflow/.local/lib/python3.12/site-packages/airflow/example_dags/tutorial.py took 0.132 seconds
[2025-09-19T07:17:51.048+0000] {processor.py:186} INFO - Started process (PID=3223) to work on /home/airflow/.local/lib/python3.12/site-packages/airflow/example_dags/tutorial.py
[2025-09-19T07:17:51.050+0000] {processor.py:914} INFO - Processing file /home/airflow/.local/lib/python3.12/site-packages/airflow/example_dags/tutorial.py for tasks to queue
[2025-09-19T07:17:51.054+0000] {logging_mixin.py:190} INFO - [2025-09-19T07:17:51.053+0000] {dagbag.py:588} INFO - Filling up the DagBag from /home/airflow/.local/lib/python3.12/site-packages/airflow/example_dags/tutorial.py
[2025-09-19T07:17:51.067+0000] {processor.py:925} INFO - DAG(s) 'tutorial' retrieved from /home/airflow/.local/lib/python3.12/site-packages/airflow/example_dags/tutorial.py
[2025-09-19T07:17:51.102+0000] {logging_mixin.py:190} INFO - [2025-09-19T07:17:51.101+0000] {dag.py:3239} INFO - Sync 1 DAGs
[2025-09-19T07:17:51.146+0000] {logging_mixin.py:190} INFO - [2025-09-19T07:17:51.146+0000] {dag.py:4180} INFO - Setting next_dagrun for tutorial to 2025-09-18 00:00:00+00:00, run_after=2025-09-19 00:00:00+00:00
[2025-09-19T07:17:51.180+0000] {processor.py:208} INFO - Processing /home/airflow/.local/lib/python3.12/site-packages/airflow/example_dags/tutorial.py took 0.141 seconds
[2025-09-19T07:18:21.393+0000] {processor.py:186} INFO - Started process (PID=3284) to work on /home/airflow/.local/lib/python3.12/site-packages/airflow/example_dags/tutorial.py
[2025-09-19T07:18:21.395+0000] {processor.py:914} INFO - Processing file /home/airflow/.local/lib/python3.12/site-packages/airflow/example_dags/tutorial.py for tasks to queue
[2025-09-19T07:18:21.399+0000] {logging_mixin.py:190} INFO - [2025-09-19T07:18:21.398+0000] {dagbag.py:588} INFO - Filling up the DagBag from /home/airflow/.local/lib/python3.12/site-packages/airflow/example_dags/tutorial.py
[2025-09-19T07:18:21.411+0000] {processor.py:925} INFO - DAG(s) 'tutorial' retrieved from /home/airflow/.local/lib/python3.12/site-packages/airflow/example_dags/tutorial.py
[2025-09-19T07:18:21.448+0000] {logging_mixin.py:190} INFO - [2025-09-19T07:18:21.447+0000] {dag.py:3239} INFO - Sync 1 DAGs
[2025-09-19T07:18:21.488+0000] {logging_mixin.py:190} INFO - [2025-09-19T07:18:21.488+0000] {dag.py:4180} INFO - Setting next_dagrun for tutorial to 2025-09-18 00:00:00+00:00, run_after=2025-09-19 00:00:00+00:00
[2025-09-19T07:18:21.523+0000] {processor.py:208} INFO - Processing /home/airflow/.local/lib/python3.12/site-packages/airflow/example_dags/tutorial.py took 0.138 seconds
[2025-09-19T07:18:52.262+0000] {processor.py:186} INFO - Started process (PID=3349) to work on /home/airflow/.local/lib/python3.12/site-packages/airflow/example_dags/tutorial.py
[2025-09-19T07:18:52.264+0000] {processor.py:914} INFO - Processing file /home/airflow/.local/lib/python3.12/site-packages/airflow/example_dags/tutorial.py for tasks to queue
[2025-09-19T07:18:52.268+0000] {logging_mixin.py:190} INFO - [2025-09-19T07:18:52.267+0000] {dagbag.py:588} INFO - Filling up the DagBag from /home/airflow/.local/lib/python3.12/site-packages/airflow/example_dags/tutorial.py
[2025-09-19T07:18:52.281+0000] {processor.py:925} INFO - DAG(s) 'tutorial' retrieved from /home/airflow/.local/lib/python3.12/site-packages/airflow/example_dags/tutorial.py
[2025-09-19T07:18:52.315+0000] {logging_mixin.py:190} INFO - [2025-09-19T07:18:52.314+0000] {dag.py:3239} INFO - Sync 1 DAGs
[2025-09-19T07:18:52.355+0000] {logging_mixin.py:190} INFO - [2025-09-19T07:18:52.355+0000] {dag.py:4180} INFO - Setting next_dagrun for tutorial to 2025-09-18 00:00:00+00:00, run_after=2025-09-19 00:00:00+00:00
[2025-09-19T07:18:52.388+0000] {processor.py:208} INFO - Processing /home/airflow/.local/lib/python3.12/site-packages/airflow/example_dags/tutorial.py took 0.135 seconds
[2025-09-19T07:19:22.455+0000] {processor.py:186} INFO - Started process (PID=3410) to work on /home/airflow/.local/lib/python3.12/site-packages/airflow/example_dags/tutorial.py
[2025-09-19T07:19:22.456+0000] {processor.py:914} INFO - Processing file /home/airflow/.local/lib/python3.12/site-packages/airflow/example_dags/tutorial.py for tasks to queue
[2025-09-19T07:19:22.460+0000] {logging_mixin.py:190} INFO - [2025-09-19T07:19:22.459+0000] {dagbag.py:588} INFO - Filling up the DagBag from /home/airflow/.local/lib/python3.12/site-packages/airflow/example_dags/tutorial.py
[2025-09-19T07:19:22.472+0000] {processor.py:925} INFO - DAG(s) 'tutorial' retrieved from /home/airflow/.local/lib/python3.12/site-packages/airflow/example_dags/tutorial.py
[2025-09-19T07:19:22.506+0000] {logging_mixin.py:190} INFO - [2025-09-19T07:19:22.505+0000] {dag.py:3239} INFO - Sync 1 DAGs
[2025-09-19T07:19:22.547+0000] {logging_mixin.py:190} INFO - [2025-09-19T07:19:22.546+0000] {dag.py:4180} INFO - Setting next_dagrun for tutorial to 2025-09-18 00:00:00+00:00, run_after=2025-09-19 00:00:00+00:00
[2025-09-19T07:19:22.578+0000] {processor.py:208} INFO - Processing /home/airflow/.local/lib/python3.12/site-packages/airflow/example_dags/tutorial.py took 0.133 seconds
[2025-09-19T07:19:52.980+0000] {processor.py:186} INFO - Started process (PID=3477) to work on /home/airflow/.local/lib/python3.12/site-packages/airflow/example_dags/tutorial.py
[2025-09-19T07:19:52.982+0000] {processor.py:914} INFO - Processing file /home/airflow/.local/lib/python3.12/site-packages/airflow/example_dags/tutorial.py for tasks to queue
[2025-09-19T07:19:52.986+0000] {logging_mixin.py:190} INFO - [2025-09-19T07:19:52.986+0000] {dagbag.py:588} INFO - Filling up the DagBag from /home/airflow/.local/lib/python3.12/site-packages/airflow/example_dags/tutorial.py
[2025-09-19T07:19:52.999+0000] {processor.py:925} INFO - DAG(s) 'tutorial' retrieved from /home/airflow/.local/lib/python3.12/site-packages/airflow/example_dags/tutorial.py
[2025-09-19T07:19:53.032+0000] {logging_mixin.py:190} INFO - [2025-09-19T07:19:53.031+0000] {dag.py:3239} INFO - Sync 1 DAGs
[2025-09-19T07:19:53.075+0000] {logging_mixin.py:190} INFO - [2025-09-19T07:19:53.074+0000] {dag.py:4180} INFO - Setting next_dagrun for tutorial to 2025-09-18 00:00:00+00:00, run_after=2025-09-19 00:00:00+00:00
[2025-09-19T07:19:53.109+0000] {processor.py:208} INFO - Processing /home/airflow/.local/lib/python3.12/site-packages/airflow/example_dags/tutorial.py took 0.138 seconds
[2025-09-19T07:20:23.572+0000] {processor.py:186} INFO - Started process (PID=3539) to work on /home/airflow/.local/lib/python3.12/site-packages/airflow/example_dags/tutorial.py
[2025-09-19T07:20:23.574+0000] {processor.py:914} INFO - Processing file /home/airflow/.local/lib/python3.12/site-packages/airflow/example_dags/tutorial.py for tasks to queue
[2025-09-19T07:20:23.578+0000] {logging_mixin.py:190} INFO - [2025-09-19T07:20:23.578+0000] {dagbag.py:588} INFO - Filling up the DagBag from /home/airflow/.local/lib/python3.12/site-packages/airflow/example_dags/tutorial.py
[2025-09-19T07:20:23.591+0000] {processor.py:925} INFO - DAG(s) 'tutorial' retrieved from /home/airflow/.local/lib/python3.12/site-packages/airflow/example_dags/tutorial.py
[2025-09-19T07:20:23.624+0000] {logging_mixin.py:190} INFO - [2025-09-19T07:20:23.624+0000] {dag.py:3239} INFO - Sync 1 DAGs
[2025-09-19T07:20:23.666+0000] {logging_mixin.py:190} INFO - [2025-09-19T07:20:23.666+0000] {dag.py:4180} INFO - Setting next_dagrun for tutorial to 2025-09-18 00:00:00+00:00, run_after=2025-09-19 00:00:00+00:00
[2025-09-19T07:20:23.701+0000] {processor.py:208} INFO - Processing /home/airflow/.local/lib/python3.12/site-packages/airflow/example_dags/tutorial.py took 0.138 seconds
[2025-09-19T07:20:54.347+0000] {processor.py:186} INFO - Started process (PID=3601) to work on /home/airflow/.local/lib/python3.12/site-packages/airflow/example_dags/tutorial.py
[2025-09-19T07:20:54.349+0000] {processor.py:914} INFO - Processing file /home/airflow/.local/lib/python3.12/site-packages/airflow/example_dags/tutorial.py for tasks to queue
[2025-09-19T07:20:54.352+0000] {logging_mixin.py:190} INFO - [2025-09-19T07:20:54.352+0000] {dagbag.py:588} INFO - Filling up the DagBag from /home/airflow/.local/lib/python3.12/site-packages/airflow/example_dags/tutorial.py
[2025-09-19T07:20:54.365+0000] {processor.py:925} INFO - DAG(s) 'tutorial' retrieved from /home/airflow/.local/lib/python3.12/site-packages/airflow/example_dags/tutorial.py
[2025-09-19T07:20:54.403+0000] {logging_mixin.py:190} INFO - [2025-09-19T07:20:54.402+0000] {dag.py:3239} INFO - Sync 1 DAGs
[2025-09-19T07:20:54.449+0000] {logging_mixin.py:190} INFO - [2025-09-19T07:20:54.449+0000] {dag.py:4180} INFO - Setting next_dagrun for tutorial to 2025-09-18 00:00:00+00:00, run_after=2025-09-19 00:00:00+00:00
[2025-09-19T07:20:54.485+0000] {processor.py:208} INFO - Processing /home/airflow/.local/lib/python3.12/site-packages/airflow/example_dags/tutorial.py took 0.147 seconds
[2025-09-19T07:21:24.738+0000] {processor.py:186} INFO - Started process (PID=3662) to work on /home/airflow/.local/lib/python3.12/site-packages/airflow/example_dags/tutorial.py
[2025-09-19T07:21:24.740+0000] {processor.py:914} INFO - Processing file /home/airflow/.local/lib/python3.12/site-packages/airflow/example_dags/tutorial.py for tasks to queue
[2025-09-19T07:21:24.743+0000] {logging_mixin.py:190} INFO - [2025-09-19T07:21:24.743+0000] {dagbag.py:588} INFO - Filling up the DagBag from /home/airflow/.local/lib/python3.12/site-packages/airflow/example_dags/tutorial.py
[2025-09-19T07:21:24.756+0000] {processor.py:925} INFO - DAG(s) 'tutorial' retrieved from /home/airflow/.local/lib/python3.12/site-packages/airflow/example_dags/tutorial.py
[2025-09-19T07:21:24.790+0000] {logging_mixin.py:190} INFO - [2025-09-19T07:21:24.790+0000] {dag.py:3239} INFO - Sync 1 DAGs
[2025-09-19T07:21:24.831+0000] {logging_mixin.py:190} INFO - [2025-09-19T07:21:24.830+0000] {dag.py:4180} INFO - Setting next_dagrun for tutorial to 2025-09-18 00:00:00+00:00, run_after=2025-09-19 00:00:00+00:00
[2025-09-19T07:21:24.860+0000] {processor.py:208} INFO - Processing /home/airflow/.local/lib/python3.12/site-packages/airflow/example_dags/tutorial.py took 0.132 seconds
[2025-09-19T07:21:55.565+0000] {processor.py:186} INFO - Started process (PID=3724) to work on /home/airflow/.local/lib/python3.12/site-packages/airflow/example_dags/tutorial.py
[2025-09-19T07:21:55.566+0000] {processor.py:914} INFO - Processing file /home/airflow/.local/lib/python3.12/site-packages/airflow/example_dags/tutorial.py for tasks to queue
[2025-09-19T07:21:55.569+0000] {logging_mixin.py:190} INFO - [2025-09-19T07:21:55.569+0000] {dagbag.py:588} INFO - Filling up the DagBag from /home/airflow/.local/lib/python3.12/site-packages/airflow/example_dags/tutorial.py
[2025-09-19T07:21:55.581+0000] {processor.py:925} INFO - DAG(s) 'tutorial' retrieved from /home/airflow/.local/lib/python3.12/site-packages/airflow/example_dags/tutorial.py
[2025-09-19T07:21:55.616+0000] {logging_mixin.py:190} INFO - [2025-09-19T07:21:55.616+0000] {dag.py:3239} INFO - Sync 1 DAGs
[2025-09-19T07:21:55.941+0000] {logging_mixin.py:190} INFO - [2025-09-19T07:21:55.941+0000] {dag.py:4180} INFO - Setting next_dagrun for tutorial to 2025-09-18 00:00:00+00:00, run_after=2025-09-19 00:00:00+00:00
[2025-09-19T07:21:55.976+0000] {processor.py:208} INFO - Processing /home/airflow/.local/lib/python3.12/site-packages/airflow/example_dags/tutorial.py took 0.420 seconds
[2025-09-19T07:22:26.864+0000] {processor.py:186} INFO - Started process (PID=3786) to work on /home/airflow/.local/lib/python3.12/site-packages/airflow/example_dags/tutorial.py
[2025-09-19T07:22:26.866+0000] {processor.py:914} INFO - Processing file /home/airflow/.local/lib/python3.12/site-packages/airflow/example_dags/tutorial.py for tasks to queue
[2025-09-19T07:22:26.870+0000] {logging_mixin.py:190} INFO - [2025-09-19T07:22:26.870+0000] {dagbag.py:588} INFO - Filling up the DagBag from /home/airflow/.local/lib/python3.12/site-packages/airflow/example_dags/tutorial.py
[2025-09-19T07:22:26.883+0000] {processor.py:925} INFO - DAG(s) 'tutorial' retrieved from /home/airflow/.local/lib/python3.12/site-packages/airflow/example_dags/tutorial.py
[2025-09-19T07:22:26.920+0000] {logging_mixin.py:190} INFO - [2025-09-19T07:22:26.919+0000] {dag.py:3239} INFO - Sync 1 DAGs
[2025-09-19T07:22:27.227+0000] {logging_mixin.py:190} INFO - [2025-09-19T07:22:27.226+0000] {dag.py:4180} INFO - Setting next_dagrun for tutorial to 2025-09-18 00:00:00+00:00, run_after=2025-09-19 00:00:00+00:00
[2025-09-19T07:22:27.258+0000] {processor.py:208} INFO - Processing /home/airflow/.local/lib/python3.12/site-packages/airflow/example_dags/tutorial.py took 0.404 seconds
[2025-09-19T07:22:57.610+0000] {processor.py:186} INFO - Started process (PID=3848) to work on /home/airflow/.local/lib/python3.12/site-packages/airflow/example_dags/tutorial.py
[2025-09-19T07:22:57.611+0000] {processor.py:914} INFO - Processing file /home/airflow/.local/lib/python3.12/site-packages/airflow/example_dags/tutorial.py for tasks to queue
[2025-09-19T07:22:57.615+0000] {logging_mixin.py:190} INFO - [2025-09-19T07:22:57.615+0000] {dagbag.py:588} INFO - Filling up the DagBag from /home/airflow/.local/lib/python3.12/site-packages/airflow/example_dags/tutorial.py
[2025-09-19T07:22:57.629+0000] {processor.py:925} INFO - DAG(s) 'tutorial' retrieved from /home/airflow/.local/lib/python3.12/site-packages/airflow/example_dags/tutorial.py
[2025-09-19T07:22:57.664+0000] {logging_mixin.py:190} INFO - [2025-09-19T07:22:57.663+0000] {dag.py:3239} INFO - Sync 1 DAGs
[2025-09-19T07:22:57.705+0000] {logging_mixin.py:190} INFO - [2025-09-19T07:22:57.705+0000] {dag.py:4180} INFO - Setting next_dagrun for tutorial to 2025-09-18 00:00:00+00:00, run_after=2025-09-19 00:00:00+00:00
[2025-09-19T07:22:57.740+0000] {processor.py:208} INFO - Processing /home/airflow/.local/lib/python3.12/site-packages/airflow/example_dags/tutorial.py took 0.140 seconds
[2025-09-19T07:23:27.943+0000] {processor.py:186} INFO - Started process (PID=3912) to work on /home/airflow/.local/lib/python3.12/site-packages/airflow/example_dags/tutorial.py
[2025-09-19T07:23:27.944+0000] {processor.py:914} INFO - Processing file /home/airflow/.local/lib/python3.12/site-packages/airflow/example_dags/tutorial.py for tasks to queue
[2025-09-19T07:23:27.949+0000] {logging_mixin.py:190} INFO - [2025-09-19T07:23:27.948+0000] {dagbag.py:588} INFO - Filling up the DagBag from /home/airflow/.local/lib/python3.12/site-packages/airflow/example_dags/tutorial.py
[2025-09-19T07:23:27.963+0000] {processor.py:925} INFO - DAG(s) 'tutorial' retrieved from /home/airflow/.local/lib/python3.12/site-packages/airflow/example_dags/tutorial.py
[2025-09-19T07:23:27.997+0000] {logging_mixin.py:190} INFO - [2025-09-19T07:23:27.996+0000] {dag.py:3239} INFO - Sync 1 DAGs
[2025-09-19T07:23:28.039+0000] {logging_mixin.py:190} INFO - [2025-09-19T07:23:28.038+0000] {dag.py:4180} INFO - Setting next_dagrun for tutorial to 2025-09-18 00:00:00+00:00, run_after=2025-09-19 00:00:00+00:00
[2025-09-19T07:23:28.076+0000] {processor.py:208} INFO - Processing /home/airflow/.local/lib/python3.12/site-packages/airflow/example_dags/tutorial.py took 0.143 seconds
[2025-09-19T07:23:58.602+0000] {processor.py:186} INFO - Started process (PID=3974) to work on /home/airflow/.local/lib/python3.12/site-packages/airflow/example_dags/tutorial.py
[2025-09-19T07:23:58.604+0000] {processor.py:914} INFO - Processing file /home/airflow/.local/lib/python3.12/site-packages/airflow/example_dags/tutorial.py for tasks to queue
[2025-09-19T07:23:58.608+0000] {logging_mixin.py:190} INFO - [2025-09-19T07:23:58.607+0000] {dagbag.py:588} INFO - Filling up the DagBag from /home/airflow/.local/lib/python3.12/site-packages/airflow/example_dags/tutorial.py
[2025-09-19T07:23:58.620+0000] {processor.py:925} INFO - DAG(s) 'tutorial' retrieved from /home/airflow/.local/lib/python3.12/site-packages/airflow/example_dags/tutorial.py
[2025-09-19T07:23:58.656+0000] {logging_mixin.py:190} INFO - [2025-09-19T07:23:58.656+0000] {dag.py:3239} INFO - Sync 1 DAGs
[2025-09-19T07:23:58.701+0000] {logging_mixin.py:190} INFO - [2025-09-19T07:23:58.700+0000] {dag.py:4180} INFO - Setting next_dagrun for tutorial to 2025-09-18 00:00:00+00:00, run_after=2025-09-19 00:00:00+00:00
[2025-09-19T07:23:58.735+0000] {processor.py:208} INFO - Processing /home/airflow/.local/lib/python3.12/site-packages/airflow/example_dags/tutorial.py took 0.142 seconds
[2025-09-19T07:24:29.595+0000] {processor.py:186} INFO - Started process (PID=4036) to work on /home/airflow/.local/lib/python3.12/site-packages/airflow/example_dags/tutorial.py
[2025-09-19T07:24:29.597+0000] {processor.py:914} INFO - Processing file /home/airflow/.local/lib/python3.12/site-packages/airflow/example_dags/tutorial.py for tasks to queue
[2025-09-19T07:24:29.602+0000] {logging_mixin.py:190} INFO - [2025-09-19T07:24:29.601+0000] {dagbag.py:588} INFO - Filling up the DagBag from /home/airflow/.local/lib/python3.12/site-packages/airflow/example_dags/tutorial.py
[2025-09-19T07:24:29.614+0000] {processor.py:925} INFO - DAG(s) 'tutorial' retrieved from /home/airflow/.local/lib/python3.12/site-packages/airflow/example_dags/tutorial.py
[2025-09-19T07:24:29.648+0000] {logging_mixin.py:190} INFO - [2025-09-19T07:24:29.648+0000] {dag.py:3239} INFO - Sync 1 DAGs
[2025-09-19T07:24:29.689+0000] {logging_mixin.py:190} INFO - [2025-09-19T07:24:29.688+0000] {dag.py:4180} INFO - Setting next_dagrun for tutorial to 2025-09-18 00:00:00+00:00, run_after=2025-09-19 00:00:00+00:00
[2025-09-19T07:24:29.719+0000] {processor.py:208} INFO - Processing /home/airflow/.local/lib/python3.12/site-packages/airflow/example_dags/tutorial.py took 0.134 seconds
[2025-09-19T07:24:59.881+0000] {processor.py:186} INFO - Started process (PID=4104) to work on /home/airflow/.local/lib/python3.12/site-packages/airflow/example_dags/tutorial.py
[2025-09-19T07:24:59.882+0000] {processor.py:914} INFO - Processing file /home/airflow/.local/lib/python3.12/site-packages/airflow/example_dags/tutorial.py for tasks to queue
[2025-09-19T07:24:59.886+0000] {logging_mixin.py:190} INFO - [2025-09-19T07:24:59.885+0000] {dagbag.py:588} INFO - Filling up the DagBag from /home/airflow/.local/lib/python3.12/site-packages/airflow/example_dags/tutorial.py
[2025-09-19T07:24:59.899+0000] {processor.py:925} INFO - DAG(s) 'tutorial' retrieved from /home/airflow/.local/lib/python3.12/site-packages/airflow/example_dags/tutorial.py
[2025-09-19T07:24:59.933+0000] {logging_mixin.py:190} INFO - [2025-09-19T07:24:59.933+0000] {dag.py:3239} INFO - Sync 1 DAGs
[2025-09-19T07:24:59.979+0000] {logging_mixin.py:190} INFO - [2025-09-19T07:24:59.979+0000] {dag.py:4180} INFO - Setting next_dagrun for tutorial to 2025-09-18 00:00:00+00:00, run_after=2025-09-19 00:00:00+00:00
[2025-09-19T07:25:00.013+0000] {processor.py:208} INFO - Processing /home/airflow/.local/lib/python3.12/site-packages/airflow/example_dags/tutorial.py took 0.142 seconds
[2025-09-19T07:25:30.087+0000] {processor.py:186} INFO - Started process (PID=4165) to work on /home/airflow/.local/lib/python3.12/site-packages/airflow/example_dags/tutorial.py
[2025-09-19T07:25:30.089+0000] {processor.py:914} INFO - Processing file /home/airflow/.local/lib/python3.12/site-packages/airflow/example_dags/tutorial.py for tasks to queue
[2025-09-19T07:25:30.092+0000] {logging_mixin.py:190} INFO - [2025-09-19T07:25:30.092+0000] {dagbag.py:588} INFO - Filling up the DagBag from /home/airflow/.local/lib/python3.12/site-packages/airflow/example_dags/tutorial.py
[2025-09-19T07:25:30.105+0000] {processor.py:925} INFO - DAG(s) 'tutorial' retrieved from /home/airflow/.local/lib/python3.12/site-packages/airflow/example_dags/tutorial.py
[2025-09-19T07:25:30.139+0000] {logging_mixin.py:190} INFO - [2025-09-19T07:25:30.138+0000] {dag.py:3239} INFO - Sync 1 DAGs
[2025-09-19T07:25:30.180+0000] {logging_mixin.py:190} INFO - [2025-09-19T07:25:30.179+0000] {dag.py:4180} INFO - Setting next_dagrun for tutorial to 2025-09-18 00:00:00+00:00, run_after=2025-09-19 00:00:00+00:00
[2025-09-19T07:25:30.214+0000] {processor.py:208} INFO - Processing /home/airflow/.local/lib/python3.12/site-packages/airflow/example_dags/tutorial.py took 0.136 seconds
[2025-09-19T07:26:00.630+0000] {processor.py:186} INFO - Started process (PID=4227) to work on /home/airflow/.local/lib/python3.12/site-packages/airflow/example_dags/tutorial.py
[2025-09-19T07:26:00.631+0000] {processor.py:914} INFO - Processing file /home/airflow/.local/lib/python3.12/site-packages/airflow/example_dags/tutorial.py for tasks to queue
[2025-09-19T07:26:00.635+0000] {logging_mixin.py:190} INFO - [2025-09-19T07:26:00.634+0000] {dagbag.py:588} INFO - Filling up the DagBag from /home/airflow/.local/lib/python3.12/site-packages/airflow/example_dags/tutorial.py
[2025-09-19T07:26:00.648+0000] {processor.py:925} INFO - DAG(s) 'tutorial' retrieved from /home/airflow/.local/lib/python3.12/site-packages/airflow/example_dags/tutorial.py
[2025-09-19T07:26:00.683+0000] {logging_mixin.py:190} INFO - [2025-09-19T07:26:00.682+0000] {dag.py:3239} INFO - Sync 1 DAGs
[2025-09-19T07:26:00.725+0000] {logging_mixin.py:190} INFO - [2025-09-19T07:26:00.724+0000] {dag.py:4180} INFO - Setting next_dagrun for tutorial to 2025-09-18 00:00:00+00:00, run_after=2025-09-19 00:00:00+00:00
[2025-09-19T07:26:00.756+0000] {processor.py:208} INFO - Processing /home/airflow/.local/lib/python3.12/site-packages/airflow/example_dags/tutorial.py took 0.136 seconds
[2025-09-19T07:26:31.214+0000] {processor.py:186} INFO - Started process (PID=4289) to work on /home/airflow/.local/lib/python3.12/site-packages/airflow/example_dags/tutorial.py
[2025-09-19T07:26:31.215+0000] {processor.py:914} INFO - Processing file /home/airflow/.local/lib/python3.12/site-packages/airflow/example_dags/tutorial.py for tasks to queue
[2025-09-19T07:26:31.220+0000] {logging_mixin.py:190} INFO - [2025-09-19T07:26:31.219+0000] {dagbag.py:588} INFO - Filling up the DagBag from /home/airflow/.local/lib/python3.12/site-packages/airflow/example_dags/tutorial.py
[2025-09-19T07:26:31.234+0000] {processor.py:925} INFO - DAG(s) 'tutorial' retrieved from /home/airflow/.local/lib/python3.12/site-packages/airflow/example_dags/tutorial.py
[2025-09-19T07:26:31.271+0000] {logging_mixin.py:190} INFO - [2025-09-19T07:26:31.271+0000] {dag.py:3239} INFO - Sync 1 DAGs
[2025-09-19T07:26:31.314+0000] {logging_mixin.py:190} INFO - [2025-09-19T07:26:31.314+0000] {dag.py:4180} INFO - Setting next_dagrun for tutorial to 2025-09-18 00:00:00+00:00, run_after=2025-09-19 00:00:00+00:00
[2025-09-19T07:26:31.348+0000] {processor.py:208} INFO - Processing /home/airflow/.local/lib/python3.12/site-packages/airflow/example_dags/tutorial.py took 0.148 seconds
[2025-09-19T07:27:01.729+0000] {processor.py:186} INFO - Started process (PID=4351) to work on /home/airflow/.local/lib/python3.12/site-packages/airflow/example_dags/tutorial.py
[2025-09-19T07:27:01.731+0000] {processor.py:914} INFO - Processing file /home/airflow/.local/lib/python3.12/site-packages/airflow/example_dags/tutorial.py for tasks to queue
[2025-09-19T07:27:01.734+0000] {logging_mixin.py:190} INFO - [2025-09-19T07:27:01.734+0000] {dagbag.py:588} INFO - Filling up the DagBag from /home/airflow/.local/lib/python3.12/site-packages/airflow/example_dags/tutorial.py
[2025-09-19T07:27:01.746+0000] {processor.py:925} INFO - DAG(s) 'tutorial' retrieved from /home/airflow/.local/lib/python3.12/site-packages/airflow/example_dags/tutorial.py
[2025-09-19T07:27:01.781+0000] {logging_mixin.py:190} INFO - [2025-09-19T07:27:01.781+0000] {dag.py:3239} INFO - Sync 1 DAGs
[2025-09-19T07:27:01.825+0000] {logging_mixin.py:190} INFO - [2025-09-19T07:27:01.824+0000] {dag.py:4180} INFO - Setting next_dagrun for tutorial to 2025-09-18 00:00:00+00:00, run_after=2025-09-19 00:00:00+00:00
[2025-09-19T07:27:01.855+0000] {processor.py:208} INFO - Processing /home/airflow/.local/lib/python3.12/site-packages/airflow/example_dags/tutorial.py took 0.135 seconds
[2025-09-19T07:27:32.031+0000] {processor.py:186} INFO - Started process (PID=4413) to work on /home/airflow/.local/lib/python3.12/site-packages/airflow/example_dags/tutorial.py
[2025-09-19T07:27:32.033+0000] {processor.py:914} INFO - Processing file /home/airflow/.local/lib/python3.12/site-packages/airflow/example_dags/tutorial.py for tasks to queue
[2025-09-19T07:27:32.036+0000] {logging_mixin.py:190} INFO - [2025-09-19T07:27:32.036+0000] {dagbag.py:588} INFO - Filling up the DagBag from /home/airflow/.local/lib/python3.12/site-packages/airflow/example_dags/tutorial.py
[2025-09-19T07:27:32.049+0000] {processor.py:925} INFO - DAG(s) 'tutorial' retrieved from /home/airflow/.local/lib/python3.12/site-packages/airflow/example_dags/tutorial.py
[2025-09-19T07:27:32.084+0000] {logging_mixin.py:190} INFO - [2025-09-19T07:27:32.083+0000] {dag.py:3239} INFO - Sync 1 DAGs
[2025-09-19T07:27:32.129+0000] {logging_mixin.py:190} INFO - [2025-09-19T07:27:32.129+0000] {dag.py:4180} INFO - Setting next_dagrun for tutorial to 2025-09-18 00:00:00+00:00, run_after=2025-09-19 00:00:00+00:00
[2025-09-19T07:27:32.163+0000] {processor.py:208} INFO - Processing /home/airflow/.local/lib/python3.12/site-packages/airflow/example_dags/tutorial.py took 0.141 seconds
